Change Component Designator: OldDesignator=TP12 NewDesignator=TP12_1
Change Component Designator: OldDesignator=TP15 NewDesignator=TP15_1
Added Component: Designator=P4_2(3-Screw-terminal-Mux-Select)
Add component. Clean all parameters for all variants
Add component (AddParameter): Name = "Color"; Value = "Blue"; VariantName = "[No Variations]"
Add component (AddParameter): Name = "ComponentLink1Description"; Value = "http://www.farnell.com/datasheets/1442217.pdf?src-supplier=Element14"; VariantName = "[No Variations]"
Add component (AddParameter): Name = "ComponentLink1URL"; Value = "http://www.farnell.com/datasheets/1442217.pdf?src-supplier=Element14"; VariantName = "[No Variations]"
Add component (AddParameter): Name = "Contact Material"; Value = "Brass"; VariantName = "[No Variations]"
Add component (AddParameter): Name = "Current Rating"; Value = "10A"; VariantName = "[No Variations]"
Add component (AddParameter): Name = "Height"; Value = "12.2mm"; VariantName = "[No Variations]"
Add component (AddParameter): Name = "Housing Material"; Value = "Nylon"; VariantName = "[No Variations]"
Add component (AddParameter): Name = "Length"; Value = "7mm"; VariantName = "[No Variations]"
Add component (AddParameter): Name = "Manufacturer"; Value = "Wurth Electronics"; VariantName = "[No Variations]"
Add component (AddParameter): Name = "Manufacturer Part Number"; Value = "691103110003"; VariantName = "[No Variations]"
Add component (AddParameter): Name = "Number of Contacts"; Value = "3"; VariantName = "[No Variations]"
Add component (AddParameter): Name = "Number of Levels"; Value = "1"; VariantName = "[No Variations]"
Add component (AddParameter): Name = "Number of Positions Per Level"; Value = "3"; VariantName = "[No Variations]"
Add component (AddParameter): Name = "Pitch"; Value = "0.138inch"; VariantName = "[No Variations]"
Add component (AddParameter): Name = "Pricing 1"; Value = "1=1.1, 10=0.986, 50=0.851, 100=0.762, 500=0.717, 980=0.672 (USD)"; VariantName = "[No Variations]"
Add component (AddParameter): Name = "REACH SVHC"; Value = "Unknown"; VariantName = "[No Variations]"
Add component (AddParameter): Name = "Stock 1"; Value = "617"; VariantName = "[No Variations]"
Add component (AddParameter): Name = "Stripping Length"; Value = "-6mm"; VariantName = "[No Variations]"
Add component (AddParameter): Name = "Supplier 1"; Value = "Digi-Key"; VariantName = "[No Variations]"
Add component (AddParameter): Name = "Supplier Part Number 1"; Value = "732-2746-ND"; VariantName = "[No Variations]"
Add component (AddParameter): Name = "Termination"; Value = "Screw"; VariantName = "[No Variations]"
Add component (AddParameter): Name = "Voltage Rating"; Value = "125V"; VariantName = "[No Variations]"
Add component (AddParameter): Name = "Width"; Value = "11.5mm"; VariantName = "[No Variations]"
Add component (AddParameter): Name = "Wire/Cable Gauge"; Value = "26AWG"; VariantName = "[No Variations]"
Added Component: Designator=TP11_2(Test Point)
Add component. Clean all parameters for all variants
Added Component: Designator=TP12_2(Test Point)
Add component. Clean all parameters for all variants
Added Component: Designator=TP13_2(Test Point)
Add component. Clean all parameters for all variants
Added Component: Designator=TP14_2(Test Point)
Add component. Clean all parameters for all variants
Added Component: Designator=TP15_2(Test Point)
Add component. Clean all parameters for all variants
Added Component: Designator=TP16_2(Test Point)
Add component. Clean all parameters for all variants
Added Component: Designator=TP17_2(Test Point)
Add component. Clean all parameters for all variants
Added Component: Designator=TP18_2(Test Point)
Add component. Clean all parameters for all variants
Added Component: Designator=TP19_2(Test Point)
Add component. Clean all parameters for all variants
Added Pin To Net: NetName=GND Pin=D1-1
Added Pin To Net: NetName=S2_2 Pin=P4_2-1
Added Pin To Net: NetName=NetP4_2_2 Pin=P4_2-2
Added Pin To Net: NetName=NetP4_2_3 Pin=P4_2-3
Added Pin To Net: NetName=+3.3V_AN Pin=TP11_2-1
Added Pin To Net: NetName=ADC_OUTA2 Pin=TP12_2-1
Added Pin To Net: NetName=S2_2 Pin=TP13_2-1
Added Pin To Net: NetName=NetP4_2_2 Pin=TP14_2-1
Added Pin To Net: NetName=NetP4_2_3 Pin=TP15_2-1
Added Pin To Net: NetName=+3.3V_AN Pin=TP16_2-1
Added Pin To Net: NetName=ADC_OUTB2 Pin=TP17_2-1
Added Pin To Net: NetName=+3.3V_AN Pin=TP18_2-1
Added Pin To Net: NetName=ADC_OUTC2 Pin=TP19_2-1
Added Member To Class: ClassName=Data_TransferB_U_Single_Mux2 Member=Component P4_2 (P4) Mux_Sel
Added Member To Class: ClassName=Data_TransferB_U_Single_Mux2 Member=Component TP11_2 (TP11) Test Point
Added Member To Class: ClassName=Data_TransferB_U_Single_Mux2 Member=Component TP12_2 (TP12) Test Point
Added Member To Class: ClassName=Data_TransferB_U_Single_Mux2 Member=Component TP13_2 (TP13) Test Point
Added Member To Class: ClassName=Data_TransferB_U_Single_Mux2 Member=Component TP14_2 (TP14) Test Point
Added Member To Class: ClassName=Data_TransferB_U_Single_Mux2 Member=Component TP15_2 (TP15) Test Point
Added Member To Class: ClassName=Data_TransferB_U_Single_Mux2 Member=Component TP16_2 (TP16) Test Point
Added Member To Class: ClassName=Data_TransferB_U_Single_Mux2 Member=Component TP17_2 (TP17) Test Point
Added Member To Class: ClassName=Data_TransferB_U_Single_Mux2 Member=Component TP18_2 (TP18) Test Point
Added Member To Class: ClassName=Data_TransferB_U_Single_Mux2 Member=Component TP19_2 (TP19) Test Point
Added Room: Name=Data_TransferB_U_Single_Mux2
