Replace Part C1 GRM21B7U1A104JA01L in C:\Users\Brayden McKeen\Documents\Phantom\HV\HVBoard-rev2\VoltageMeasurement.SchDoc with GRM21B7U1A104JA01L from PHANTOM_LIBRARY.SchLib
Replace Part C5 GCM21BR71C105KA58K in C:\Users\Brayden McKeen\Documents\Phantom\HV\HVBoard-rev2\VoltageMeasurement.SchDoc with GCM21BR71C105KA58K from PHANTOM_LIBRARY.SchLib
Replace Part C6 GCM21BR71C105KA58K in C:\Users\Brayden McKeen\Documents\Phantom\HV\HVBoard-rev2\VoltageMeasurement.SchDoc with GCM21BR71C105KA58K from PHANTOM_LIBRARY.SchLib
Replace Part C9 GRM21B7U1A104JA01L in C:\Users\Brayden McKeen\Documents\Phantom\HV\HVBoard-rev2\VoltageMeasurement.SchDoc with GRM21B7U1A104JA01L from PHANTOM_LIBRARY.SchLib
Replace Part C10 GRM21B7U1A104JA01L in C:\Users\Brayden McKeen\Documents\Phantom\HV\HVBoard-rev2\VoltageMeasurement.SchDoc with GRM21B7U1A104JA01L from PHANTOM_LIBRARY.SchLib
Replace Part C15 GRM21B7U1A104JA01L in C:\Users\Brayden McKeen\Documents\Phantom\HV\HVBoard-rev2\VoltageMeasurement.SchDoc with GRM21B7U1A104JA01L from PHANTOM_LIBRARY.SchLib
Replace Part C17 GRM21B7U1A104JA01L in C:\Users\Brayden McKeen\Documents\Phantom\HV\HVBoard-rev2\VoltageMeasurement.SchDoc with GRM21B7U1A104JA01L from PHANTOM_LIBRARY.SchLib
Replace Part C18 GRM21B7U1A104JA01L in C:\Users\Brayden McKeen\Documents\Phantom\HV\HVBoard-rev2\VoltageMeasurement.SchDoc with GRM21B7U1A104JA01L from PHANTOM_LIBRARY.SchLib
Replace Part C24 CC1206KKX7RCBB102 in C:\Users\Brayden McKeen\Documents\Phantom\HV\HVBoard-rev2\VoltageMeasurement.SchDoc with CC1206KKX7RCBB102 from PHANTOM_LIBRARY.SchLib
Replace Part C25 GCJ21AR72E222KXJ1D in C:\Users\Brayden McKeen\Documents\Phantom\HV\HVBoard-rev2\VoltageMeasurement.SchDoc with GCJ21AR72E222KXJ1D from PHANTOM_LIBRARY.SchLib
Replace Part C26 CC1206KKX7RCBB102 in C:\Users\Brayden McKeen\Documents\Phantom\HV\HVBoard-rev2\VoltageMeasurement.SchDoc with CC1206KKX7RCBB102 from PHANTOM_LIBRARY.SchLib
Replace Part JP4 M20-9990246 in C:\Users\Brayden McKeen\Documents\Phantom\HV\HVBoard-rev2\VoltageMeasurement.SchDoc with M20-9990246 from PHANTOM_LIBRARY.SchLib
Replace Part JP5 68002-404HLF in C:\Users\Brayden McKeen\Documents\Phantom\HV\HVBoard-rev2\VoltageMeasurement.SchDoc with 68002-404HLF from PHANTOM_LIBRARY.SchLib
Replace Part JP8 M20-9990246 in C:\Users\Brayden McKeen\Documents\Phantom\HV\HVBoard-rev2\VoltageMeasurement.SchDoc with M20-9990246 from PHANTOM_LIBRARY.SchLib
Replace Part R1 RNF18FTD475K in C:\Users\Brayden McKeen\Documents\Phantom\HV\HVBoard-rev2\VoltageMeasurement.SchDoc with RNF18FTD475K from PHANTOM_LIBRARY.SchLib
Replace Part R2 ERA-6AEB4991V in C:\Users\Brayden McKeen\Documents\Phantom\HV\HVBoard-rev2\VoltageMeasurement.SchDoc with ERA-6AEB4991V from PHANTOM_LIBRARY.SchLib
Replace Part R6 ERJ-6ENF30R0V in C:\Users\Brayden McKeen\Documents\Phantom\HV\HVBoard-rev2\VoltageMeasurement.SchDoc with ERJ-6ENF30R0V from PHANTOM_LIBRARY.SchLib
Replace Part R7 DNP in C:\Users\Brayden McKeen\Documents\Phantom\HV\HVBoard-rev2\VoltageMeasurement.SchDoc with DNP from PHANTOM_LIBRARY.SchLib
Replace Part R8 ERJ-6ENF30R0V in C:\Users\Brayden McKeen\Documents\Phantom\HV\HVBoard-rev2\VoltageMeasurement.SchDoc with ERJ-6ENF30R0V from PHANTOM_LIBRARY.SchLib
Replace Part TP1 5015 in C:\Users\Brayden McKeen\Documents\Phantom\HV\HVBoard-rev2\VoltageMeasurement.SchDoc with 5015 from PHANTOM_LIBRARY.SchLib
Replace Part TP2 5015 in C:\Users\Brayden McKeen\Documents\Phantom\HV\HVBoard-rev2\VoltageMeasurement.SchDoc with 5015 from PHANTOM_LIBRARY.SchLib
Replace Part U1 MAX6126A28+ in C:\Users\Brayden McKeen\Documents\Phantom\HV\HVBoard-rev2\VoltageMeasurement.SchDoc with MAX6126A28+ from PHANTOM_LIBRARY.SchLib
Replace Part U2 AMC1301DWVR in C:\Users\Brayden McKeen\Documents\Phantom\HV\HVBoard-rev2\VoltageMeasurement.SchDoc with AMC1301DWVR from PHANTOM_LIBRARY.SchLib
Replace Part U3 ADS7044IDCUR in C:\Users\Brayden McKeen\Documents\Phantom\HV\HVBoard-rev2\VoltageMeasurement.SchDoc with ADS7044IDCUR from PHANTOM_LIBRARY.SchLib
Replace Part U7 ISL21010CFH315Z-TK in C:\Users\Brayden McKeen\Documents\Phantom\HV\HVBoard-rev2\VoltageMeasurement.SchDoc with ISL21010CFH315Z-TK from PHANTOM_LIBRARY.SchLib
