Added Component: Designator=C1-1(CAPC1608X09M)
Add component. Clean all parameters for all variants
Add component (AddParameter): Name = "Supplier 1"; Value = "Digi-Key"; VariantName = "[No Variations]"
Add component (AddParameter): Name = "Supplier Part Number 1"; Value = "399-14477-1-ND"; VariantName = "[No Variations]"
Added Component: Designator=C1-2(CAPC1608X09M)
Add component. Clean all parameters for all variants
Add component (AddParameter): Name = "Supplier 1"; Value = "Digi-Key"; VariantName = "[No Variations]"
Add component (AddParameter): Name = "Supplier Part Number 1"; Value = "399-14477-1-ND"; VariantName = "[No Variations]"
Added Component: Designator=C1-3(CAPC1608X09M)
Add component. Clean all parameters for all variants
Add component (AddParameter): Name = "Supplier 1"; Value = "Digi-Key"; VariantName = "[No Variations]"
Add component (AddParameter): Name = "Supplier Part Number 1"; Value = "399-14477-1-ND"; VariantName = "[No Variations]"
Added Component: Designator=C2-1(CAPC1608X09M)
Add component. Clean all parameters for all variants
Add component (AddParameter): Name = "Supplier 1"; Value = "Digi-Key"; VariantName = "[No Variations]"
Add component (AddParameter): Name = "Supplier Part Number 1"; Value = "1276-1946-1-ND"; VariantName = "[No Variations]"
Added Component: Designator=C2-2(CAPC1608X09M)
Add component. Clean all parameters for all variants
Add component (AddParameter): Name = "Supplier 1"; Value = "Digi-Key"; VariantName = "[No Variations]"
Add component (AddParameter): Name = "Supplier Part Number 1"; Value = "1276-1946-1-ND"; VariantName = "[No Variations]"
Added Component: Designator=C2-3(CAPC1608X09M)
Add component. Clean all parameters for all variants
Add component (AddParameter): Name = "Supplier 1"; Value = "Digi-Key"; VariantName = "[No Variations]"
Add component (AddParameter): Name = "Supplier Part Number 1"; Value = "1276-1946-1-ND"; VariantName = "[No Variations]"
Added Component: Designator=C3-1(CAPC1608X09M)
Add component. Clean all parameters for all variants
Add component (AddParameter): Name = "Supplier 1"; Value = "Digi-Key"; VariantName = "[No Variations]"
Add component (AddParameter): Name = "Supplier Part Number 1"; Value = "399-14477-1-ND"; VariantName = "[No Variations]"
Added Component: Designator=C3-2(CAPC1608X09M)
Add component. Clean all parameters for all variants
Add component (AddParameter): Name = "Supplier 1"; Value = "Digi-Key"; VariantName = "[No Variations]"
Add component (AddParameter): Name = "Supplier Part Number 1"; Value = "399-14477-1-ND"; VariantName = "[No Variations]"
Added Component: Designator=C3-3(CAPC1608X09M)
Add component. Clean all parameters for all variants
Add component (AddParameter): Name = "Supplier 1"; Value = "Digi-Key"; VariantName = "[No Variations]"
Add component (AddParameter): Name = "Supplier Part Number 1"; Value = "399-14477-1-ND"; VariantName = "[No Variations]"
Added Component: Designator=C4-1(CAPC1608X09M)
Add component. Clean all parameters for all variants
Add component (AddParameter): Name = "Supplier 1"; Value = "Digi-Key"; VariantName = "[No Variations]"
Add component (AddParameter): Name = "Supplier Part Number 1"; Value = "1276-1946-1-ND"; VariantName = "[No Variations]"
Added Component: Designator=C4-2(CAPC1608X09M)
Add component. Clean all parameters for all variants
Add component (AddParameter): Name = "Supplier 1"; Value = "Digi-Key"; VariantName = "[No Variations]"
Add component (AddParameter): Name = "Supplier Part Number 1"; Value = "1276-1946-1-ND"; VariantName = "[No Variations]"
Added Component: Designator=C4-3(CAPC1608X09M)
Add component. Clean all parameters for all variants
Add component (AddParameter): Name = "Supplier 1"; Value = "Digi-Key"; VariantName = "[No Variations]"
Add component (AddParameter): Name = "Supplier Part Number 1"; Value = "1276-1946-1-ND"; VariantName = "[No Variations]"
Added Component: Designator=C5-1(CAPC1608X09M)
Add component. Clean all parameters for all variants
Add component (AddParameter): Name = "Supplier 1"; Value = "Digi-Key"; VariantName = "[No Variations]"
Add component (AddParameter): Name = "Supplier Part Number 1"; Value = "399-14477-1-ND"; VariantName = "[No Variations]"
Added Component: Designator=C5-2(CAPC1608X09M)
Add component. Clean all parameters for all variants
Add component (AddParameter): Name = "Supplier 1"; Value = "Digi-Key"; VariantName = "[No Variations]"
Add component (AddParameter): Name = "Supplier Part Number 1"; Value = "399-14477-1-ND"; VariantName = "[No Variations]"
Added Component: Designator=C5-3(CAPC1608X09M)
Add component. Clean all parameters for all variants
Add component (AddParameter): Name = "Supplier 1"; Value = "Digi-Key"; VariantName = "[No Variations]"
Add component (AddParameter): Name = "Supplier Part Number 1"; Value = "399-14477-1-ND"; VariantName = "[No Variations]"
Added Component: Designator=C6-1(CAPC1608X09M)
Add component. Clean all parameters for all variants
Add component (AddParameter): Name = "Supplier 1"; Value = "Digi-Key"; VariantName = "[No Variations]"
Add component (AddParameter): Name = "Supplier Part Number 1"; Value = "1276-1946-1-ND"; VariantName = "[No Variations]"
Added Component: Designator=C6-2(CAPC1608X09M)
Add component. Clean all parameters for all variants
Add component (AddParameter): Name = "Supplier 1"; Value = "Digi-Key"; VariantName = "[No Variations]"
Add component (AddParameter): Name = "Supplier Part Number 1"; Value = "1276-1946-1-ND"; VariantName = "[No Variations]"
Added Component: Designator=C6-3(CAPC1608X09M)
Add component. Clean all parameters for all variants
Add component (AddParameter): Name = "Supplier 1"; Value = "Digi-Key"; VariantName = "[No Variations]"
Add component (AddParameter): Name = "Supplier Part Number 1"; Value = "1276-1946-1-ND"; VariantName = "[No Variations]"
Added Component: Designator=P1-1(50_Pin_Connector)
Add component. Clean all parameters for all variants
Add component (AddParameter): Name = "Supplier 1"; Value = "Digi-Key"; VariantName = "[No Variations]"
Add component (AddParameter): Name = "Supplier Part Number 1"; Value = "AHK50H-ND"; VariantName = "[No Variations]"
Added Component: Designator=P1-2(50_Pin_Connector)
Add component. Clean all parameters for all variants
Add component (AddParameter): Name = "Supplier 1"; Value = "Digi-Key"; VariantName = "[No Variations]"
Add component (AddParameter): Name = "Supplier Part Number 1"; Value = "AHK50H-ND"; VariantName = "[No Variations]"
Added Component: Designator=P1-3(50_Pin_Connector)
Add component. Clean all parameters for all variants
Add component (AddParameter): Name = "Supplier 1"; Value = "Digi-Key"; VariantName = "[No Variations]"
Add component (AddParameter): Name = "Supplier Part Number 1"; Value = "AHK50H-ND"; VariantName = "[No Variations]"
Added Component: Designator=R1-1(J1-0603)
Add component. Clean all parameters for all variants
Add component (AddParameter): Name = "LatestRevisionDate"; Value = "29-May-2009"; VariantName = "[No Variations]"
Add component (AddParameter): Name = "LatestRevisionNote"; Value = "IPC-7351 Footprint Added."; VariantName = "[No Variations]"
Add component (AddParameter): Name = "PackageDescription"; Value = "Chip Resistor"; VariantName = "[No Variations]"
Add component (AddParameter): Name = "PackageReference"; Value = "J1-0603"; VariantName = "[No Variations]"
Add component (AddParameter): Name = "Published"; Value = "8-Jun-2000"; VariantName = "[No Variations]"
Add component (AddParameter): Name = "Publisher"; Value = "Altium Limited"; VariantName = "[No Variations]"
Add component (AddParameter): Name = "Value"; Value = "3.3K"; VariantName = "[No Variations]"
Added Component: Designator=R1-2(J1-0603)
Add component. Clean all parameters for all variants
Add component (AddParameter): Name = "LatestRevisionDate"; Value = "29-May-2009"; VariantName = "[No Variations]"
Add component (AddParameter): Name = "LatestRevisionNote"; Value = "IPC-7351 Footprint Added."; VariantName = "[No Variations]"
Add component (AddParameter): Name = "PackageDescription"; Value = "Chip Resistor"; VariantName = "[No Variations]"
Add component (AddParameter): Name = "PackageReference"; Value = "J1-0603"; VariantName = "[No Variations]"
Add component (AddParameter): Name = "Published"; Value = "8-Jun-2000"; VariantName = "[No Variations]"
Add component (AddParameter): Name = "Publisher"; Value = "Altium Limited"; VariantName = "[No Variations]"
Add component (AddParameter): Name = "Value"; Value = "3.3K"; VariantName = "[No Variations]"
Added Component: Designator=R1-3(J1-0603)
Add component. Clean all parameters for all variants
Add component (AddParameter): Name = "LatestRevisionDate"; Value = "29-May-2009"; VariantName = "[No Variations]"
Add component (AddParameter): Name = "LatestRevisionNote"; Value = "IPC-7351 Footprint Added."; VariantName = "[No Variations]"
Add component (AddParameter): Name = "PackageDescription"; Value = "Chip Resistor"; VariantName = "[No Variations]"
Add component (AddParameter): Name = "PackageReference"; Value = "J1-0603"; VariantName = "[No Variations]"
Add component (AddParameter): Name = "Published"; Value = "8-Jun-2000"; VariantName = "[No Variations]"
Add component (AddParameter): Name = "Publisher"; Value = "Altium Limited"; VariantName = "[No Variations]"
Add component (AddParameter): Name = "Value"; Value = "3.3K"; VariantName = "[No Variations]"
Added Component: Designator=R2-1(J1-0603)
Add component. Clean all parameters for all variants
Add component (AddParameter): Name = "LatestRevisionDate"; Value = "29-May-2009"; VariantName = "[No Variations]"
Add component (AddParameter): Name = "LatestRevisionNote"; Value = "IPC-7351 Footprint Added."; VariantName = "[No Variations]"
Add component (AddParameter): Name = "PackageDescription"; Value = "Chip Resistor"; VariantName = "[No Variations]"
Add component (AddParameter): Name = "PackageReference"; Value = "J1-0603"; VariantName = "[No Variations]"
Add component (AddParameter): Name = "Published"; Value = "8-Jun-2000"; VariantName = "[No Variations]"
Add component (AddParameter): Name = "Publisher"; Value = "Altium Limited"; VariantName = "[No Variations]"
Add component (AddParameter): Name = "Value"; Value = "3.3K"; VariantName = "[No Variations]"
Added Component: Designator=R2-2(J1-0603)
Add component. Clean all parameters for all variants
Add component (AddParameter): Name = "LatestRevisionDate"; Value = "29-May-2009"; VariantName = "[No Variations]"
Add component (AddParameter): Name = "LatestRevisionNote"; Value = "IPC-7351 Footprint Added."; VariantName = "[No Variations]"
Add component (AddParameter): Name = "PackageDescription"; Value = "Chip Resistor"; VariantName = "[No Variations]"
Add component (AddParameter): Name = "PackageReference"; Value = "J1-0603"; VariantName = "[No Variations]"
Add component (AddParameter): Name = "Published"; Value = "8-Jun-2000"; VariantName = "[No Variations]"
Add component (AddParameter): Name = "Publisher"; Value = "Altium Limited"; VariantName = "[No Variations]"
Add component (AddParameter): Name = "Value"; Value = "3.3K"; VariantName = "[No Variations]"
Added Component: Designator=R2-3(J1-0603)
Add component. Clean all parameters for all variants
Add component (AddParameter): Name = "LatestRevisionDate"; Value = "29-May-2009"; VariantName = "[No Variations]"
Add component (AddParameter): Name = "LatestRevisionNote"; Value = "IPC-7351 Footprint Added."; VariantName = "[No Variations]"
Add component (AddParameter): Name = "PackageDescription"; Value = "Chip Resistor"; VariantName = "[No Variations]"
Add component (AddParameter): Name = "PackageReference"; Value = "J1-0603"; VariantName = "[No Variations]"
Add component (AddParameter): Name = "Published"; Value = "8-Jun-2000"; VariantName = "[No Variations]"
Add component (AddParameter): Name = "Publisher"; Value = "Altium Limited"; VariantName = "[No Variations]"
Add component (AddParameter): Name = "Value"; Value = "3.3K"; VariantName = "[No Variations]"
Added Component: Designator=R3-1(J1-0603)
Add component. Clean all parameters for all variants
Add component (AddParameter): Name = "LatestRevisionDate"; Value = "29-May-2009"; VariantName = "[No Variations]"
Add component (AddParameter): Name = "LatestRevisionNote"; Value = "IPC-7351 Footprint Added."; VariantName = "[No Variations]"
Add component (AddParameter): Name = "PackageDescription"; Value = "Chip Resistor"; VariantName = "[No Variations]"
Add component (AddParameter): Name = "PackageReference"; Value = "J1-0603"; VariantName = "[No Variations]"
Add component (AddParameter): Name = "Published"; Value = "8-Jun-2000"; VariantName = "[No Variations]"
Add component (AddParameter): Name = "Publisher"; Value = "Altium Limited"; VariantName = "[No Variations]"
Add component (AddParameter): Name = "Value"; Value = "3.3K"; VariantName = "[No Variations]"
Added Component: Designator=R3-2(J1-0603)
Add component. Clean all parameters for all variants
Add component (AddParameter): Name = "LatestRevisionDate"; Value = "29-May-2009"; VariantName = "[No Variations]"
Add component (AddParameter): Name = "LatestRevisionNote"; Value = "IPC-7351 Footprint Added."; VariantName = "[No Variations]"
Add component (AddParameter): Name = "PackageDescription"; Value = "Chip Resistor"; VariantName = "[No Variations]"
Add component (AddParameter): Name = "PackageReference"; Value = "J1-0603"; VariantName = "[No Variations]"
Add component (AddParameter): Name = "Published"; Value = "8-Jun-2000"; VariantName = "[No Variations]"
Add component (AddParameter): Name = "Publisher"; Value = "Altium Limited"; VariantName = "[No Variations]"
Add component (AddParameter): Name = "Value"; Value = "3.3K"; VariantName = "[No Variations]"
Added Component: Designator=R3-3(J1-0603)
Add component. Clean all parameters for all variants
Add component (AddParameter): Name = "LatestRevisionDate"; Value = "29-May-2009"; VariantName = "[No Variations]"
Add component (AddParameter): Name = "LatestRevisionNote"; Value = "IPC-7351 Footprint Added."; VariantName = "[No Variations]"
Add component (AddParameter): Name = "PackageDescription"; Value = "Chip Resistor"; VariantName = "[No Variations]"
Add component (AddParameter): Name = "PackageReference"; Value = "J1-0603"; VariantName = "[No Variations]"
Add component (AddParameter): Name = "Published"; Value = "8-Jun-2000"; VariantName = "[No Variations]"
Add component (AddParameter): Name = "Publisher"; Value = "Altium Limited"; VariantName = "[No Variations]"
Add component (AddParameter): Name = "Value"; Value = "3.3K"; VariantName = "[No Variations]"
Added Component: Designator=U1-1(SOIC-24_MUX)
Add component. Clean all parameters for all variants
Add component (AddParameter): Name = "Supplier 1"; Value = "Newark"; VariantName = "[No Variations]"
Add component (AddParameter): Name = "Supplier Part Number 1"; Value = "05B6161"; VariantName = "[No Variations]"
Added Component: Designator=U1-2(SOIC-24_MUX)
Add component. Clean all parameters for all variants
Add component (AddParameter): Name = "Supplier 1"; Value = "Newark"; VariantName = "[No Variations]"
Add component (AddParameter): Name = "Supplier Part Number 1"; Value = "05B6161"; VariantName = "[No Variations]"
Added Component: Designator=U1-3(SOIC-24_MUX)
Add component. Clean all parameters for all variants
Add component (AddParameter): Name = "Supplier 1"; Value = "Newark"; VariantName = "[No Variations]"
Add component (AddParameter): Name = "Supplier Part Number 1"; Value = "05B6161"; VariantName = "[No Variations]"
Added Component: Designator=U2-1(SOIC-24_MUX)
Add component. Clean all parameters for all variants
Add component (AddParameter): Name = "Supplier 1"; Value = "Newark"; VariantName = "[No Variations]"
Add component (AddParameter): Name = "Supplier Part Number 1"; Value = "05B6161"; VariantName = "[No Variations]"
Added Component: Designator=U2-2(SOIC-24_MUX)
Add component. Clean all parameters for all variants
Add component (AddParameter): Name = "Supplier 1"; Value = "Newark"; VariantName = "[No Variations]"
Add component (AddParameter): Name = "Supplier Part Number 1"; Value = "05B6161"; VariantName = "[No Variations]"
Added Component: Designator=U2-3(SOIC-24_MUX)
Add component. Clean all parameters for all variants
Add component (AddParameter): Name = "Supplier 1"; Value = "Newark"; VariantName = "[No Variations]"
Add component (AddParameter): Name = "Supplier Part Number 1"; Value = "05B6161"; VariantName = "[No Variations]"
Added Component: Designator=U3-1(SOIC-24_MUX)
Add component. Clean all parameters for all variants
Add component (AddParameter): Name = "Supplier 1"; Value = "Newark"; VariantName = "[No Variations]"
Add component (AddParameter): Name = "Supplier Part Number 1"; Value = "05B6161"; VariantName = "[No Variations]"
Added Component: Designator=U3-2(SOIC-24_MUX)
Add component. Clean all parameters for all variants
Add component (AddParameter): Name = "Supplier 1"; Value = "Newark"; VariantName = "[No Variations]"
Add component (AddParameter): Name = "Supplier Part Number 1"; Value = "05B6161"; VariantName = "[No Variations]"
Added Component: Designator=U3-3(SOIC-24_MUX)
Add component. Clean all parameters for all variants
Add component (AddParameter): Name = "Supplier 1"; Value = "Newark"; VariantName = "[No Variations]"
Add component (AddParameter): Name = "Supplier Part Number 1"; Value = "05B6161"; VariantName = "[No Variations]"
Added Pin To Net: NetName=5V-1 Pin=C1-1-2
Added Pin To Net: NetName=5V-1 Pin=C2-1-2
Added Pin To Net: NetName=5V-1 Pin=C3-1-2
Added Pin To Net: NetName=5V-1 Pin=C4-1-2
Added Pin To Net: NetName=5V-1 Pin=C5-1-2
Added Pin To Net: NetName=5V-1 Pin=C6-1-2
Added Pin To Net: NetName=5V-1 Pin=R1-1-1
Added Pin To Net: NetName=5V-1 Pin=R2-1-1
Added Pin To Net: NetName=5V-1 Pin=R3-1-1
Added Pin To Net: NetName=5V-1 Pin=U1-1-24
Added Pin To Net: NetName=5V-1 Pin=U2-1-24
Added Pin To Net: NetName=5V-1 Pin=U3-1-24
Added Net: Name=5V-1
Added Pin To Net: NetName=5V-2 Pin=C1-2-2
Added Pin To Net: NetName=5V-2 Pin=C2-2-2
Added Pin To Net: NetName=5V-2 Pin=C3-2-2
Added Pin To Net: NetName=5V-2 Pin=C4-2-2
Added Pin To Net: NetName=5V-2 Pin=C5-2-2
Added Pin To Net: NetName=5V-2 Pin=C6-2-2
Added Pin To Net: NetName=5V-2 Pin=R1-2-1
Added Pin To Net: NetName=5V-2 Pin=R2-2-1
Added Pin To Net: NetName=5V-2 Pin=R3-2-1
Added Pin To Net: NetName=5V-2 Pin=U1-2-24
Added Pin To Net: NetName=5V-2 Pin=U2-2-24
Added Pin To Net: NetName=5V-2 Pin=U3-2-24
Added Net: Name=5V-2
Added Pin To Net: NetName=5V-3 Pin=C1-3-2
Added Pin To Net: NetName=5V-3 Pin=C2-3-2
Added Pin To Net: NetName=5V-3 Pin=C3-3-2
Added Pin To Net: NetName=5V-3 Pin=C4-3-2
Added Pin To Net: NetName=5V-3 Pin=C5-3-2
Added Pin To Net: NetName=5V-3 Pin=C6-3-2
Added Pin To Net: NetName=5V-3 Pin=R1-3-1
Added Pin To Net: NetName=5V-3 Pin=R2-3-1
Added Pin To Net: NetName=5V-3 Pin=R3-3-1
Added Pin To Net: NetName=5V-3 Pin=U1-3-24
Added Pin To Net: NetName=5V-3 Pin=U2-3-24
Added Pin To Net: NetName=5V-3 Pin=U3-3-24
Added Net: Name=5V-3
Added Pin To Net: NetName=GND-1 Pin=C1-1-1
Added Pin To Net: NetName=GND-1 Pin=C2-1-1
Added Pin To Net: NetName=GND-1 Pin=C3-1-1
Added Pin To Net: NetName=GND-1 Pin=C4-1-1
Added Pin To Net: NetName=GND-1 Pin=C5-1-1
Added Pin To Net: NetName=GND-1 Pin=C6-1-1
Added Pin To Net: NetName=GND-1 Pin=U1-1-12
Added Pin To Net: NetName=GND-1 Pin=U1-1-15
Added Pin To Net: NetName=GND-1 Pin=U2-1-12
Added Pin To Net: NetName=GND-1 Pin=U2-1-15
Added Pin To Net: NetName=GND-1 Pin=U3-1-12
Added Pin To Net: NetName=GND-1 Pin=U3-1-15
Added Net: Name=GND-1
Added Pin To Net: NetName=GND-2 Pin=C1-2-1
Added Pin To Net: NetName=GND-2 Pin=C2-2-1
Added Pin To Net: NetName=GND-2 Pin=C3-2-1
Added Pin To Net: NetName=GND-2 Pin=C4-2-1
Added Pin To Net: NetName=GND-2 Pin=C5-2-1
Added Pin To Net: NetName=GND-2 Pin=C6-2-1
Added Pin To Net: NetName=GND-2 Pin=U1-2-12
Added Pin To Net: NetName=GND-2 Pin=U1-2-15
Added Pin To Net: NetName=GND-2 Pin=U2-2-12
Added Pin To Net: NetName=GND-2 Pin=U2-2-15
Added Pin To Net: NetName=GND-2 Pin=U3-2-12
Added Pin To Net: NetName=GND-2 Pin=U3-2-15
Added Net: Name=GND-2
Added Pin To Net: NetName=GND-3 Pin=C1-3-1
Added Pin To Net: NetName=GND-3 Pin=C2-3-1
Added Pin To Net: NetName=GND-3 Pin=C3-3-1
Added Pin To Net: NetName=GND-3 Pin=C4-3-1
Added Pin To Net: NetName=GND-3 Pin=C5-3-1
Added Pin To Net: NetName=GND-3 Pin=C6-3-1
Added Pin To Net: NetName=GND-3 Pin=U1-3-12
Added Pin To Net: NetName=GND-3 Pin=U1-3-15
Added Pin To Net: NetName=GND-3 Pin=U2-3-12
Added Pin To Net: NetName=GND-3 Pin=U2-3-15
Added Pin To Net: NetName=GND-3 Pin=U3-3-12
Added Pin To Net: NetName=GND-3 Pin=U3-3-15
Added Net: Name=GND-3
Added Pin To Net: NetName=NetR1-1_2 Pin=R1-1-2
Added Pin To Net: NetName=NetR1-1_2 Pin=U1-1-1
Added Net: Name=NetR1-1_2
Added Pin To Net: NetName=NetR1-2_2 Pin=R1-2-2
Added Pin To Net: NetName=NetR1-2_2 Pin=U1-2-1
Added Net: Name=NetR1-2_2
Added Pin To Net: NetName=NetR1-3_2 Pin=R1-3-2
Added Pin To Net: NetName=NetR1-3_2 Pin=U1-3-1
Added Net: Name=NetR1-3_2
Added Pin To Net: NetName=NetR2-1_2 Pin=R2-1-2
Added Pin To Net: NetName=NetR2-1_2 Pin=U2-1-1
Added Net: Name=NetR2-1_2
Added Pin To Net: NetName=NetR2-2_2 Pin=R2-2-2
Added Pin To Net: NetName=NetR2-2_2 Pin=U2-2-1
Added Net: Name=NetR2-2_2
Added Pin To Net: NetName=NetR2-3_2 Pin=R2-3-2
Added Pin To Net: NetName=NetR2-3_2 Pin=U2-3-1
Added Net: Name=NetR2-3_2
Added Pin To Net: NetName=NetR3-1_2 Pin=R3-1-2
Added Pin To Net: NetName=NetR3-1_2 Pin=U3-1-1
Added Net: Name=NetR3-1_2
Added Pin To Net: NetName=NetR3-2_2 Pin=R3-2-2
Added Pin To Net: NetName=NetR3-2_2 Pin=U3-2-1
Added Net: Name=NetR3-2_2
Added Pin To Net: NetName=NetR3-3_2 Pin=R3-3-2
Added Pin To Net: NetName=NetR3-3_2 Pin=U3-3-1
Added Net: Name=NetR3-3_2
Added Pin To Net: NetName=S0-1 Pin=U1-1-10
Added Pin To Net: NetName=S0-1 Pin=U1-2-10
Added Pin To Net: NetName=S0-1 Pin=U1-3-10
Added Pin To Net: NetName=S0-1 Pin=U2-1-10
Added Pin To Net: NetName=S0-1 Pin=U2-2-10
Added Pin To Net: NetName=S0-1 Pin=U2-3-10
Added Pin To Net: NetName=S0-1 Pin=U3-1-10
Added Pin To Net: NetName=S0-1 Pin=U3-2-10
Added Pin To Net: NetName=S0-1 Pin=U3-3-10
Added Net: Name=S0-1
Added Pin To Net: NetName=S1-1 Pin=U1-1-11
Added Pin To Net: NetName=S1-1 Pin=U1-2-11
Added Pin To Net: NetName=S1-1 Pin=U1-3-11
Added Pin To Net: NetName=S1-1 Pin=U2-1-11
Added Pin To Net: NetName=S1-1 Pin=U2-2-11
Added Pin To Net: NetName=S1-1 Pin=U2-3-11
Added Pin To Net: NetName=S1-1 Pin=U3-1-11
Added Pin To Net: NetName=S1-1 Pin=U3-2-11
Added Pin To Net: NetName=S1-1 Pin=U3-3-11
Added Net: Name=S1-1
Added Pin To Net: NetName=S2-1 Pin=U1-1-14
Added Pin To Net: NetName=S2-1 Pin=U1-2-14
Added Pin To Net: NetName=S2-1 Pin=U1-3-14
Added Pin To Net: NetName=S2-1 Pin=U2-1-14
Added Pin To Net: NetName=S2-1 Pin=U2-2-14
Added Pin To Net: NetName=S2-1 Pin=U2-3-14
Added Pin To Net: NetName=S2-1 Pin=U3-1-14
Added Pin To Net: NetName=S2-1 Pin=U3-2-14
Added Pin To Net: NetName=S2-1 Pin=U3-3-14
Added Net: Name=S2-1
Added Pin To Net: NetName=S3-1 Pin=U1-1-13
Added Pin To Net: NetName=S3-1 Pin=U1-2-13
Added Pin To Net: NetName=S3-1 Pin=U1-3-13
Added Pin To Net: NetName=S3-1 Pin=U2-1-13
Added Pin To Net: NetName=S3-1 Pin=U2-2-13
Added Pin To Net: NetName=S3-1 Pin=U2-3-13
Added Pin To Net: NetName=S3-1 Pin=U3-1-13
Added Pin To Net: NetName=S3-1 Pin=U3-2-13
Added Pin To Net: NetName=S3-1 Pin=U3-3-13
Added Net: Name=S3-1
Added Pin To Net: NetName=TS_IN3_1-1 Pin=P1-1-1
Added Pin To Net: NetName=TS_IN3_1-1 Pin=P1-1-1
Added Net: Name=TS_IN3_1-1
Added Pin To Net: NetName=TS_IN3_1-2 Pin=U1-2-9
Added Net: Name=TS_IN3_1-2
Added Pin To Net: NetName=TS_IN3_1-3 Pin=U1-3-9
Added Net: Name=TS_IN3_1-3
Added Pin To Net: NetName=TS_IN3_2-1 Pin=P1-1-2
Added Pin To Net: NetName=TS_IN3_2-1 Pin=P1-1-2
Added Pin To Net: NetName=TS_IN3_2-1 Pin=P1-1-2
Added Net: Name=TS_IN3_2-1
Added Pin To Net: NetName=TS_IN3_2-2 Pin=U1-2-8
Added Net: Name=TS_IN3_2-2
Added Pin To Net: NetName=TS_IN3_2-3 Pin=U1-3-8
Added Net: Name=TS_IN3_2-3
Added Pin To Net: NetName=TS_IN3_3-1 Pin=P1-1-3
Added Pin To Net: NetName=TS_IN3_3-1 Pin=P1-1-3
Added Net: Name=TS_IN3_3-1
Added Pin To Net: NetName=TS_IN3_3-2 Pin=U1-2-7
Added Net: Name=TS_IN3_3-2
Added Pin To Net: NetName=TS_IN3_3-3 Pin=U1-3-7
Added Net: Name=TS_IN3_3-3
Added Pin To Net: NetName=TS_IN3_4-1 Pin=P1-1-4
Added Pin To Net: NetName=TS_IN3_4-1 Pin=P1-1-4
Added Net: Name=TS_IN3_4-1
Added Pin To Net: NetName=TS_IN3_4-2 Pin=U1-2-6
Added Net: Name=TS_IN3_4-2
Added Pin To Net: NetName=TS_IN3_4-3 Pin=U1-3-6
Added Net: Name=TS_IN3_4-3
Added Pin To Net: NetName=TS_IN3_5-1 Pin=P1-1-5
Added Pin To Net: NetName=TS_IN3_5-1 Pin=P1-1-5
Added Net: Name=TS_IN3_5-1
Added Pin To Net: NetName=TS_IN3_5-2 Pin=U1-2-5
Added Net: Name=TS_IN3_5-2
Added Pin To Net: NetName=TS_IN3_5-3 Pin=U1-3-5
Added Net: Name=TS_IN3_5-3
Added Pin To Net: NetName=TS_IN3_6-1 Pin=P1-1-6
Added Pin To Net: NetName=TS_IN3_6-1 Pin=P1-1-6
Added Net: Name=TS_IN3_6-1
Added Pin To Net: NetName=TS_IN3_6-2 Pin=U1-2-4
Added Net: Name=TS_IN3_6-2
Added Pin To Net: NetName=TS_IN3_6-3 Pin=U1-3-4
Added Net: Name=TS_IN3_6-3
Added Pin To Net: NetName=TS_IN3_7-1 Pin=P1-1-7
Added Pin To Net: NetName=TS_IN3_7-1 Pin=P1-1-7
Added Net: Name=TS_IN3_7-1
Added Pin To Net: NetName=TS_IN3_7-2 Pin=U1-2-3
Added Net: Name=TS_IN3_7-2
Added Pin To Net: NetName=TS_IN3_7-3 Pin=U1-3-3
Added Net: Name=TS_IN3_7-3
Added Pin To Net: NetName=TS_IN3_8-1 Pin=P1-1-8
Added Pin To Net: NetName=TS_IN3_8-1 Pin=P1-1-8
Added Net: Name=TS_IN3_8-1
Added Pin To Net: NetName=TS_IN3_8-2 Pin=U1-2-2
Added Net: Name=TS_IN3_8-2
Added Pin To Net: NetName=TS_IN3_8-3 Pin=U1-3-2
Added Net: Name=TS_IN3_8-3
Added Pin To Net: NetName=TS_IN3_9-1 Pin=P1-1-9
Added Pin To Net: NetName=TS_IN3_9-1 Pin=P1-1-9
Added Net: Name=TS_IN3_9-1
Added Pin To Net: NetName=TS_IN3_9-2 Pin=U1-2-16
Added Net: Name=TS_IN3_9-2
Added Pin To Net: NetName=TS_IN3_9-3 Pin=U1-3-16
Added Net: Name=TS_IN3_9-3
Added Pin To Net: NetName=TS_IN3_10-1 Pin=P1-1-10
Added Pin To Net: NetName=TS_IN3_10-1 Pin=P1-1-10
Added Net: Name=TS_IN3_10-1
Added Pin To Net: NetName=TS_IN3_10-2 Pin=U1-2-17
Added Net: Name=TS_IN3_10-2
Added Pin To Net: NetName=TS_IN3_10-3 Pin=U1-3-17
Added Net: Name=TS_IN3_10-3
Added Pin To Net: NetName=TS_IN3_11-1 Pin=P1-1-11
Added Pin To Net: NetName=TS_IN3_11-1 Pin=P1-1-11
Added Net: Name=TS_IN3_11-1
Added Pin To Net: NetName=TS_IN3_11-2 Pin=U1-2-18
Added Net: Name=TS_IN3_11-2
Added Pin To Net: NetName=TS_IN3_11-3 Pin=U1-3-18
Added Net: Name=TS_IN3_11-3
Added Pin To Net: NetName=TS_IN3_12-1 Pin=P1-1-12
Added Pin To Net: NetName=TS_IN3_12-1 Pin=P1-1-12
Added Net: Name=TS_IN3_12-1
Added Pin To Net: NetName=TS_IN3_12-2 Pin=U1-2-19
Added Net: Name=TS_IN3_12-2
Added Pin To Net: NetName=TS_IN3_12-3 Pin=U1-3-19
Added Net: Name=TS_IN3_12-3
Added Pin To Net: NetName=TS_IN3_13-1 Pin=P1-1-13
Added Pin To Net: NetName=TS_IN3_13-1 Pin=P1-1-13
Added Net: Name=TS_IN3_13-1
Added Pin To Net: NetName=TS_IN3_13-2 Pin=U1-2-20
Added Net: Name=TS_IN3_13-2
Added Pin To Net: NetName=TS_IN3_13-3 Pin=U1-3-20
Added Net: Name=TS_IN3_13-3
Added Pin To Net: NetName=TS_IN3_14-1 Pin=P1-1-14
Added Pin To Net: NetName=TS_IN3_14-1 Pin=P1-1-14
Added Net: Name=TS_IN3_14-1
Added Pin To Net: NetName=TS_IN3_14-2 Pin=U1-2-21
Added Net: Name=TS_IN3_14-2
Added Pin To Net: NetName=TS_IN3_14-3 Pin=U1-3-21
Added Net: Name=TS_IN3_14-3
Added Pin To Net: NetName=TS_IN3_15-1 Pin=P1-1-15
Added Pin To Net: NetName=TS_IN3_15-1 Pin=P1-1-15
Added Net: Name=TS_IN3_15-1
Added Pin To Net: NetName=TS_IN3_15-2 Pin=U1-2-22
Added Net: Name=TS_IN3_15-2
Added Pin To Net: NetName=TS_IN3_15-3 Pin=U1-3-22
Added Net: Name=TS_IN3_15-3
Added Pin To Net: NetName=TS_IN3_16-1 Pin=P1-1-16
Added Pin To Net: NetName=TS_IN3_16-1 Pin=P1-1-16
Added Pin To Net: NetName=TS_IN3_16-1 Pin=P1-1-16
Added Pin To Net: NetName=TS_IN3_16-1 Pin=P1-1-16
Added Net: Name=TS_IN3_16-1
Added Pin To Net: NetName=TS_IN3_16-2 Pin=U1-2-23
Added Net: Name=TS_IN3_16-2
Added Pin To Net: NetName=TS_IN3_16-3 Pin=U1-3-23
Added Net: Name=TS_IN3_16-3
Added Pin To Net: NetName=TS_IN3_17-1 Pin=P1-1-17
Added Pin To Net: NetName=TS_IN3_17-1 Pin=P1-1-17
Added Pin To Net: NetName=TS_IN3_17-1 Pin=P1-1-17
Added Pin To Net: NetName=TS_IN3_17-1 Pin=P1-1-17
Added Net: Name=TS_IN3_17-1
Added Pin To Net: NetName=TS_IN3_17-2 Pin=U2-2-9
Added Net: Name=TS_IN3_17-2
Added Pin To Net: NetName=TS_IN3_17-3 Pin=U2-3-9
Added Net: Name=TS_IN3_17-3
Added Pin To Net: NetName=TS_IN3_18-1 Pin=P1-1-18
Added Pin To Net: NetName=TS_IN3_18-1 Pin=P1-1-18
Added Pin To Net: NetName=TS_IN3_18-1 Pin=P1-1-18
Added Pin To Net: NetName=TS_IN3_18-1 Pin=P1-1-18
Added Net: Name=TS_IN3_18-1
Added Pin To Net: NetName=TS_IN3_18-2 Pin=U2-2-8
Added Net: Name=TS_IN3_18-2
Added Pin To Net: NetName=TS_IN3_18-3 Pin=U2-3-8
Added Net: Name=TS_IN3_18-3
Added Pin To Net: NetName=TS_IN3_19-1 Pin=P1-1-19
Added Pin To Net: NetName=TS_IN3_19-1 Pin=P1-1-19
Added Pin To Net: NetName=TS_IN3_19-1 Pin=P1-1-19
Added Pin To Net: NetName=TS_IN3_19-1 Pin=P1-1-19
Added Net: Name=TS_IN3_19-1
Added Pin To Net: NetName=TS_IN3_19-2 Pin=U2-2-7
Added Net: Name=TS_IN3_19-2
Added Pin To Net: NetName=TS_IN3_19-3 Pin=U2-3-7
Added Net: Name=TS_IN3_19-3
Added Pin To Net: NetName=TS_IN3_20-1 Pin=P1-1-20
Added Pin To Net: NetName=TS_IN3_20-1 Pin=P1-1-20
Added Pin To Net: NetName=TS_IN3_20-1 Pin=P1-1-20
Added Pin To Net: NetName=TS_IN3_20-1 Pin=P1-1-20
Added Net: Name=TS_IN3_20-1
Added Pin To Net: NetName=TS_IN3_20-2 Pin=U2-2-6
Added Net: Name=TS_IN3_20-2
Added Pin To Net: NetName=TS_IN3_20-3 Pin=U2-3-6
Added Net: Name=TS_IN3_20-3
Added Pin To Net: NetName=TS_IN3_21-1 Pin=P1-1-21
Added Net: Name=TS_IN3_21-1
Added Pin To Net: NetName=TS_IN3_21-2 Pin=U2-2-5
Added Net: Name=TS_IN3_21-2
Added Pin To Net: NetName=TS_IN3_21-3 Pin=U2-3-5
Added Net: Name=TS_IN3_21-3
Added Pin To Net: NetName=TS_IN3_22-1 Pin=P1-1-22
Added Net: Name=TS_IN3_22-1
Added Pin To Net: NetName=TS_IN3_22-2 Pin=U2-2-4
Added Net: Name=TS_IN3_22-2
Added Pin To Net: NetName=TS_IN3_22-3 Pin=U2-3-4
Added Net: Name=TS_IN3_22-3
Added Pin To Net: NetName=TS_IN3_23-1 Pin=P1-1-23
Added Net: Name=TS_IN3_23-1
Added Pin To Net: NetName=TS_IN3_23-2 Pin=U2-2-3
Added Net: Name=TS_IN3_23-2
Added Pin To Net: NetName=TS_IN3_23-3 Pin=U2-3-3
Added Net: Name=TS_IN3_23-3
Added Pin To Net: NetName=TS_IN3_24-1 Pin=P1-1-24
Added Net: Name=TS_IN3_24-1
Added Pin To Net: NetName=TS_IN3_24-2 Pin=U2-2-2
Added Net: Name=TS_IN3_24-2
Added Pin To Net: NetName=TS_IN3_24-3 Pin=U2-3-2
Added Net: Name=TS_IN3_24-3
Added Pin To Net: NetName=TS_IN3_25-1 Pin=P1-1-25
Added Net: Name=TS_IN3_25-1
Added Pin To Net: NetName=TS_IN3_25-2 Pin=U2-2-16
Added Net: Name=TS_IN3_25-2
Added Pin To Net: NetName=TS_IN3_25-3 Pin=U2-3-16
Added Net: Name=TS_IN3_25-3
Added Pin To Net: NetName=TS_IN3_26-1 Pin=P1-1-26
Added Net: Name=TS_IN3_26-1
Added Pin To Net: NetName=TS_IN3_26-2 Pin=U2-2-17
Added Net: Name=TS_IN3_26-2
Added Pin To Net: NetName=TS_IN3_26-3 Pin=U2-3-17
Added Net: Name=TS_IN3_26-3
Added Pin To Net: NetName=TS_IN3_27-1 Pin=P1-1-27
Added Net: Name=TS_IN3_27-1
Added Pin To Net: NetName=TS_IN3_27-2 Pin=U2-2-18
Added Net: Name=TS_IN3_27-2
Added Pin To Net: NetName=TS_IN3_27-3 Pin=U2-3-18
Added Net: Name=TS_IN3_27-3
Added Pin To Net: NetName=TS_IN3_28-1 Pin=P1-1-28
Added Net: Name=TS_IN3_28-1
Added Pin To Net: NetName=TS_IN3_28-2 Pin=U2-2-19
Added Net: Name=TS_IN3_28-2
Added Pin To Net: NetName=TS_IN3_28-3 Pin=U2-3-19
Added Net: Name=TS_IN3_28-3
Added Pin To Net: NetName=TS_IN3_29-1 Pin=P1-1-29
Added Net: Name=TS_IN3_29-1
Added Pin To Net: NetName=TS_IN3_29-2 Pin=U2-2-20
Added Net: Name=TS_IN3_29-2
Added Pin To Net: NetName=TS_IN3_29-3 Pin=U2-3-20
Added Net: Name=TS_IN3_29-3
Added Pin To Net: NetName=TS_IN3_30-1 Pin=P1-1-30
Added Net: Name=TS_IN3_30-1
Added Pin To Net: NetName=TS_IN3_30-2 Pin=U2-2-21
Added Net: Name=TS_IN3_30-2
Added Pin To Net: NetName=TS_IN3_30-3 Pin=U2-3-21
Added Net: Name=TS_IN3_30-3
Added Pin To Net: NetName=TS_IN3_31-1 Pin=P1-1-31
Added Net: Name=TS_IN3_31-1
Added Pin To Net: NetName=TS_IN3_31-2 Pin=U2-2-22
Added Net: Name=TS_IN3_31-2
Added Pin To Net: NetName=TS_IN3_31-3 Pin=U2-3-22
Added Net: Name=TS_IN3_31-3
Added Pin To Net: NetName=TS_IN3_32-1 Pin=P1-1-32
Added Net: Name=TS_IN3_32-1
Added Pin To Net: NetName=TS_IN3_32-2 Pin=U2-2-23
Added Net: Name=TS_IN3_32-2
Added Pin To Net: NetName=TS_IN3_32-3 Pin=U2-3-23
Added Net: Name=TS_IN3_32-3
Added Pin To Net: NetName=TS_IN3_33-1 Pin=P1-1-33
Added Net: Name=TS_IN3_33-1
Added Pin To Net: NetName=TS_IN3_33-2 Pin=U3-2-9
Added Net: Name=TS_IN3_33-2
Added Pin To Net: NetName=TS_IN3_33-3 Pin=U3-3-9
Added Net: Name=TS_IN3_33-3
Added Pin To Net: NetName=TS_IN3_34-1 Pin=P1-1-34
Added Net: Name=TS_IN3_34-1
Added Pin To Net: NetName=TS_IN3_34-2 Pin=U3-2-8
Added Net: Name=TS_IN3_34-2
Added Pin To Net: NetName=TS_IN3_34-3 Pin=U3-3-8
Added Net: Name=TS_IN3_34-3
Added Pin To Net: NetName=TS_IN3_35-1 Pin=P1-1-35
Added Net: Name=TS_IN3_35-1
Added Pin To Net: NetName=TS_IN3_35-2 Pin=U3-2-7
Added Net: Name=TS_IN3_35-2
Added Pin To Net: NetName=TS_IN3_35-3 Pin=U3-3-7
Added Net: Name=TS_IN3_35-3
Added Pin To Net: NetName=TS_IN3_36-1 Pin=P1-1-36
Added Pin To Net: NetName=TS_IN3_36-1 Pin=P1-1-36
Added Net: Name=TS_IN3_36-1
Added Pin To Net: NetName=TS_IN3_36-2 Pin=U3-2-6
Added Net: Name=TS_IN3_36-2
Added Pin To Net: NetName=TS_IN3_36-3 Pin=U3-3-6
Added Net: Name=TS_IN3_36-3
Added Pin To Net: NetName=TS_IN3_37-1 Pin=U3-1-5
Added Net: Name=TS_IN3_37-1
Added Pin To Net: NetName=TS_IN3_37-2 Pin=U3-2-5
Added Net: Name=TS_IN3_37-2
Added Pin To Net: NetName=TS_IN3_37-3 Pin=U3-3-5
Added Net: Name=TS_IN3_37-3
Added Pin To Net: NetName=TS_IN3_38-1 Pin=U3-1-4
Added Net: Name=TS_IN3_38-1
Added Pin To Net: NetName=TS_IN3_38-2 Pin=U3-2-4
Added Net: Name=TS_IN3_38-2
Added Pin To Net: NetName=TS_IN3_38-3 Pin=U3-3-4
Added Net: Name=TS_IN3_38-3
Added Pin To Net: NetName=TS_IN3_39-1 Pin=U3-1-3
Added Net: Name=TS_IN3_39-1
Added Pin To Net: NetName=TS_IN3_39-2 Pin=U3-2-3
Added Net: Name=TS_IN3_39-2
Added Pin To Net: NetName=TS_IN3_39-3 Pin=U3-3-3
Added Net: Name=TS_IN3_39-3
Added Pin To Net: NetName=TS_IN3_40-1 Pin=U3-1-2
Added Net: Name=TS_IN3_40-1
Added Pin To Net: NetName=TS_IN3_40-2 Pin=U3-2-2
Added Net: Name=TS_IN3_40-2
Added Pin To Net: NetName=TS_IN3_40-3 Pin=U3-3-2
Added Net: Name=TS_IN3_40-3
Added Pin To Net: NetName=TS_IN3_41-1 Pin=U3-1-16
Added Net: Name=TS_IN3_41-1
Added Pin To Net: NetName=TS_IN3_41-2 Pin=U3-2-16
Added Net: Name=TS_IN3_41-2
Added Pin To Net: NetName=TS_IN3_41-3 Pin=U3-3-16
Added Net: Name=TS_IN3_41-3
Added Pin To Net: NetName=TS_IN3_42-1 Pin=U3-1-17
Added Net: Name=TS_IN3_42-1
Added Pin To Net: NetName=TS_IN3_42-2 Pin=U3-2-17
Added Net: Name=TS_IN3_42-2
Added Pin To Net: NetName=TS_IN3_42-3 Pin=U3-3-17
Added Net: Name=TS_IN3_42-3
Added Pin To Net: NetName=TS_IN3_43-1 Pin=U3-1-18
Added Net: Name=TS_IN3_43-1
Added Pin To Net: NetName=TS_IN3_43-2 Pin=U3-2-18
Added Net: Name=TS_IN3_43-2
Added Pin To Net: NetName=TS_IN3_43-3 Pin=U3-3-18
Added Net: Name=TS_IN3_43-3
Added Pin To Net: NetName=TS_IN3_44-1 Pin=P1-1-44
Added Net: Name=TS_IN3_44-1
Added Pin To Net: NetName=TS_IN3_44-2 Pin=U3-2-19
Added Net: Name=TS_IN3_44-2
Added Pin To Net: NetName=TS_IN3_44-3 Pin=U3-3-19
Added Net: Name=TS_IN3_44-3
Added Pin To Net: NetName=TS_IN3_45-1 Pin=U3-1-20
Added Net: Name=TS_IN3_45-1
Added Pin To Net: NetName=TS_IN3_45-2 Pin=U3-2-20
Added Net: Name=TS_IN3_45-2
Added Pin To Net: NetName=TS_IN3_45-3 Pin=U3-3-20
Added Net: Name=TS_IN3_45-3
Added Pin To Net: NetName=TS_IN3_46-1 Pin=U3-1-21
Added Net: Name=TS_IN3_46-1
Added Pin To Net: NetName=TS_IN3_46-2 Pin=U3-2-21
Added Net: Name=TS_IN3_46-2
Added Pin To Net: NetName=TS_IN3_46-3 Pin=U3-3-21
Added Net: Name=TS_IN3_46-3
Added Pin To Net: NetName=TS_IN3_47-1 Pin=U3-1-22
Added Net: Name=TS_IN3_47-1
Added Pin To Net: NetName=TS_IN3_47-2 Pin=U3-2-22
Added Net: Name=TS_IN3_47-2
Added Pin To Net: NetName=TS_IN3_47-3 Pin=U3-3-22
Added Net: Name=TS_IN3_47-3
Added Pin To Net: NetName=TS_IN3_48-1 Pin=U3-1-23
Added Net: Name=TS_IN3_48-1
Added Pin To Net: NetName=TS_IN3_48-2 Pin=U3-2-23
Added Net: Name=TS_IN3_48-2
Added Pin To Net: NetName=TS_IN3_48-3 Pin=U3-3-23
Added Net: Name=TS_IN3_48-3
Added Class: Name=50_Pin_Connector1
Added Class: Name=50_Pin_Connector2
Added Class: Name=50_Pin_Connector3
Added Class: Name=MUX_CONNECTIVITY1
Added Class: Name=MUX_CONNECTIVITY2
Added Class: Name=MUX_CONNECTIVITY3
Added Class: Name=AHK50H-ND_THERM_CONNECTOR
Added Class: Name=CD74HC4067_MUX
Change Room Name: Old Name=CD74HC4067_MUX New Name=MUX_CONNECTIVITY1
Change Room Scope: Old Scope=InComponentClass('CD74HC4067_MUX') New Scope=InComponentClass('MUX_CONNECTIVITY1')
Added Room: Name=50_Pin_Connector1
Added Room: Name=50_Pin_Connector2
Added Room: Name=50_Pin_Connector3
Added Room: Name=MUX_CONNECTIVITY2
Added Room: Name=MUX_CONNECTIVITY3
