Removed Pin From Net: NetName=5V Pin=C1-1
Removed Pin From Net: NetName=GND Pin=C1-2
Removed Pin From Net: NetName=5V Pin=C2-1
Removed Pin From Net: NetName=GND Pin=C2-2
Removed Pin From Net: NetName=5V Pin=C3-1
Removed Pin From Net: NetName=GND Pin=C3-2
Removed Pin From Net: NetName=5V Pin=C4-1
Removed Pin From Net: NetName=GND Pin=C4-2
Removed Pin From Net: NetName=5V Pin=C5-1
Removed Pin From Net: NetName=GND Pin=C5-2
Removed Pin From Net: NetName=5V Pin=C6-1
Removed Pin From Net: NetName=GND Pin=C6-2
Change Component Footprint: Designator=C2 Old Footprint=Capacitor New Footprint=CAPC1608X09M
Change Component Footprint: Designator=C4 Old Footprint=Capacitor New Footprint=CAPC1608X09M
Change Component Footprint: Designator=C6 Old Footprint=Capacitor New Footprint=CAPC1608X09M
Change Component Footprint: Designator=C1 Old Footprint=Capacitor - duplicate New Footprint=CAPC1608X09M
Change Component Footprint: Designator=C3 Old Footprint=Capacitor - duplicate New Footprint=CAPC1608X09M
Change Component Footprint: Designator=C5 Old Footprint=Capacitor - duplicate New Footprint=CAPC1608X09M
Added Pin To Net: NetName=GND Pin=C1-1
Added Pin To Net: NetName=5V Pin=C1-2
Added Pin To Net: NetName=GND Pin=C2-1
Added Pin To Net: NetName=5V Pin=C2-2
Added Pin To Net: NetName=GND Pin=C3-1
Added Pin To Net: NetName=5V Pin=C3-2
Added Pin To Net: NetName=GND Pin=C4-1
Added Pin To Net: NetName=5V Pin=C4-2
Added Pin To Net: NetName=GND Pin=C5-1
Added Pin To Net: NetName=5V Pin=C5-2
Added Pin To Net: NetName=GND Pin=C6-1
Added Pin To Net: NetName=5V Pin=C6-2
