Added Component: Designator=C1(CAPC1608X09M)
Add component. Clean all parameters for all variants
Add component (AddParameter): Name = "Supplier 1"; Value = "Digi-Key"; VariantName = "[No Variations]"
Add component (AddParameter): Name = "Supplier Part Number 1"; Value = "399-14477-1-ND"; VariantName = "[No Variations]"
Added Component: Designator=C2(CAPC1608X09M)
Add component. Clean all parameters for all variants
Add component (AddParameter): Name = "Supplier 1"; Value = "Digi-Key"; VariantName = "[No Variations]"
Add component (AddParameter): Name = "Supplier Part Number 1"; Value = "1276-1946-1-ND"; VariantName = "[No Variations]"
Added Component: Designator=C3(CAPC1608X09M)
Add component. Clean all parameters for all variants
Add component (AddParameter): Name = "Supplier 1"; Value = "Digi-Key"; VariantName = "[No Variations]"
Add component (AddParameter): Name = "Supplier Part Number 1"; Value = "399-14477-1-ND"; VariantName = "[No Variations]"
Added Component: Designator=C4(CAPC1608X09M)
Add component. Clean all parameters for all variants
Add component (AddParameter): Name = "Supplier 1"; Value = "Digi-Key"; VariantName = "[No Variations]"
Add component (AddParameter): Name = "Supplier Part Number 1"; Value = "1276-1946-1-ND"; VariantName = "[No Variations]"
Added Component: Designator=C5(CAPC1608X09M)
Add component. Clean all parameters for all variants
Add component (AddParameter): Name = "Supplier 1"; Value = "Digi-Key"; VariantName = "[No Variations]"
Add component (AddParameter): Name = "Supplier Part Number 1"; Value = "399-14477-1-ND"; VariantName = "[No Variations]"
Added Component: Designator=C6(CAPC1608X09M)
Add component. Clean all parameters for all variants
Add component (AddParameter): Name = "Supplier 1"; Value = "Digi-Key"; VariantName = "[No Variations]"
Add component (AddParameter): Name = "Supplier Part Number 1"; Value = "1276-1946-1-ND"; VariantName = "[No Variations]"
Added Component: Designator=C7(CAPC1608X09M)
Add component. Clean all parameters for all variants
Add component (AddParameter): Name = "Supplier 1"; Value = "Digi-Key"; VariantName = "[No Variations]"
Add component (AddParameter): Name = "Supplier Part Number 1"; Value = "399-14477-1-ND"; VariantName = "[No Variations]"
Added Component: Designator=C8(CAPC1608X09M)
Add component. Clean all parameters for all variants
Add component (AddParameter): Name = "Supplier 1"; Value = "Digi-Key"; VariantName = "[No Variations]"
Add component (AddParameter): Name = "Supplier Part Number 1"; Value = "1276-1946-1-ND"; VariantName = "[No Variations]"
Added Component: Designator=C9(CAPC1608X09M)
Add component. Clean all parameters for all variants
Add component (AddParameter): Name = "Supplier 1"; Value = "Digi-Key"; VariantName = "[No Variations]"
Add component (AddParameter): Name = "Supplier Part Number 1"; Value = "399-14477-1-ND"; VariantName = "[No Variations]"
Added Component: Designator=C10(CAPC1608X09M)
Add component. Clean all parameters for all variants
Add component (AddParameter): Name = "Supplier 1"; Value = "Digi-Key"; VariantName = "[No Variations]"
Add component (AddParameter): Name = "Supplier Part Number 1"; Value = "1276-1946-1-ND"; VariantName = "[No Variations]"
Added Component: Designator=C11(CAPC1608X09M)
Add component. Clean all parameters for all variants
Add component (AddParameter): Name = "Supplier 1"; Value = "Digi-Key"; VariantName = "[No Variations]"
Add component (AddParameter): Name = "Supplier Part Number 1"; Value = "399-14477-1-ND"; VariantName = "[No Variations]"
Added Component: Designator=C12(CAPC1608X09M)
Add component. Clean all parameters for all variants
Add component (AddParameter): Name = "Supplier 1"; Value = "Digi-Key"; VariantName = "[No Variations]"
Add component (AddParameter): Name = "Supplier Part Number 1"; Value = "1276-1946-1-ND"; VariantName = "[No Variations]"
Added Component: Designator=C13(CAPC1608X09M)
Add component. Clean all parameters for all variants
Add component (AddParameter): Name = "Supplier 1"; Value = "Digi-Key"; VariantName = "[No Variations]"
Add component (AddParameter): Name = "Supplier Part Number 1"; Value = "399-14477-1-ND"; VariantName = "[No Variations]"
Added Component: Designator=C14(CAPC1608X09M)
Add component. Clean all parameters for all variants
Add component (AddParameter): Name = "Supplier 1"; Value = "Digi-Key"; VariantName = "[No Variations]"
Add component (AddParameter): Name = "Supplier Part Number 1"; Value = "1276-1946-1-ND"; VariantName = "[No Variations]"
Added Component: Designator=C15(CAPC1608X09M)
Add component. Clean all parameters for all variants
Add component (AddParameter): Name = "Supplier 1"; Value = "Digi-Key"; VariantName = "[No Variations]"
Add component (AddParameter): Name = "Supplier Part Number 1"; Value = "399-14477-1-ND"; VariantName = "[No Variations]"
Added Component: Designator=C16(CAPC1608X09M)
Add component. Clean all parameters for all variants
Add component (AddParameter): Name = "Supplier 1"; Value = "Digi-Key"; VariantName = "[No Variations]"
Add component (AddParameter): Name = "Supplier Part Number 1"; Value = "1276-1946-1-ND"; VariantName = "[No Variations]"
Added Component: Designator=C17(CAPC1608X09M)
Add component. Clean all parameters for all variants
Add component (AddParameter): Name = "Supplier 1"; Value = "Digi-Key"; VariantName = "[No Variations]"
Add component (AddParameter): Name = "Supplier Part Number 1"; Value = "399-14477-1-ND"; VariantName = "[No Variations]"
Added Component: Designator=C18(CAPC1608X09M)
Add component. Clean all parameters for all variants
Add component (AddParameter): Name = "Supplier 1"; Value = "Digi-Key"; VariantName = "[No Variations]"
Add component (AddParameter): Name = "Supplier Part Number 1"; Value = "1276-1946-1-ND"; VariantName = "[No Variations]"
Added Component: Designator=C19(CAPC1608X09M)
Add component. Clean all parameters for all variants
Add component (AddParameter): Name = "Supplier 1"; Value = "Digi-Key"; VariantName = "[No Variations]"
Add component (AddParameter): Name = "Supplier Part Number 1"; Value = "399-14477-1-ND"; VariantName = "[No Variations]"
Added Component: Designator=C20(CAPC1608X09M)
Add component. Clean all parameters for all variants
Add component (AddParameter): Name = "Supplier 1"; Value = "Digi-Key"; VariantName = "[No Variations]"
Add component (AddParameter): Name = "Supplier Part Number 1"; Value = "1276-1946-1-ND"; VariantName = "[No Variations]"
Added Component: Designator=C21(CAPC1608X09M)
Add component. Clean all parameters for all variants
Add component (AddParameter): Name = "Supplier 1"; Value = "Digi-Key"; VariantName = "[No Variations]"
Add component (AddParameter): Name = "Supplier Part Number 1"; Value = "399-14477-1-ND"; VariantName = "[No Variations]"
Added Component: Designator=C22(CAPC1608X09M)
Add component. Clean all parameters for all variants
Add component (AddParameter): Name = "Supplier 1"; Value = "Digi-Key"; VariantName = "[No Variations]"
Add component (AddParameter): Name = "Supplier Part Number 1"; Value = "1276-1946-1-ND"; VariantName = "[No Variations]"
Added Component: Designator=C23(CAPC1608X09M)
Add component. Clean all parameters for all variants
Add component (AddParameter): Name = "Supplier 1"; Value = "Digi-Key"; VariantName = "[No Variations]"
Add component (AddParameter): Name = "Supplier Part Number 1"; Value = "399-14477-1-ND"; VariantName = "[No Variations]"
Added Component: Designator=C24(CAPC1608X09M)
Add component. Clean all parameters for all variants
Add component (AddParameter): Name = "Supplier 1"; Value = "Digi-Key"; VariantName = "[No Variations]"
Add component (AddParameter): Name = "Supplier Part Number 1"; Value = "1276-1946-1-ND"; VariantName = "[No Variations]"
Added Component: Designator=C25(CAPC1608X09M)
Add component. Clean all parameters for all variants
Add component (AddParameter): Name = "Supplier 1"; Value = "Digi-Key"; VariantName = "[No Variations]"
Add component (AddParameter): Name = "Supplier Part Number 1"; Value = "399-14477-1-ND"; VariantName = "[No Variations]"
Added Component: Designator=C26(CAPC1608X09M)
Add component. Clean all parameters for all variants
Add component (AddParameter): Name = "Supplier 1"; Value = "Digi-Key"; VariantName = "[No Variations]"
Add component (AddParameter): Name = "Supplier Part Number 1"; Value = "1276-1946-1-ND"; VariantName = "[No Variations]"
Added Component: Designator=C27(CAPC1608X09M)
Add component. Clean all parameters for all variants
Add component (AddParameter): Name = "Supplier 1"; Value = "Digi-Key"; VariantName = "[No Variations]"
Add component (AddParameter): Name = "Supplier Part Number 1"; Value = "399-14477-1-ND"; VariantName = "[No Variations]"
Added Component: Designator=C28(CAPC1608X09M)
Add component. Clean all parameters for all variants
Add component (AddParameter): Name = "Supplier 1"; Value = "Digi-Key"; VariantName = "[No Variations]"
Add component (AddParameter): Name = "Supplier Part Number 1"; Value = "1276-1946-1-ND"; VariantName = "[No Variations]"
Added Component: Designator=C29(CAPC1608X09M)
Add component. Clean all parameters for all variants
Add component (AddParameter): Name = "Supplier 1"; Value = "Digi-Key"; VariantName = "[No Variations]"
Add component (AddParameter): Name = "Supplier Part Number 1"; Value = "399-14477-1-ND"; VariantName = "[No Variations]"
Added Component: Designator=C30(CAPC1608X09M)
Add component. Clean all parameters for all variants
Add component (AddParameter): Name = "Supplier 1"; Value = "Digi-Key"; VariantName = "[No Variations]"
Add component (AddParameter): Name = "Supplier Part Number 1"; Value = "1276-1946-1-ND"; VariantName = "[No Variations]"
Added Component: Designator=P1(50_Pin_Connector)
Add component. Clean all parameters for all variants
Add component (AddParameter): Name = "Supplier 1"; Value = "Digi-Key"; VariantName = "[No Variations]"
Add component (AddParameter): Name = "Supplier Part Number 1"; Value = "AHK50H-ND"; VariantName = "[No Variations]"
Added Component: Designator=P2(50_Pin_Connector)
Add component. Clean all parameters for all variants
Add component (AddParameter): Name = "Supplier 1"; Value = "Digi-Key"; VariantName = "[No Variations]"
Add component (AddParameter): Name = "Supplier Part Number 1"; Value = "AHK50H-ND"; VariantName = "[No Variations]"
Added Component: Designator=P3(50_Pin_Connector)
Add component. Clean all parameters for all variants
Add component (AddParameter): Name = "Supplier 1"; Value = "Digi-Key"; VariantName = "[No Variations]"
Add component (AddParameter): Name = "Supplier Part Number 1"; Value = "AHK50H-ND"; VariantName = "[No Variations]"
Added Component: Designator=P4(50_Pin_Connector)
Add component. Clean all parameters for all variants
Add component (AddParameter): Name = "Supplier 1"; Value = "Digi-Key"; VariantName = "[No Variations]"
Add component (AddParameter): Name = "Supplier Part Number 1"; Value = "AHK50H-ND"; VariantName = "[No Variations]"
Added Component: Designator=P5(50_Pin_Connector)
Add component. Clean all parameters for all variants
Add component (AddParameter): Name = "Supplier 1"; Value = "Digi-Key"; VariantName = "[No Variations]"
Add component (AddParameter): Name = "Supplier Part Number 1"; Value = "AHK50H-ND"; VariantName = "[No Variations]"
Added Component: Designator=R1(J1-0603)
Add component. Clean all parameters for all variants
Add component (AddParameter): Name = "LatestRevisionDate"; Value = "29-May-2009"; VariantName = "[No Variations]"
Add component (AddParameter): Name = "LatestRevisionNote"; Value = "IPC-7351 Footprint Added."; VariantName = "[No Variations]"
Add component (AddParameter): Name = "PackageDescription"; Value = "Chip Resistor"; VariantName = "[No Variations]"
Add component (AddParameter): Name = "PackageReference"; Value = "J1-0603"; VariantName = "[No Variations]"
Add component (AddParameter): Name = "Published"; Value = "8-Jun-2000"; VariantName = "[No Variations]"
Add component (AddParameter): Name = "Publisher"; Value = "Altium Limited"; VariantName = "[No Variations]"
Add component (AddParameter): Name = "Value"; Value = "3.3K"; VariantName = "[No Variations]"
Added Component: Designator=R2(J1-0603)
Add component. Clean all parameters for all variants
Add component (AddParameter): Name = "LatestRevisionDate"; Value = "29-May-2009"; VariantName = "[No Variations]"
Add component (AddParameter): Name = "LatestRevisionNote"; Value = "IPC-7351 Footprint Added."; VariantName = "[No Variations]"
Add component (AddParameter): Name = "PackageDescription"; Value = "Chip Resistor"; VariantName = "[No Variations]"
Add component (AddParameter): Name = "PackageReference"; Value = "J1-0603"; VariantName = "[No Variations]"
Add component (AddParameter): Name = "Published"; Value = "8-Jun-2000"; VariantName = "[No Variations]"
Add component (AddParameter): Name = "Publisher"; Value = "Altium Limited"; VariantName = "[No Variations]"
Add component (AddParameter): Name = "Value"; Value = "3.3K"; VariantName = "[No Variations]"
Added Component: Designator=R3(J1-0603)
Add component. Clean all parameters for all variants
Add component (AddParameter): Name = "LatestRevisionDate"; Value = "29-May-2009"; VariantName = "[No Variations]"
Add component (AddParameter): Name = "LatestRevisionNote"; Value = "IPC-7351 Footprint Added."; VariantName = "[No Variations]"
Add component (AddParameter): Name = "PackageDescription"; Value = "Chip Resistor"; VariantName = "[No Variations]"
Add component (AddParameter): Name = "PackageReference"; Value = "J1-0603"; VariantName = "[No Variations]"
Add component (AddParameter): Name = "Published"; Value = "8-Jun-2000"; VariantName = "[No Variations]"
Add component (AddParameter): Name = "Publisher"; Value = "Altium Limited"; VariantName = "[No Variations]"
Add component (AddParameter): Name = "Value"; Value = "3.3K"; VariantName = "[No Variations]"
Added Component: Designator=R4(J1-0603)
Add component. Clean all parameters for all variants
Add component (AddParameter): Name = "LatestRevisionDate"; Value = "29-May-2009"; VariantName = "[No Variations]"
Add component (AddParameter): Name = "LatestRevisionNote"; Value = "IPC-7351 Footprint Added."; VariantName = "[No Variations]"
Add component (AddParameter): Name = "PackageDescription"; Value = "Chip Resistor"; VariantName = "[No Variations]"
Add component (AddParameter): Name = "PackageReference"; Value = "J1-0603"; VariantName = "[No Variations]"
Add component (AddParameter): Name = "Published"; Value = "8-Jun-2000"; VariantName = "[No Variations]"
Add component (AddParameter): Name = "Publisher"; Value = "Altium Limited"; VariantName = "[No Variations]"
Add component (AddParameter): Name = "Value"; Value = "3.3K"; VariantName = "[No Variations]"
Added Component: Designator=R5(J1-0603)
Add component. Clean all parameters for all variants
Add component (AddParameter): Name = "LatestRevisionDate"; Value = "29-May-2009"; VariantName = "[No Variations]"
Add component (AddParameter): Name = "LatestRevisionNote"; Value = "IPC-7351 Footprint Added."; VariantName = "[No Variations]"
Add component (AddParameter): Name = "PackageDescription"; Value = "Chip Resistor"; VariantName = "[No Variations]"
Add component (AddParameter): Name = "PackageReference"; Value = "J1-0603"; VariantName = "[No Variations]"
Add component (AddParameter): Name = "Published"; Value = "8-Jun-2000"; VariantName = "[No Variations]"
Add component (AddParameter): Name = "Publisher"; Value = "Altium Limited"; VariantName = "[No Variations]"
Add component (AddParameter): Name = "Value"; Value = "3.3K"; VariantName = "[No Variations]"
Added Component: Designator=R6(J1-0603)
Add component. Clean all parameters for all variants
Add component (AddParameter): Name = "LatestRevisionDate"; Value = "29-May-2009"; VariantName = "[No Variations]"
Add component (AddParameter): Name = "LatestRevisionNote"; Value = "IPC-7351 Footprint Added."; VariantName = "[No Variations]"
Add component (AddParameter): Name = "PackageDescription"; Value = "Chip Resistor"; VariantName = "[No Variations]"
Add component (AddParameter): Name = "PackageReference"; Value = "J1-0603"; VariantName = "[No Variations]"
Add component (AddParameter): Name = "Published"; Value = "8-Jun-2000"; VariantName = "[No Variations]"
Add component (AddParameter): Name = "Publisher"; Value = "Altium Limited"; VariantName = "[No Variations]"
Add component (AddParameter): Name = "Value"; Value = "3.3K"; VariantName = "[No Variations]"
Added Component: Designator=R7(J1-0603)
Add component. Clean all parameters for all variants
Add component (AddParameter): Name = "LatestRevisionDate"; Value = "29-May-2009"; VariantName = "[No Variations]"
Add component (AddParameter): Name = "LatestRevisionNote"; Value = "IPC-7351 Footprint Added."; VariantName = "[No Variations]"
Add component (AddParameter): Name = "PackageDescription"; Value = "Chip Resistor"; VariantName = "[No Variations]"
Add component (AddParameter): Name = "PackageReference"; Value = "J1-0603"; VariantName = "[No Variations]"
Add component (AddParameter): Name = "Published"; Value = "8-Jun-2000"; VariantName = "[No Variations]"
Add component (AddParameter): Name = "Publisher"; Value = "Altium Limited"; VariantName = "[No Variations]"
Add component (AddParameter): Name = "Value"; Value = "3.3K"; VariantName = "[No Variations]"
Added Component: Designator=R8(J1-0603)
Add component. Clean all parameters for all variants
Add component (AddParameter): Name = "LatestRevisionDate"; Value = "29-May-2009"; VariantName = "[No Variations]"
Add component (AddParameter): Name = "LatestRevisionNote"; Value = "IPC-7351 Footprint Added."; VariantName = "[No Variations]"
Add component (AddParameter): Name = "PackageDescription"; Value = "Chip Resistor"; VariantName = "[No Variations]"
Add component (AddParameter): Name = "PackageReference"; Value = "J1-0603"; VariantName = "[No Variations]"
Add component (AddParameter): Name = "Published"; Value = "8-Jun-2000"; VariantName = "[No Variations]"
Add component (AddParameter): Name = "Publisher"; Value = "Altium Limited"; VariantName = "[No Variations]"
Add component (AddParameter): Name = "Value"; Value = "3.3K"; VariantName = "[No Variations]"
Added Component: Designator=R9(J1-0603)
Add component. Clean all parameters for all variants
Add component (AddParameter): Name = "LatestRevisionDate"; Value = "29-May-2009"; VariantName = "[No Variations]"
Add component (AddParameter): Name = "LatestRevisionNote"; Value = "IPC-7351 Footprint Added."; VariantName = "[No Variations]"
Add component (AddParameter): Name = "PackageDescription"; Value = "Chip Resistor"; VariantName = "[No Variations]"
Add component (AddParameter): Name = "PackageReference"; Value = "J1-0603"; VariantName = "[No Variations]"
Add component (AddParameter): Name = "Published"; Value = "8-Jun-2000"; VariantName = "[No Variations]"
Add component (AddParameter): Name = "Publisher"; Value = "Altium Limited"; VariantName = "[No Variations]"
Add component (AddParameter): Name = "Value"; Value = "3.3K"; VariantName = "[No Variations]"
Added Component: Designator=R10(J1-0603)
Add component. Clean all parameters for all variants
Add component (AddParameter): Name = "LatestRevisionDate"; Value = "29-May-2009"; VariantName = "[No Variations]"
Add component (AddParameter): Name = "LatestRevisionNote"; Value = "IPC-7351 Footprint Added."; VariantName = "[No Variations]"
Add component (AddParameter): Name = "PackageDescription"; Value = "Chip Resistor"; VariantName = "[No Variations]"
Add component (AddParameter): Name = "PackageReference"; Value = "J1-0603"; VariantName = "[No Variations]"
Add component (AddParameter): Name = "Published"; Value = "8-Jun-2000"; VariantName = "[No Variations]"
Add component (AddParameter): Name = "Publisher"; Value = "Altium Limited"; VariantName = "[No Variations]"
Add component (AddParameter): Name = "Value"; Value = "3.3K"; VariantName = "[No Variations]"
Added Component: Designator=R11(J1-0603)
Add component. Clean all parameters for all variants
Add component (AddParameter): Name = "LatestRevisionDate"; Value = "29-May-2009"; VariantName = "[No Variations]"
Add component (AddParameter): Name = "LatestRevisionNote"; Value = "IPC-7351 Footprint Added."; VariantName = "[No Variations]"
Add component (AddParameter): Name = "PackageDescription"; Value = "Chip Resistor"; VariantName = "[No Variations]"
Add component (AddParameter): Name = "PackageReference"; Value = "J1-0603"; VariantName = "[No Variations]"
Add component (AddParameter): Name = "Published"; Value = "8-Jun-2000"; VariantName = "[No Variations]"
Add component (AddParameter): Name = "Publisher"; Value = "Altium Limited"; VariantName = "[No Variations]"
Add component (AddParameter): Name = "Value"; Value = "3.3K"; VariantName = "[No Variations]"
Added Component: Designator=R12(J1-0603)
Add component. Clean all parameters for all variants
Add component (AddParameter): Name = "LatestRevisionDate"; Value = "29-May-2009"; VariantName = "[No Variations]"
Add component (AddParameter): Name = "LatestRevisionNote"; Value = "IPC-7351 Footprint Added."; VariantName = "[No Variations]"
Add component (AddParameter): Name = "PackageDescription"; Value = "Chip Resistor"; VariantName = "[No Variations]"
Add component (AddParameter): Name = "PackageReference"; Value = "J1-0603"; VariantName = "[No Variations]"
Add component (AddParameter): Name = "Published"; Value = "8-Jun-2000"; VariantName = "[No Variations]"
Add component (AddParameter): Name = "Publisher"; Value = "Altium Limited"; VariantName = "[No Variations]"
Add component (AddParameter): Name = "Value"; Value = "3.3K"; VariantName = "[No Variations]"
Added Component: Designator=R13(J1-0603)
Add component. Clean all parameters for all variants
Add component (AddParameter): Name = "LatestRevisionDate"; Value = "29-May-2009"; VariantName = "[No Variations]"
Add component (AddParameter): Name = "LatestRevisionNote"; Value = "IPC-7351 Footprint Added."; VariantName = "[No Variations]"
Add component (AddParameter): Name = "PackageDescription"; Value = "Chip Resistor"; VariantName = "[No Variations]"
Add component (AddParameter): Name = "PackageReference"; Value = "J1-0603"; VariantName = "[No Variations]"
Add component (AddParameter): Name = "Published"; Value = "8-Jun-2000"; VariantName = "[No Variations]"
Add component (AddParameter): Name = "Publisher"; Value = "Altium Limited"; VariantName = "[No Variations]"
Add component (AddParameter): Name = "Value"; Value = "3.3K"; VariantName = "[No Variations]"
Added Component: Designator=R14(J1-0603)
Add component. Clean all parameters for all variants
Add component (AddParameter): Name = "LatestRevisionDate"; Value = "29-May-2009"; VariantName = "[No Variations]"
Add component (AddParameter): Name = "LatestRevisionNote"; Value = "IPC-7351 Footprint Added."; VariantName = "[No Variations]"
Add component (AddParameter): Name = "PackageDescription"; Value = "Chip Resistor"; VariantName = "[No Variations]"
Add component (AddParameter): Name = "PackageReference"; Value = "J1-0603"; VariantName = "[No Variations]"
Add component (AddParameter): Name = "Published"; Value = "8-Jun-2000"; VariantName = "[No Variations]"
Add component (AddParameter): Name = "Publisher"; Value = "Altium Limited"; VariantName = "[No Variations]"
Add component (AddParameter): Name = "Value"; Value = "3.3K"; VariantName = "[No Variations]"
Added Component: Designator=R15(J1-0603)
Add component. Clean all parameters for all variants
Add component (AddParameter): Name = "LatestRevisionDate"; Value = "29-May-2009"; VariantName = "[No Variations]"
Add component (AddParameter): Name = "LatestRevisionNote"; Value = "IPC-7351 Footprint Added."; VariantName = "[No Variations]"
Add component (AddParameter): Name = "PackageDescription"; Value = "Chip Resistor"; VariantName = "[No Variations]"
Add component (AddParameter): Name = "PackageReference"; Value = "J1-0603"; VariantName = "[No Variations]"
Add component (AddParameter): Name = "Published"; Value = "8-Jun-2000"; VariantName = "[No Variations]"
Add component (AddParameter): Name = "Publisher"; Value = "Altium Limited"; VariantName = "[No Variations]"
Add component (AddParameter): Name = "Value"; Value = "3.3K"; VariantName = "[No Variations]"
Added Component: Designator=U1(SOIC-24_MUX)
Add component. Clean all parameters for all variants
Add component (AddParameter): Name = "Supplier 1"; Value = "Newark"; VariantName = "[No Variations]"
Add component (AddParameter): Name = "Supplier Part Number 1"; Value = "05B6161"; VariantName = "[No Variations]"
Added Component: Designator=U2(SOIC-24_MUX)
Add component. Clean all parameters for all variants
Add component (AddParameter): Name = "Supplier 1"; Value = "Newark"; VariantName = "[No Variations]"
Add component (AddParameter): Name = "Supplier Part Number 1"; Value = "05B6161"; VariantName = "[No Variations]"
Added Component: Designator=U3(SOIC-24_MUX)
Add component. Clean all parameters for all variants
Add component (AddParameter): Name = "Supplier 1"; Value = "Newark"; VariantName = "[No Variations]"
Add component (AddParameter): Name = "Supplier Part Number 1"; Value = "05B6161"; VariantName = "[No Variations]"
Added Component: Designator=U4(SOIC-24_MUX)
Add component. Clean all parameters for all variants
Add component (AddParameter): Name = "Supplier 1"; Value = "Newark"; VariantName = "[No Variations]"
Add component (AddParameter): Name = "Supplier Part Number 1"; Value = "05B6161"; VariantName = "[No Variations]"
Added Component: Designator=U5(SOIC-24_MUX)
Add component. Clean all parameters for all variants
Add component (AddParameter): Name = "Supplier 1"; Value = "Newark"; VariantName = "[No Variations]"
Add component (AddParameter): Name = "Supplier Part Number 1"; Value = "05B6161"; VariantName = "[No Variations]"
Added Component: Designator=U6(SOIC-24_MUX)
Add component. Clean all parameters for all variants
Add component (AddParameter): Name = "Supplier 1"; Value = "Newark"; VariantName = "[No Variations]"
Add component (AddParameter): Name = "Supplier Part Number 1"; Value = "05B6161"; VariantName = "[No Variations]"
Added Component: Designator=U7(SOIC-24_MUX)
Add component. Clean all parameters for all variants
Add component (AddParameter): Name = "Supplier 1"; Value = "Newark"; VariantName = "[No Variations]"
Add component (AddParameter): Name = "Supplier Part Number 1"; Value = "05B6161"; VariantName = "[No Variations]"
Added Component: Designator=U8(SOIC-24_MUX)
Add component. Clean all parameters for all variants
Add component (AddParameter): Name = "Supplier 1"; Value = "Newark"; VariantName = "[No Variations]"
Add component (AddParameter): Name = "Supplier Part Number 1"; Value = "05B6161"; VariantName = "[No Variations]"
Added Component: Designator=U9(SOIC-24_MUX)
Add component. Clean all parameters for all variants
Add component (AddParameter): Name = "Supplier 1"; Value = "Newark"; VariantName = "[No Variations]"
Add component (AddParameter): Name = "Supplier Part Number 1"; Value = "05B6161"; VariantName = "[No Variations]"
Added Component: Designator=U10(SOIC-24_MUX)
Add component. Clean all parameters for all variants
Add component (AddParameter): Name = "Supplier 1"; Value = "Newark"; VariantName = "[No Variations]"
Add component (AddParameter): Name = "Supplier Part Number 1"; Value = "05B6161"; VariantName = "[No Variations]"
Added Component: Designator=U11(SOIC-24_MUX)
Add component. Clean all parameters for all variants
Add component (AddParameter): Name = "Supplier 1"; Value = "Newark"; VariantName = "[No Variations]"
Add component (AddParameter): Name = "Supplier Part Number 1"; Value = "05B6161"; VariantName = "[No Variations]"
Added Component: Designator=U12(SOIC-24_MUX)
Add component. Clean all parameters for all variants
Add component (AddParameter): Name = "Supplier 1"; Value = "Newark"; VariantName = "[No Variations]"
Add component (AddParameter): Name = "Supplier Part Number 1"; Value = "05B6161"; VariantName = "[No Variations]"
Added Component: Designator=U13(SOIC-24_MUX)
Add component. Clean all parameters for all variants
Add component (AddParameter): Name = "Supplier 1"; Value = "Newark"; VariantName = "[No Variations]"
Add component (AddParameter): Name = "Supplier Part Number 1"; Value = "05B6161"; VariantName = "[No Variations]"
Added Component: Designator=U14(SOIC-24_MUX)
Add component. Clean all parameters for all variants
Add component (AddParameter): Name = "Supplier 1"; Value = "Newark"; VariantName = "[No Variations]"
Add component (AddParameter): Name = "Supplier Part Number 1"; Value = "05B6161"; VariantName = "[No Variations]"
Added Component: Designator=U15(SOIC-24_MUX)
Add component. Clean all parameters for all variants
Add component (AddParameter): Name = "Supplier 1"; Value = "Newark"; VariantName = "[No Variations]"
Add component (AddParameter): Name = "Supplier Part Number 1"; Value = "05B6161"; VariantName = "[No Variations]"
Added Pin To Net: NetName=5V Pin=C13-2
Added Pin To Net: NetName=5V Pin=C14-2
Added Pin To Net: NetName=5V Pin=C15-2
Added Pin To Net: NetName=5V Pin=C16-2
Added Pin To Net: NetName=5V Pin=C17-2
Added Pin To Net: NetName=5V Pin=C18-2
Added Pin To Net: NetName=5V Pin=R7-1
Added Pin To Net: NetName=5V Pin=R8-1
Added Pin To Net: NetName=5V Pin=R9-1
Added Pin To Net: NetName=5V Pin=U7-24
Added Pin To Net: NetName=5V Pin=U8-24
Added Pin To Net: NetName=5V Pin=U9-24
Added Net: Name=5V
Added Pin To Net: NetName=GND Pin=C13-1
Added Pin To Net: NetName=GND Pin=C15-1
Added Pin To Net: NetName=GND Pin=C16-1
Added Pin To Net: NetName=GND Pin=C17-1
Added Pin To Net: NetName=GND Pin=C18-1
Added Pin To Net: NetName=GND Pin=U7-12
Added Pin To Net: NetName=GND Pin=U7-15
Added Pin To Net: NetName=GND Pin=U8-12
Added Pin To Net: NetName=GND Pin=U8-15
Added Pin To Net: NetName=GND Pin=U9-12
Added Pin To Net: NetName=GND Pin=U9-15
Added Net: Name=GND
Added Pin To Net: NetName=NetR1_2 Pin=R1-2
Added Pin To Net: NetName=NetR1_2 Pin=U1-1
Added Net: Name=NetR1_2
Added Pin To Net: NetName=NetR2_2 Pin=R2-2
Added Pin To Net: NetName=NetR2_2 Pin=U2-1
Added Net: Name=NetR2_2
Added Pin To Net: NetName=NetR3_2 Pin=R3-2
Added Pin To Net: NetName=NetR3_2 Pin=U3-1
Added Net: Name=NetR3_2
Added Pin To Net: NetName=NetR4_2 Pin=R4-2
Added Pin To Net: NetName=NetR4_2 Pin=U4-1
Added Net: Name=NetR4_2
Added Pin To Net: NetName=NetR5_2 Pin=R5-2
Added Pin To Net: NetName=NetR5_2 Pin=U5-1
Added Net: Name=NetR5_2
Added Pin To Net: NetName=NetR6_2 Pin=R6-2
Added Pin To Net: NetName=NetR6_2 Pin=U6-1
Added Net: Name=NetR6_2
Added Pin To Net: NetName=NetR8_2 Pin=R8-2
Added Pin To Net: NetName=NetR8_2 Pin=U8-1
Added Net: Name=NetR8_2
Added Pin To Net: NetName=NetR9_2 Pin=R9-2
Added Pin To Net: NetName=NetR9_2 Pin=U9-1
Added Net: Name=NetR9_2
Added Pin To Net: NetName=NetR10_2 Pin=R10-2
Added Pin To Net: NetName=NetR10_2 Pin=U10-1
Added Net: Name=NetR10_2
Added Pin To Net: NetName=NetR11_2 Pin=R11-2
Added Pin To Net: NetName=NetR11_2 Pin=U11-1
Added Net: Name=NetR11_2
Added Pin To Net: NetName=NetR12_2 Pin=R12-2
Added Pin To Net: NetName=NetR12_2 Pin=U12-1
Added Net: Name=NetR12_2
Added Pin To Net: NetName=NetR13_2 Pin=R13-2
Added Pin To Net: NetName=NetR13_2 Pin=U13-1
Added Net: Name=NetR13_2
Added Pin To Net: NetName=NetR14_2 Pin=R14-2
Added Pin To Net: NetName=NetR14_2 Pin=U14-1
Added Net: Name=NetR14_2
Added Pin To Net: NetName=NetR15_2 Pin=R15-2
Added Pin To Net: NetName=NetR15_2 Pin=U15-1
Added Net: Name=NetR15_2
Added Pin To Net: NetName=S0 Pin=U1-10
Added Pin To Net: NetName=S0 Pin=U2-10
Added Pin To Net: NetName=S0 Pin=U3-10
Added Net: Name=S0
Added Pin To Net: NetName=S1 Pin=U1-11
Added Pin To Net: NetName=S1 Pin=U2-11
Added Pin To Net: NetName=S1 Pin=U3-11
Added Net: Name=S1
Added Pin To Net: NetName=S2 Pin=U1-14
Added Pin To Net: NetName=S2 Pin=U2-14
Added Pin To Net: NetName=S2 Pin=U3-14
Added Net: Name=S2
Added Pin To Net: NetName=S3 Pin=U1-13
Added Pin To Net: NetName=S3 Pin=U2-13
Added Pin To Net: NetName=S3 Pin=U3-13
Added Net: Name=S3
Added Pin To Net: NetName=TS_IN1_1 Pin=P3-1
Added Pin To Net: NetName=TS_IN1_1 Pin=P3-1
Added Net: Name=TS_IN1_1
Added Pin To Net: NetName=TS_IN1_2 Pin=P3-2
Added Pin To Net: NetName=TS_IN1_2 Pin=P3-2
Added Pin To Net: NetName=TS_IN1_2 Pin=P3-2
Added Net: Name=TS_IN1_2
Added Pin To Net: NetName=TS_IN1_3 Pin=P3-3
Added Pin To Net: NetName=TS_IN1_3 Pin=P3-3
Added Net: Name=TS_IN1_3
Added Pin To Net: NetName=TS_IN1_4 Pin=P3-4
Added Pin To Net: NetName=TS_IN1_4 Pin=P3-4
Added Net: Name=TS_IN1_4
Added Pin To Net: NetName=TS_IN1_5 Pin=P3-5
Added Pin To Net: NetName=TS_IN1_5 Pin=P3-5
Added Net: Name=TS_IN1_5
Added Pin To Net: NetName=TS_IN1_6 Pin=P3-6
Added Pin To Net: NetName=TS_IN1_6 Pin=P3-6
Added Net: Name=TS_IN1_6
Added Pin To Net: NetName=TS_IN1_7 Pin=P3-7
Added Pin To Net: NetName=TS_IN1_7 Pin=P3-7
Added Net: Name=TS_IN1_7
Added Pin To Net: NetName=TS_IN1_8 Pin=P3-8
Added Pin To Net: NetName=TS_IN1_8 Pin=P3-8
Added Net: Name=TS_IN1_8
Added Pin To Net: NetName=TS_IN1_9 Pin=P3-9
Added Pin To Net: NetName=TS_IN1_9 Pin=P3-9
Added Net: Name=TS_IN1_9
Added Pin To Net: NetName=TS_IN1_10 Pin=P3-10
Added Pin To Net: NetName=TS_IN1_10 Pin=P3-10
Added Net: Name=TS_IN1_10
Added Pin To Net: NetName=TS_IN1_11 Pin=P3-11
Added Pin To Net: NetName=TS_IN1_11 Pin=P3-11
Added Net: Name=TS_IN1_11
Added Pin To Net: NetName=TS_IN1_12 Pin=P3-12
Added Pin To Net: NetName=TS_IN1_12 Pin=P3-12
Added Net: Name=TS_IN1_12
Added Pin To Net: NetName=TS_IN1_13 Pin=P3-13
Added Pin To Net: NetName=TS_IN1_13 Pin=P3-13
Added Net: Name=TS_IN1_13
Added Pin To Net: NetName=TS_IN1_14 Pin=P3-14
Added Pin To Net: NetName=TS_IN1_14 Pin=P3-14
Added Net: Name=TS_IN1_14
Added Pin To Net: NetName=TS_IN1_15 Pin=P3-15
Added Pin To Net: NetName=TS_IN1_15 Pin=P3-15
Added Net: Name=TS_IN1_15
Added Pin To Net: NetName=TS_IN1_16 Pin=P3-16
Added Pin To Net: NetName=TS_IN1_16 Pin=P3-16
Added Pin To Net: NetName=TS_IN1_16 Pin=P3-16
Added Pin To Net: NetName=TS_IN1_16 Pin=P3-16
Added Net: Name=TS_IN1_16
Added Pin To Net: NetName=TS_IN1_17 Pin=P3-17
Added Pin To Net: NetName=TS_IN1_17 Pin=P3-17
Added Pin To Net: NetName=TS_IN1_17 Pin=P3-17
Added Pin To Net: NetName=TS_IN1_17 Pin=P3-17
Added Net: Name=TS_IN1_17
Added Pin To Net: NetName=TS_IN1_18 Pin=P3-18
Added Pin To Net: NetName=TS_IN1_18 Pin=P3-18
Added Pin To Net: NetName=TS_IN1_18 Pin=P3-18
Added Pin To Net: NetName=TS_IN1_18 Pin=P3-18
Added Net: Name=TS_IN1_18
Added Pin To Net: NetName=TS_IN1_19 Pin=P3-19
Added Pin To Net: NetName=TS_IN1_19 Pin=P3-19
Added Pin To Net: NetName=TS_IN1_19 Pin=P3-19
Added Pin To Net: NetName=TS_IN1_19 Pin=P3-19
Added Net: Name=TS_IN1_19
Added Pin To Net: NetName=TS_IN1_20 Pin=P3-20
Added Pin To Net: NetName=TS_IN1_20 Pin=P3-20
Added Pin To Net: NetName=TS_IN1_20 Pin=P3-20
Added Pin To Net: NetName=TS_IN1_20 Pin=P3-20
Added Net: Name=TS_IN1_20
Added Pin To Net: NetName=TS_IN1_21 Pin=P3-21
Added Net: Name=TS_IN1_21
Added Pin To Net: NetName=TS_IN1_22 Pin=P3-22
Added Net: Name=TS_IN1_22
Added Pin To Net: NetName=TS_IN1_23 Pin=P3-23
Added Net: Name=TS_IN1_23
Added Pin To Net: NetName=TS_IN1_24 Pin=P3-24
Added Net: Name=TS_IN1_24
Added Pin To Net: NetName=TS_IN1_25 Pin=P3-25
Added Net: Name=TS_IN1_25
Added Pin To Net: NetName=TS_IN1_26 Pin=P3-26
Added Net: Name=TS_IN1_26
Added Pin To Net: NetName=TS_IN1_27 Pin=P3-27
Added Net: Name=TS_IN1_27
Added Pin To Net: NetName=TS_IN1_28 Pin=P3-28
Added Net: Name=TS_IN1_28
Added Pin To Net: NetName=TS_IN1_29 Pin=P3-29
Added Net: Name=TS_IN1_29
Added Pin To Net: NetName=TS_IN1_30 Pin=P3-30
Added Net: Name=TS_IN1_30
Added Pin To Net: NetName=TS_IN1_31 Pin=P3-31
Added Net: Name=TS_IN1_31
Added Pin To Net: NetName=TS_IN1_32 Pin=P3-32
Added Net: Name=TS_IN1_32
Added Pin To Net: NetName=TS_IN1_33 Pin=P3-33
Added Net: Name=TS_IN1_33
Added Pin To Net: NetName=TS_IN1_34 Pin=P3-34
Added Net: Name=TS_IN1_34
Added Pin To Net: NetName=TS_IN1_35 Pin=P3-35
Added Net: Name=TS_IN1_35
Added Pin To Net: NetName=TS_IN1_36 Pin=P3-36
Added Pin To Net: NetName=TS_IN1_36 Pin=P3-36
Added Net: Name=TS_IN1_36
Added Pin To Net: NetName=TS_IN1_37 Pin=P3-37
Added Pin To Net: NetName=TS_IN1_37 Pin=P3-37
Added Net: Name=TS_IN1_37
Added Pin To Net: NetName=TS_IN1_38 Pin=P3-38
Added Pin To Net: NetName=TS_IN1_38 Pin=P3-38
Added Net: Name=TS_IN1_38
Added Pin To Net: NetName=TS_IN1_39 Pin=P3-39
Added Pin To Net: NetName=TS_IN1_39 Pin=P3-39
Added Net: Name=TS_IN1_39
Added Pin To Net: NetName=TS_IN1_40 Pin=P3-40
Added Pin To Net: NetName=TS_IN1_40 Pin=P3-40
Added Net: Name=TS_IN1_40
Added Pin To Net: NetName=TS_IN1_41 Pin=P3-41
Added Net: Name=TS_IN1_41
Added Pin To Net: NetName=TS_IN1_42 Pin=P3-42
Added Net: Name=TS_IN1_42
Added Pin To Net: NetName=TS_IN1_43 Pin=P3-43
Added Net: Name=TS_IN1_43
Added Pin To Net: NetName=TS_IN1_44 Pin=P3-44
Added Net: Name=TS_IN1_44
Added Pin To Net: NetName=TS_IN1_45 Pin=P3-45
Added Net: Name=TS_IN1_45
Added Pin To Net: NetName=TS_IN1_46 Pin=P3-46
Added Net: Name=TS_IN1_46
Added Pin To Net: NetName=TS_IN1_47 Pin=P3-47
Added Net: Name=TS_IN1_47
Added Pin To Net: NetName=TS_IN1_48 Pin=P3-48
Added Net: Name=TS_IN1_48
Added Pin To Net: NetName=TS_IN2_1 Pin=P2-1
Added Pin To Net: NetName=TS_IN2_1 Pin=P2-1
Added Net: Name=TS_IN2_1
Added Pin To Net: NetName=TS_IN2_2 Pin=P2-2
Added Pin To Net: NetName=TS_IN2_2 Pin=P2-2
Added Pin To Net: NetName=TS_IN2_2 Pin=P2-2
Added Net: Name=TS_IN2_2
Added Pin To Net: NetName=TS_IN2_3 Pin=P2-3
Added Pin To Net: NetName=TS_IN2_3 Pin=P2-3
Added Net: Name=TS_IN2_3
Added Pin To Net: NetName=TS_IN2_4 Pin=P2-4
Added Pin To Net: NetName=TS_IN2_4 Pin=P2-4
Added Net: Name=TS_IN2_4
Added Pin To Net: NetName=TS_IN2_5 Pin=P2-5
Added Pin To Net: NetName=TS_IN2_5 Pin=P2-5
Added Net: Name=TS_IN2_5
Added Pin To Net: NetName=TS_IN2_6 Pin=P2-6
Added Pin To Net: NetName=TS_IN2_6 Pin=P2-6
Added Net: Name=TS_IN2_6
Added Pin To Net: NetName=TS_IN2_7 Pin=P2-7
Added Pin To Net: NetName=TS_IN2_7 Pin=P2-7
Added Net: Name=TS_IN2_7
Added Pin To Net: NetName=TS_IN2_8 Pin=P2-8
Added Pin To Net: NetName=TS_IN2_8 Pin=P2-8
Added Net: Name=TS_IN2_8
Added Pin To Net: NetName=TS_IN2_9 Pin=P2-9
Added Pin To Net: NetName=TS_IN2_9 Pin=P2-9
Added Net: Name=TS_IN2_9
Added Pin To Net: NetName=TS_IN2_10 Pin=P2-10
Added Pin To Net: NetName=TS_IN2_10 Pin=P2-10
Added Net: Name=TS_IN2_10
Added Pin To Net: NetName=TS_IN2_11 Pin=P2-11
Added Pin To Net: NetName=TS_IN2_11 Pin=P2-11
Added Net: Name=TS_IN2_11
Added Pin To Net: NetName=TS_IN2_12 Pin=P2-12
Added Pin To Net: NetName=TS_IN2_12 Pin=P2-12
Added Net: Name=TS_IN2_12
Added Pin To Net: NetName=TS_IN2_13 Pin=P2-13
Added Pin To Net: NetName=TS_IN2_13 Pin=P2-13
Added Net: Name=TS_IN2_13
Added Pin To Net: NetName=TS_IN2_14 Pin=P2-14
Added Pin To Net: NetName=TS_IN2_14 Pin=P2-14
Added Net: Name=TS_IN2_14
Added Pin To Net: NetName=TS_IN2_15 Pin=P2-15
Added Pin To Net: NetName=TS_IN2_15 Pin=P2-15
Added Net: Name=TS_IN2_15
Added Pin To Net: NetName=TS_IN2_16 Pin=P2-16
Added Pin To Net: NetName=TS_IN2_16 Pin=P2-16
Added Pin To Net: NetName=TS_IN2_16 Pin=P2-16
Added Pin To Net: NetName=TS_IN2_16 Pin=P2-16
Added Net: Name=TS_IN2_16
Added Pin To Net: NetName=TS_IN2_17 Pin=P2-17
Added Pin To Net: NetName=TS_IN2_17 Pin=P2-17
Added Pin To Net: NetName=TS_IN2_17 Pin=P2-17
Added Pin To Net: NetName=TS_IN2_17 Pin=P2-17
Added Net: Name=TS_IN2_17
Added Pin To Net: NetName=TS_IN2_18 Pin=P2-18
Added Pin To Net: NetName=TS_IN2_18 Pin=P2-18
Added Pin To Net: NetName=TS_IN2_18 Pin=P2-18
Added Pin To Net: NetName=TS_IN2_18 Pin=P2-18
Added Net: Name=TS_IN2_18
Added Pin To Net: NetName=TS_IN2_19 Pin=P2-19
Added Pin To Net: NetName=TS_IN2_19 Pin=P2-19
Added Pin To Net: NetName=TS_IN2_19 Pin=P2-19
Added Pin To Net: NetName=TS_IN2_19 Pin=P2-19
Added Net: Name=TS_IN2_19
Added Pin To Net: NetName=TS_IN2_20 Pin=P2-20
Added Pin To Net: NetName=TS_IN2_20 Pin=P2-20
Added Pin To Net: NetName=TS_IN2_20 Pin=P2-20
Added Pin To Net: NetName=TS_IN2_20 Pin=P2-20
Added Net: Name=TS_IN2_20
Added Pin To Net: NetName=TS_IN2_21 Pin=P2-21
Added Net: Name=TS_IN2_21
Added Pin To Net: NetName=TS_IN2_22 Pin=P2-22
Added Net: Name=TS_IN2_22
Added Pin To Net: NetName=TS_IN2_23 Pin=P2-23
Added Net: Name=TS_IN2_23
Added Pin To Net: NetName=TS_IN2_24 Pin=P2-24
Added Net: Name=TS_IN2_24
Added Pin To Net: NetName=TS_IN2_25 Pin=P2-25
Added Net: Name=TS_IN2_25
Added Pin To Net: NetName=TS_IN2_26 Pin=P2-26
Added Net: Name=TS_IN2_26
Added Pin To Net: NetName=TS_IN2_27 Pin=P2-27
Added Net: Name=TS_IN2_27
Added Pin To Net: NetName=TS_IN2_28 Pin=P2-28
Added Net: Name=TS_IN2_28
Added Pin To Net: NetName=TS_IN2_29 Pin=P2-29
Added Net: Name=TS_IN2_29
Added Pin To Net: NetName=TS_IN2_30 Pin=P2-30
Added Net: Name=TS_IN2_30
Added Pin To Net: NetName=TS_IN2_31 Pin=P2-31
Added Net: Name=TS_IN2_31
Added Pin To Net: NetName=TS_IN2_32 Pin=P2-32
Added Net: Name=TS_IN2_32
Added Pin To Net: NetName=TS_IN2_33 Pin=P2-33
Added Net: Name=TS_IN2_33
Added Pin To Net: NetName=TS_IN2_34 Pin=P2-34
Added Net: Name=TS_IN2_34
Added Pin To Net: NetName=TS_IN2_35 Pin=P2-35
Added Net: Name=TS_IN2_35
Added Pin To Net: NetName=TS_IN2_36 Pin=P2-36
Added Pin To Net: NetName=TS_IN2_36 Pin=P2-36
Added Net: Name=TS_IN2_36
Added Pin To Net: NetName=TS_IN2_37 Pin=P2-37
Added Pin To Net: NetName=TS_IN2_37 Pin=P2-37
Added Net: Name=TS_IN2_37
Added Pin To Net: NetName=TS_IN2_38 Pin=P2-38
Added Pin To Net: NetName=TS_IN2_38 Pin=P2-38
Added Net: Name=TS_IN2_38
Added Pin To Net: NetName=TS_IN2_39 Pin=P2-39
Added Pin To Net: NetName=TS_IN2_39 Pin=P2-39
Added Net: Name=TS_IN2_39
Added Pin To Net: NetName=TS_IN2_40 Pin=P2-40
Added Pin To Net: NetName=TS_IN2_40 Pin=P2-40
Added Net: Name=TS_IN2_40
Added Pin To Net: NetName=TS_IN2_41 Pin=P2-41
Added Net: Name=TS_IN2_41
Added Pin To Net: NetName=TS_IN2_42 Pin=P2-42
Added Net: Name=TS_IN2_42
Added Pin To Net: NetName=TS_IN2_43 Pin=P2-43
Added Net: Name=TS_IN2_43
Added Pin To Net: NetName=TS_IN2_44 Pin=P2-44
Added Net: Name=TS_IN2_44
Added Pin To Net: NetName=TS_IN2_45 Pin=P2-45
Added Net: Name=TS_IN2_45
Added Pin To Net: NetName=TS_IN2_46 Pin=P2-46
Added Net: Name=TS_IN2_46
Added Pin To Net: NetName=TS_IN2_47 Pin=P2-47
Added Net: Name=TS_IN2_47
Added Pin To Net: NetName=TS_IN2_48 Pin=P2-48
Added Net: Name=TS_IN2_48
Added Pin To Net: NetName=TS_IN3_1 Pin=P1-1
Added Pin To Net: NetName=TS_IN3_1 Pin=P1-1
Added Net: Name=TS_IN3_1
Added Pin To Net: NetName=TS_IN3_2 Pin=P1-2
Added Pin To Net: NetName=TS_IN3_2 Pin=P1-2
Added Pin To Net: NetName=TS_IN3_2 Pin=P1-2
Added Net: Name=TS_IN3_2
Added Pin To Net: NetName=TS_IN3_3 Pin=P1-3
Added Pin To Net: NetName=TS_IN3_3 Pin=P1-3
Added Net: Name=TS_IN3_3
Added Pin To Net: NetName=TS_IN3_4 Pin=P1-4
Added Pin To Net: NetName=TS_IN3_4 Pin=P1-4
Added Net: Name=TS_IN3_4
Added Pin To Net: NetName=TS_IN3_5 Pin=P1-5
Added Pin To Net: NetName=TS_IN3_5 Pin=P1-5
Added Net: Name=TS_IN3_5
Added Pin To Net: NetName=TS_IN3_6 Pin=P1-6
Added Pin To Net: NetName=TS_IN3_6 Pin=P1-6
Added Net: Name=TS_IN3_6
Added Pin To Net: NetName=TS_IN3_7 Pin=P1-7
Added Pin To Net: NetName=TS_IN3_7 Pin=P1-7
Added Net: Name=TS_IN3_7
Added Pin To Net: NetName=TS_IN3_8 Pin=P1-8
Added Pin To Net: NetName=TS_IN3_8 Pin=P1-8
Added Net: Name=TS_IN3_8
Added Pin To Net: NetName=TS_IN3_9 Pin=P1-9
Added Pin To Net: NetName=TS_IN3_9 Pin=P1-9
Added Net: Name=TS_IN3_9
Added Pin To Net: NetName=TS_IN3_10 Pin=P1-10
Added Pin To Net: NetName=TS_IN3_10 Pin=P1-10
Added Net: Name=TS_IN3_10
Added Pin To Net: NetName=TS_IN3_11 Pin=P1-11
Added Pin To Net: NetName=TS_IN3_11 Pin=P1-11
Added Net: Name=TS_IN3_11
Added Pin To Net: NetName=TS_IN3_12 Pin=P1-12
Added Pin To Net: NetName=TS_IN3_12 Pin=P1-12
Added Net: Name=TS_IN3_12
Added Pin To Net: NetName=TS_IN3_13 Pin=P1-13
Added Pin To Net: NetName=TS_IN3_13 Pin=P1-13
Added Net: Name=TS_IN3_13
Added Pin To Net: NetName=TS_IN3_14 Pin=P1-14
Added Pin To Net: NetName=TS_IN3_14 Pin=P1-14
Added Net: Name=TS_IN3_14
Added Pin To Net: NetName=TS_IN3_15 Pin=P1-15
Added Pin To Net: NetName=TS_IN3_15 Pin=P1-15
Added Net: Name=TS_IN3_15
Added Pin To Net: NetName=TS_IN3_16 Pin=P1-16
Added Pin To Net: NetName=TS_IN3_16 Pin=P1-16
Added Pin To Net: NetName=TS_IN3_16 Pin=P1-16
Added Pin To Net: NetName=TS_IN3_16 Pin=P1-16
Added Net: Name=TS_IN3_16
Added Pin To Net: NetName=TS_IN3_17 Pin=P1-17
Added Pin To Net: NetName=TS_IN3_17 Pin=P1-17
Added Pin To Net: NetName=TS_IN3_17 Pin=P1-17
Added Pin To Net: NetName=TS_IN3_17 Pin=P1-17
Added Net: Name=TS_IN3_17
Added Pin To Net: NetName=TS_IN3_18 Pin=P1-18
Added Pin To Net: NetName=TS_IN3_18 Pin=P1-18
Added Pin To Net: NetName=TS_IN3_18 Pin=P1-18
Added Pin To Net: NetName=TS_IN3_18 Pin=P1-18
Added Net: Name=TS_IN3_18
Added Pin To Net: NetName=TS_IN3_19 Pin=P1-19
Added Pin To Net: NetName=TS_IN3_19 Pin=P1-19
Added Pin To Net: NetName=TS_IN3_19 Pin=P1-19
Added Pin To Net: NetName=TS_IN3_19 Pin=P1-19
Added Net: Name=TS_IN3_19
Added Pin To Net: NetName=TS_IN3_20 Pin=P1-20
Added Pin To Net: NetName=TS_IN3_20 Pin=P1-20
Added Pin To Net: NetName=TS_IN3_20 Pin=P1-20
Added Pin To Net: NetName=TS_IN3_20 Pin=P1-20
Added Net: Name=TS_IN3_20
Added Pin To Net: NetName=TS_IN3_21 Pin=P1-21
Added Net: Name=TS_IN3_21
Added Pin To Net: NetName=TS_IN3_22 Pin=P1-22
Added Net: Name=TS_IN3_22
Added Pin To Net: NetName=TS_IN3_23 Pin=P1-23
Added Net: Name=TS_IN3_23
Added Pin To Net: NetName=TS_IN3_24 Pin=P1-24
Added Net: Name=TS_IN3_24
Added Pin To Net: NetName=TS_IN3_25 Pin=P1-25
Added Net: Name=TS_IN3_25
Added Pin To Net: NetName=TS_IN3_26 Pin=P1-26
Added Net: Name=TS_IN3_26
Added Pin To Net: NetName=TS_IN3_27 Pin=P1-27
Added Net: Name=TS_IN3_27
Added Pin To Net: NetName=TS_IN3_28 Pin=P1-28
Added Net: Name=TS_IN3_28
Added Pin To Net: NetName=TS_IN3_29 Pin=P1-29
Added Net: Name=TS_IN3_29
Added Pin To Net: NetName=TS_IN3_30 Pin=P1-30
Added Net: Name=TS_IN3_30
Added Pin To Net: NetName=TS_IN3_31 Pin=P1-31
Added Net: Name=TS_IN3_31
Added Pin To Net: NetName=TS_IN3_32 Pin=P1-32
Added Net: Name=TS_IN3_32
Added Pin To Net: NetName=TS_IN3_33 Pin=P1-33
Added Net: Name=TS_IN3_33
Added Pin To Net: NetName=TS_IN3_34 Pin=P1-34
Added Net: Name=TS_IN3_34
Added Pin To Net: NetName=TS_IN3_35 Pin=P1-35
Added Net: Name=TS_IN3_35
Added Pin To Net: NetName=TS_IN3_36 Pin=P1-36
Added Pin To Net: NetName=TS_IN3_36 Pin=P1-36
Added Net: Name=TS_IN3_36
Added Pin To Net: NetName=TS_IN3_37 Pin=P1-37
Added Pin To Net: NetName=TS_IN3_37 Pin=P1-37
Added Net: Name=TS_IN3_37
Added Pin To Net: NetName=TS_IN3_38 Pin=P1-38
Added Pin To Net: NetName=TS_IN3_38 Pin=P1-38
Added Net: Name=TS_IN3_38
Added Pin To Net: NetName=TS_IN3_39 Pin=P1-39
Added Pin To Net: NetName=TS_IN3_39 Pin=P1-39
Added Net: Name=TS_IN3_39
Added Pin To Net: NetName=TS_IN3_40 Pin=P1-40
Added Pin To Net: NetName=TS_IN3_40 Pin=P1-40
Added Net: Name=TS_IN3_40
Added Pin To Net: NetName=TS_IN3_41 Pin=P1-41
Added Net: Name=TS_IN3_41
Added Pin To Net: NetName=TS_IN3_42 Pin=P1-42
Added Net: Name=TS_IN3_42
Added Pin To Net: NetName=TS_IN3_43 Pin=P1-43
Added Net: Name=TS_IN3_43
Added Pin To Net: NetName=TS_IN3_44 Pin=P1-44
Added Net: Name=TS_IN3_44
Added Pin To Net: NetName=TS_IN3_45 Pin=P1-45
Added Net: Name=TS_IN3_45
Added Pin To Net: NetName=TS_IN3_46 Pin=U2-21
Added Net: Name=TS_IN3_46
Added Pin To Net: NetName=TS_IN3_47 Pin=U2-22
Added Net: Name=TS_IN3_47
Added Pin To Net: NetName=TS_IN3_48 Pin=U2-23
Added Net: Name=TS_IN3_48
Added Pin To Net: NetName=TS_IN4_1 Pin=P4-1
Added Pin To Net: NetName=TS_IN4_1 Pin=P4-1
Added Net: Name=TS_IN4_1
Added Pin To Net: NetName=TS_IN4_2 Pin=P4-2
Added Pin To Net: NetName=TS_IN4_2 Pin=P4-2
Added Pin To Net: NetName=TS_IN4_2 Pin=P4-2
Added Net: Name=TS_IN4_2
Added Pin To Net: NetName=TS_IN4_3 Pin=P4-3
Added Pin To Net: NetName=TS_IN4_3 Pin=P4-3
Added Net: Name=TS_IN4_3
Added Pin To Net: NetName=TS_IN4_4 Pin=P4-4
Added Pin To Net: NetName=TS_IN4_4 Pin=P4-4
Added Net: Name=TS_IN4_4
Added Pin To Net: NetName=TS_IN4_5 Pin=P4-5
Added Pin To Net: NetName=TS_IN4_5 Pin=P4-5
Added Net: Name=TS_IN4_5
Added Pin To Net: NetName=TS_IN4_6 Pin=P4-6
Added Pin To Net: NetName=TS_IN4_6 Pin=P4-6
Added Net: Name=TS_IN4_6
Added Pin To Net: NetName=TS_IN4_7 Pin=P4-7
Added Pin To Net: NetName=TS_IN4_7 Pin=P4-7
Added Net: Name=TS_IN4_7
Added Pin To Net: NetName=TS_IN4_8 Pin=P4-8
Added Pin To Net: NetName=TS_IN4_8 Pin=P4-8
Added Net: Name=TS_IN4_8
Added Pin To Net: NetName=TS_IN4_9 Pin=P4-9
Added Pin To Net: NetName=TS_IN4_9 Pin=P4-9
Added Net: Name=TS_IN4_9
Added Pin To Net: NetName=TS_IN4_10 Pin=P4-10
Added Pin To Net: NetName=TS_IN4_10 Pin=P4-10
Added Net: Name=TS_IN4_10
Added Pin To Net: NetName=TS_IN4_11 Pin=P4-11
Added Pin To Net: NetName=TS_IN4_11 Pin=P4-11
Added Net: Name=TS_IN4_11
Added Pin To Net: NetName=TS_IN4_12 Pin=P4-12
Added Pin To Net: NetName=TS_IN4_12 Pin=P4-12
Added Net: Name=TS_IN4_12
Added Pin To Net: NetName=TS_IN4_13 Pin=P4-13
Added Pin To Net: NetName=TS_IN4_13 Pin=P4-13
Added Net: Name=TS_IN4_13
Added Pin To Net: NetName=TS_IN4_14 Pin=P4-14
Added Pin To Net: NetName=TS_IN4_14 Pin=P4-14
Added Net: Name=TS_IN4_14
Added Pin To Net: NetName=TS_IN4_15 Pin=P4-15
Added Pin To Net: NetName=TS_IN4_15 Pin=P4-15
Added Net: Name=TS_IN4_15
Added Pin To Net: NetName=TS_IN4_16 Pin=P4-16
Added Pin To Net: NetName=TS_IN4_16 Pin=P4-16
Added Pin To Net: NetName=TS_IN4_16 Pin=P4-16
Added Pin To Net: NetName=TS_IN4_16 Pin=P4-16
Added Net: Name=TS_IN4_16
Added Pin To Net: NetName=TS_IN4_17 Pin=P4-17
Added Pin To Net: NetName=TS_IN4_17 Pin=P4-17
Added Pin To Net: NetName=TS_IN4_17 Pin=P4-17
Added Pin To Net: NetName=TS_IN4_17 Pin=P4-17
Added Net: Name=TS_IN4_17
Added Pin To Net: NetName=TS_IN4_18 Pin=P4-18
Added Pin To Net: NetName=TS_IN4_18 Pin=P4-18
Added Pin To Net: NetName=TS_IN4_18 Pin=P4-18
Added Pin To Net: NetName=TS_IN4_18 Pin=P4-18
Added Net: Name=TS_IN4_18
Added Pin To Net: NetName=TS_IN4_19 Pin=P4-19
Added Pin To Net: NetName=TS_IN4_19 Pin=P4-19
Added Pin To Net: NetName=TS_IN4_19 Pin=P4-19
Added Pin To Net: NetName=TS_IN4_19 Pin=P4-19
Added Net: Name=TS_IN4_19
Added Pin To Net: NetName=TS_IN4_20 Pin=P4-20
Added Pin To Net: NetName=TS_IN4_20 Pin=P4-20
Added Pin To Net: NetName=TS_IN4_20 Pin=P4-20
Added Pin To Net: NetName=TS_IN4_20 Pin=P4-20
Added Net: Name=TS_IN4_20
Added Pin To Net: NetName=TS_IN4_21 Pin=P4-21
Added Net: Name=TS_IN4_21
Added Pin To Net: NetName=TS_IN4_22 Pin=P4-22
Added Net: Name=TS_IN4_22
Added Pin To Net: NetName=TS_IN4_23 Pin=P4-23
Added Net: Name=TS_IN4_23
Added Pin To Net: NetName=TS_IN4_24 Pin=P4-24
Added Net: Name=TS_IN4_24
Added Pin To Net: NetName=TS_IN4_25 Pin=P4-25
Added Net: Name=TS_IN4_25
Added Pin To Net: NetName=TS_IN4_26 Pin=P4-26
Added Net: Name=TS_IN4_26
Added Pin To Net: NetName=TS_IN4_27 Pin=P4-27
Added Net: Name=TS_IN4_27
Added Pin To Net: NetName=TS_IN4_28 Pin=P4-28
Added Net: Name=TS_IN4_28
Added Pin To Net: NetName=TS_IN4_29 Pin=P4-29
Added Net: Name=TS_IN4_29
Added Pin To Net: NetName=TS_IN4_30 Pin=P4-30
Added Net: Name=TS_IN4_30
Added Pin To Net: NetName=TS_IN4_31 Pin=P4-31
Added Net: Name=TS_IN4_31
Added Pin To Net: NetName=TS_IN4_32 Pin=P4-32
Added Net: Name=TS_IN4_32
Added Pin To Net: NetName=TS_IN4_33 Pin=P4-33
Added Net: Name=TS_IN4_33
Added Pin To Net: NetName=TS_IN4_34 Pin=P4-34
Added Net: Name=TS_IN4_34
Added Pin To Net: NetName=TS_IN4_35 Pin=P4-35
Added Net: Name=TS_IN4_35
Added Pin To Net: NetName=TS_IN4_36 Pin=P4-36
Added Pin To Net: NetName=TS_IN4_36 Pin=P4-36
Added Net: Name=TS_IN4_36
Added Pin To Net: NetName=TS_IN4_37 Pin=P4-37
Added Pin To Net: NetName=TS_IN4_37 Pin=P4-37
Added Net: Name=TS_IN4_37
Added Pin To Net: NetName=TS_IN4_38 Pin=P4-38
Added Pin To Net: NetName=TS_IN4_38 Pin=P4-38
Added Net: Name=TS_IN4_38
Added Pin To Net: NetName=TS_IN4_39 Pin=P4-39
Added Pin To Net: NetName=TS_IN4_39 Pin=P4-39
Added Net: Name=TS_IN4_39
Added Pin To Net: NetName=TS_IN4_40 Pin=P4-40
Added Pin To Net: NetName=TS_IN4_40 Pin=P4-40
Added Net: Name=TS_IN4_40
Added Pin To Net: NetName=TS_IN4_41 Pin=P4-41
Added Net: Name=TS_IN4_41
Added Pin To Net: NetName=TS_IN4_42 Pin=P4-42
Added Net: Name=TS_IN4_42
Added Pin To Net: NetName=TS_IN4_43 Pin=P4-43
Added Net: Name=TS_IN4_43
Added Pin To Net: NetName=TS_IN4_44 Pin=P4-44
Added Net: Name=TS_IN4_44
Added Pin To Net: NetName=TS_IN4_45 Pin=P4-45
Added Net: Name=TS_IN4_45
Added Pin To Net: NetName=TS_IN4_46 Pin=P4-46
Added Net: Name=TS_IN4_46
Added Pin To Net: NetName=TS_IN4_47 Pin=P4-47
Added Net: Name=TS_IN4_47
Added Pin To Net: NetName=TS_IN4_48 Pin=P4-48
Added Net: Name=TS_IN4_48
Added Pin To Net: NetName=TS_IN5_1 Pin=P5-1
Added Pin To Net: NetName=TS_IN5_1 Pin=P5-1
Added Net: Name=TS_IN5_1
Added Pin To Net: NetName=TS_IN5_2 Pin=P5-2
Added Pin To Net: NetName=TS_IN5_2 Pin=P5-2
Added Pin To Net: NetName=TS_IN5_2 Pin=P5-2
Added Net: Name=TS_IN5_2
Added Pin To Net: NetName=TS_IN5_3 Pin=P5-3
Added Pin To Net: NetName=TS_IN5_3 Pin=P5-3
Added Net: Name=TS_IN5_3
Added Pin To Net: NetName=TS_IN5_4 Pin=P5-4
Added Pin To Net: NetName=TS_IN5_4 Pin=P5-4
Added Net: Name=TS_IN5_4
Added Pin To Net: NetName=TS_IN5_5 Pin=P5-5
Added Pin To Net: NetName=TS_IN5_5 Pin=P5-5
Added Net: Name=TS_IN5_5
Added Pin To Net: NetName=TS_IN5_6 Pin=P5-6
Added Pin To Net: NetName=TS_IN5_6 Pin=P5-6
Added Net: Name=TS_IN5_6
Added Pin To Net: NetName=TS_IN5_7 Pin=P5-7
Added Pin To Net: NetName=TS_IN5_7 Pin=P5-7
Added Net: Name=TS_IN5_7
Added Pin To Net: NetName=TS_IN5_8 Pin=P5-8
Added Pin To Net: NetName=TS_IN5_8 Pin=P5-8
Added Net: Name=TS_IN5_8
Added Pin To Net: NetName=TS_IN5_9 Pin=P5-9
Added Pin To Net: NetName=TS_IN5_9 Pin=P5-9
Added Net: Name=TS_IN5_9
Added Pin To Net: NetName=TS_IN5_10 Pin=P5-10
Added Pin To Net: NetName=TS_IN5_10 Pin=P5-10
Added Net: Name=TS_IN5_10
Added Pin To Net: NetName=TS_IN5_11 Pin=P5-11
Added Pin To Net: NetName=TS_IN5_11 Pin=P5-11
Added Net: Name=TS_IN5_11
Added Pin To Net: NetName=TS_IN5_12 Pin=P5-12
Added Pin To Net: NetName=TS_IN5_12 Pin=P5-12
Added Net: Name=TS_IN5_12
Added Pin To Net: NetName=TS_IN5_13 Pin=P5-13
Added Pin To Net: NetName=TS_IN5_13 Pin=P5-13
Added Net: Name=TS_IN5_13
Added Pin To Net: NetName=TS_IN5_14 Pin=P5-14
Added Pin To Net: NetName=TS_IN5_14 Pin=P5-14
Added Net: Name=TS_IN5_14
Added Pin To Net: NetName=TS_IN5_15 Pin=P5-15
Added Pin To Net: NetName=TS_IN5_15 Pin=P5-15
Added Net: Name=TS_IN5_15
Added Pin To Net: NetName=TS_IN5_16 Pin=P5-16
Added Pin To Net: NetName=TS_IN5_16 Pin=P5-16
Added Pin To Net: NetName=TS_IN5_16 Pin=P5-16
Added Pin To Net: NetName=TS_IN5_16 Pin=P5-16
Added Net: Name=TS_IN5_16
Added Pin To Net: NetName=TS_IN5_17 Pin=P5-17
Added Pin To Net: NetName=TS_IN5_17 Pin=P5-17
Added Pin To Net: NetName=TS_IN5_17 Pin=P5-17
Added Pin To Net: NetName=TS_IN5_17 Pin=P5-17
Added Net: Name=TS_IN5_17
Added Pin To Net: NetName=TS_IN5_18 Pin=P5-18
Added Pin To Net: NetName=TS_IN5_18 Pin=P5-18
Added Pin To Net: NetName=TS_IN5_18 Pin=P5-18
Added Pin To Net: NetName=TS_IN5_18 Pin=P5-18
Added Net: Name=TS_IN5_18
Added Pin To Net: NetName=TS_IN5_19 Pin=P5-19
Added Pin To Net: NetName=TS_IN5_19 Pin=P5-19
Added Pin To Net: NetName=TS_IN5_19 Pin=P5-19
Added Pin To Net: NetName=TS_IN5_19 Pin=P5-19
Added Net: Name=TS_IN5_19
Added Pin To Net: NetName=TS_IN5_20 Pin=P5-20
Added Pin To Net: NetName=TS_IN5_20 Pin=P5-20
Added Pin To Net: NetName=TS_IN5_20 Pin=P5-20
Added Pin To Net: NetName=TS_IN5_20 Pin=P5-20
Added Net: Name=TS_IN5_20
Added Pin To Net: NetName=TS_IN5_21 Pin=P5-21
Added Net: Name=TS_IN5_21
Added Pin To Net: NetName=TS_IN5_22 Pin=P5-22
Added Net: Name=TS_IN5_22
Added Pin To Net: NetName=TS_IN5_23 Pin=P5-23
Added Net: Name=TS_IN5_23
Added Pin To Net: NetName=TS_IN5_24 Pin=P5-24
Added Net: Name=TS_IN5_24
Added Pin To Net: NetName=TS_IN5_25 Pin=P5-25
Added Net: Name=TS_IN5_25
Added Pin To Net: NetName=TS_IN5_26 Pin=P5-26
Added Net: Name=TS_IN5_26
Added Pin To Net: NetName=TS_IN5_27 Pin=P5-27
Added Net: Name=TS_IN5_27
Added Pin To Net: NetName=TS_IN5_28 Pin=P5-28
Added Net: Name=TS_IN5_28
Added Pin To Net: NetName=TS_IN5_29 Pin=P5-29
Added Net: Name=TS_IN5_29
Added Pin To Net: NetName=TS_IN5_30 Pin=P5-30
Added Net: Name=TS_IN5_30
Added Pin To Net: NetName=TS_IN5_31 Pin=P5-31
Added Net: Name=TS_IN5_31
Added Pin To Net: NetName=TS_IN5_32 Pin=P5-32
Added Net: Name=TS_IN5_32
Added Pin To Net: NetName=TS_IN5_33 Pin=P5-33
Added Net: Name=TS_IN5_33
Added Pin To Net: NetName=TS_IN5_34 Pin=P5-34
Added Net: Name=TS_IN5_34
Added Pin To Net: NetName=TS_IN5_35 Pin=P5-35
Added Net: Name=TS_IN5_35
Added Pin To Net: NetName=TS_IN5_36 Pin=P5-36
Added Pin To Net: NetName=TS_IN5_36 Pin=P5-36
Added Net: Name=TS_IN5_36
Added Pin To Net: NetName=TS_IN5_37 Pin=P5-37
Added Pin To Net: NetName=TS_IN5_37 Pin=P5-37
Added Net: Name=TS_IN5_37
Added Pin To Net: NetName=TS_IN5_38 Pin=P5-38
Added Pin To Net: NetName=TS_IN5_38 Pin=P5-38
Added Net: Name=TS_IN5_38
Added Pin To Net: NetName=TS_IN5_39 Pin=P5-39
Added Pin To Net: NetName=TS_IN5_39 Pin=P5-39
Added Net: Name=TS_IN5_39
Added Pin To Net: NetName=TS_IN5_40 Pin=P5-40
Added Pin To Net: NetName=TS_IN5_40 Pin=P5-40
Added Net: Name=TS_IN5_40
Added Pin To Net: NetName=TS_IN5_41 Pin=P5-41
Added Net: Name=TS_IN5_41
Added Pin To Net: NetName=TS_IN5_42 Pin=P5-42
Added Net: Name=TS_IN5_42
Added Pin To Net: NetName=TS_IN5_43 Pin=P5-43
Added Net: Name=TS_IN5_43
Added Pin To Net: NetName=TS_IN5_44 Pin=P5-44
Added Net: Name=TS_IN5_44
Added Pin To Net: NetName=TS_IN5_45 Pin=P5-45
Added Net: Name=TS_IN5_45
Added Pin To Net: NetName=TS_IN5_46 Pin=P5-46
Added Net: Name=TS_IN5_46
Added Pin To Net: NetName=TS_IN5_47 Pin=P5-47
Added Net: Name=TS_IN5_47
Added Pin To Net: NetName=TS_IN5_48 Pin=P5-48
Added Net: Name=TS_IN5_48
Added Class: Name=MUX_CON_3
Added Class: Name=U_AHK50H-ND_THERM_CONNECTOR
Added Class: Name=U_CD74HC4067_MUX_1
Added Class: Name=U_CD74HC4067_MUX_2
Added Class: Name=U_CD74HC4067_MUX_4
Added Class: Name=U_CD74HC4067_MUX_5
Added Room: Name=MUX_CON_3
Added Room: Name=U_AHK50H-ND_THERM_CONNECTOR
Added Room: Name=U_CD74HC4067_MUX_1
Added Room: Name=U_CD74HC4067_MUX_2
Added Room: Name=U_CD74HC4067_MUX_4
Added Room: Name=U_CD74HC4067_MUX_5
