Removed Pin From Net: NetName=5V Pin=R1-1
Removed Pin From Net: NetName=5V Pin=R2-1
Removed Pin From Net: NetName=5V Pin=R3-1
Removed Pin From Net: NetName=5V Pin=U1-24
Removed Pin From Net: NetName=5V Pin=U2-24
Removed Pin From Net: NetName=5V Pin=U3-24
Added Component: Designator=C1-1(Capacitor - duplicate)
Add component. Clean all parameters for all variants
Add component (AddParameter): Name = "Supplier 1"; Value = "Digi-Key"; VariantName = "[No Variations]"
Add component (AddParameter): Name = "Supplier Part Number 1"; Value = "399-14477-1-ND"; VariantName = "[No Variations]"
Added Component: Designator=C1-2(Capacitor - duplicate)
Add component. Clean all parameters for all variants
Add component (AddParameter): Name = "Supplier 1"; Value = "Digi-Key"; VariantName = "[No Variations]"
Add component (AddParameter): Name = "Supplier Part Number 1"; Value = "399-14477-1-ND"; VariantName = "[No Variations]"
Added Component: Designator=C1-3(Capacitor - duplicate)
Add component. Clean all parameters for all variants
Add component (AddParameter): Name = "Supplier 1"; Value = "Digi-Key"; VariantName = "[No Variations]"
Add component (AddParameter): Name = "Supplier Part Number 1"; Value = "399-14477-1-ND"; VariantName = "[No Variations]"
Added Component: Designator=C1-4(Capacitor - duplicate)
Add component. Clean all parameters for all variants
Add component (AddParameter): Name = "Supplier 1"; Value = "Digi-Key"; VariantName = "[No Variations]"
Add component (AddParameter): Name = "Supplier Part Number 1"; Value = "399-14477-1-ND"; VariantName = "[No Variations]"
Added Component: Designator=C1-5(Capacitor - duplicate)
Add component. Clean all parameters for all variants
Add component (AddParameter): Name = "Supplier 1"; Value = "Digi-Key"; VariantName = "[No Variations]"
Add component (AddParameter): Name = "Supplier Part Number 1"; Value = "399-14477-1-ND"; VariantName = "[No Variations]"
Added Component: Designator=C2-1(Capacitor)
Add component. Clean all parameters for all variants
Add component (AddParameter): Name = "Supplier 1"; Value = "Digi-Key"; VariantName = "[No Variations]"
Add component (AddParameter): Name = "Supplier Part Number 1"; Value = "1276-1946-1-ND"; VariantName = "[No Variations]"
Added Component: Designator=C2-2(Capacitor)
Add component. Clean all parameters for all variants
Add component (AddParameter): Name = "Supplier 1"; Value = "Digi-Key"; VariantName = "[No Variations]"
Add component (AddParameter): Name = "Supplier Part Number 1"; Value = "1276-1946-1-ND"; VariantName = "[No Variations]"
Added Component: Designator=C2-3(Capacitor)
Add component. Clean all parameters for all variants
Add component (AddParameter): Name = "Supplier 1"; Value = "Digi-Key"; VariantName = "[No Variations]"
Add component (AddParameter): Name = "Supplier Part Number 1"; Value = "1276-1946-1-ND"; VariantName = "[No Variations]"
Added Component: Designator=C2-4(Capacitor)
Add component. Clean all parameters for all variants
Add component (AddParameter): Name = "Supplier 1"; Value = "Digi-Key"; VariantName = "[No Variations]"
Add component (AddParameter): Name = "Supplier Part Number 1"; Value = "1276-1946-1-ND"; VariantName = "[No Variations]"
Added Component: Designator=C2-5(Capacitor)
Add component. Clean all parameters for all variants
Add component (AddParameter): Name = "Supplier 1"; Value = "Digi-Key"; VariantName = "[No Variations]"
Add component (AddParameter): Name = "Supplier Part Number 1"; Value = "1276-1946-1-ND"; VariantName = "[No Variations]"
Added Component: Designator=C3-1(Capacitor - duplicate)
Add component. Clean all parameters for all variants
Add component (AddParameter): Name = "Supplier 1"; Value = "Digi-Key"; VariantName = "[No Variations]"
Add component (AddParameter): Name = "Supplier Part Number 1"; Value = "399-14477-1-ND"; VariantName = "[No Variations]"
Added Component: Designator=C3-2(Capacitor - duplicate)
Add component. Clean all parameters for all variants
Add component (AddParameter): Name = "Supplier 1"; Value = "Digi-Key"; VariantName = "[No Variations]"
Add component (AddParameter): Name = "Supplier Part Number 1"; Value = "399-14477-1-ND"; VariantName = "[No Variations]"
Added Component: Designator=C3-3(Capacitor - duplicate)
Add component. Clean all parameters for all variants
Add component (AddParameter): Name = "Supplier 1"; Value = "Digi-Key"; VariantName = "[No Variations]"
Add component (AddParameter): Name = "Supplier Part Number 1"; Value = "399-14477-1-ND"; VariantName = "[No Variations]"
Added Component: Designator=C3-4(Capacitor - duplicate)
Add component. Clean all parameters for all variants
Add component (AddParameter): Name = "Supplier 1"; Value = "Digi-Key"; VariantName = "[No Variations]"
Add component (AddParameter): Name = "Supplier Part Number 1"; Value = "399-14477-1-ND"; VariantName = "[No Variations]"
Added Component: Designator=C3-5(Capacitor - duplicate)
Add component. Clean all parameters for all variants
Add component (AddParameter): Name = "Supplier 1"; Value = "Digi-Key"; VariantName = "[No Variations]"
Add component (AddParameter): Name = "Supplier Part Number 1"; Value = "399-14477-1-ND"; VariantName = "[No Variations]"
Added Component: Designator=C4-1(Capacitor)
Add component. Clean all parameters for all variants
Add component (AddParameter): Name = "Supplier 1"; Value = "Digi-Key"; VariantName = "[No Variations]"
Add component (AddParameter): Name = "Supplier Part Number 1"; Value = "1276-1946-1-ND"; VariantName = "[No Variations]"
Added Component: Designator=C4-2(Capacitor)
Add component. Clean all parameters for all variants
Add component (AddParameter): Name = "Supplier 1"; Value = "Digi-Key"; VariantName = "[No Variations]"
Add component (AddParameter): Name = "Supplier Part Number 1"; Value = "1276-1946-1-ND"; VariantName = "[No Variations]"
Added Component: Designator=C4-3(Capacitor)
Add component. Clean all parameters for all variants
Add component (AddParameter): Name = "Supplier 1"; Value = "Digi-Key"; VariantName = "[No Variations]"
Add component (AddParameter): Name = "Supplier Part Number 1"; Value = "1276-1946-1-ND"; VariantName = "[No Variations]"
Added Component: Designator=C4-4(Capacitor)
Add component. Clean all parameters for all variants
Add component (AddParameter): Name = "Supplier 1"; Value = "Digi-Key"; VariantName = "[No Variations]"
Add component (AddParameter): Name = "Supplier Part Number 1"; Value = "1276-1946-1-ND"; VariantName = "[No Variations]"
Added Component: Designator=C4-5(Capacitor)
Add component. Clean all parameters for all variants
Add component (AddParameter): Name = "Supplier 1"; Value = "Digi-Key"; VariantName = "[No Variations]"
Add component (AddParameter): Name = "Supplier Part Number 1"; Value = "1276-1946-1-ND"; VariantName = "[No Variations]"
Added Component: Designator=C5-1(Capacitor - duplicate)
Add component. Clean all parameters for all variants
Add component (AddParameter): Name = "Supplier 1"; Value = "Digi-Key"; VariantName = "[No Variations]"
Add component (AddParameter): Name = "Supplier Part Number 1"; Value = "399-14477-1-ND"; VariantName = "[No Variations]"
Added Component: Designator=C5-2(Capacitor - duplicate)
Add component. Clean all parameters for all variants
Add component (AddParameter): Name = "Supplier 1"; Value = "Digi-Key"; VariantName = "[No Variations]"
Add component (AddParameter): Name = "Supplier Part Number 1"; Value = "399-14477-1-ND"; VariantName = "[No Variations]"
Added Component: Designator=C5-3(Capacitor - duplicate)
Add component. Clean all parameters for all variants
Add component (AddParameter): Name = "Supplier 1"; Value = "Digi-Key"; VariantName = "[No Variations]"
Add component (AddParameter): Name = "Supplier Part Number 1"; Value = "399-14477-1-ND"; VariantName = "[No Variations]"
Added Component: Designator=C5-4(Capacitor - duplicate)
Add component. Clean all parameters for all variants
Add component (AddParameter): Name = "Supplier 1"; Value = "Digi-Key"; VariantName = "[No Variations]"
Add component (AddParameter): Name = "Supplier Part Number 1"; Value = "399-14477-1-ND"; VariantName = "[No Variations]"
Added Component: Designator=C5-5(Capacitor - duplicate)
Add component. Clean all parameters for all variants
Add component (AddParameter): Name = "Supplier 1"; Value = "Digi-Key"; VariantName = "[No Variations]"
Add component (AddParameter): Name = "Supplier Part Number 1"; Value = "399-14477-1-ND"; VariantName = "[No Variations]"
Added Component: Designator=C6-1(Capacitor)
Add component. Clean all parameters for all variants
Add component (AddParameter): Name = "Supplier 1"; Value = "Digi-Key"; VariantName = "[No Variations]"
Add component (AddParameter): Name = "Supplier Part Number 1"; Value = "1276-1946-1-ND"; VariantName = "[No Variations]"
Added Component: Designator=C6-2(Capacitor)
Add component. Clean all parameters for all variants
Add component (AddParameter): Name = "Supplier 1"; Value = "Digi-Key"; VariantName = "[No Variations]"
Add component (AddParameter): Name = "Supplier Part Number 1"; Value = "1276-1946-1-ND"; VariantName = "[No Variations]"
Added Component: Designator=C6-3(Capacitor)
Add component. Clean all parameters for all variants
Add component (AddParameter): Name = "Supplier 1"; Value = "Digi-Key"; VariantName = "[No Variations]"
Add component (AddParameter): Name = "Supplier Part Number 1"; Value = "1276-1946-1-ND"; VariantName = "[No Variations]"
Added Component: Designator=C6-4(Capacitor)
Add component. Clean all parameters for all variants
Add component (AddParameter): Name = "Supplier 1"; Value = "Digi-Key"; VariantName = "[No Variations]"
Add component (AddParameter): Name = "Supplier Part Number 1"; Value = "1276-1946-1-ND"; VariantName = "[No Variations]"
Added Component: Designator=C6-5(Capacitor)
Add component. Clean all parameters for all variants
Add component (AddParameter): Name = "Supplier 1"; Value = "Digi-Key"; VariantName = "[No Variations]"
Add component (AddParameter): Name = "Supplier Part Number 1"; Value = "1276-1946-1-ND"; VariantName = "[No Variations]"
Added Component: Designator=R1-1(J1-0603)
Add component. Clean all parameters for all variants
Add component (AddParameter): Name = "LatestRevisionDate"; Value = "29-May-2009"; VariantName = "[No Variations]"
Add component (AddParameter): Name = "LatestRevisionNote"; Value = "IPC-7351 Footprint Added."; VariantName = "[No Variations]"
Add component (AddParameter): Name = "PackageDescription"; Value = "Chip Resistor"; VariantName = "[No Variations]"
Add component (AddParameter): Name = "PackageReference"; Value = "J1-0603"; VariantName = "[No Variations]"
Add component (AddParameter): Name = "Published"; Value = "8-Jun-2000"; VariantName = "[No Variations]"
Add component (AddParameter): Name = "Publisher"; Value = "Altium Limited"; VariantName = "[No Variations]"
Add component (AddParameter): Name = "Value"; Value = "3.3K"; VariantName = "[No Variations]"
Added Component: Designator=R1-2(J1-0603)
Add component. Clean all parameters for all variants
Add component (AddParameter): Name = "LatestRevisionDate"; Value = "29-May-2009"; VariantName = "[No Variations]"
Add component (AddParameter): Name = "LatestRevisionNote"; Value = "IPC-7351 Footprint Added."; VariantName = "[No Variations]"
Add component (AddParameter): Name = "PackageDescription"; Value = "Chip Resistor"; VariantName = "[No Variations]"
Add component (AddParameter): Name = "PackageReference"; Value = "J1-0603"; VariantName = "[No Variations]"
Add component (AddParameter): Name = "Published"; Value = "8-Jun-2000"; VariantName = "[No Variations]"
Add component (AddParameter): Name = "Publisher"; Value = "Altium Limited"; VariantName = "[No Variations]"
Add component (AddParameter): Name = "Value"; Value = "3.3K"; VariantName = "[No Variations]"
Added Component: Designator=R1-3(J1-0603)
Add component. Clean all parameters for all variants
Add component (AddParameter): Name = "LatestRevisionDate"; Value = "29-May-2009"; VariantName = "[No Variations]"
Add component (AddParameter): Name = "LatestRevisionNote"; Value = "IPC-7351 Footprint Added."; VariantName = "[No Variations]"
Add component (AddParameter): Name = "PackageDescription"; Value = "Chip Resistor"; VariantName = "[No Variations]"
Add component (AddParameter): Name = "PackageReference"; Value = "J1-0603"; VariantName = "[No Variations]"
Add component (AddParameter): Name = "Published"; Value = "8-Jun-2000"; VariantName = "[No Variations]"
Add component (AddParameter): Name = "Publisher"; Value = "Altium Limited"; VariantName = "[No Variations]"
Add component (AddParameter): Name = "Value"; Value = "3.3K"; VariantName = "[No Variations]"
Added Component: Designator=R1-4(J1-0603)
Add component. Clean all parameters for all variants
Add component (AddParameter): Name = "LatestRevisionDate"; Value = "29-May-2009"; VariantName = "[No Variations]"
Add component (AddParameter): Name = "LatestRevisionNote"; Value = "IPC-7351 Footprint Added."; VariantName = "[No Variations]"
Add component (AddParameter): Name = "PackageDescription"; Value = "Chip Resistor"; VariantName = "[No Variations]"
Add component (AddParameter): Name = "PackageReference"; Value = "J1-0603"; VariantName = "[No Variations]"
Add component (AddParameter): Name = "Published"; Value = "8-Jun-2000"; VariantName = "[No Variations]"
Add component (AddParameter): Name = "Publisher"; Value = "Altium Limited"; VariantName = "[No Variations]"
Add component (AddParameter): Name = "Value"; Value = "3.3K"; VariantName = "[No Variations]"
Added Component: Designator=R1-5(J1-0603)
Add component. Clean all parameters for all variants
Add component (AddParameter): Name = "LatestRevisionDate"; Value = "29-May-2009"; VariantName = "[No Variations]"
Add component (AddParameter): Name = "LatestRevisionNote"; Value = "IPC-7351 Footprint Added."; VariantName = "[No Variations]"
Add component (AddParameter): Name = "PackageDescription"; Value = "Chip Resistor"; VariantName = "[No Variations]"
Add component (AddParameter): Name = "PackageReference"; Value = "J1-0603"; VariantName = "[No Variations]"
Add component (AddParameter): Name = "Published"; Value = "8-Jun-2000"; VariantName = "[No Variations]"
Add component (AddParameter): Name = "Publisher"; Value = "Altium Limited"; VariantName = "[No Variations]"
Add component (AddParameter): Name = "Value"; Value = "3.3K"; VariantName = "[No Variations]"
Added Component: Designator=R2-1(J1-0603)
Add component. Clean all parameters for all variants
Add component (AddParameter): Name = "LatestRevisionDate"; Value = "29-May-2009"; VariantName = "[No Variations]"
Add component (AddParameter): Name = "LatestRevisionNote"; Value = "IPC-7351 Footprint Added."; VariantName = "[No Variations]"
Add component (AddParameter): Name = "PackageDescription"; Value = "Chip Resistor"; VariantName = "[No Variations]"
Add component (AddParameter): Name = "PackageReference"; Value = "J1-0603"; VariantName = "[No Variations]"
Add component (AddParameter): Name = "Published"; Value = "8-Jun-2000"; VariantName = "[No Variations]"
Add component (AddParameter): Name = "Publisher"; Value = "Altium Limited"; VariantName = "[No Variations]"
Add component (AddParameter): Name = "Value"; Value = "3.3K"; VariantName = "[No Variations]"
Added Component: Designator=R2-2(J1-0603)
Add component. Clean all parameters for all variants
Add component (AddParameter): Name = "LatestRevisionDate"; Value = "29-May-2009"; VariantName = "[No Variations]"
Add component (AddParameter): Name = "LatestRevisionNote"; Value = "IPC-7351 Footprint Added."; VariantName = "[No Variations]"
Add component (AddParameter): Name = "PackageDescription"; Value = "Chip Resistor"; VariantName = "[No Variations]"
Add component (AddParameter): Name = "PackageReference"; Value = "J1-0603"; VariantName = "[No Variations]"
Add component (AddParameter): Name = "Published"; Value = "8-Jun-2000"; VariantName = "[No Variations]"
Add component (AddParameter): Name = "Publisher"; Value = "Altium Limited"; VariantName = "[No Variations]"
Add component (AddParameter): Name = "Value"; Value = "3.3K"; VariantName = "[No Variations]"
Added Component: Designator=R2-3(J1-0603)
Add component. Clean all parameters for all variants
Add component (AddParameter): Name = "LatestRevisionDate"; Value = "29-May-2009"; VariantName = "[No Variations]"
Add component (AddParameter): Name = "LatestRevisionNote"; Value = "IPC-7351 Footprint Added."; VariantName = "[No Variations]"
Add component (AddParameter): Name = "PackageDescription"; Value = "Chip Resistor"; VariantName = "[No Variations]"
Add component (AddParameter): Name = "PackageReference"; Value = "J1-0603"; VariantName = "[No Variations]"
Add component (AddParameter): Name = "Published"; Value = "8-Jun-2000"; VariantName = "[No Variations]"
Add component (AddParameter): Name = "Publisher"; Value = "Altium Limited"; VariantName = "[No Variations]"
Add component (AddParameter): Name = "Value"; Value = "3.3K"; VariantName = "[No Variations]"
Added Component: Designator=R2-4(J1-0603)
Add component. Clean all parameters for all variants
Add component (AddParameter): Name = "LatestRevisionDate"; Value = "29-May-2009"; VariantName = "[No Variations]"
Add component (AddParameter): Name = "LatestRevisionNote"; Value = "IPC-7351 Footprint Added."; VariantName = "[No Variations]"
Add component (AddParameter): Name = "PackageDescription"; Value = "Chip Resistor"; VariantName = "[No Variations]"
Add component (AddParameter): Name = "PackageReference"; Value = "J1-0603"; VariantName = "[No Variations]"
Add component (AddParameter): Name = "Published"; Value = "8-Jun-2000"; VariantName = "[No Variations]"
Add component (AddParameter): Name = "Publisher"; Value = "Altium Limited"; VariantName = "[No Variations]"
Add component (AddParameter): Name = "Value"; Value = "3.3K"; VariantName = "[No Variations]"
Added Component: Designator=R2-5(J1-0603)
Add component. Clean all parameters for all variants
Add component (AddParameter): Name = "LatestRevisionDate"; Value = "29-May-2009"; VariantName = "[No Variations]"
Add component (AddParameter): Name = "LatestRevisionNote"; Value = "IPC-7351 Footprint Added."; VariantName = "[No Variations]"
Add component (AddParameter): Name = "PackageDescription"; Value = "Chip Resistor"; VariantName = "[No Variations]"
Add component (AddParameter): Name = "PackageReference"; Value = "J1-0603"; VariantName = "[No Variations]"
Add component (AddParameter): Name = "Published"; Value = "8-Jun-2000"; VariantName = "[No Variations]"
Add component (AddParameter): Name = "Publisher"; Value = "Altium Limited"; VariantName = "[No Variations]"
Add component (AddParameter): Name = "Value"; Value = "3.3K"; VariantName = "[No Variations]"
Added Component: Designator=R3-1(J1-0603)
Add component. Clean all parameters for all variants
Add component (AddParameter): Name = "LatestRevisionDate"; Value = "29-May-2009"; VariantName = "[No Variations]"
Add component (AddParameter): Name = "LatestRevisionNote"; Value = "IPC-7351 Footprint Added."; VariantName = "[No Variations]"
Add component (AddParameter): Name = "PackageDescription"; Value = "Chip Resistor"; VariantName = "[No Variations]"
Add component (AddParameter): Name = "PackageReference"; Value = "J1-0603"; VariantName = "[No Variations]"
Add component (AddParameter): Name = "Published"; Value = "8-Jun-2000"; VariantName = "[No Variations]"
Add component (AddParameter): Name = "Publisher"; Value = "Altium Limited"; VariantName = "[No Variations]"
Add component (AddParameter): Name = "Value"; Value = "3.3K"; VariantName = "[No Variations]"
Added Component: Designator=R3-2(J1-0603)
Add component. Clean all parameters for all variants
Add component (AddParameter): Name = "LatestRevisionDate"; Value = "29-May-2009"; VariantName = "[No Variations]"
Add component (AddParameter): Name = "LatestRevisionNote"; Value = "IPC-7351 Footprint Added."; VariantName = "[No Variations]"
Add component (AddParameter): Name = "PackageDescription"; Value = "Chip Resistor"; VariantName = "[No Variations]"
Add component (AddParameter): Name = "PackageReference"; Value = "J1-0603"; VariantName = "[No Variations]"
Add component (AddParameter): Name = "Published"; Value = "8-Jun-2000"; VariantName = "[No Variations]"
Add component (AddParameter): Name = "Publisher"; Value = "Altium Limited"; VariantName = "[No Variations]"
Add component (AddParameter): Name = "Value"; Value = "3.3K"; VariantName = "[No Variations]"
Added Component: Designator=R3-3(J1-0603)
Add component. Clean all parameters for all variants
Add component (AddParameter): Name = "LatestRevisionDate"; Value = "29-May-2009"; VariantName = "[No Variations]"
Add component (AddParameter): Name = "LatestRevisionNote"; Value = "IPC-7351 Footprint Added."; VariantName = "[No Variations]"
Add component (AddParameter): Name = "PackageDescription"; Value = "Chip Resistor"; VariantName = "[No Variations]"
Add component (AddParameter): Name = "PackageReference"; Value = "J1-0603"; VariantName = "[No Variations]"
Add component (AddParameter): Name = "Published"; Value = "8-Jun-2000"; VariantName = "[No Variations]"
Add component (AddParameter): Name = "Publisher"; Value = "Altium Limited"; VariantName = "[No Variations]"
Add component (AddParameter): Name = "Value"; Value = "3.3K"; VariantName = "[No Variations]"
Added Component: Designator=R3-4(J1-0603)
Add component. Clean all parameters for all variants
Add component (AddParameter): Name = "LatestRevisionDate"; Value = "29-May-2009"; VariantName = "[No Variations]"
Add component (AddParameter): Name = "LatestRevisionNote"; Value = "IPC-7351 Footprint Added."; VariantName = "[No Variations]"
Add component (AddParameter): Name = "PackageDescription"; Value = "Chip Resistor"; VariantName = "[No Variations]"
Add component (AddParameter): Name = "PackageReference"; Value = "J1-0603"; VariantName = "[No Variations]"
Add component (AddParameter): Name = "Published"; Value = "8-Jun-2000"; VariantName = "[No Variations]"
Add component (AddParameter): Name = "Publisher"; Value = "Altium Limited"; VariantName = "[No Variations]"
Add component (AddParameter): Name = "Value"; Value = "3.3K"; VariantName = "[No Variations]"
Added Component: Designator=R3-5(J1-0603)
Add component. Clean all parameters for all variants
Add component (AddParameter): Name = "LatestRevisionDate"; Value = "29-May-2009"; VariantName = "[No Variations]"
Add component (AddParameter): Name = "LatestRevisionNote"; Value = "IPC-7351 Footprint Added."; VariantName = "[No Variations]"
Add component (AddParameter): Name = "PackageDescription"; Value = "Chip Resistor"; VariantName = "[No Variations]"
Add component (AddParameter): Name = "PackageReference"; Value = "J1-0603"; VariantName = "[No Variations]"
Add component (AddParameter): Name = "Published"; Value = "8-Jun-2000"; VariantName = "[No Variations]"
Add component (AddParameter): Name = "Publisher"; Value = "Altium Limited"; VariantName = "[No Variations]"
Add component (AddParameter): Name = "Value"; Value = "3.3K"; VariantName = "[No Variations]"
Added Component: Designator=U1-1(SOIC-24_MUX)
Add component. Clean all parameters for all variants
Add component (AddParameter): Name = "Supplier 1"; Value = "Newark"; VariantName = "[No Variations]"
Add component (AddParameter): Name = "Supplier Part Number 1"; Value = "05B6161"; VariantName = "[No Variations]"
Added Component: Designator=U1-2(SOIC-24_MUX)
Add component. Clean all parameters for all variants
Add component (AddParameter): Name = "Supplier 1"; Value = "Newark"; VariantName = "[No Variations]"
Add component (AddParameter): Name = "Supplier Part Number 1"; Value = "05B6161"; VariantName = "[No Variations]"
Added Component: Designator=U1-3(SOIC-24_MUX)
Add component. Clean all parameters for all variants
Add component (AddParameter): Name = "Supplier 1"; Value = "Newark"; VariantName = "[No Variations]"
Add component (AddParameter): Name = "Supplier Part Number 1"; Value = "05B6161"; VariantName = "[No Variations]"
Added Component: Designator=U1-4(SOIC-24_MUX)
Add component. Clean all parameters for all variants
Add component (AddParameter): Name = "Supplier 1"; Value = "Newark"; VariantName = "[No Variations]"
Add component (AddParameter): Name = "Supplier Part Number 1"; Value = "05B6161"; VariantName = "[No Variations]"
Added Component: Designator=U1-5(SOIC-24_MUX)
Add component. Clean all parameters for all variants
Add component (AddParameter): Name = "Supplier 1"; Value = "Newark"; VariantName = "[No Variations]"
Add component (AddParameter): Name = "Supplier Part Number 1"; Value = "05B6161"; VariantName = "[No Variations]"
Added Component: Designator=U2-1(SOIC-24_MUX)
Add component. Clean all parameters for all variants
Add component (AddParameter): Name = "Supplier 1"; Value = "Newark"; VariantName = "[No Variations]"
Add component (AddParameter): Name = "Supplier Part Number 1"; Value = "05B6161"; VariantName = "[No Variations]"
Added Component: Designator=U2-2(SOIC-24_MUX)
Add component. Clean all parameters for all variants
Add component (AddParameter): Name = "Supplier 1"; Value = "Newark"; VariantName = "[No Variations]"
Add component (AddParameter): Name = "Supplier Part Number 1"; Value = "05B6161"; VariantName = "[No Variations]"
Added Component: Designator=U2-3(SOIC-24_MUX)
Add component. Clean all parameters for all variants
Add component (AddParameter): Name = "Supplier 1"; Value = "Newark"; VariantName = "[No Variations]"
Add component (AddParameter): Name = "Supplier Part Number 1"; Value = "05B6161"; VariantName = "[No Variations]"
Added Component: Designator=U2-4(SOIC-24_MUX)
Add component. Clean all parameters for all variants
Add component (AddParameter): Name = "Supplier 1"; Value = "Newark"; VariantName = "[No Variations]"
Add component (AddParameter): Name = "Supplier Part Number 1"; Value = "05B6161"; VariantName = "[No Variations]"
Added Component: Designator=U2-5(SOIC-24_MUX)
Add component. Clean all parameters for all variants
Add component (AddParameter): Name = "Supplier 1"; Value = "Newark"; VariantName = "[No Variations]"
Add component (AddParameter): Name = "Supplier Part Number 1"; Value = "05B6161"; VariantName = "[No Variations]"
Added Component: Designator=U3-1(SOIC-24_MUX)
Add component. Clean all parameters for all variants
Add component (AddParameter): Name = "Supplier 1"; Value = "Newark"; VariantName = "[No Variations]"
Add component (AddParameter): Name = "Supplier Part Number 1"; Value = "05B6161"; VariantName = "[No Variations]"
Added Component: Designator=U3-2(SOIC-24_MUX)
Add component. Clean all parameters for all variants
Add component (AddParameter): Name = "Supplier 1"; Value = "Newark"; VariantName = "[No Variations]"
Add component (AddParameter): Name = "Supplier Part Number 1"; Value = "05B6161"; VariantName = "[No Variations]"
Added Component: Designator=U3-3(SOIC-24_MUX)
Add component. Clean all parameters for all variants
Add component (AddParameter): Name = "Supplier 1"; Value = "Newark"; VariantName = "[No Variations]"
Add component (AddParameter): Name = "Supplier Part Number 1"; Value = "05B6161"; VariantName = "[No Variations]"
Added Component: Designator=U3-4(SOIC-24_MUX)
Add component. Clean all parameters for all variants
Add component (AddParameter): Name = "Supplier 1"; Value = "Newark"; VariantName = "[No Variations]"
Add component (AddParameter): Name = "Supplier Part Number 1"; Value = "05B6161"; VariantName = "[No Variations]"
Added Component: Designator=U3-5(SOIC-24_MUX)
Add component. Clean all parameters for all variants
Add component (AddParameter): Name = "Supplier 1"; Value = "Newark"; VariantName = "[No Variations]"
Add component (AddParameter): Name = "Supplier Part Number 1"; Value = "05B6161"; VariantName = "[No Variations]"
Added Pin To Net: NetName=5V Pin=C1-1-1
Added Pin To Net: NetName=5V Pin=C1-2-1
Added Pin To Net: NetName=5V Pin=C1-3-1
Added Pin To Net: NetName=5V Pin=C1-4-1
Added Pin To Net: NetName=5V Pin=C1-5-1
Added Pin To Net: NetName=5V Pin=C2-1-1
Added Pin To Net: NetName=5V Pin=C2-2-1
Added Pin To Net: NetName=5V Pin=C2-3-1
Added Pin To Net: NetName=5V Pin=C2-4-1
Added Pin To Net: NetName=5V Pin=C2-5-1
Added Pin To Net: NetName=5V Pin=C3-1-1
Added Pin To Net: NetName=5V Pin=C3-2-1
Added Pin To Net: NetName=5V Pin=C3-3-1
Added Pin To Net: NetName=5V Pin=C3-4-1
Added Pin To Net: NetName=5V Pin=C3-5-1
Added Pin To Net: NetName=5V Pin=C4-1-1
Added Pin To Net: NetName=5V Pin=C4-2-1
Added Pin To Net: NetName=5V Pin=C4-3-1
Added Pin To Net: NetName=5V Pin=C4-4-1
Added Pin To Net: NetName=5V Pin=C4-5-1
Added Pin To Net: NetName=5V Pin=C5-1-1
Added Pin To Net: NetName=5V Pin=C5-2-1
Added Pin To Net: NetName=5V Pin=C5-3-1
Added Pin To Net: NetName=5V Pin=C5-4-1
Added Pin To Net: NetName=5V Pin=C5-5-1
Added Pin To Net: NetName=5V Pin=C6-1-1
Added Pin To Net: NetName=5V Pin=C6-2-1
Added Pin To Net: NetName=5V Pin=C6-3-1
Added Pin To Net: NetName=5V Pin=C6-4-1
Added Pin To Net: NetName=5V Pin=C6-5-1
Added Pin To Net: NetName=5V Pin=R1-1-1
Added Pin To Net: NetName=5V Pin=R1-2-1
Added Pin To Net: NetName=5V Pin=R1-3-1
Added Pin To Net: NetName=5V Pin=R1-4-1
Added Pin To Net: NetName=5V Pin=R1-5-1
Added Pin To Net: NetName=5V Pin=R2-1-1
Added Pin To Net: NetName=5V Pin=R2-2-1
Added Pin To Net: NetName=5V Pin=R2-3-1
Added Pin To Net: NetName=5V Pin=R2-4-1
Added Pin To Net: NetName=5V Pin=R2-5-1
Added Pin To Net: NetName=5V Pin=R3-1-1
Added Pin To Net: NetName=5V Pin=R3-2-1
Added Pin To Net: NetName=5V Pin=R3-3-1
Added Pin To Net: NetName=5V Pin=R3-4-1
Added Pin To Net: NetName=5V Pin=R3-5-1
Added Pin To Net: NetName=5V Pin=U1-1-24
Added Pin To Net: NetName=5V Pin=U1-2-24
Added Pin To Net: NetName=5V Pin=U1-3-24
Added Pin To Net: NetName=5V Pin=U1-4-24
Added Pin To Net: NetName=5V Pin=U1-5-24
Added Pin To Net: NetName=5V Pin=U2-1-24
Added Pin To Net: NetName=5V Pin=U2-2-24
Added Pin To Net: NetName=5V Pin=U2-3-24
Added Pin To Net: NetName=5V Pin=U2-4-24
Added Pin To Net: NetName=5V Pin=U2-5-24
Added Pin To Net: NetName=5V Pin=U3-1-24
Added Pin To Net: NetName=5V Pin=U3-2-24
Added Pin To Net: NetName=5V Pin=U3-3-24
Added Pin To Net: NetName=5V Pin=U3-4-24
Added Pin To Net: NetName=5V Pin=U3-5-24
Added Pin To Net: NetName=NetR1-1_2 Pin=R1-1-2
Added Pin To Net: NetName=NetR1-1_2 Pin=U1-1-1
Added Net: Name=NetR1-1_2
Added Pin To Net: NetName=NetR1-2_2 Pin=R1-2-2
Added Pin To Net: NetName=NetR1-2_2 Pin=U1-2-1
Added Net: Name=NetR1-2_2
Added Pin To Net: NetName=NetR1-3_2 Pin=R1-3-2
Added Pin To Net: NetName=NetR1-3_2 Pin=U1-3-1
Added Net: Name=NetR1-3_2
Added Pin To Net: NetName=NetR1-4_2 Pin=R1-4-2
Added Pin To Net: NetName=NetR1-4_2 Pin=U1-4-1
Added Net: Name=NetR1-4_2
Added Pin To Net: NetName=NetR1-5_2 Pin=R1-5-2
Added Pin To Net: NetName=NetR1-5_2 Pin=U1-5-1
Added Net: Name=NetR1-5_2
Added Pin To Net: NetName=NetR2-1_2 Pin=R2-1-2
Added Pin To Net: NetName=NetR2-1_2 Pin=U2-1-1
Added Net: Name=NetR2-1_2
Added Pin To Net: NetName=NetR2-2_2 Pin=R2-2-2
Added Pin To Net: NetName=NetR2-2_2 Pin=U2-2-1
Added Net: Name=NetR2-2_2
Added Pin To Net: NetName=NetR2-3_2 Pin=R2-3-2
Added Pin To Net: NetName=NetR2-3_2 Pin=U2-3-1
Added Net: Name=NetR2-3_2
Added Pin To Net: NetName=NetR2-4_2 Pin=R2-4-2
Added Pin To Net: NetName=NetR2-4_2 Pin=U2-4-1
Added Net: Name=NetR2-4_2
Added Pin To Net: NetName=NetR2-5_2 Pin=R2-5-2
Added Pin To Net: NetName=NetR2-5_2 Pin=U2-5-1
Added Net: Name=NetR2-5_2
Added Pin To Net: NetName=NetR3-1_2 Pin=R3-1-2
Added Pin To Net: NetName=NetR3-1_2 Pin=U3-1-1
Added Net: Name=NetR3-1_2
Added Pin To Net: NetName=NetR3-2_2 Pin=R3-2-2
Added Pin To Net: NetName=NetR3-2_2 Pin=U3-2-1
Added Net: Name=NetR3-2_2
Added Pin To Net: NetName=NetR3-3_2 Pin=R3-3-2
Added Pin To Net: NetName=NetR3-3_2 Pin=U3-3-1
Added Net: Name=NetR3-3_2
Added Pin To Net: NetName=NetR3-4_2 Pin=R3-4-2
Added Pin To Net: NetName=NetR3-4_2 Pin=U3-4-1
Added Net: Name=NetR3-4_2
Added Pin To Net: NetName=NetR3-5_2 Pin=R3-5-2
Added Pin To Net: NetName=NetR3-5_2 Pin=U3-5-1
Added Net: Name=NetR3-5_2
Added Pin To Net: NetName=NetU1-1_13 Pin=U1-1-13
Added Pin To Net: NetName=NetU1-1_13 Pin=U1-2-13
Added Pin To Net: NetName=NetU1-1_13 Pin=U1-3-13
Added Pin To Net: NetName=NetU1-1_13 Pin=U1-4-13
Added Pin To Net: NetName=NetU1-1_13 Pin=U1-5-13
Added Net: Name=NetU1-1_13
Added Pin To Net: NetName=S0-1 Pin=U1-1-10
Added Pin To Net: NetName=S0-1 Pin=U1-2-10
Added Pin To Net: NetName=S0-1 Pin=U1-3-10
Added Pin To Net: NetName=S0-1 Pin=U1-4-10
Added Pin To Net: NetName=S0-1 Pin=U1-5-10
Added Pin To Net: NetName=S0-1 Pin=U2-1-10
Added Pin To Net: NetName=S0-1 Pin=U2-2-10
Added Pin To Net: NetName=S0-1 Pin=U2-3-10
Added Pin To Net: NetName=S0-1 Pin=U2-4-10
Added Pin To Net: NetName=S0-1 Pin=U2-5-10
Added Pin To Net: NetName=S0-1 Pin=U3-1-10
Added Pin To Net: NetName=S0-1 Pin=U3-2-10
Added Pin To Net: NetName=S0-1 Pin=U3-3-10
Added Pin To Net: NetName=S0-1 Pin=U3-4-10
Added Pin To Net: NetName=S0-1 Pin=U3-5-10
Added Net: Name=S0-1
Added Pin To Net: NetName=S1-1 Pin=U1-1-11
Added Pin To Net: NetName=S1-1 Pin=U1-2-11
Added Pin To Net: NetName=S1-1 Pin=U1-3-11
Added Pin To Net: NetName=S1-1 Pin=U1-4-11
Added Pin To Net: NetName=S1-1 Pin=U1-5-11
Added Pin To Net: NetName=S1-1 Pin=U2-1-11
Added Pin To Net: NetName=S1-1 Pin=U2-2-11
Added Pin To Net: NetName=S1-1 Pin=U2-3-11
Added Pin To Net: NetName=S1-1 Pin=U2-4-11
Added Pin To Net: NetName=S1-1 Pin=U2-5-11
Added Pin To Net: NetName=S1-1 Pin=U3-1-11
Added Pin To Net: NetName=S1-1 Pin=U3-2-11
Added Pin To Net: NetName=S1-1 Pin=U3-3-11
Added Pin To Net: NetName=S1-1 Pin=U3-4-11
Added Pin To Net: NetName=S1-1 Pin=U3-5-11
Added Net: Name=S1-1
Added Pin To Net: NetName=S2-1 Pin=C1-1-2
Added Pin To Net: NetName=S2-1 Pin=C1-2-2
Added Pin To Net: NetName=S2-1 Pin=C1-3-2
Added Pin To Net: NetName=S2-1 Pin=C1-4-2
Added Pin To Net: NetName=S2-1 Pin=C1-5-2
Added Pin To Net: NetName=S2-1 Pin=C2-1-2
Added Pin To Net: NetName=S2-1 Pin=C2-2-2
Added Pin To Net: NetName=S2-1 Pin=C2-3-2
Added Pin To Net: NetName=S2-1 Pin=C2-4-2
Added Pin To Net: NetName=S2-1 Pin=C2-5-2
Added Pin To Net: NetName=S2-1 Pin=C3-1-2
Added Pin To Net: NetName=S2-1 Pin=C3-2-2
Added Pin To Net: NetName=S2-1 Pin=C3-3-2
Added Pin To Net: NetName=S2-1 Pin=C3-4-2
Added Pin To Net: NetName=S2-1 Pin=C3-5-2
Added Pin To Net: NetName=S2-1 Pin=C4-1-2
Added Pin To Net: NetName=S2-1 Pin=C4-2-2
Added Pin To Net: NetName=S2-1 Pin=C4-3-2
Added Pin To Net: NetName=S2-1 Pin=C4-4-2
Added Pin To Net: NetName=S2-1 Pin=C4-5-2
Added Pin To Net: NetName=S2-1 Pin=C5-1-2
Added Pin To Net: NetName=S2-1 Pin=C5-2-2
Added Pin To Net: NetName=S2-1 Pin=C5-3-2
Added Pin To Net: NetName=S2-1 Pin=C5-4-2
Added Pin To Net: NetName=S2-1 Pin=C5-5-2
Added Pin To Net: NetName=S2-1 Pin=C6-1-2
Added Pin To Net: NetName=S2-1 Pin=C6-2-2
Added Pin To Net: NetName=S2-1 Pin=C6-3-2
Added Pin To Net: NetName=S2-1 Pin=C6-4-2
Added Pin To Net: NetName=S2-1 Pin=C6-5-2
Added Pin To Net: NetName=S2-1 Pin=U1-1-12
Added Pin To Net: NetName=S2-1 Pin=U1-1-15
Added Pin To Net: NetName=S2-1 Pin=U1-2-12
Added Pin To Net: NetName=S2-1 Pin=U1-2-15
Added Pin To Net: NetName=S2-1 Pin=U1-3-12
Added Pin To Net: NetName=S2-1 Pin=U1-3-15
Added Pin To Net: NetName=S2-1 Pin=U1-4-12
Added Pin To Net: NetName=S2-1 Pin=U1-4-15
Added Pin To Net: NetName=S2-1 Pin=U1-5-12
Added Pin To Net: NetName=S2-1 Pin=U1-5-15
Added Pin To Net: NetName=S2-1 Pin=U2-1-12
Added Pin To Net: NetName=S2-1 Pin=U2-1-14
Added Pin To Net: NetName=S2-1 Pin=U2-1-15
Added Pin To Net: NetName=S2-1 Pin=U2-2-12
Added Pin To Net: NetName=S2-1 Pin=U2-2-14
Added Pin To Net: NetName=S2-1 Pin=U2-2-15
Added Pin To Net: NetName=S2-1 Pin=U2-3-12
Added Pin To Net: NetName=S2-1 Pin=U2-3-14
Added Pin To Net: NetName=S2-1 Pin=U2-3-15
Added Pin To Net: NetName=S2-1 Pin=U2-4-12
Added Pin To Net: NetName=S2-1 Pin=U2-4-14
Added Pin To Net: NetName=S2-1 Pin=U2-4-15
Added Pin To Net: NetName=S2-1 Pin=U2-5-12
Added Pin To Net: NetName=S2-1 Pin=U2-5-14
Added Pin To Net: NetName=S2-1 Pin=U2-5-15
Added Pin To Net: NetName=S2-1 Pin=U3-1-12
Added Pin To Net: NetName=S2-1 Pin=U3-1-14
Added Pin To Net: NetName=S2-1 Pin=U3-1-15
Added Pin To Net: NetName=S2-1 Pin=U3-2-12
Added Pin To Net: NetName=S2-1 Pin=U3-2-14
Added Pin To Net: NetName=S2-1 Pin=U3-2-15
Added Pin To Net: NetName=S2-1 Pin=U3-3-12
Added Pin To Net: NetName=S2-1 Pin=U3-3-14
Added Pin To Net: NetName=S2-1 Pin=U3-3-15
Added Pin To Net: NetName=S2-1 Pin=U3-4-12
Added Pin To Net: NetName=S2-1 Pin=U3-4-14
Added Pin To Net: NetName=S2-1 Pin=U3-4-15
Added Pin To Net: NetName=S2-1 Pin=U3-5-12
Added Pin To Net: NetName=S2-1 Pin=U3-5-14
Added Pin To Net: NetName=S2-1 Pin=U3-5-15
Added Net: Name=S2-1
Added Pin To Net: NetName=S3-1 Pin=U1-1-14
Added Pin To Net: NetName=S3-1 Pin=U1-2-14
Added Pin To Net: NetName=S3-1 Pin=U1-3-14
Added Pin To Net: NetName=S3-1 Pin=U1-4-14
Added Pin To Net: NetName=S3-1 Pin=U1-5-14
Added Pin To Net: NetName=S3-1 Pin=U2-1-13
Added Pin To Net: NetName=S3-1 Pin=U2-2-13
Added Pin To Net: NetName=S3-1 Pin=U2-3-13
Added Pin To Net: NetName=S3-1 Pin=U2-4-13
Added Pin To Net: NetName=S3-1 Pin=U2-5-13
Added Pin To Net: NetName=S3-1 Pin=U3-1-13
Added Pin To Net: NetName=S3-1 Pin=U3-2-13
Added Pin To Net: NetName=S3-1 Pin=U3-3-13
Added Pin To Net: NetName=S3-1 Pin=U3-4-13
Added Pin To Net: NetName=S3-1 Pin=U3-5-13
Added Net: Name=S3-1
Added Pin To Net: NetName=TS_IN1-1 Pin=U1-1-9
Added Pin To Net: NetName=TS_IN1-1 Pin=U1-2-9
Added Pin To Net: NetName=TS_IN1-1 Pin=U1-3-9
Added Pin To Net: NetName=TS_IN1-1 Pin=U1-4-9
Added Pin To Net: NetName=TS_IN1-1 Pin=U1-5-9
Added Net: Name=TS_IN1-1
Added Pin To Net: NetName=TS_IN2-1 Pin=U1-1-8
Added Pin To Net: NetName=TS_IN2-1 Pin=U1-2-8
Added Pin To Net: NetName=TS_IN2-1 Pin=U1-3-8
Added Pin To Net: NetName=TS_IN2-1 Pin=U1-4-8
Added Pin To Net: NetName=TS_IN2-1 Pin=U1-5-8
Added Net: Name=TS_IN2-1
Added Pin To Net: NetName=TS_IN3-1 Pin=U1-1-7
Added Pin To Net: NetName=TS_IN3-1 Pin=U1-2-7
Added Pin To Net: NetName=TS_IN3-1 Pin=U1-3-7
Added Pin To Net: NetName=TS_IN3-1 Pin=U1-4-7
Added Pin To Net: NetName=TS_IN3-1 Pin=U1-5-7
Added Net: Name=TS_IN3-1
Added Pin To Net: NetName=TS_IN4-1 Pin=U1-1-6
Added Pin To Net: NetName=TS_IN4-1 Pin=U1-2-6
Added Pin To Net: NetName=TS_IN4-1 Pin=U1-3-6
Added Pin To Net: NetName=TS_IN4-1 Pin=U1-4-6
Added Pin To Net: NetName=TS_IN4-1 Pin=U1-5-6
Added Net: Name=TS_IN4-1
Added Pin To Net: NetName=TS_IN5-1 Pin=U1-1-5
Added Pin To Net: NetName=TS_IN5-1 Pin=U1-2-5
Added Pin To Net: NetName=TS_IN5-1 Pin=U1-3-5
Added Pin To Net: NetName=TS_IN5-1 Pin=U1-4-5
Added Pin To Net: NetName=TS_IN5-1 Pin=U1-5-5
Added Net: Name=TS_IN5-1
Added Pin To Net: NetName=TS_IN6-1 Pin=U1-1-4
Added Pin To Net: NetName=TS_IN6-1 Pin=U1-2-4
Added Pin To Net: NetName=TS_IN6-1 Pin=U1-3-4
Added Pin To Net: NetName=TS_IN6-1 Pin=U1-4-4
Added Pin To Net: NetName=TS_IN6-1 Pin=U1-5-4
Added Net: Name=TS_IN6-1
Added Pin To Net: NetName=TS_IN7-1 Pin=U1-1-3
Added Pin To Net: NetName=TS_IN7-1 Pin=U1-2-3
Added Pin To Net: NetName=TS_IN7-1 Pin=U1-3-3
Added Pin To Net: NetName=TS_IN7-1 Pin=U1-4-3
Added Pin To Net: NetName=TS_IN7-1 Pin=U1-5-3
Added Net: Name=TS_IN7-1
Added Pin To Net: NetName=TS_IN8-1 Pin=U1-1-2
Added Pin To Net: NetName=TS_IN8-1 Pin=U1-2-2
Added Pin To Net: NetName=TS_IN8-1 Pin=U1-3-2
Added Pin To Net: NetName=TS_IN8-1 Pin=U1-4-2
Added Pin To Net: NetName=TS_IN8-1 Pin=U1-5-2
Added Net: Name=TS_IN8-1
Added Pin To Net: NetName=TS_IN9-1 Pin=U1-1-16
Added Pin To Net: NetName=TS_IN9-1 Pin=U1-2-16
Added Pin To Net: NetName=TS_IN9-1 Pin=U1-3-16
Added Pin To Net: NetName=TS_IN9-1 Pin=U1-4-16
Added Pin To Net: NetName=TS_IN9-1 Pin=U1-5-16
Added Net: Name=TS_IN9-1
Added Pin To Net: NetName=TS_IN10-1 Pin=U1-1-17
Added Pin To Net: NetName=TS_IN10-1 Pin=U1-2-17
Added Pin To Net: NetName=TS_IN10-1 Pin=U1-3-17
Added Pin To Net: NetName=TS_IN10-1 Pin=U1-4-17
Added Pin To Net: NetName=TS_IN10-1 Pin=U1-5-17
Added Net: Name=TS_IN10-1
Added Pin To Net: NetName=TS_IN11-1 Pin=U1-1-18
Added Pin To Net: NetName=TS_IN11-1 Pin=U1-2-18
Added Pin To Net: NetName=TS_IN11-1 Pin=U1-3-18
Added Pin To Net: NetName=TS_IN11-1 Pin=U1-4-18
Added Pin To Net: NetName=TS_IN11-1 Pin=U1-5-18
Added Net: Name=TS_IN11-1
Added Pin To Net: NetName=TS_IN12-1 Pin=U1-1-19
Added Pin To Net: NetName=TS_IN12-1 Pin=U1-2-19
Added Pin To Net: NetName=TS_IN12-1 Pin=U1-3-19
Added Pin To Net: NetName=TS_IN12-1 Pin=U1-4-19
Added Pin To Net: NetName=TS_IN12-1 Pin=U1-5-19
Added Net: Name=TS_IN12-1
Added Pin To Net: NetName=TS_IN13-1 Pin=U1-1-20
Added Pin To Net: NetName=TS_IN13-1 Pin=U1-2-20
Added Pin To Net: NetName=TS_IN13-1 Pin=U1-3-20
Added Pin To Net: NetName=TS_IN13-1 Pin=U1-4-20
Added Pin To Net: NetName=TS_IN13-1 Pin=U1-5-20
Added Net: Name=TS_IN13-1
Added Pin To Net: NetName=TS_IN14-1 Pin=U1-1-21
Added Pin To Net: NetName=TS_IN14-1 Pin=U1-2-21
Added Pin To Net: NetName=TS_IN14-1 Pin=U1-3-21
Added Pin To Net: NetName=TS_IN14-1 Pin=U1-4-21
Added Pin To Net: NetName=TS_IN14-1 Pin=U1-5-21
Added Net: Name=TS_IN14-1
Added Pin To Net: NetName=TS_IN15-1 Pin=U1-1-22
Added Pin To Net: NetName=TS_IN15-1 Pin=U1-2-22
Added Pin To Net: NetName=TS_IN15-1 Pin=U1-3-22
Added Pin To Net: NetName=TS_IN15-1 Pin=U1-4-22
Added Pin To Net: NetName=TS_IN15-1 Pin=U1-5-22
Added Net: Name=TS_IN15-1
Added Pin To Net: NetName=TS_IN16-1 Pin=U1-1-23
Added Pin To Net: NetName=TS_IN16-1 Pin=U1-2-23
Added Pin To Net: NetName=TS_IN16-1 Pin=U1-3-23
Added Pin To Net: NetName=TS_IN16-1 Pin=U1-4-23
Added Pin To Net: NetName=TS_IN16-1 Pin=U1-5-23
Added Net: Name=TS_IN16-1
Added Pin To Net: NetName=TS_IN17-1 Pin=U2-1-9
Added Pin To Net: NetName=TS_IN17-1 Pin=U2-2-9
Added Pin To Net: NetName=TS_IN17-1 Pin=U2-3-9
Added Pin To Net: NetName=TS_IN17-1 Pin=U2-4-9
Added Pin To Net: NetName=TS_IN17-1 Pin=U2-5-9
Added Net: Name=TS_IN17-1
Added Pin To Net: NetName=TS_IN18-1 Pin=U2-1-8
Added Pin To Net: NetName=TS_IN18-1 Pin=U2-2-8
Added Pin To Net: NetName=TS_IN18-1 Pin=U2-3-8
Added Pin To Net: NetName=TS_IN18-1 Pin=U2-4-8
Added Pin To Net: NetName=TS_IN18-1 Pin=U2-5-8
Added Net: Name=TS_IN18-1
Added Pin To Net: NetName=TS_IN19-1 Pin=U2-1-7
Added Pin To Net: NetName=TS_IN19-1 Pin=U2-2-7
Added Pin To Net: NetName=TS_IN19-1 Pin=U2-3-7
Added Pin To Net: NetName=TS_IN19-1 Pin=U2-4-7
Added Pin To Net: NetName=TS_IN19-1 Pin=U2-5-7
Added Net: Name=TS_IN19-1
Added Pin To Net: NetName=TS_IN20-1 Pin=U2-1-6
Added Pin To Net: NetName=TS_IN20-1 Pin=U2-2-6
Added Pin To Net: NetName=TS_IN20-1 Pin=U2-3-6
Added Pin To Net: NetName=TS_IN20-1 Pin=U2-4-6
Added Pin To Net: NetName=TS_IN20-1 Pin=U2-5-6
Added Net: Name=TS_IN20-1
Added Pin To Net: NetName=TS_IN21-1 Pin=U2-1-5
Added Pin To Net: NetName=TS_IN21-1 Pin=U2-2-5
Added Pin To Net: NetName=TS_IN21-1 Pin=U2-3-5
Added Pin To Net: NetName=TS_IN21-1 Pin=U2-4-5
Added Pin To Net: NetName=TS_IN21-1 Pin=U2-5-5
Added Net: Name=TS_IN21-1
Added Pin To Net: NetName=TS_IN22-1 Pin=U2-1-4
Added Pin To Net: NetName=TS_IN22-1 Pin=U2-2-4
Added Pin To Net: NetName=TS_IN22-1 Pin=U2-3-4
Added Pin To Net: NetName=TS_IN22-1 Pin=U2-4-4
Added Pin To Net: NetName=TS_IN22-1 Pin=U2-5-4
Added Net: Name=TS_IN22-1
Added Pin To Net: NetName=TS_IN23-1 Pin=U2-1-3
Added Pin To Net: NetName=TS_IN23-1 Pin=U2-2-3
Added Pin To Net: NetName=TS_IN23-1 Pin=U2-3-3
Added Pin To Net: NetName=TS_IN23-1 Pin=U2-4-3
Added Pin To Net: NetName=TS_IN23-1 Pin=U2-5-3
Added Net: Name=TS_IN23-1
Added Pin To Net: NetName=TS_IN24-1 Pin=U2-1-2
Added Pin To Net: NetName=TS_IN24-1 Pin=U2-2-2
Added Pin To Net: NetName=TS_IN24-1 Pin=U2-3-2
Added Pin To Net: NetName=TS_IN24-1 Pin=U2-4-2
Added Pin To Net: NetName=TS_IN24-1 Pin=U2-5-2
Added Net: Name=TS_IN24-1
Added Pin To Net: NetName=TS_IN25-1 Pin=U2-1-16
Added Pin To Net: NetName=TS_IN25-1 Pin=U2-2-16
Added Pin To Net: NetName=TS_IN25-1 Pin=U2-3-16
Added Pin To Net: NetName=TS_IN25-1 Pin=U2-4-16
Added Pin To Net: NetName=TS_IN25-1 Pin=U2-5-16
Added Net: Name=TS_IN25-1
Added Pin To Net: NetName=TS_IN26-1 Pin=U2-1-17
Added Pin To Net: NetName=TS_IN26-1 Pin=U2-2-17
Added Pin To Net: NetName=TS_IN26-1 Pin=U2-3-17
Added Pin To Net: NetName=TS_IN26-1 Pin=U2-4-17
Added Pin To Net: NetName=TS_IN26-1 Pin=U2-5-17
Added Net: Name=TS_IN26-1
Added Pin To Net: NetName=TS_IN27-1 Pin=U2-1-18
Added Pin To Net: NetName=TS_IN27-1 Pin=U2-2-18
Added Pin To Net: NetName=TS_IN27-1 Pin=U2-3-18
Added Pin To Net: NetName=TS_IN27-1 Pin=U2-4-18
Added Pin To Net: NetName=TS_IN27-1 Pin=U2-5-18
Added Net: Name=TS_IN27-1
Added Pin To Net: NetName=TS_IN28-1 Pin=U2-1-19
Added Pin To Net: NetName=TS_IN28-1 Pin=U2-2-19
Added Pin To Net: NetName=TS_IN28-1 Pin=U2-3-19
Added Pin To Net: NetName=TS_IN28-1 Pin=U2-4-19
Added Pin To Net: NetName=TS_IN28-1 Pin=U2-5-19
Added Net: Name=TS_IN28-1
Added Pin To Net: NetName=TS_IN29-1 Pin=U2-1-20
Added Pin To Net: NetName=TS_IN29-1 Pin=U2-2-20
Added Pin To Net: NetName=TS_IN29-1 Pin=U2-3-20
Added Pin To Net: NetName=TS_IN29-1 Pin=U2-4-20
Added Pin To Net: NetName=TS_IN29-1 Pin=U2-5-20
Added Net: Name=TS_IN29-1
Added Pin To Net: NetName=TS_IN30-1 Pin=U2-1-21
Added Pin To Net: NetName=TS_IN30-1 Pin=U2-2-21
Added Pin To Net: NetName=TS_IN30-1 Pin=U2-3-21
Added Pin To Net: NetName=TS_IN30-1 Pin=U2-4-21
Added Pin To Net: NetName=TS_IN30-1 Pin=U2-5-21
Added Net: Name=TS_IN30-1
Added Pin To Net: NetName=TS_IN31-1 Pin=U2-1-22
Added Pin To Net: NetName=TS_IN31-1 Pin=U2-2-22
Added Pin To Net: NetName=TS_IN31-1 Pin=U2-3-22
Added Pin To Net: NetName=TS_IN31-1 Pin=U2-4-22
Added Pin To Net: NetName=TS_IN31-1 Pin=U2-5-22
Added Net: Name=TS_IN31-1
Added Pin To Net: NetName=TS_IN32-1 Pin=U2-1-23
Added Pin To Net: NetName=TS_IN32-1 Pin=U2-2-23
Added Pin To Net: NetName=TS_IN32-1 Pin=U2-3-23
Added Pin To Net: NetName=TS_IN32-1 Pin=U2-4-23
Added Pin To Net: NetName=TS_IN32-1 Pin=U2-5-23
Added Net: Name=TS_IN32-1
Added Pin To Net: NetName=TS_IN33-1 Pin=U3-1-9
Added Pin To Net: NetName=TS_IN33-1 Pin=U3-2-9
Added Pin To Net: NetName=TS_IN33-1 Pin=U3-3-9
Added Pin To Net: NetName=TS_IN33-1 Pin=U3-4-9
Added Pin To Net: NetName=TS_IN33-1 Pin=U3-5-9
Added Net: Name=TS_IN33-1
Added Pin To Net: NetName=TS_IN34-1 Pin=U3-1-8
Added Pin To Net: NetName=TS_IN34-1 Pin=U3-2-8
Added Pin To Net: NetName=TS_IN34-1 Pin=U3-3-8
Added Pin To Net: NetName=TS_IN34-1 Pin=U3-4-8
Added Pin To Net: NetName=TS_IN34-1 Pin=U3-5-8
Added Net: Name=TS_IN34-1
Added Pin To Net: NetName=TS_IN35-1 Pin=U3-1-7
Added Pin To Net: NetName=TS_IN35-1 Pin=U3-2-7
Added Pin To Net: NetName=TS_IN35-1 Pin=U3-3-7
Added Pin To Net: NetName=TS_IN35-1 Pin=U3-4-7
Added Pin To Net: NetName=TS_IN35-1 Pin=U3-5-7
Added Net: Name=TS_IN35-1
Added Pin To Net: NetName=TS_IN36-1 Pin=U3-1-6
Added Pin To Net: NetName=TS_IN36-1 Pin=U3-2-6
Added Pin To Net: NetName=TS_IN36-1 Pin=U3-3-6
Added Pin To Net: NetName=TS_IN36-1 Pin=U3-4-6
Added Pin To Net: NetName=TS_IN36-1 Pin=U3-5-6
Added Net: Name=TS_IN36-1
Added Pin To Net: NetName=TS_IN37-1 Pin=U3-1-5
Added Pin To Net: NetName=TS_IN37-1 Pin=U3-2-5
Added Pin To Net: NetName=TS_IN37-1 Pin=U3-3-5
Added Pin To Net: NetName=TS_IN37-1 Pin=U3-4-5
Added Pin To Net: NetName=TS_IN37-1 Pin=U3-5-5
Added Net: Name=TS_IN37-1
Added Pin To Net: NetName=TS_IN38-1 Pin=U3-1-4
Added Pin To Net: NetName=TS_IN38-1 Pin=U3-2-4
Added Pin To Net: NetName=TS_IN38-1 Pin=U3-3-4
Added Pin To Net: NetName=TS_IN38-1 Pin=U3-4-4
Added Pin To Net: NetName=TS_IN38-1 Pin=U3-5-4
Added Net: Name=TS_IN38-1
Added Pin To Net: NetName=TS_IN39-1 Pin=U3-1-3
Added Pin To Net: NetName=TS_IN39-1 Pin=U3-2-3
Added Pin To Net: NetName=TS_IN39-1 Pin=U3-3-3
Added Pin To Net: NetName=TS_IN39-1 Pin=U3-4-3
Added Pin To Net: NetName=TS_IN39-1 Pin=U3-5-3
Added Net: Name=TS_IN39-1
Added Pin To Net: NetName=TS_IN40-1 Pin=U3-1-2
Added Pin To Net: NetName=TS_IN40-1 Pin=U3-2-2
Added Pin To Net: NetName=TS_IN40-1 Pin=U3-3-2
Added Pin To Net: NetName=TS_IN40-1 Pin=U3-4-2
Added Pin To Net: NetName=TS_IN40-1 Pin=U3-5-2
Added Net: Name=TS_IN40-1
Added Pin To Net: NetName=TS_IN41-1 Pin=U3-1-16
Added Pin To Net: NetName=TS_IN41-1 Pin=U3-2-16
Added Pin To Net: NetName=TS_IN41-1 Pin=U3-3-16
Added Pin To Net: NetName=TS_IN41-1 Pin=U3-4-16
Added Pin To Net: NetName=TS_IN41-1 Pin=U3-5-16
Added Net: Name=TS_IN41-1
Added Pin To Net: NetName=TS_IN42-1 Pin=U3-1-17
Added Pin To Net: NetName=TS_IN42-1 Pin=U3-2-17
Added Pin To Net: NetName=TS_IN42-1 Pin=U3-3-17
Added Pin To Net: NetName=TS_IN42-1 Pin=U3-4-17
Added Pin To Net: NetName=TS_IN42-1 Pin=U3-5-17
Added Net: Name=TS_IN42-1
Added Pin To Net: NetName=TS_IN43-1 Pin=U3-1-18
Added Pin To Net: NetName=TS_IN43-1 Pin=U3-2-18
Added Pin To Net: NetName=TS_IN43-1 Pin=U3-3-18
Added Pin To Net: NetName=TS_IN43-1 Pin=U3-4-18
Added Pin To Net: NetName=TS_IN43-1 Pin=U3-5-18
Added Net: Name=TS_IN43-1
Added Pin To Net: NetName=TS_IN44-1 Pin=U3-1-19
Added Pin To Net: NetName=TS_IN44-1 Pin=U3-2-19
Added Pin To Net: NetName=TS_IN44-1 Pin=U3-3-19
Added Pin To Net: NetName=TS_IN44-1 Pin=U3-4-19
Added Pin To Net: NetName=TS_IN44-1 Pin=U3-5-19
Added Net: Name=TS_IN44-1
Added Pin To Net: NetName=TS_IN45-1 Pin=U3-1-20
Added Pin To Net: NetName=TS_IN45-1 Pin=U3-2-20
Added Pin To Net: NetName=TS_IN45-1 Pin=U3-3-20
Added Pin To Net: NetName=TS_IN45-1 Pin=U3-4-20
Added Pin To Net: NetName=TS_IN45-1 Pin=U3-5-20
Added Net: Name=TS_IN45-1
Added Pin To Net: NetName=TS_IN46-1 Pin=U3-1-21
Added Pin To Net: NetName=TS_IN46-1 Pin=U3-2-21
Added Pin To Net: NetName=TS_IN46-1 Pin=U3-3-21
Added Pin To Net: NetName=TS_IN46-1 Pin=U3-4-21
Added Pin To Net: NetName=TS_IN46-1 Pin=U3-5-21
Added Net: Name=TS_IN46-1
Added Pin To Net: NetName=TS_IN47-1 Pin=U3-1-22
Added Pin To Net: NetName=TS_IN47-1 Pin=U3-2-22
Added Pin To Net: NetName=TS_IN47-1 Pin=U3-3-22
Added Pin To Net: NetName=TS_IN47-1 Pin=U3-4-22
Added Pin To Net: NetName=TS_IN47-1 Pin=U3-5-22
Added Net: Name=TS_IN47-1
Added Pin To Net: NetName=TS_IN48-1 Pin=U3-1-23
Added Pin To Net: NetName=TS_IN48-1 Pin=U3-2-23
Added Pin To Net: NetName=TS_IN48-1 Pin=U3-3-23
Added Pin To Net: NetName=TS_IN48-1 Pin=U3-4-23
Added Pin To Net: NetName=TS_IN48-1 Pin=U3-5-23
Added Net: Name=TS_IN48-1
Added Class: Name=3_MUX1
Added Class: Name=3_MUX2
Added Class: Name=3_MUX3
Added Class: Name=3_MUX4
Added Class: Name=3_MUX5
Added Class: Name=50_Pin_Connector1
Added Class: Name=50_Pin_Connector2
Added Class: Name=50_Pin_Connector3
Added Class: Name=50_Pin_Connector4
Added Class: Name=50_Pin_Connector5
Added Class: Name=AHK50H-ND_THERM_CONNECTOR
Added Class: Name=CD74HC4067_MUX
Change Room Name: Old Name=50_Pin_Connector New Name=50_Pin_Connector2
Change Room Scope: Old Scope=InComponentClass('50_Pin_Connector') New Scope=InComponentClass('50_Pin_Connector2')
Added Room: Name=3_MUX1
Added Room: Name=3_MUX2
Added Room: Name=3_MUX3
Added Room: Name=3_MUX4
Added Room: Name=3_MUX5
Added Room: Name=50_Pin_Connector1
Added Room: Name=50_Pin_Connector3
Added Room: Name=50_Pin_Connector4
Added Room: Name=50_Pin_Connector5
