PCAD Importer Log
Project : PJ-047BH.LibPkg

Section : D:\Formula SAE\GIT - TEAM PHANTOM\hardware\Thermistor_Expansion_Board\PJ-047BH\PJ-047BH.lia
    Section : PCB Library - PJ-047BH.PcbLib
        Section : Load Messages
            Warning - 1 : Skipping Token PJ-047BH On Line 174
            Warning - 1 : Skipping Token attachedSymbol On Line 273
        EndSection

        Section : Import Messages
        EndSection
    EndSection

    Section : SCH Library - PJ-047BH.SchLib
        Section : Parsing Messages
            Warning - 1 : Skipping Token padStyleDef On Line 9
            Warning - 1 : Skipping Token padStyleDef On Line 21
            Warning - 1 : Skipping Token padStyleDef On Line 33
            Warning - 1 : Skipping Token multiLayer On Line 107
            Warning - 1 : Skipping Token layerContents On Line 115
            Warning - 1 : Skipping Token layerContents On Line 137
            Warning - 1 : Skipping Token layerContents On Line 145
            Warning - 1 : Skipping Token layerContents On Line 153
            Warning - 1 : Skipping Token layerContents On Line 163
        EndSection

        Section : Generating SCH Library - PJ-047BH.SchLib
        EndSection
    EndSection
EndSection
