Replace Part C30 GRM21B7U1A104JA01L in C:\Users\gabriel\Documents\Phantom\hardware\PHANTOM_VCU\MCU_Signals.SchDoc with GRM21B7U1A104JA01L from PHANTOM_LIBRARY.SchLib
Replace Part C39 885012007003 in C:\Users\gabriel\Documents\Phantom\hardware\PHANTOM_VCU\MCU_Signals.SchDoc with 885012007003 from PHANTOM_LIBRARY.SchLib
Replace Part C40 885012007003 in C:\Users\gabriel\Documents\Phantom\hardware\PHANTOM_VCU\MCU_Signals.SchDoc with 885012007003 from PHANTOM_LIBRARY.SchLib
Replace Part C42 GRM21B7U1A104JA01L in C:\Users\gabriel\Documents\Phantom\hardware\PHANTOM_VCU\MCU_Signals.SchDoc with GRM21B7U1A104JA01L from PHANTOM_LIBRARY.SchLib
Replace Part C43 GRM21B7U1A104JA01L in C:\Users\gabriel\Documents\Phantom\hardware\PHANTOM_VCU\MCU_Signals.SchDoc with GRM21B7U1A104JA01L from PHANTOM_LIBRARY.SchLib
Replace Part C44 GRM21B7U1A104JA01L in C:\Users\gabriel\Documents\Phantom\hardware\PHANTOM_VCU\MCU_Signals.SchDoc with GRM21B7U1A104JA01L from PHANTOM_LIBRARY.SchLib
Replace Part C45 GRM219R61A475KE34D in C:\Users\gabriel\Documents\Phantom\hardware\PHANTOM_VCU\MCU_Signals.SchDoc with GRM219R61A475KE34D from PHANTOM_LIBRARY.SchLib
Replace Part C46 GRM21B7U1A104JA01L in C:\Users\gabriel\Documents\Phantom\hardware\PHANTOM_VCU\MCU_Signals.SchDoc with GRM21B7U1A104JA01L from PHANTOM_LIBRARY.SchLib
Replace Part C47 GRM21B7U1A104JA01L in C:\Users\gabriel\Documents\Phantom\hardware\PHANTOM_VCU\MCU_Signals.SchDoc with GRM21B7U1A104JA01L from PHANTOM_LIBRARY.SchLib
Replace Part D12 LTST-C191KRKT in C:\Users\gabriel\Documents\Phantom\hardware\PHANTOM_VCU\MCU_Signals.SchDoc with LTST-C191KRKT from PHANTOM_LIBRARY.SchLib
Replace Part F5 ERB-RE0R50V in C:\Users\gabriel\Documents\Phantom\hardware\PHANTOM_VCU\MCU_Signals.SchDoc with ERB-RE0R50V from PHANTOM_LIBRARY.SchLib
Replace Part FB1 FBMJ4516HL230NTV in C:\Users\gabriel\Documents\Phantom\hardware\PHANTOM_VCU\MCU_Signals.SchDoc with FBMJ4516HL230NTV from PHANTOM_LIBRARY.SchLib
Replace Part FB2 FBMJ4516HL230NTV in C:\Users\gabriel\Documents\Phantom\hardware\PHANTOM_VCU\MCU_Signals.SchDoc with FBMJ4516HL230NTV from PHANTOM_LIBRARY.SchLib
Replace Part R33 RC0805JR-072K2L in C:\Users\gabriel\Documents\Phantom\hardware\PHANTOM_VCU\MCU_Signals.SchDoc with RC0805JR-072K2L from PHANTOM_LIBRARY.SchLib
Replace Part R34 RC0805JR-072K2L in C:\Users\gabriel\Documents\Phantom\hardware\PHANTOM_VCU\MCU_Signals.SchDoc with RC0805JR-072K2L from PHANTOM_LIBRARY.SchLib
Replace Part R37 RC0805JR-072K2L in C:\Users\gabriel\Documents\Phantom\hardware\PHANTOM_VCU\MCU_Signals.SchDoc with RC0805JR-072K2L from PHANTOM_LIBRARY.SchLib
Replace Part R39 RC0805FR-071KL in C:\Users\gabriel\Documents\Phantom\hardware\PHANTOM_VCU\MCU_Signals.SchDoc with RC0805FR-071KL from PHANTOM_LIBRARY.SchLib
Replace Part R42 ERA-6AEB102V in C:\Users\gabriel\Documents\Phantom\hardware\PHANTOM_VCU\MCU_Signals.SchDoc with ERA-6AEB102V from PHANTOM_LIBRARY.SchLib
Replace Part R51 RC0805JR-070RL in C:\Users\gabriel\Documents\Phantom\hardware\PHANTOM_VCU\MCU_Signals.SchDoc with RC0805JR-070RL from PHANTOM_LIBRARY.SchLib
Replace Part R55 RC0805JR-070RL in C:\Users\gabriel\Documents\Phantom\hardware\PHANTOM_VCU\MCU_Signals.SchDoc with RC0805JR-070RL from PHANTOM_LIBRARY.SchLib
Replace Part R65 RC0805JR-070RL in C:\Users\gabriel\Documents\Phantom\hardware\PHANTOM_VCU\MCU_Signals.SchDoc with RC0805JR-070RL from PHANTOM_LIBRARY.SchLib
Replace Part R69 RC0805JR-070RL in C:\Users\gabriel\Documents\Phantom\hardware\PHANTOM_VCU\MCU_Signals.SchDoc with RC0805JR-070RL from PHANTOM_LIBRARY.SchLib
Replace Part R70 RC0805JR-070RL in C:\Users\gabriel\Documents\Phantom\hardware\PHANTOM_VCU\MCU_Signals.SchDoc with RC0805JR-070RL from PHANTOM_LIBRARY.SchLib
Replace Part R76 RC0805JR-070RL in C:\Users\gabriel\Documents\Phantom\hardware\PHANTOM_VCU\MCU_Signals.SchDoc with RC0805JR-070RL from PHANTOM_LIBRARY.SchLib
Replace Part R77 RC0805JR-070RL in C:\Users\gabriel\Documents\Phantom\hardware\PHANTOM_VCU\MCU_Signals.SchDoc with RC0805JR-070RL from PHANTOM_LIBRARY.SchLib
Replace Part R78 RC0805JR-070RL in C:\Users\gabriel\Documents\Phantom\hardware\PHANTOM_VCU\MCU_Signals.SchDoc with RC0805JR-070RL from PHANTOM_LIBRARY.SchLib
Replace Part R81 RC0805JR-070RL in C:\Users\gabriel\Documents\Phantom\hardware\PHANTOM_VCU\MCU_Signals.SchDoc with RC0805JR-070RL from PHANTOM_LIBRARY.SchLib
Replace Part R82 RC0805JR-070RL in C:\Users\gabriel\Documents\Phantom\hardware\PHANTOM_VCU\MCU_Signals.SchDoc with RC0805JR-070RL from PHANTOM_LIBRARY.SchLib
Replace Part R85 RC0805JR-072K2L in C:\Users\gabriel\Documents\Phantom\hardware\PHANTOM_VCU\MCU_Signals.SchDoc with RC0805JR-072K2L from PHANTOM_LIBRARY.SchLib
Replace Part S1 PTS645SM43SMTR92LFS in C:\Users\gabriel\Documents\Phantom\hardware\PHANTOM_VCU\MCU_Signals.SchDoc with PTS645SM43SMTR92LFS from PHANTOM_LIBRARY.SchLib
Replace Part S2 PTS645SM43SMTR92LFS in C:\Users\gabriel\Documents\Phantom\hardware\PHANTOM_VCU\MCU_Signals.SchDoc with PTS645SM43SMTR92LFS from PHANTOM_LIBRARY.SchLib
Replace Part U9 TMS5701224CPGEQQ1 in C:\Users\gabriel\Documents\Phantom\hardware\PHANTOM_VCU\MCU_Signals.SchDoc with TMS5701224CPGEQQ1 from PHANTOM_LIBRARY.SchLib
Replace Part U10 TPS2115ADRBR in C:\Users\gabriel\Documents\Phantom\hardware\PHANTOM_VCU\MCU_Signals.SchDoc with TPS2115ADRBR from PHANTOM_LIBRARY.SchLib
Replace Part U11 FT232RQ-REEL in C:\Users\gabriel\Documents\Phantom\hardware\PHANTOM_VCU\MCU_Signals.SchDoc with FT232RQ-REEL from PHANTOM_LIBRARY.SchLib
Replace Part X6 FTSH-105-01-F-DV-K in C:\Users\gabriel\Documents\Phantom\hardware\PHANTOM_VCU\MCU_Signals.SchDoc with FTSH-105-01-F-DV-K from PHANTOM_LIBRARY.SchLib
Replace Part X7 10118192-0001LF in C:\Users\gabriel\Documents\Phantom\hardware\PHANTOM_VCU\MCU_Signals.SchDoc with 10118192-0001LF from PHANTOM_LIBRARY.SchLib
Replace Part XTAL1 ABLS2-16.000MHZ-D4Y-T in C:\Users\gabriel\Documents\Phantom\hardware\PHANTOM_VCU\MCU_Signals.SchDoc with ABLS2-16.000MHZ-D4Y-T from PHANTOM_LIBRARY.SchLib
