Replace Part C1 GRM21B7U1A104JA01L in C:\Users\gabriel\Documents\Phantom\hardware\PHANTOM_VCU\Power_Sensing.SchDoc with GRM21B7U1A104JA01L from PHANTOM_LIBRARY.SchLib
Replace Part C2 GRM219R61A475KE34D in C:\Users\gabriel\Documents\Phantom\hardware\PHANTOM_VCU\Power_Sensing.SchDoc with GRM219R61A475KE34D from PHANTOM_LIBRARY.SchLib
Replace Part C3 F381A106MMA in C:\Users\gabriel\Documents\Phantom\hardware\PHANTOM_VCU\Power_Sensing.SchDoc with F381A106MMA from PHANTOM_LIBRARY.SchLib
Replace Part C4 GRM21B7U1A104JA01L in C:\Users\gabriel\Documents\Phantom\hardware\PHANTOM_VCU\Power_Sensing.SchDoc with GRM21B7U1A104JA01L from PHANTOM_LIBRARY.SchLib
Replace Part D1 LTST-C191KGKT in C:\Users\gabriel\Documents\Phantom\hardware\PHANTOM_VCU\Power_Sensing.SchDoc with LTST-C191KGKT from PHANTOM_LIBRARY.SchLib
Replace Part D2 LTST-C191KGKT in C:\Users\gabriel\Documents\Phantom\hardware\PHANTOM_VCU\Power_Sensing.SchDoc with LTST-C191KGKT from PHANTOM_LIBRARY.SchLib
Replace Part D3 LTST-C191KGKT in C:\Users\gabriel\Documents\Phantom\hardware\PHANTOM_VCU\Power_Sensing.SchDoc with LTST-C191KGKT from PHANTOM_LIBRARY.SchLib
Replace Part F1 3568 in C:\Users\gabriel\Documents\Phantom\hardware\PHANTOM_VCU\Power_Sensing.SchDoc with 3568 from PHANTOM_LIBRARY.SchLib
Replace Part F2 0603SFV200F/32-2 in C:\Users\gabriel\Documents\Phantom\hardware\PHANTOM_VCU\Power_Sensing.SchDoc with 0603SFV200F/32-2 from PHANTOM_LIBRARY.SchLib
Replace Part F3 ERB-RE0R50V in C:\Users\gabriel\Documents\Phantom\hardware\PHANTOM_VCU\Power_Sensing.SchDoc with ERB-RE0R50V from PHANTOM_LIBRARY.SchLib
Replace Part L1 82103C in C:\Users\gabriel\Documents\Phantom\hardware\PHANTOM_VCU\Power_Sensing.SchDoc with 82103C from PHANTOM_LIBRARY.SchLib
Replace Part Q1 IRFS4321PBF in C:\Users\gabriel\Documents\Phantom\hardware\PHANTOM_VCU\Power_Sensing.SchDoc with IRFS4321PBF from PHANTOM_LIBRARY.SchLib
Replace Part R1 RC0805FR-074K7L in C:\Users\gabriel\Documents\Phantom\hardware\PHANTOM_VCU\Power_Sensing.SchDoc with RC0805FR-074K7L from PHANTOM_LIBRARY.SchLib
Replace Part R2 RC0805FR-07665RL in C:\Users\gabriel\Documents\Phantom\hardware\PHANTOM_VCU\Power_Sensing.SchDoc with RC0805FR-07665RL from PHANTOM_LIBRARY.SchLib
Replace Part R3 RC0805FR-07280RL in C:\Users\gabriel\Documents\Phantom\hardware\PHANTOM_VCU\Power_Sensing.SchDoc with RC0805FR-07280RL from PHANTOM_LIBRARY.SchLib
Replace Part R4 RC0805FR-071KL in C:\Users\gabriel\Documents\Phantom\hardware\PHANTOM_VCU\Power_Sensing.SchDoc with RC0805FR-071KL from PHANTOM_LIBRARY.SchLib
Replace Part R5 ERJ-M1WTF1M0U in C:\Users\gabriel\Documents\Phantom\hardware\PHANTOM_VCU\Power_Sensing.SchDoc with ERJ-M1WTF1M0U from PHANTOM_LIBRARY.SchLib
Replace Part R40 RC0805FR-0760R4L in C:\Users\gabriel\Documents\Phantom\hardware\PHANTOM_VCU\Power_Sensing.SchDoc with RC0805FR-0760R4L from PHANTOM_LIBRARY.SchLib
Replace Part TP1 5015 in C:\Users\gabriel\Documents\Phantom\hardware\PHANTOM_VCU\Power_Sensing.SchDoc with 5015 from PHANTOM_LIBRARY.SchLib
Replace Part TP2 5015 in C:\Users\gabriel\Documents\Phantom\hardware\PHANTOM_VCU\Power_Sensing.SchDoc with 5015 from PHANTOM_LIBRARY.SchLib
Replace Part TP3 5015 in C:\Users\gabriel\Documents\Phantom\hardware\PHANTOM_VCU\Power_Sensing.SchDoc with 5015 from PHANTOM_LIBRARY.SchLib
Replace Part TP4 5015 in C:\Users\gabriel\Documents\Phantom\hardware\PHANTOM_VCU\Power_Sensing.SchDoc with 5015 from PHANTOM_LIBRARY.SchLib
Replace Part TP14 5015 in C:\Users\gabriel\Documents\Phantom\hardware\PHANTOM_VCU\Power_Sensing.SchDoc with 5015 from PHANTOM_LIBRARY.SchLib
Replace Part TP15 5015 in C:\Users\gabriel\Documents\Phantom\hardware\PHANTOM_VCU\Power_Sensing.SchDoc with 5015 from PHANTOM_LIBRARY.SchLib
Replace Part U1 INA226AIDGSR in C:\Users\gabriel\Documents\Phantom\hardware\PHANTOM_VCU\Power_Sensing.SchDoc with INA226AIDGSR from PHANTOM_LIBRARY.SchLib
Replace Part U2 78SRH-5/2-C in C:\Users\gabriel\Documents\Phantom\hardware\PHANTOM_VCU\Power_Sensing.SchDoc with 78SRH-5/2-C from PHANTOM_LIBRARY.SchLib
Replace Part U3 NKE0503SC in C:\Users\gabriel\Documents\Phantom\hardware\PHANTOM_VCU\Power_Sensing.SchDoc with NKE0503SC from PHANTOM_LIBRARY.SchLib
