Added Component: Designator=U4(TMS570LS12)
Add component. Clean all parameters for all variants
Add component (AddParameter): Name = "ComponentLink1Description"; Value = "http://www.ti.com/tool/LAUNCHXL2-TMS57012?keyMatch=LAUNCHXL2-TMS57012&tisearch=Search-EN"; VariantName = "[No Variations]"
Add component (AddParameter): Name = "ComponentLink1URL"; Value = "http://www.ti.com/tool/LAUNCHXL2-TMS57012?keyMatch=LAUNCHXL2-TMS57012&tisearch=Search-EN"; VariantName = "[No Variations]"
Add component (AddParameter): Name = "ComponentLink2Description"; Value = "http://www.ti.com/lit/pdf/spnu611"; VariantName = "[No Variations]"
Add component (AddParameter): Name = "ComponentLink2URL"; Value = "http://www.ti.com/lit/pdf/spnu611"; VariantName = "[No Variations]"
Add component (AddParameter): Name = "Evaluation Kit"; Value = "Yes"; VariantName = "[No Variations]"
Add component (AddParameter): Name = "Manufacturer"; Value = "Texas Instruments"; VariantName = "[No Variations]"
Add component (AddParameter): Name = "Manufacturer Part Number"; Value = "LAUNCHXL2-TMS57012"; VariantName = "[No Variations]"
Add component (AddParameter): Name = "Number of Bits"; Value = "32"; VariantName = "[No Variations]"
Add component (AddParameter): Name = "Package Quantity"; Value = "1"; VariantName = "[No Variations]"
Add component (AddParameter): Name = "Packaging"; Value = "Bulk"; VariantName = "[No Variations]"
Add component (AddParameter): Name = "Pricing 1"; Value = "1=20.76 (USD)"; VariantName = "[No Variations]"
Add component (AddParameter): Name = "REACH SVHC"; Value = "No SVHC"; VariantName = "[No Variations]"
Add component (AddParameter): Name = "Stock 1"; Value = "26"; VariantName = "[No Variations]"
Add component (AddParameter): Name = "Supplier 1"; Value = "Digi-Key"; VariantName = "[No Variations]"
Added Pin To Net: NetName=GIOB_0 Pin=U4-11
Added Pin To Net: NetName=GIOB_1 Pin=U4-12
Added Pin To Net: NetName=N2HET1_0 Pin=U4-20
Added Pin To Net: NetName=N2HET1_1 Pin=U4-21
Added Pin To Net: NetName=MIBSPI1_NCS_2 Pin=U4-31
Added Pin To Net: NetName=GND Pin=U4-51
Added Pin To Net: NetName=MIBSPI3_NCS_1 Pin=U4-53
Added Pin To Net: NetName=GIOB_3 Pin=U4-54
Added Pin To Net: NetName=MIBSPI3_MOSI Pin=U4-56
Added Pin To Net: NetName=I2C_SDA Pin=U4-58
Added Pin To Net: NetName=I2C_SCL Pin=U4-59
Added Pin To Net: NetName=GIOB_2 Pin=U4-60
Added Pin To Net: NetName=K3_EN Pin=U4-67
Added Pin To Net: NetName=CTRL_EN Pin=U4-68
Added Pin To Net: NetName=GIOA_1 Pin=U4-69
Added Pin To Net: NetName=GIOA_0 Pin=U4-70
Added Pin To Net: NetName=+5V Pin=U4-91
Added Pin To Net: NetName=AD1IN_0 Pin=U4-93
Added Pin To Net: NetName=AD1IN_7 Pin=U4-94
Added Pin To Net: NetName=AD1IN_18 Pin=U4-95
Added Pin To Net: NetName=AD1IN_19 Pin=U4-96
Added Pin To Net: NetName=AD1IN_20 Pin=U4-97
Added Pin To Net: NetName=AD1IN_21 Pin=U4-98
Added Pin To Net: NetName=AD1IN_16 Pin=U4-102
Added Pin To Net: NetName=SCI_RX Pin=U4-103
Added Pin To Net: NetName=SCI_TX Pin=U4-104
Added Pin To Net: NetName=K2_EN Pin=U4-105
Added Pin To Net: NetName=MIBSPI3_CLK Pin=U4-107
Added Pin To Net: NetName=K1_EN Pin=U4-108
Added Pin To Net: NetName=MIBSPI1_NCS_1 Pin=U4-141
Added Pin To Net: NetName=DCAN2_RX Pin=U4-142
Added Pin To Net: NetName=DCAN2_TX Pin=U4-143
Added Pin To Net: NetName=MIBSPI1_NCS_0 Pin=U4-156
Added Pin To Net: NetName=MIBSPI1_CLK Pin=U4-162
Added Pin To Net: NetName=MIBSPI1_MISO Pin=U4-163
Added Pin To Net: NetName=MIBSPI1_MOSI Pin=U4-165
Added Pin To Net: NetName=DCAN1_RX Pin=U4-168
Added Pin To Net: NetName=DCAN1_TX Pin=U4-169
Added Member To Class: ClassName=SDB_Schematic Member=Component U4 LAUNCHXL2-TMS57012
