Removed Pin From Net: NetName=GIOB_0 Pin=X1-3
Removed Pin From Net: NetName=GIOB_1 Pin=X1-4
Removed Pin From Net: NetName=GIOB_2 Pin=X1-5
Removed Pin From Net: NetName=GIOB_3 Pin=X1-6
Removed Pin From Net: NetName=+24V Pin=X1-7
Removed Pin From Net: NetName=+5V Pin=X1-8
Removed Pin From Net: NetName=+5V Pin=X1-9
Removed Pin From Net: NetName=+3V3 Pin=X1-10
Removed Pin From Net: NetName=CAN_H1 Pin=X2-7
Removed Pin From Net: NetName=CAN_L1 Pin=X2-8
Removed Pin From Net: NetName=CAN_H2 Pin=X2-9
Removed Pin From Net: NetName=CAN_L2 Pin=X2-10
Removed Pin From Net: NetName=MIBSPI3_NCS_1 Pin=X2-17
Removed Pin From Net: NetName=MIBSPI3_CLK Pin=X2-18
Removed Pin From Net: NetName=MIBSPI3_MOSI Pin=X2-19
Removed Pin From Net: NetName=24V_IN Pin=X3-1
Removed Pin From Net: NetName=24V_GND Pin=X3-2
Removed Pin From Net: NetName=NetC6_2 Pin=X3-3
Removed Pin From Net: NetName=AD1IN_0 Pin=X3-4
Removed Pin From Net: NetName=AD1IN_7 Pin=X3-5
Removed Pin From Net: NetName=AD1IN_18 Pin=X3-6
Removed Pin From Net: NetName=AD1IN_19 Pin=X3-7
Removed Pin From Net: NetName=AD1IN_19 Pin=X3-7
Removed Pin From Net: NetName=AD1IN_20 Pin=X3-8
Removed Pin From Net: NetName=AD1IN_20 Pin=X3-8
Removed Pin From Net: NetName=AD1IN_21 Pin=X3-9
Removed Pin From Net: NetName=AD1IN_21 Pin=X3-9
Removed Pin From Net: NetName=AD1IN_16 Pin=X3-10
Removed Pin From Net: NetName=AD1IN_16 Pin=X3-10
Added Pin To Net: NetName=24V_GND Pin=Q1-4
Added Pin To Net: NetName=AD1IN_0 Pin=X1-3
Added Pin To Net: NetName=AD1IN_7 Pin=X1-4
Added Pin To Net: NetName=AD1IN_18 Pin=X1-5
Added Pin To Net: NetName=AD1IN_19 Pin=X1-6
Added Pin To Net: NetName=AD1IN_20 Pin=X1-7
Added Pin To Net: NetName=AD1IN_21 Pin=X1-8
Added Pin To Net: NetName=AD1IN_16 Pin=X1-9
Added Pin To Net: NetName=NetC6_2 Pin=X1-10
Added Pin To Net: NetName=CAN_H2 Pin=X2-7
Added Pin To Net: NetName=CAN_L2 Pin=X2-8
Added Pin To Net: NetName=CAN_H1 Pin=X2-9
Added Pin To Net: NetName=CAN_L1 Pin=X2-10
Added Pin To Net: NetName=GIOB_0 Pin=X2-17
Added Pin To Net: NetName=GIOB_1 Pin=X2-18
Added Pin To Net: NetName=GIOB_2 Pin=X2-19
Added Pin To Net: NetName=GND Pin=X3-1
Added Pin To Net: NetName=GND Pin=X3-2
Added Pin To Net: NetName=GND Pin=X3-3
Added Pin To Net: NetName=GND Pin=X3-4
Added Pin To Net: NetName=+24V Pin=X3-5
Added Pin To Net: NetName=+3V3 Pin=X3-6
Added Pin To Net: NetName=24V_IN Pin=X3-7
Added Pin To Net: NetName=24V_IN Pin=X3-7
Added Pin To Net: NetName=24V_GND Pin=X3-8
Added Pin To Net: NetName=24V_GND Pin=X3-8
Added Pin To Net: NetName=+5V Pin=X3-9
Added Pin To Net: NetName=+5V Pin=X3-9
Added Pin To Net: NetName=+5V Pin=X3-10
Added Pin To Net: NetName=+5V Pin=X3-10
Change Net Name : Old Net Name=CAN1_POWER New Net Name=CAN2_POWER
Change Net Name : Old Net Name=CAN2_POWER New Net Name=CAN1_POWER
Change Net Name : Old Net Name=CAN_H1 New Net Name=CAN_H2
Change Net Name : Old Net Name=CAN_H2 New Net Name=CAN_H1
Change Net Name : Old Net Name=CAN_L1 New Net Name=CAN_L2
Change Net Name : Old Net Name=CAN_L2 New Net Name=CAN_L1
Change Net Name : Old Net Name=NetC6_2 New Net Name=DAC_OUTPUT
Added Room: Name=ADC_Decoupling
Added Room: Name=CAN
Added Room: Name=Connectors
Added Room: Name=Contactor_Switching
Added Room: Name=GPIO_Pullups_Pulldowns
Added Room: Name=Power_Sensing
Added Room: Name=SDB_Schematic
