Change Component Comment : Designator=R33 Old Comment=2.2k New Comment=R?
Change Component Comment : Designator=R34 Old Comment=2.2k New Comment=R?
Change Component Comment : Designator=R37 Old Comment=2.2k New Comment=R?
Change Component Comment : Designator=R85 Old Comment=2.2k New Comment=R?
Change Component Description : Designator=C10 Old Description=MLCC SMD CAP 100nF 10Volts U2J 5% New Description=CAP MLCC 100nF 10Volts U2J 5%
Change Component Description : Designator=C11 Old Description=MLCC SMD CAP 100nF 10Volts U2J 5% New Description=CAP MLCC 100nF 10Volts U2J 5%
Change Component Description : Designator=C12 Old Description=MLCC SMD CAP 100nF 10Volts U2J 5% New Description=CAP MLCC 100nF 10Volts U2J 5%
Change Component Description : Designator=C13 Old Description=MLCC SMD CAP 100nF 10Volts U2J 5% New Description=CAP MLCC 100nF 10Volts U2J 5%
Change Component Description : Designator=C14 Old Description=MLCC SMD CAP 100nF 10Volts U2J 5% New Description=CAP MLCC 100nF 10Volts U2J 5%
Change Component Description : Designator=C15 Old Description=MLCC SMD CAP 100nF 10Volts U2J 5% New Description=CAP MLCC 100nF 10Volts U2J 5%
Change Component Description : Designator=C16 Old Description=MLCC SMD CAP 100nF 10Volts U2J 5% New Description=CAP MLCC 100nF 10Volts U2J 5%
Added Component: Designator=JP7(4PIN_HEADER)
Add component. Clean all parameters for all variants
Add component (AddParameter): Name = "Colour"; Value = "Black"; VariantName = "[No Variations]"
Add component (AddParameter): Name = "ComponentLink1Description"; Value = "https://datasheet.ciiva.com/9474/68000-9474358.pdf"; VariantName = "[No Variations]"
Add component (AddParameter): Name = "ComponentLink1URL"; Value = "https://datasheet.ciiva.com/9474/68000-9474358.pdf"; VariantName = "[No Variations]"
Add component (AddParameter): Name = "ComponentLink2Description"; Value = "https://datasheet.ciiva.com/16725/68000-16725993.pdf"; VariantName = "[No Variations]"
Add component (AddParameter): Name = "ComponentLink2URL"; Value = "https://datasheet.ciiva.com/16725/68000-16725993.pdf"; VariantName = "[No Variations]"
Add component (AddParameter): Name = "ComponentLink3Description"; Value = "https://datasheet.ciiva.com/728/68000-728877.pdf"; VariantName = "[No Variations]"
Add component (AddParameter): Name = "ComponentLink3URL"; Value = "https://datasheet.ciiva.com/728/68000-728877.pdf"; VariantName = "[No Variations]"
Add component (AddParameter): Name = "Connector Type"; Value = "Male Pin"; VariantName = "[No Variations]"
Add component (AddParameter): Name = "Contact Gender"; Value = "Male"; VariantName = "[No Variations]"
Add component (AddParameter): Name = "Contact Material"; Value = "Bronze"; VariantName = "[No Variations]"
Add component (AddParameter): Name = "Contact Mating Length"; Value = "0.23inch"; VariantName = "[No Variations]"
Add component (AddParameter): Name = "Contact Plating"; Value = "Nickel,Tin"; VariantName = "[No Variations]"
Add component (AddParameter): Name = "Current Rating"; Value = "3A"; VariantName = "[No Variations]"
Add component (AddParameter): Name = "Depth"; Value = "2.41mm"; VariantName = "[No Variations]"
Add component (AddParameter): Name = "Flammability Rating"; Value = "UL94 V-0"; VariantName = "[No Variations]"
Add component (AddParameter): Name = "Gender"; Value = "Male"; VariantName = "[No Variations]"
Add component (AddParameter): Name = "Housing Colour"; Value = "Black"; VariantName = "[No Variations]"
Add component (AddParameter): Name = "Housing Material"; Value = "Thermoplastic"; VariantName = "[No Variations]"
Add component (AddParameter): Name = "Insulation Resistance"; Value = "5GR"; VariantName = "[No Variations]"
Add component (AddParameter): Name = "Length"; Value = "10.16mm"; VariantName = "[No Variations]"
Add component (AddParameter): Name = "Manufacturer"; Value = "Amphenol FCI"; VariantName = "[No Variations]"
Add component (AddParameter): Name = "Manufacturer Part Number"; Value = "68002-404HLF"; VariantName = "[No Variations]"
Add component (AddParameter): Name = "Mating Post Length"; Value = "5.84mm"; VariantName = "[No Variations]"
Add component (AddParameter): Name = "Max Operating Temperature"; Value = "125°C"; VariantName = "[No Variations]"
Add component (AddParameter): Name = "Max Voltage Rating (AC)"; Value = "1.5kV"; VariantName = "[No Variations]"
Add component (AddParameter): Name = "Min Operating Temperature"; Value = "-65°C"; VariantName = "[No Variations]"
Add component (AddParameter): Name = "Mount"; Value = "Through Hole"; VariantName = "[No Variations]"
Add component (AddParameter): Name = "Number of Contacts"; Value = "4"; VariantName = "[No Variations]"
Add component (AddParameter): Name = "Number of Positions"; Value = "4"; VariantName = "[No Variations]"
Add component (AddParameter): Name = "Number of Rows"; Value = "1"; VariantName = "[No Variations]"
Add component (AddParameter): Name = "Orientation"; Value = "Straight"; VariantName = "[No Variations]"
Add component (AddParameter): Name = "Package Quantity"; Value = "100"; VariantName = "[No Variations]"
Add component (AddParameter): Name = "Packaging"; Value = "Bulk"; VariantName = "[No Variations]"
Add component (AddParameter): Name = "Pitch"; Value = "2.54mm"; VariantName = "[No Variations]"
Add component (AddParameter): Name = "Pricing 1"; Value = "1=0.21, 10=0.195, 100=0.1352, 500=0.1144, 1000=0.0936, 5000=0.0832, 10000=0.0754 (USD)"; VariantName = "[No Variations]"
Add component (AddParameter): Name = "Radiation Hardening"; Value = "No"; VariantName = "[No Variations]"
Add component (AddParameter): Name = "Stock 1"; Value = "4956"; VariantName = "[No Variations]"
Add component (AddParameter): Name = "Supplier 1"; Value = "Digi-Key"; VariantName = "[No Variations]"
Add component (AddParameter): Name = "Supplier Part Number 1"; Value = "609-3305-ND"; VariantName = "[No Variations]"
Add component (AddParameter): Name = "Termination"; Value = "Solder"; VariantName = "[No Variations]"
Add component (AddParameter): Name = "Termination Post Length"; Value = "3.81mm"; VariantName = "[No Variations]"
Add component (AddParameter): Name = "Voltage Rating"; Value = "1.5kV"; VariantName = "[No Variations]"
Added Pin To Net: NetName=MIBSPI1_NCS_0 Pin=JP7-1
Added Pin To Net: NetName=MIBSPI1_CLK Pin=JP7-2
Added Pin To Net: NetName=MIBSPI1_MOSI Pin=JP7-3
Added Pin To Net: NetName=GND Pin=JP7-4
Added Member To Class: ClassName=VCU_Schematic Member=Component JP7 68002-404HLF
Added Member To Class: ClassName=VCU_Schematic Member=Component JP8 61300511121
