Removed Pin From Net: NetName=NetLabel66 Pin=C11-2
Removed Pin From Net: NetName=NetLabel66 Pin=C12-2
Removed Pin From Net: NetName=NetLabel66 Pin=C13-2
Removed Pin From Net: NetName=NetLabel66 Pin=C14-2
Removed Pin From Net: NetName=NetLabel66 Pin=C15-2
Removed Pin From Net: NetName=NetLabel66 Pin=C16-2
Removed Pin From Net: NetName=NetLabel66 Pin=TP7-1
Removed Pin From Net: NetName=NetLabel66 Pin=TP8-1
Removed Pin From Net: NetName=NetLabel66 Pin=TP9-1
Removed Pin From Net: NetName=NetLabel66 Pin=TP10-1
Removed Pin From Net: NetName=NetLabel66 Pin=TP11-1
Removed Pin From Net: NetName=NetLabel66 Pin=TP12-1
Removed Pin From Net: NetName=NetLabel66 Pin=U9-58
Removed Pin From Net: NetName=NetLabel66 Pin=U9-61
Removed Pin From Net: NetName=NetLabel66 Pin=U9-62
Removed Pin From Net: NetName=NetLabel66 Pin=U9-63
Removed Pin From Net: NetName=NetLabel66 Pin=U9-64
Removed Pin From Net: NetName=NetLabel66 Pin=U9-65
Removed Pin From Net: NetName=NetLabel66 Pin=X1-12
Removed Pin From Net: NetName=NetLabel66 Pin=X1-13
Removed Pin From Net: NetName=NetLabel66 Pin=X2-4
Removed Pin From Net: NetName=NetLabel66 Pin=X2-5
Removed Pin From Net: NetName=NetLabel66 Pin=X2-9
Removed Pin From Net: NetName=NetLabel66 Pin=X4-1
Change Net Name : Old Net Name=NetLabel66 New Net Name=AD1IN_0
Added Pin To Net: NetName=AD1IN_7 Pin=C12-2
Added Pin To Net: NetName=AD1IN_7 Pin=TP10-1
Added Pin To Net: NetName=AD1IN_7 Pin=U9-61
Added Pin To Net: NetName=AD1IN_7 Pin=X2-9
Added Net: Name=AD1IN_7
Added Pin To Net: NetName=AD1IN_16 Pin=C16-2
Added Pin To Net: NetName=AD1IN_16 Pin=TP7-1
Added Pin To Net: NetName=AD1IN_16 Pin=U9-58
Added Pin To Net: NetName=AD1IN_16 Pin=X4-1
Added Net: Name=AD1IN_16
Added Pin To Net: NetName=AD1IN_18 Pin=C14-2
Added Pin To Net: NetName=AD1IN_18 Pin=TP11-1
Added Pin To Net: NetName=AD1IN_18 Pin=U9-62
Added Pin To Net: NetName=AD1IN_18 Pin=X2-4
Added Net: Name=AD1IN_18
Added Pin To Net: NetName=AD1IN_19 Pin=C15-2
Added Pin To Net: NetName=AD1IN_19 Pin=TP8-1
Added Pin To Net: NetName=AD1IN_19 Pin=U9-63
Added Pin To Net: NetName=AD1IN_19 Pin=X2-5
Added Net: Name=AD1IN_19
Added Pin To Net: NetName=AD1IN_20 Pin=C11-2
Added Pin To Net: NetName=AD1IN_20 Pin=TP12-1
Added Pin To Net: NetName=AD1IN_20 Pin=U9-64
Added Pin To Net: NetName=AD1IN_20 Pin=X1-12
Added Net: Name=AD1IN_20
Added Pin To Net: NetName=AD1IN_21 Pin=C13-2
Added Pin To Net: NetName=AD1IN_21 Pin=TP9-1
Added Pin To Net: NetName=AD1IN_21 Pin=U9-65
Added Pin To Net: NetName=AD1IN_21 Pin=X1-13
Added Net: Name=AD1IN_21
