Replace Part C5 GRM21B7U1A104JA01L in C:\Users\gabriel\Documents\Phantom\hardware\PHANTOM_VCU\VCU_Schematic.SchDoc with GRM21B7U1A104JA01L from PHANTOM_LIBRARY.SchLib
Replace Part C6 GRM21B7U1A104JA01L in C:\Users\gabriel\Documents\Phantom\hardware\PHANTOM_VCU\VCU_Schematic.SchDoc with GRM21B7U1A104JA01L from PHANTOM_LIBRARY.SchLib
Replace Part C7 GRM21B7U1A104JA01L in C:\Users\gabriel\Documents\Phantom\hardware\PHANTOM_VCU\VCU_Schematic.SchDoc with GRM21B7U1A104JA01L from PHANTOM_LIBRARY.SchLib
Replace Part JP5 M20-9990246 in C:\Users\gabriel\Documents\Phantom\hardware\PHANTOM_VCU\VCU_Schematic.SchDoc with M20-9990246 from PHANTOM_LIBRARY.SchLib
Replace Part JP6 M20-9990246 in C:\Users\gabriel\Documents\Phantom\hardware\PHANTOM_VCU\VCU_Schematic.SchDoc with M20-9990246 from PHANTOM_LIBRARY.SchLib
Replace Part JP7 68002-404HLF in C:\Users\gabriel\Documents\Phantom\hardware\PHANTOM_VCU\VCU_Schematic.SchDoc with 68002-404HLF from PHANTOM_LIBRARY.SchLib
Replace Part JP8 61300511121 in C:\Users\gabriel\Documents\Phantom\hardware\PHANTOM_VCU\VCU_Schematic.SchDoc with 61300511121 from PHANTOM_LIBRARY.SchLib
Replace Part R6 RC0805FR-074K7L in C:\Users\gabriel\Documents\Phantom\hardware\PHANTOM_VCU\VCU_Schematic.SchDoc with RC0805FR-074K7L from PHANTOM_LIBRARY.SchLib
Replace Part R7 RC0805FR-074K7L in C:\Users\gabriel\Documents\Phantom\hardware\PHANTOM_VCU\VCU_Schematic.SchDoc with RC0805FR-074K7L from PHANTOM_LIBRARY.SchLib
Replace Part R8 RC0805JR-070RL in C:\Users\gabriel\Documents\Phantom\hardware\PHANTOM_VCU\VCU_Schematic.SchDoc with RC0805JR-070RL from PHANTOM_LIBRARY.SchLib
Replace Part R9 RC0805JR-070RL in C:\Users\gabriel\Documents\Phantom\hardware\PHANTOM_VCU\VCU_Schematic.SchDoc with RC0805JR-070RL from PHANTOM_LIBRARY.SchLib
Replace Part R64 RC0805FR-071KL in C:\Users\gabriel\Documents\Phantom\hardware\PHANTOM_VCU\VCU_Schematic.SchDoc with RC0805FR-071KL from PHANTOM_LIBRARY.SchLib
Replace Part TP6 5015 in C:\Users\gabriel\Documents\Phantom\hardware\PHANTOM_VCU\VCU_Schematic.SchDoc with 5015 from PHANTOM_LIBRARY.SchLib
Replace Part TP7 5015 in C:\Users\gabriel\Documents\Phantom\hardware\PHANTOM_VCU\VCU_Schematic.SchDoc with 5015 from PHANTOM_LIBRARY.SchLib
Replace Part TP8 5015 in C:\Users\gabriel\Documents\Phantom\hardware\PHANTOM_VCU\VCU_Schematic.SchDoc with 5015 from PHANTOM_LIBRARY.SchLib
Replace Part TP9 5015 in C:\Users\gabriel\Documents\Phantom\hardware\PHANTOM_VCU\VCU_Schematic.SchDoc with 5015 from PHANTOM_LIBRARY.SchLib
Replace Part TP10 5015 in C:\Users\gabriel\Documents\Phantom\hardware\PHANTOM_VCU\VCU_Schematic.SchDoc with 5015 from PHANTOM_LIBRARY.SchLib
Replace Part TP11 5015 in C:\Users\gabriel\Documents\Phantom\hardware\PHANTOM_VCU\VCU_Schematic.SchDoc with 5015 from PHANTOM_LIBRARY.SchLib
Replace Part TP12 5015 in C:\Users\gabriel\Documents\Phantom\hardware\PHANTOM_VCU\VCU_Schematic.SchDoc with 5015 from PHANTOM_LIBRARY.SchLib
Replace Part TP13 5015 in C:\Users\gabriel\Documents\Phantom\hardware\PHANTOM_VCU\VCU_Schematic.SchDoc with 5015 from PHANTOM_LIBRARY.SchLib
Replace Part U5 MCP23S17T-E/SO in C:\Users\gabriel\Documents\Phantom\hardware\PHANTOM_VCU\VCU_Schematic.SchDoc with MCP23S17T-E/SO from PHANTOM_LIBRARY.SchLib
Replace Part U6 MCP4921T-E/MS in C:\Users\gabriel\Documents\Phantom\hardware\PHANTOM_VCU\VCU_Schematic.SchDoc with MCP4921T-E/MS from PHANTOM_LIBRARY.SchLib
Replace Part U9 TMS5701224CPGEQQ1 in C:\Users\gabriel\Documents\Phantom\hardware\PHANTOM_VCU\VCU_Schematic.SchDoc with TMS5701224CPGEQQ1 from PHANTOM_LIBRARY.SchLib
