Removed Pin From Net: NetName=+5V_USB Pin=U11-1
Removed Pin From Net: NetName=SCI_RX Pin=U11-2
Removed Pin From Net: NetName=USBVSS Pin=U11-4
Removed Pin From Net: NetName=NetU11_14 Pin=U11-14
Removed Pin From Net: NetName=NetU11_15 Pin=U11-15
Removed Pin From Net: NetName=USBVSS Pin=U11-17
Removed Pin From Net: NetName=+5V_USB Pin=U11-19
Removed Pin From Net: NetName=USBVSS Pin=U11-20
Removed Pin From Net: NetName=USBVSS Pin=U11-24
Removed Pin From Net: NetName=USBVSS Pin=U11-26
Removed Pin From Net: NetName=SCI_TX Pin=U11-30
Added Component: Designator=U11(QFN-32)
Add component. Clean all parameters for all variants
Add component (AddParameter): Name = "Case/Package"; Value = "QFN EP"; VariantName = "[No Variations]"
Add component (AddParameter): Name = "ComponentLink1Description"; Value = "https://datasheet.ciiva.com/1505/1647396-1505445.pdf"; VariantName = "[No Variations]"
Add component (AddParameter): Name = "ComponentLink1URL"; Value = "https://datasheet.ciiva.com/1505/1647396-1505445.pdf"; VariantName = "[No Variations]"
Add component (AddParameter): Name = "ComponentLink2Description"; Value = "https://datasheet.ciiva.com/1787/ds-ft232r-1787041.pdf"; VariantName = "[No Variations]"
Add component (AddParameter): Name = "ComponentLink2URL"; Value = "https://datasheet.ciiva.com/1787/ds-ft232r-1787041.pdf"; VariantName = "[No Variations]"
Add component (AddParameter): Name = "ComponentLink3Description"; Value = "https://datasheet.ciiva.com/1787/ds-ft232r-1787042.pdf"; VariantName = "[No Variations]"
Add component (AddParameter): Name = "ComponentLink3URL"; Value = "https://datasheet.ciiva.com/1787/ds-ft232r-1787042.pdf"; VariantName = "[No Variations]"
Add component (AddParameter): Name = "ComponentLink4Description"; Value = "https://datasheet.ciiva.com/16438/ds-ft232r-16438555.pdf"; VariantName = "[No Variations]"
Add component (AddParameter): Name = "ComponentLink4URL"; Value = "https://datasheet.ciiva.com/16438/ds-ft232r-16438555.pdf"; VariantName = "[No Variations]"
Add component (AddParameter): Name = "ComponentLink5Description"; Value = "https://datasheet.ciiva.com/15150/getdatasheetpartid-644721-15150509.pdf"; VariantName = "[No Variations]"
Add component (AddParameter): Name = "ComponentLink5URL"; Value = "https://datasheet.ciiva.com/15150/getdatasheetpartid-644721-15150509.pdf"; VariantName = "[No Variations]"
Add component (AddParameter): Name = "ComponentLink6Description"; Value = "https://datasheet.ciiva.com/4787/ds-ft232r-4787663.pdf"; VariantName = "[No Variations]"
Add component (AddParameter): Name = "ComponentLink6URL"; Value = "https://datasheet.ciiva.com/4787/ds-ft232r-4787663.pdf"; VariantName = "[No Variations]"
Add component (AddParameter): Name = "ComponentLink7Description"; Value = "https://datasheet.ciiva.com/26841/ft232rq-reel-26841082.pdf"; VariantName = "[No Variations]"
Add component (AddParameter): Name = "ComponentLink7URL"; Value = "https://datasheet.ciiva.com/26841/ft232rq-reel-26841082.pdf"; VariantName = "[No Variations]"
Add component (AddParameter): Name = "Data Rate"; Value = "12Mbps"; VariantName = "[No Variations]"
Add component (AddParameter): Name = "Interface"; Value = "UART"; VariantName = "[No Variations]"
Add component (AddParameter): Name = "Lead Free"; Value = "Lead Free"; VariantName = "[No Variations]"
Add component (AddParameter): Name = "Length"; Value = "5mm"; VariantName = "[No Variations]"
Add component (AddParameter): Name = "Manufacturer"; Value = "FTDI"; VariantName = "[No Variations]"
Add component (AddParameter): Name = "Manufacturer Part Number"; Value = "FT232RQ-REEL"; VariantName = "[No Variations]"
Add component (AddParameter): Name = "Max Operating Temperature"; Value = "85°C"; VariantName = "[No Variations]"
Add component (AddParameter): Name = "Max Supply Voltage"; Value = "5.25V"; VariantName = "[No Variations]"
Add component (AddParameter): Name = "Min Operating Temperature"; Value = "-40°C"; VariantName = "[No Variations]"
Add component (AddParameter): Name = "Min Supply Voltage"; Value = "3.3V"; VariantName = "[No Variations]"
Add component (AddParameter): Name = "Mount"; Value = "Surface Mount"; VariantName = "[No Variations]"
Add component (AddParameter): Name = "Number of Channels"; Value = "1"; VariantName = "[No Variations]"
Add component (AddParameter): Name = "Number of Pins"; Value = "32"; VariantName = "[No Variations]"
Add component (AddParameter): Name = "Operating Supply Current"; Value = "15mA"; VariantName = "[No Variations]"
Add component (AddParameter): Name = "Operating Supply Voltage"; Value = "5V"; VariantName = "[No Variations]"
Add component (AddParameter): Name = "Package Quantity"; Value = "6000"; VariantName = "[No Variations]"
Add component (AddParameter): Name = "Packaging"; Value = "Tape and Reel"; VariantName = "[No Variations]"
Add component (AddParameter): Name = "Pricing 1"; Value = "1=4.5, 10=4.05, 100=3.65, 250=3.25, 500=2.85, 1000=2.65, 2500=2.35 (USD)"; VariantName = "[No Variations]"
Add component (AddParameter): Name = "Radiation Hardening"; Value = "No"; VariantName = "[No Variations]"
Add component (AddParameter): Name = "Stock 1"; Value = "97831"; VariantName = "[No Variations]"
Add component (AddParameter): Name = "Supplier 1"; Value = "Digi-Key"; VariantName = "[No Variations]"
Add component (AddParameter): Name = "Supplier Part Number 1"; Value = "768-1008-1-ND"; VariantName = "[No Variations]"
Add component (AddParameter): Name = "Weight"; Value = "0.006653oz"; VariantName = "[No Variations]"
Add component (AddParameter): Name = "Width"; Value = "5mm"; VariantName = "[No Variations]"
Added Pin To Net: NetName=+5V_USB Pin=U11-1
Added Pin To Net: NetName=SCI_RX Pin=U11-2
Added Pin To Net: NetName=USBVSS Pin=U11-4
Added Pin To Net: NetName=NetU11_14 Pin=U11-14
Added Pin To Net: NetName=NetU11_15 Pin=U11-15
Added Pin To Net: NetName=USBVSS Pin=U11-17
Added Pin To Net: NetName=+5V_USB Pin=U11-19
Added Pin To Net: NetName=USBVSS Pin=U11-20
Added Pin To Net: NetName=USBVSS Pin=U11-24
Added Pin To Net: NetName=USBVSS Pin=U11-26
Added Pin To Net: NetName=SCI_TX Pin=U11-30
Added Pin To Net: NetName=USBVSS Pin=U11-33
