Replace Part C17 0805ZC105KAT2A in C:\Users\gabriel\Documents\Phantom\hardware\PHANTOM_VCU\Power_MCU.SchDoc with 0805ZC105KAT2A from PHANTOM_LIBRARY.SchLib
Replace Part C18 0805ZC105KAT2A in C:\Users\gabriel\Documents\Phantom\hardware\PHANTOM_VCU\Power_MCU.SchDoc with 0805ZC105KAT2A from PHANTOM_LIBRARY.SchLib
Replace Part C19 GRM21B7U1A104JA01L in C:\Users\gabriel\Documents\Phantom\hardware\PHANTOM_VCU\Power_MCU.SchDoc with GRM21B7U1A104JA01L from PHANTOM_LIBRARY.SchLib
Replace Part C20 GRM21B7U1A104JA01L in C:\Users\gabriel\Documents\Phantom\hardware\PHANTOM_VCU\Power_MCU.SchDoc with GRM21B7U1A104JA01L from PHANTOM_LIBRARY.SchLib
Replace Part C21 GRM21B7U1A104JA01L in C:\Users\gabriel\Documents\Phantom\hardware\PHANTOM_VCU\Power_MCU.SchDoc with GRM21B7U1A104JA01L from PHANTOM_LIBRARY.SchLib
Replace Part C22 GRM21B7U1A104JA01L in C:\Users\gabriel\Documents\Phantom\hardware\PHANTOM_VCU\Power_MCU.SchDoc with GRM21B7U1A104JA01L from PHANTOM_LIBRARY.SchLib
Replace Part C23 GRM21B7U1A104JA01L in C:\Users\gabriel\Documents\Phantom\hardware\PHANTOM_VCU\Power_MCU.SchDoc with GRM21B7U1A104JA01L from PHANTOM_LIBRARY.SchLib
Replace Part C24 GRM21B7U1A104JA01L in C:\Users\gabriel\Documents\Phantom\hardware\PHANTOM_VCU\Power_MCU.SchDoc with GRM21B7U1A104JA01L from PHANTOM_LIBRARY.SchLib
Replace Part C25 GRM21B7U1A104JA01L in C:\Users\gabriel\Documents\Phantom\hardware\PHANTOM_VCU\Power_MCU.SchDoc with GRM21B7U1A104JA01L from PHANTOM_LIBRARY.SchLib
Replace Part C26 GRM21B7U1A104JA01L in C:\Users\gabriel\Documents\Phantom\hardware\PHANTOM_VCU\Power_MCU.SchDoc with GRM21B7U1A104JA01L from PHANTOM_LIBRARY.SchLib
Replace Part C27 GRM21B7U1A104JA01L in C:\Users\gabriel\Documents\Phantom\hardware\PHANTOM_VCU\Power_MCU.SchDoc with GRM21B7U1A104JA01L from PHANTOM_LIBRARY.SchLib
Replace Part C28 GRM21B7U1A104JA01L in C:\Users\gabriel\Documents\Phantom\hardware\PHANTOM_VCU\Power_MCU.SchDoc with GRM21B7U1A104JA01L from PHANTOM_LIBRARY.SchLib
Replace Part C29 GRM21B7U1A104JA01L in C:\Users\gabriel\Documents\Phantom\hardware\PHANTOM_VCU\Power_MCU.SchDoc with GRM21B7U1A104JA01L from PHANTOM_LIBRARY.SchLib
Replace Part C31 GRM21B7U1A104JA01L in C:\Users\gabriel\Documents\Phantom\hardware\PHANTOM_VCU\Power_MCU.SchDoc with GRM21B7U1A104JA01L from PHANTOM_LIBRARY.SchLib
Replace Part C32 GRM21B7U1A104JA01L in C:\Users\gabriel\Documents\Phantom\hardware\PHANTOM_VCU\Power_MCU.SchDoc with GRM21B7U1A104JA01L from PHANTOM_LIBRARY.SchLib
Replace Part C33 GRM21B7U1A104JA01L in C:\Users\gabriel\Documents\Phantom\hardware\PHANTOM_VCU\Power_MCU.SchDoc with GRM21B7U1A104JA01L from PHANTOM_LIBRARY.SchLib
Replace Part C34 GRM21B7U1A104JA01L in C:\Users\gabriel\Documents\Phantom\hardware\PHANTOM_VCU\Power_MCU.SchDoc with GRM21B7U1A104JA01L from PHANTOM_LIBRARY.SchLib
Replace Part C35 GRM21B7U1A104JA01L in C:\Users\gabriel\Documents\Phantom\hardware\PHANTOM_VCU\Power_MCU.SchDoc with GRM21B7U1A104JA01L from PHANTOM_LIBRARY.SchLib
Replace Part C36 GRM21B7U1A104JA01L in C:\Users\gabriel\Documents\Phantom\hardware\PHANTOM_VCU\Power_MCU.SchDoc with GRM21B7U1A104JA01L from PHANTOM_LIBRARY.SchLib
Replace Part C37 F381A106MMA in C:\Users\gabriel\Documents\Phantom\hardware\PHANTOM_VCU\Power_MCU.SchDoc with F381A106MMA from PHANTOM_LIBRARY.SchLib
Replace Part C38 F381A106MMA in C:\Users\gabriel\Documents\Phantom\hardware\PHANTOM_VCU\Power_MCU.SchDoc with F381A106MMA from PHANTOM_LIBRARY.SchLib
Replace Part C41 GRM21B7U1A104JA01L in C:\Users\gabriel\Documents\Phantom\hardware\PHANTOM_VCU\Power_MCU.SchDoc with GRM21B7U1A104JA01L from PHANTOM_LIBRARY.SchLib
Replace Part D11 LTST-C191KGKT in C:\Users\gabriel\Documents\Phantom\hardware\PHANTOM_VCU\Power_MCU.SchDoc with LTST-C191KGKT from PHANTOM_LIBRARY.SchLib
Replace Part R45 RC0805FR-071KL in C:\Users\gabriel\Documents\Phantom\hardware\PHANTOM_VCU\Power_MCU.SchDoc with RC0805FR-071KL from PHANTOM_LIBRARY.SchLib
Replace Part R86 RC0805FR-07120RL in C:\Users\gabriel\Documents\Phantom\hardware\PHANTOM_VCU\Power_MCU.SchDoc with RC0805FR-07120RL from PHANTOM_LIBRARY.SchLib
Replace Part TP5 5015 in C:\Users\gabriel\Documents\Phantom\hardware\PHANTOM_VCU\Power_MCU.SchDoc with 5015 from PHANTOM_LIBRARY.SchLib
Replace Part U4 LP5912Q3.3DRVRQ1 in C:\Users\gabriel\Documents\Phantom\hardware\PHANTOM_VCU\Power_MCU.SchDoc with LP5912Q3.3DRVRQ1 from PHANTOM_LIBRARY.SchLib
Replace Part U9 TMS5701224CPGEQQ1 in C:\Users\gabriel\Documents\Phantom\hardware\PHANTOM_VCU\Power_MCU.SchDoc with TMS5701224CPGEQQ1 from PHANTOM_LIBRARY.SchLib
