Replace Part C? GRM21B7U1A104JA01L in C:\Users\Public\Documents\Altium\Projects\PHANTOM_VCU\Power_MCU.SchDoc with GRM21B7U1A104JA01L from PHANTOM_LIBRARY.SchLib
Replace Part C? GRM21B7U1A104JA01L in C:\Users\Public\Documents\Altium\Projects\PHANTOM_VCU\Power_MCU.SchDoc with GRM21B7U1A104JA01L from PHANTOM_LIBRARY.SchLib
Replace Part C? GRM21B7U1A104JA01L in C:\Users\Public\Documents\Altium\Projects\PHANTOM_VCU\Power_MCU.SchDoc with GRM21B7U1A104JA01L from PHANTOM_LIBRARY.SchLib
Replace Part C? GRM21B7U1A104JA01L in C:\Users\Public\Documents\Altium\Projects\PHANTOM_VCU\Power_MCU.SchDoc with GRM21B7U1A104JA01L from PHANTOM_LIBRARY.SchLib
Replace Part C? GRM21B7U1A104JA01L in C:\Users\Public\Documents\Altium\Projects\PHANTOM_VCU\Power_MCU.SchDoc with GRM21B7U1A104JA01L from PHANTOM_LIBRARY.SchLib
Replace Part C? GRM21B7U1A104JA01L in C:\Users\Public\Documents\Altium\Projects\PHANTOM_VCU\Power_MCU.SchDoc with GRM21B7U1A104JA01L from PHANTOM_LIBRARY.SchLib
Replace Part C? GRM21B7U1A104JA01L in C:\Users\Public\Documents\Altium\Projects\PHANTOM_VCU\Power_MCU.SchDoc with GRM21B7U1A104JA01L from PHANTOM_LIBRARY.SchLib
Replace Part C? GRM21B7U1A104JA01L in C:\Users\Public\Documents\Altium\Projects\PHANTOM_VCU\Power_MCU.SchDoc with GRM21B7U1A104JA01L from PHANTOM_LIBRARY.SchLib
Replace Part C? GRM21B7U1A104JA01L in C:\Users\Public\Documents\Altium\Projects\PHANTOM_VCU\Power_MCU.SchDoc with GRM21B7U1A104JA01L from PHANTOM_LIBRARY.SchLib
Replace Part C? GRM21B7U1A104JA01L in C:\Users\Public\Documents\Altium\Projects\PHANTOM_VCU\Power_MCU.SchDoc with GRM21B7U1A104JA01L from PHANTOM_LIBRARY.SchLib
Replace Part C? GRM21B7U1A104JA01L in C:\Users\Public\Documents\Altium\Projects\PHANTOM_VCU\Power_MCU.SchDoc with GRM21B7U1A104JA01L from PHANTOM_LIBRARY.SchLib
Replace Part C? GRM21B7U1A104JA01L in C:\Users\Public\Documents\Altium\Projects\PHANTOM_VCU\Power_MCU.SchDoc with GRM21B7U1A104JA01L from PHANTOM_LIBRARY.SchLib
Replace Part C? GRM21B7U1A104JA01L in C:\Users\Public\Documents\Altium\Projects\PHANTOM_VCU\Power_MCU.SchDoc with GRM21B7U1A104JA01L from PHANTOM_LIBRARY.SchLib
Replace Part C? GRM21B7U1A104JA01L in C:\Users\Public\Documents\Altium\Projects\PHANTOM_VCU\Power_MCU.SchDoc with GRM21B7U1A104JA01L from PHANTOM_LIBRARY.SchLib
Replace Part C? GRM21B7U1A104JA01L in C:\Users\Public\Documents\Altium\Projects\PHANTOM_VCU\Power_MCU.SchDoc with GRM21B7U1A104JA01L from PHANTOM_LIBRARY.SchLib
Replace Part C? GRM21B7U1A104JA01L in C:\Users\Public\Documents\Altium\Projects\PHANTOM_VCU\Power_MCU.SchDoc with GRM21B7U1A104JA01L from PHANTOM_LIBRARY.SchLib
Replace Part C? GRM21B7U1A104JA01L in C:\Users\Public\Documents\Altium\Projects\PHANTOM_VCU\Power_MCU.SchDoc with GRM21B7U1A104JA01L from PHANTOM_LIBRARY.SchLib
Replace Part C? GRM21B7U1A104JA01L in C:\Users\Public\Documents\Altium\Projects\PHANTOM_VCU\Power_MCU.SchDoc with GRM21B7U1A104JA01L from PHANTOM_LIBRARY.SchLib
Replace Part C? F381A106MMA in C:\Users\Public\Documents\Altium\Projects\PHANTOM_VCU\Power_MCU.SchDoc with F381A106MMA from PHANTOM_LIBRARY.SchLib
Replace Part C? F381A106MMA in C:\Users\Public\Documents\Altium\Projects\PHANTOM_VCU\Power_MCU.SchDoc with F381A106MMA from PHANTOM_LIBRARY.SchLib
Replace Part C? 0805ZC105KAT2A in C:\Users\Public\Documents\Altium\Projects\PHANTOM_VCU\Power_MCU.SchDoc with 0805ZC105KAT2A from PHANTOM_LIBRARY.SchLib
Replace Part C? 0805ZC105KAT2A in C:\Users\Public\Documents\Altium\Projects\PHANTOM_VCU\Power_MCU.SchDoc with 0805ZC105KAT2A from PHANTOM_LIBRARY.SchLib
Replace Part R? RC0805FR-071KL in C:\Users\Public\Documents\Altium\Projects\PHANTOM_VCU\Power_MCU.SchDoc with RC0805FR-071KL from PHANTOM_LIBRARY.SchLib
Replace Part U? LP5912Q3.3DRVRQ1 in C:\Users\Public\Documents\Altium\Projects\PHANTOM_VCU\Power_MCU.SchDoc with LP5912Q3.3DRVRQ1 from PHANTOM_LIBRARY.SchLib
Replace Part U? TMS5701224CPGEQQ1 in C:\Users\Public\Documents\Altium\Projects\PHANTOM_VCU\Power_MCU.SchDoc with TMS5701224CPGEQQ1 from PHANTOM_LIBRARY.SchLib
