Removed Pin From Net: NetName=MIBSPI1_MISO Pin=JP7-1
Removed Pin From Net: NetName=MIBSPI1_MOSI Pin=JP7-2
Removed Pin From Net: NetName=MIBSPI1_CLK Pin=JP8-1
Removed Pin From Net: NetName=MIBSPI1_NCS_0 Pin=JP8-2
Removed Pin From Net: NetName=MIBSPI3_MOSI Pin=JP9-1
Removed Pin From Net: NetName=MIBSPI3_CLK Pin=JP9-2
Removed Pin From Net: NetName=MIBSPI3_NCS_0 Pin=JP9-3
Removed Pin From Net: NetName=MIBSPI1_NCS_0 Pin=U5-11
Removed Pin From Net: NetName=MIBSPI1_CLK Pin=U5-12
Removed Pin From Net: NetName=MIBSPI1_MOSI Pin=U5-13
Removed Pin From Net: NetName=MIBSPI1_MISO Pin=U5-14
Removed Pin From Net: NetName=MIBSPI3_NCS_0 Pin=U6-2
Removed Pin From Net: NetName=MIBSPI3_CLK Pin=U6-3
Removed Pin From Net: NetName=MIBSPI3_MOSI Pin=U6-4
Added Component: Designator=X8(MOLEX_8PIN)
Add component. Clean all parameters for all variants
Add component (AddParameter): Name = "Colour"; Value = "Black"; VariantName = "[No Variations]"
Add component (AddParameter): Name = "ComponentLink1Description"; Value = "https://datasheet.ciiva.com/736/346910080-sd-736167.pdf"; VariantName = "[No Variations]"
Add component (AddParameter): Name = "ComponentLink1URL"; Value = "https://datasheet.ciiva.com/736/346910080-sd-736167.pdf"; VariantName = "[No Variations]"
Add component (AddParameter): Name = "ComponentLink2Description"; Value = "https://datasheet.ciiva.com/3119/0346910080-pcb-headers-3119150.pdf"; VariantName = "[No Variations]"
Add component (AddParameter): Name = "ComponentLink2URL"; Value = "https://datasheet.ciiva.com/3119/0346910080-pcb-headers-3119150.pdf"; VariantName = "[No Variations]"
Add component (AddParameter): Name = "Connector Type"; Value = "Male Pin"; VariantName = "[No Variations]"
Add component (AddParameter): Name = "Contact Material"; Value = "Brass"; VariantName = "[No Variations]"
Add component (AddParameter): Name = "Contact Plating"; Value = "Nickel,Tin"; VariantName = "[No Variations]"
Add component (AddParameter): Name = "Housing Colour"; Value = "Black"; VariantName = "[No Variations]"
Add component (AddParameter): Name = "Housing Material"; Value = "Thermoplastic"; VariantName = "[No Variations]"
Add component (AddParameter): Name = "Lead Free"; Value = "Lead Free"; VariantName = "[No Variations]"
Add component (AddParameter): Name = "Length"; Value = "18.8mm"; VariantName = "[No Variations]"
Add component (AddParameter): Name = "Manufacturer"; Value = "Molex"; VariantName = "[No Variations]"
Add component (AddParameter): Name = "Manufacturer Part Number"; Value = "0346910080"; VariantName = "[No Variations]"
Add component (AddParameter): Name = "Max Operating Temperature"; Value = "105°C"; VariantName = "[No Variations]"
Add component (AddParameter): Name = "Min Operating Temperature"; Value = "-40°C"; VariantName = "[No Variations]"
Add component (AddParameter): Name = "Mount"; Value = "Through Hole"; VariantName = "[No Variations]"
Add component (AddParameter): Name = "Number of Positions"; Value = "8"; VariantName = "[No Variations]"
Add component (AddParameter): Name = "Number of Rows"; Value = "2"; VariantName = "[No Variations]"
Add component (AddParameter): Name = "Orientation"; Value = "Right Angle"; VariantName = "[No Variations]"
Add component (AddParameter): Name = "Packaging"; Value = "Tray"; VariantName = "[No Variations]"
Add component (AddParameter): Name = "Pitch"; Value = "0.1inch"; VariantName = "[No Variations]"
Add component (AddParameter): Name = "Pricing 1"; Value = "1=1.4, 10=1.269, 100=1.0876, 500=0.9063, 1000=0.7769, 5000=0.6888, 10000=0.6733 (USD)"; VariantName = "[No Variations]"
Add component (AddParameter): Name = "Radiation Hardening"; Value = "No"; VariantName = "[No Variations]"
Add component (AddParameter): Name = "Row Spacing"; Value = "0.1inch"; VariantName = "[No Variations]"
Add component (AddParameter): Name = "Stock 1"; Value = "3106"; VariantName = "[No Variations]"
Add component (AddParameter): Name = "Supplier 1"; Value = "Digi-Key"; VariantName = "[No Variations]"
Add component (AddParameter): Name = "Supplier Part Number 1"; Value = "WM6285-ND"; VariantName = "[No Variations]"
Add component (AddParameter): Name = "Termination"; Value = "Solder"; VariantName = "[No Variations]"
Added Pin To Net: NetName=MIBSPI3_MOSI Pin=JP7-1
Added Pin To Net: NetName=MIBSPI3_CLK Pin=JP7-2
Added Pin To Net: NetName=MIBSPI3_NCS_0 Pin=JP8-2
Added Pin To Net: NetName=MIBSPI1_NCS_0 Pin=JP9-1
Added Pin To Net: NetName=MIBSPI1_CLK Pin=JP9-2
Added Pin To Net: NetName=MIBSPI1_MOSI Pin=JP9-3
Added Pin To Net: NetName=MIBSPI3_NCS_0 Pin=U5-11
Added Pin To Net: NetName=MIBSPI3_CLK Pin=U5-12
Added Pin To Net: NetName=MIBSPI3_MOSI Pin=U5-13
Added Pin To Net: NetName=MIBSPI1_MOSI Pin=U6-2
Added Pin To Net: NetName=MIBSPI1_CLK Pin=U6-3
Added Pin To Net: NetName=MIBSPI1_NCS_0 Pin=U6-4
Added Pin To Net: NetName=+24V Pin=X8-1
Added Pin To Net: NetName=+24V Pin=X8-2
Added Pin To Net: NetName=+24V Pin=X8-3
Added Pin To Net: NetName=+24V Pin=X8-4
Added Pin To Net: NetName=GND Pin=X8-5
Added Pin To Net: NetName=GND Pin=X8-6
Added Pin To Net: NetName=GND Pin=X8-7
Added Pin To Net: NetName=GND Pin=X8-8
Added Pin To Net: NetName=MIBSPI3_MISO Pin=JP8-1
Added Pin To Net: NetName=MIBSPI3_MISO Pin=U5-14
Added Pin To Net: NetName=MIBSPI3_MISO Pin=U9-51
Added Net: Name=MIBSPI3_MISO
Added Member To Class: ClassName=Connectors Member=Component X8 0346910080
