Added Component: Designator=U9(LQFP-144)
Add component. Clean all parameters for all variants
Add component (AddParameter): Name = "Case/Package"; Value = "LQFP"; VariantName = "[No Variations]"
Add component (AddParameter): Name = "ComponentLink1Description"; Value = "http://www.ti.com/lit/pdf/spnu515"; VariantName = "[No Variations]"
Add component (AddParameter): Name = "ComponentLink1URL"; Value = "http://www.ti.com/lit/pdf/spnu515"; VariantName = "[No Variations]"
Add component (AddParameter): Name = "ComponentLink2Description"; Value = "http://www.ti.com/lit/gpn/tms570ls1224"; VariantName = "[No Variations]"
Add component (AddParameter): Name = "ComponentLink2URL"; Value = "http://www.ti.com/lit/gpn/tms570ls1224"; VariantName = "[No Variations]"
Add component (AddParameter): Name = "ComponentLink3Description"; Value = "http://www.ti.com/general/docs/lit/getliterature.tsp?genericPartNumber=TMS570LS1224&&fileType=pdf"; VariantName = "[No Variations]"
Add component (AddParameter): Name = "ComponentLink3URL"; Value = "http://www.ti.com/general/docs/lit/getliterature.tsp?genericPartNumber=TMS570LS1224&&fileType=pdf"; VariantName = "[No Variations]"
Add component (AddParameter): Name = "Core Architecture"; Value = "ARM"; VariantName = "[No Variations]"
Add component (AddParameter): Name = "Density"; Value = "1310720B"; VariantName = "[No Variations]"
Add component (AddParameter): Name = "Frequency"; Value = "160MHz"; VariantName = "[No Variations]"
Add component (AddParameter): Name = "Interface"; Value = "I2C,SPI,CAN,UART,USART,LIN,SCI,EBI/EMI"; VariantName = "[No Variations]"
Add component (AddParameter): Name = "Lead Free"; Value = "Lead Free"; VariantName = "[No Variations]"
Add component (AddParameter): Name = "Manufacturer"; Value = "Texas Instruments"; VariantName = "[No Variations]"
Add component (AddParameter): Name = "Manufacturer Part Number"; Value = "TMS5701224CPGEQQ1"; VariantName = "[No Variations]"
Add component (AddParameter): Name = "Max Frequency"; Value = "160MHz"; VariantName = "[No Variations]"
Add component (AddParameter): Name = "Max Operating Temperature"; Value = "125°C"; VariantName = "[No Variations]"
Add component (AddParameter): Name = "Memory Size"; Value = "1.25MB"; VariantName = "[No Variations]"
Add component (AddParameter): Name = "Memory Type"; Value = "FLASH"; VariantName = "[No Variations]"
Add component (AddParameter): Name = "Min Operating Temperature"; Value = "-40°C"; VariantName = "[No Variations]"
Add component (AddParameter): Name = "Number of GPIO"; Value = "64"; VariantName = "[No Variations]"
Add component (AddParameter): Name = "Number of I/Os"; Value = "64"; VariantName = "[No Variations]"
Add component (AddParameter): Name = "Number of Pins"; Value = "144"; VariantName = "[No Variations]"
Add component (AddParameter): Name = "Number of Programmable I/O"; Value = "64"; VariantName = "[No Variations]"
Add component (AddParameter): Name = "Number of Timers/Counters"; Value = "2"; VariantName = "[No Variations]"
Add component (AddParameter): Name = "Oscillator Type"; Value = "External"; VariantName = "[No Variations]"
Add component (AddParameter): Name = "Packaging"; Value = "Tray"; VariantName = "[No Variations]"
Add component (AddParameter): Name = "Peripherals"; Value = "POR,PWM,WDT,DMA"; VariantName = "[No Variations]"
Add component (AddParameter): Name = "Pricing 1"; Value = "1=22.12, 10=20.402, 100=17.4222, 500=15.8176 (USD)"; VariantName = "[No Variations]"
Add component (AddParameter): Name = "RAM Size"; Value = "192KB"; VariantName = "[No Variations]"
Add component (AddParameter): Name = "Stock 1"; Value = "113"; VariantName = "[No Variations]"
Add component (AddParameter): Name = "Supplier 1"; Value = "Digi-Key"; VariantName = "[No Variations]"
Add component (AddParameter): Name = "Supplier Part Number 1"; Value = "296-47200-ND"; VariantName = "[No Variations]"
Add component (AddParameter): Name = "Watchdog Timer"; Value = "Yes"; VariantName = "[No Variations]"
Added Pin To Net: NetName=GIOB_3 Pin=U9-1
Added Pin To Net: NetName=MD_EN Pin=U9-2
Added Pin To Net: NetName=I2C_SCL Pin=U9-3
Added Pin To Net: NetName=I2C_SDA Pin=U9-4
Added Pin To Net: NetName=MD_RUN Pin=U9-5
Added Pin To Net: NetName=CTRL_EN Pin=U9-9
Added Pin To Net: NetName=+3V3 Pin=U9-10
Added Pin To Net: NetName=GND Pin=U9-11
Added Pin To Net: NetName=K3_EN Pin=U9-14
Added Pin To Net: NetName=K1_EN Pin=U9-16
Added Pin To Net: NetName=+1V2 Pin=U9-17
Added Pin To Net: NetName=OSCIN Pin=U9-18
Added Pin To Net: NetName=KELVIN_GND Pin=U9-19
Added Pin To Net: NetName=OSCOUT Pin=U9-20
Added Pin To Net: NetName=GND Pin=U9-21
Added Pin To Net: NetName=K2_EN Pin=U9-22
Added Pin To Net: NetName=N2HET1_1 Pin=U9-23
Added Pin To Net: NetName=N2HET1_0 Pin=U9-25
Added Pin To Net: NetName=+3V3 Pin=U9-26
Added Pin To Net: NetName=GND Pin=U9-27
Added Pin To Net: NetName=GND Pin=U9-28
Added Pin To Net: NetName=+1V2 Pin=U9-29
Added Pin To Net: NetName=NetR85_2 Pin=U9-34
Added Pin To Net: NetName=SCI_RX Pin=U9-38
Added Pin To Net: NetName=SCI_TX Pin=U9-39
Added Pin To Net: NetName=MIBSPI1_NCS_2 Pin=U9-40
Added Pin To Net: NetName=+3V3 Pin=U9-42
Added Pin To Net: NetName=GND Pin=U9-43
Added Pin To Net: NetName=GND Pin=U9-44
Added Pin To Net: NetName=+1V2 Pin=U9-45
Added Pin To Net: NetName=GND Pin=U9-47
Added Pin To Net: NetName=+1V2 Pin=U9-48
Added Pin To Net: NetName=+1V2 Pin=U9-49
Added Pin To Net: NetName=GND Pin=U9-50
Added Pin To Net: NetName=MIBSPI3_MOSI Pin=U9-52
Added Pin To Net: NetName=MIBSPI3_CLK Pin=U9-53
Added Pin To Net: NetName=MIBSPI3_NCS_0 Pin=U9-55
Added Pin To Net: NetName=GND Pin=U9-56
Added Pin To Net: NetName=+1V2 Pin=U9-57
Added Pin To Net: NetName=AD1IN_0 Pin=U9-58
Added Pin To Net: NetName=AD1IN_0 Pin=U9-60
Added Pin To Net: NetName=AD1IN_0 Pin=U9-61
Added Pin To Net: NetName=AD1IN_0 Pin=U9-62
Added Pin To Net: NetName=AD1IN_0 Pin=U9-63
Added Pin To Net: NetName=AD1IN_0 Pin=U9-64
Added Pin To Net: NetName=AD1IN_0 Pin=U9-65
Added Pin To Net: NetName=+5V Pin=U9-66
Added Pin To Net: NetName=GND Pin=U9-67
Added Pin To Net: NetName=GND Pin=U9-68
Added Pin To Net: NetName=+5V Pin=U9-69
Added Pin To Net: NetName=+1V2 Pin=U9-87
Added Pin To Net: NetName=GND Pin=U9-88
Added Pin To Net: NetName=DCAN1_TX Pin=U9-89
Added Pin To Net: NetName=DCAN1_RX Pin=U9-90
Added Pin To Net: NetName=MIBSPI1_MOSI Pin=U9-93
Added Pin To Net: NetName=MIBSPI1_MISO Pin=U9-94
Added Pin To Net: NetName=MIBSPI1_CLK Pin=U9-95
Added Pin To Net: NetName=+1V2 Pin=U9-101
Added Pin To Net: NetName=GND Pin=U9-102
Added Pin To Net: NetName=GND Pin=U9-103
Added Pin To Net: NetName=+3V3 Pin=U9-104
Added Pin To Net: NetName=MIBSPI1_NCS_0 Pin=U9-105
Added Pin To Net: NetName=NetR51_1 Pin=U9-108
Added Pin To Net: NetName=NetR70_1 Pin=U9-109
Added Pin To Net: NetName=NetR65_1 Pin=U9-110
Added Pin To Net: NetName=NetR55_1 Pin=U9-111
Added Pin To Net: NetName=NetR76_2 Pin=U9-112
Added Pin To Net: NetName=+1V2 Pin=U9-114
Added Pin To Net: NetName=GND Pin=U9-115
Added Pin To Net: NetName=+3V3 Pin=U9-120
Added Pin To Net: NetName=GND Pin=U9-121
Added Pin To Net: NetName=GND Pin=U9-122
Added Pin To Net: NetName=+1V2 Pin=U9-123
Added Pin To Net: NetName=GIOB_0 Pin=U9-126
Added Pin To Net: NetName=DCAN2_TX Pin=U9-128
Added Pin To Net: NetName=DCAN2_RX Pin=U9-129
Added Pin To Net: NetName=MIBSPI1_NCS_1 Pin=U9-130
Added Pin To Net: NetName=GIOB_1 Pin=U9-133
Added Pin To Net: NetName=+3V3 Pin=U9-134
Added Pin To Net: NetName=GND Pin=U9-135
Added Pin To Net: NetName=+3V3 Pin=U9-136
Added Pin To Net: NetName=+1V2 Pin=U9-137
Added Pin To Net: NetName=GND Pin=U9-138
Added Pin To Net: NetName=GIOB_2 Pin=U9-142
Added Pin To Net: NetName=+1V2 Pin=U9-143
Added Pin To Net: NetName=GND Pin=U9-144
Added Member To Class: ClassName=Power_MCU Member=Component U9 TMS5701224CPGEQQ1
