Removed Member From Class: ClassName=MCU_Signals Member=X5
Change Component Description : Designator=X6 Old Description=.050 Connector Dual Header 10 Position Surface Mount New Description=CONN_JTAG_10pin .050 Connector Dual Header 10 Position Surface Mount
Change Component Description : Designator=C2 Old Description=4.7µF ±10% 10V X5R Ceramic Capacitor -55°C ~ 85°C Surface Mount, MLCC 0805 (2012 Metric) 0.079" L x 0.049" W (2.00mm x 1.25mm) New Description=CAP MLCC 4.7µF ±10% 10V X5R Ceramic Capacitor -55°C ~ 85°C Surface Mount, MLCC 0805 (2012 Metric) 0.079" L x 0.049" W (2.00mm x 1.25mm)
Change Component Description : Designator=XTAL1 Old Description=16MHz ±30ppm Crystal 18pF 40 Ohm -40°C ~ 85°C  Surface Mount HC49/US New Description=XTAL 16MHz ±30ppm Crystal 18pF 40 Ohm -40°C ~ 85°C  Surface Mount HC49/US
Change Component Description : Designator=X4 Old Description=20 Positions Header, Shrouded Connector 0.100" (2.54mm) Through Hole, Right Angle Tin New Description=CONN_20Positions Molex Stac64 Header, Shrouded Connector 0.100" (2.54mm) Through Hole, Right Angle Tin
Change Component Description : Designator=C39 Old Description=33pF 10V Ceramic Capacitor C0G, NP0 0805 (2012 Metric) 0.079" L x 0.049" W (2.00mm x 1.25mm) New Description=CAP MLCC 33pF 10V Ceramic Capacitor C0G, NP0 0805 (2012 Metric) 0.079" L x 0.049" W (2.00mm x 1.25mm)
Change Component Description : Designator=C40 Old Description=33pF 10V Ceramic Capacitor C0G, NP0 0805 (2012 Metric) 0.079" L x 0.049" W (2.00mm x 1.25mm) New Description=CAP MLCC 33pF 10V Ceramic Capacitor C0G, NP0 0805 (2012 Metric) 0.079" L x 0.049" W (2.00mm x 1.25mm)
Change Component Description : Designator=C3 Old Description=AVX   F381A106MMA   Surface Mount Tantalum Capacitor, F38 Series, 10 F, 0603 [1608 Metric], 0.5 ohm, 10 V New Description=CAP TANTALUM 10uF, 0603 [1608 Metric], 0.5 ohm, 10 V AVX  Surface Mount Tantalum Capacitor, F38 Series, 10uF, 0603 [1608 Metric], 0.5 ohm, 10 V
Change Component Description : Designator=C37 Old Description=AVX   F381A106MMA   Surface Mount Tantalum Capacitor, F38 Series, 10 F, 0603 [1608 Metric], 0.5 ohm, 10 V New Description=CAP TANTALUM 10uF, 0603 [1608 Metric], 0.5 ohm, 10 V AVX  Surface Mount Tantalum Capacitor, F38 Series, 10uF, 0603 [1608 Metric], 0.5 ohm, 10 V
Change Component Description : Designator=C38 Old Description=AVX   F381A106MMA   Surface Mount Tantalum Capacitor, F38 Series, 10 F, 0603 [1608 Metric], 0.5 ohm, 10 V New Description=CAP TANTALUM 10uF, 0603 [1608 Metric], 0.5 ohm, 10 V AVX  Surface Mount Tantalum Capacitor, F38 Series, 10uF, 0603 [1608 Metric], 0.5 ohm, 10 V
Change Component Description : Designator=U3 Old Description=DC/DC CONVERTER 3.3V 1W New Description=DCDC 3V3 CONVERTER 3.3V 1W
Change Component Description : Designator=U6 Old Description=Digital to Analog Converters - DAC Sgl 12-bit SPI int New Description=IC Digital to Analog Converters - DAC Sgl 12-bit SPI int
Change Component Description : Designator=L1 Old Description=Fixed Inductors 10uH 0.5A Mini SMT Power New Description=Inductor Fixed 10uH 0.5A Mini SMT Power
Change Component Description : Designator=JP1 Old Description=Headers & Wire Housings 02 SIL VERTICAL PIN HEADER TIN New Description=CONN_HeaderPins2pos Headers & Wire Housings 02 SIL VERTICAL PIN HEADER TIN
Change Component Description : Designator=JP2 Old Description=Headers & Wire Housings 02 SIL VERTICAL PIN HEADER TIN New Description=CONN_HeaderPins2pos Headers & Wire Housings 02 SIL VERTICAL PIN HEADER TIN
Change Component Description : Designator=JP3 Old Description=Headers & Wire Housings 02 SIL VERTICAL PIN HEADER TIN New Description=CONN_HeaderPins2pos Headers & Wire Housings 02 SIL VERTICAL PIN HEADER TIN
Change Component Description : Designator=JP4 Old Description=Headers & Wire Housings 02 SIL VERTICAL PIN HEADER TIN New Description=CONN_HeaderPins2pos Headers & Wire Housings 02 SIL VERTICAL PIN HEADER TIN
Change Component Description : Designator=JP5 Old Description=Headers & Wire Housings 02 SIL VERTICAL PIN HEADER TIN New Description=CONN_HeaderPins2pos Headers & Wire Housings 02 SIL VERTICAL PIN HEADER TIN
Change Component Description : Designator=JP6 Old Description=Headers & Wire Housings 02 SIL VERTICAL PIN HEADER TIN New Description=CONN_HeaderPins2pos Headers & Wire Housings 02 SIL VERTICAL PIN HEADER TIN
Change Component Description : Designator=JP7 Old Description=Headers & Wire Housings 02 SIL VERTICAL PIN HEADER TIN New Description=CONN_HeaderPins2pos Headers & Wire Housings 02 SIL VERTICAL PIN HEADER TIN
Change Component Description : Designator=JP8 Old Description=Headers & Wire Housings 02 SIL VERTICAL PIN HEADER TIN New Description=CONN_HeaderPins2pos Headers & Wire Housings 02 SIL VERTICAL PIN HEADER TIN
Change Component Description : Designator=U4 Old Description=IC REG LDO 3.3V 0.5A New Description=LDO_1V2 REG 3.3V INPUT 1V2 OUTPUT 0.5A
Change Component Description : Designator=U5 Old Description=MICROCHIP         MCP23S17T-E/SO             I/O Expander, 16bit, 10 MHz, SPI, 4.5 V, 5.5 V, SOIC New Description=IC I/O Expander, 16bit, 10 MHz, SPI, 4.5 V, 5.5 V, SOIC
Change Component Description : Designator=U7 Old Description=MICROCHIP         MCP2561FD-E/SN            CAN Bus, Transceiver, CAN, 1, 1, 4.5 V, 5.5 V, SOIC New Description=IC CAN Bus, Transceiver, CAN, 1, 1, 4.5 V, 5.5 V, SOIC
Change Component Description : Designator=U8 Old Description=MICROCHIP         MCP2561FD-E/SN            CAN Bus, Transceiver, CAN, 1, 1, 4.5 V, 5.5 V, SOIC New Description=IC CAN Bus, Transceiver, CAN, 1, 1, 4.5 V, 5.5 V, SOIC
Change Component Description : Designator=C1 Old Description=MLCC SMD CAP 100nF 10Volts U2J 5% New Description=CAP MLCC 100nF 10Volts U2J 5%
Change Component Description : Designator=C4 Old Description=MLCC SMD CAP 100nF 10Volts U2J 5% New Description=CAP MLCC 100nF 10Volts U2J 5%
Change Component Description : Designator=C5 Old Description=MLCC SMD CAP 100nF 10Volts U2J 5% New Description=CAP MLCC 100nF 10Volts U2J 5%
Change Component Description : Designator=C6 Old Description=MLCC SMD CAP 100nF 10Volts U2J 5% New Description=CAP MLCC 100nF 10Volts U2J 5%
Change Component Description : Designator=C7 Old Description=MLCC SMD CAP 100nF 10Volts U2J 5% New Description=CAP MLCC 100nF 10Volts U2J 5%
Change Component Description : Designator=C8 Old Description=MLCC SMD CAP 100nF 10Volts U2J 5% New Description=CAP MLCC 100nF 10Volts U2J 5%
Change Component Description : Designator=C9 Old Description=MLCC SMD CAP 100nF 10Volts U2J 5% New Description=CAP MLCC 100nF 10Volts U2J 5%
Change Component Description : Designator=C10 Old Description=MLCC SMD CAP 100nF 10Volts U2J 5% New Description=CAP MLCC 100nF 10Volts U2J 5%
Change Component Description : Designator=C11 Old Description=MLCC SMD CAP 100nF 10Volts U2J 5% New Description=CAP MLCC 100nF 10Volts U2J 5%
Change Component Description : Designator=C12 Old Description=MLCC SMD CAP 100nF 10Volts U2J 5% New Description=CAP MLCC 100nF 10Volts U2J 5%
Change Component Description : Designator=C13 Old Description=MLCC SMD CAP 100nF 10Volts U2J 5% New Description=CAP MLCC 100nF 10Volts U2J 5%
Change Component Description : Designator=C14 Old Description=MLCC SMD CAP 100nF 10Volts U2J 5% New Description=CAP MLCC 100nF 10Volts U2J 5%
Change Component Description : Designator=C15 Old Description=MLCC SMD CAP 100nF 10Volts U2J 5% New Description=CAP MLCC 100nF 10Volts U2J 5%
Change Component Description : Designator=C16 Old Description=MLCC SMD CAP 100nF 10Volts U2J 5% New Description=CAP MLCC 100nF 10Volts U2J 5%
Change Component Description : Designator=C19 Old Description=MLCC SMD CAP 100nF 10Volts U2J 5% New Description=CAP MLCC 100nF 10Volts U2J 5%
Change Component Description : Designator=C20 Old Description=MLCC SMD CAP 100nF 10Volts U2J 5% New Description=CAP MLCC 100nF 10Volts U2J 5%
Change Component Description : Designator=C21 Old Description=MLCC SMD CAP 100nF 10Volts U2J 5% New Description=CAP MLCC 100nF 10Volts U2J 5%
Change Component Description : Designator=C22 Old Description=MLCC SMD CAP 100nF 10Volts U2J 5% New Description=CAP MLCC 100nF 10Volts U2J 5%
Change Component Description : Designator=C23 Old Description=MLCC SMD CAP 100nF 10Volts U2J 5% New Description=CAP MLCC 100nF 10Volts U2J 5%
Change Component Description : Designator=C24 Old Description=MLCC SMD CAP 100nF 10Volts U2J 5% New Description=CAP MLCC 100nF 10Volts U2J 5%
Change Component Description : Designator=C25 Old Description=MLCC SMD CAP 100nF 10Volts U2J 5% New Description=CAP MLCC 100nF 10Volts U2J 5%
Change Component Description : Designator=C26 Old Description=MLCC SMD CAP 100nF 10Volts U2J 5% New Description=CAP MLCC 100nF 10Volts U2J 5%
Change Component Description : Designator=C27 Old Description=MLCC SMD CAP 100nF 10Volts U2J 5% New Description=CAP MLCC 100nF 10Volts U2J 5%
Change Component Description : Designator=C28 Old Description=MLCC SMD CAP 100nF 10Volts U2J 5% New Description=CAP MLCC 100nF 10Volts U2J 5%
Change Component Description : Designator=C29 Old Description=MLCC SMD CAP 100nF 10Volts U2J 5% New Description=CAP MLCC 100nF 10Volts U2J 5%
Change Component Description : Designator=C30 Old Description=MLCC SMD CAP 100nF 10Volts U2J 5% New Description=CAP MLCC 100nF 10Volts U2J 5%
Change Component Description : Designator=C31 Old Description=MLCC SMD CAP 100nF 10Volts U2J 5% New Description=CAP MLCC 100nF 10Volts U2J 5%
Change Component Description : Designator=C32 Old Description=MLCC SMD CAP 100nF 10Volts U2J 5% New Description=CAP MLCC 100nF 10Volts U2J 5%
Change Component Description : Designator=C33 Old Description=MLCC SMD CAP 100nF 10Volts U2J 5% New Description=CAP MLCC 100nF 10Volts U2J 5%
Change Component Description : Designator=C34 Old Description=MLCC SMD CAP 100nF 10Volts U2J 5% New Description=CAP MLCC 100nF 10Volts U2J 5%
Change Component Description : Designator=C35 Old Description=MLCC SMD CAP 100nF 10Volts U2J 5% New Description=CAP MLCC 100nF 10Volts U2J 5%
Change Component Description : Designator=C36 Old Description=MLCC SMD CAP 100nF 10Volts U2J 5% New Description=CAP MLCC 100nF 10Volts U2J 5%
Change Component Description : Designator=C41 Old Description=MLCC SMD CAP 100nF 10Volts U2J 5% New Description=CAP MLCC 100nF 10Volts U2J 5%
Change Component Description : Designator=U2 Old Description=MURATA POWER SOLUTIONS 	   	78SRH-5/2-C 	   	IC, SYNC SWITCHING REGULATOR, TO-220-3 New Description=DCDC 5V MURATA POWER SOLUTIONS 	   	78SRH-5/2-C 	   	IC, SYNC SWITCHING REGULATOR, TO-220-3
Change Component Description : Designator=Q3 Old Description=Self-Protected Low Side Driver Automotive 4-Pin(3+Tab) SOT-223 T/R New Description=MOSFET Self-Protected Low Side Driver Automotive 4-Pin(3+Tab) SOT-223 T/R
Change Component Description : Designator=Q4 Old Description=Self-Protected Low Side Driver Automotive 4-Pin(3+Tab) SOT-223 T/R New Description=MOSFET Self-Protected Low Side Driver Automotive 4-Pin(3+Tab) SOT-223 T/R
Change Component Description : Designator=Q5 Old Description=Self-Protected Low Side Driver Automotive 4-Pin(3+Tab) SOT-223 T/R New Description=MOSFET Self-Protected Low Side Driver Automotive 4-Pin(3+Tab) SOT-223 T/R
Change Component Description : Designator=Q6 Old Description=Self-Protected Low Side Driver Automotive 4-Pin(3+Tab) SOT-223 T/R New Description=MOSFET Self-Protected Low Side Driver Automotive 4-Pin(3+Tab) SOT-223 T/R
Change Component Description : Designator=Q2 Old Description=Trans MOSFET P-CH 80V 23.5A 3-Pin(2+Tab) TO-263 New Description=MOSFET P-CH 80V 23.5A 3-Pin(2+Tab) TO-263
Change Component Description : Designator=JP9 Old Description=WURTH ELEKTRONIK         61300311121            Board-To-Board Connector, Vertical, WR-PHD Series, Through Hole, Header, 3 Contacts, 2.54 mm New Description=CONN_HeaderPins3pos WURTH ELEKTRONIK Board-To-Board Connector, Vertical, WR-PHD Series, Through Hole, Header, 3 Contacts, 2.54 mm
Added Component: Designator=X1(MOLEX_20pin)
Add component. Clean all parameters for all variants
Add component (AddParameter): Name = "Case/Package"; Value = "100"; VariantName = "[No Variations]"
Add component (AddParameter): Name = "Colour"; Value = "Black"; VariantName = "[No Variations]"
Add component (AddParameter): Name = "ComponentLink1Description"; Value = "https://datasheet.ciiva.com/29142/987651-0141-29142848.pdf"; VariantName = "[No Variations]"
Add component (AddParameter): Name = "ComponentLink1URL"; Value = "https://datasheet.ciiva.com/29142/987651-0141-29142848.pdf"; VariantName = "[No Variations]"
Add component (AddParameter): Name = "Connector Type"; Value = "Male Pin"; VariantName = "[No Variations]"
Add component (AddParameter): Name = "Contact Plating"; Value = "Tin"; VariantName = "[No Variations]"
Add component (AddParameter): Name = "Manufacturer"; Value = "Molex"; VariantName = "[No Variations]"
Add component (AddParameter): Name = "Manufacturer Part Number"; Value = "0346916200"; VariantName = "[No Variations]"
Add component (AddParameter): Name = "Number of Positions"; Value = "20"; VariantName = "[No Variations]"
Add component (AddParameter): Name = "Number of Rows"; Value = "2"; VariantName = "[No Variations]"
Add component (AddParameter): Name = "Package Quantity"; Value = "560"; VariantName = "[No Variations]"
Add component (AddParameter): Name = "Packaging"; Value = "Tray"; VariantName = "[No Variations]"
Add component (AddParameter): Name = "Pitch"; Value = "0.1inch"; VariantName = "[No Variations]"
Add component (AddParameter): Name = "Pricing 1"; Value = "1=3.07, 10=2.946, 100=2.4546, 500=2.0864, 1000=1.7796, 5000=1.5955 (USD)"; VariantName = "[No Variations]"
Add component (AddParameter): Name = "Row Spacing"; Value = "0.1inch"; VariantName = "[No Variations]"
Add component (AddParameter): Name = "Stock 1"; Value = "334"; VariantName = "[No Variations]"
Add component (AddParameter): Name = "Supplier 1"; Value = "Digi-Key"; VariantName = "[No Variations]"
Add component (AddParameter): Name = "Supplier Part Number 1"; Value = "WM10445-ND"; VariantName = "[No Variations]"
Add component (AddParameter): Name = "Termination"; Value = "Solder"; VariantName = "[No Variations]"
Added Component: Designator=X2(MOLEX_20pin)
Add component. Clean all parameters for all variants
Add component (AddParameter): Name = "Case/Package"; Value = "100"; VariantName = "[No Variations]"
Add component (AddParameter): Name = "Colour"; Value = "Black"; VariantName = "[No Variations]"
Add component (AddParameter): Name = "ComponentLink1Description"; Value = "https://datasheet.ciiva.com/29142/987651-0141-29142848.pdf"; VariantName = "[No Variations]"
Add component (AddParameter): Name = "ComponentLink1URL"; Value = "https://datasheet.ciiva.com/29142/987651-0141-29142848.pdf"; VariantName = "[No Variations]"
Add component (AddParameter): Name = "Connector Type"; Value = "Male Pin"; VariantName = "[No Variations]"
Add component (AddParameter): Name = "Contact Plating"; Value = "Tin"; VariantName = "[No Variations]"
Add component (AddParameter): Name = "Manufacturer"; Value = "Molex"; VariantName = "[No Variations]"
Add component (AddParameter): Name = "Manufacturer Part Number"; Value = "0346916200"; VariantName = "[No Variations]"
Add component (AddParameter): Name = "Number of Positions"; Value = "20"; VariantName = "[No Variations]"
Add component (AddParameter): Name = "Number of Rows"; Value = "2"; VariantName = "[No Variations]"
Add component (AddParameter): Name = "Package Quantity"; Value = "560"; VariantName = "[No Variations]"
Add component (AddParameter): Name = "Packaging"; Value = "Tray"; VariantName = "[No Variations]"
Add component (AddParameter): Name = "Pitch"; Value = "0.1inch"; VariantName = "[No Variations]"
Add component (AddParameter): Name = "Pricing 1"; Value = "1=3.07, 10=2.946, 100=2.4546, 500=2.0864, 1000=1.7796, 5000=1.5955 (USD)"; VariantName = "[No Variations]"
Add component (AddParameter): Name = "Row Spacing"; Value = "0.1inch"; VariantName = "[No Variations]"
Add component (AddParameter): Name = "Stock 1"; Value = "334"; VariantName = "[No Variations]"
Add component (AddParameter): Name = "Supplier 1"; Value = "Digi-Key"; VariantName = "[No Variations]"
Add component (AddParameter): Name = "Supplier Part Number 1"; Value = "WM10445-ND"; VariantName = "[No Variations]"
Add component (AddParameter): Name = "Termination"; Value = "Solder"; VariantName = "[No Variations]"
Added Component: Designator=X3(MOLEX_10PIN)
Add component. Clean all parameters for all variants
Add component (AddParameter): Name = "Colour"; Value = "Grey"; VariantName = "[No Variations]"
Add component (AddParameter): Name = "ComponentLink1Description"; Value = "https://datasheet.ciiva.com/6844/346960101-sd-6844161.pdf"; VariantName = "[No Variations]"
Add component (AddParameter): Name = "ComponentLink1URL"; Value = "https://datasheet.ciiva.com/6844/346960101-sd-6844161.pdf"; VariantName = "[No Variations]"
Add component (AddParameter): Name = "ComponentLink2Description"; Value = "https://datasheet.ciiva.com/10081/0346960101-pcb-headers-10081642.pdf"; VariantName = "[No Variations]"
Add component (AddParameter): Name = "ComponentLink2URL"; Value = "https://datasheet.ciiva.com/10081/0346960101-pcb-headers-10081642.pdf"; VariantName = "[No Variations]"
Add component (AddParameter): Name = "Connector Type"; Value = "Male Pin"; VariantName = "[No Variations]"
Add component (AddParameter): Name = "Contact Material"; Value = "Copper"; VariantName = "[No Variations]"
Add component (AddParameter): Name = "Contact Plating"; Value = "Tin"; VariantName = "[No Variations]"
Add component (AddParameter): Name = "Fastening Type"; Value = "Latch"; VariantName = "[No Variations]"
Add component (AddParameter): Name = "Gender"; Value = "Male"; VariantName = "[No Variations]"
Add component (AddParameter): Name = "Housing Colour"; Value = "Natural"; VariantName = "[No Variations]"
Add component (AddParameter): Name = "Housing Material"; Value = "Thermoplastic"; VariantName = "[No Variations]"
Add component (AddParameter): Name = "Length"; Value = "34.04mm"; VariantName = "[No Variations]"
Add component (AddParameter): Name = "Manufacturer"; Value = "Molex"; VariantName = "[No Variations]"
Add component (AddParameter): Name = "Manufacturer Part Number"; Value = "0346960101"; VariantName = "[No Variations]"
Add component (AddParameter): Name = "Max Operating Temperature"; Value = "100°C"; VariantName = "[No Variations]"
Add component (AddParameter): Name = "Min Operating Temperature"; Value = "-40°C"; VariantName = "[No Variations]"
Add component (AddParameter): Name = "Mount"; Value = "Through Hole"; VariantName = "[No Variations]"
Add component (AddParameter): Name = "Number of Contacts"; Value = "10"; VariantName = "[No Variations]"
Add component (AddParameter): Name = "Number of Positions"; Value = "10"; VariantName = "[No Variations]"
Add component (AddParameter): Name = "Number of Rows"; Value = "2"; VariantName = "[No Variations]"
Add component (AddParameter): Name = "Orientation"; Value = "Right Angle"; VariantName = "[No Variations]"
Add component (AddParameter): Name = "Package Quantity"; Value = "560"; VariantName = "[No Variations]"
Add component (AddParameter): Name = "Packaging"; Value = "Tray"; VariantName = "[No Variations]"
Add component (AddParameter): Name = "Pitch"; Value = "2.54mm"; VariantName = "[No Variations]"
Add component (AddParameter): Name = "Pricing 1"; Value = "1=2.65, 10=2.54, 100=2.1164, 500=1.7989, 1000=1.5344, 5000=1.3757 (USD)"; VariantName = "[No Variations]"
Add component (AddParameter): Name = "Row Spacing"; Value = "0.248inch"; VariantName = "[No Variations]"
Add component (AddParameter): Name = "Stock 1"; Value = "1144"; VariantName = "[No Variations]"
Add component (AddParameter): Name = "Supplier 1"; Value = "Digi-Key"; VariantName = "[No Variations]"
Add component (AddParameter): Name = "Supplier Part Number 1"; Value = "WM14546-ND"; VariantName = "[No Variations]"
Add component (AddParameter): Name = "Termination"; Value = "Solder"; VariantName = "[No Variations]"
Added Pin To Net: NetName=+5V Pin=X1-1
Added Pin To Net: NetName=GND Pin=X1-2
Added Pin To Net: NetName=I2C_SCL Pin=X1-3
Added Pin To Net: NetName=I2C_SDA Pin=X1-4
Added Pin To Net: NetName=MD_EN Pin=X1-5
Added Pin To Net: NetName=MD_RUN Pin=X1-6
Added Pin To Net: NetName=GND Pin=X1-7
Added Pin To Net: NetName=GND Pin=X1-8
Added Pin To Net: NetName=CAN_L1 Pin=X1-9
Added Pin To Net: NetName=CAN_H1 Pin=X1-10
Added Pin To Net: NetName=AD1IN_0 Pin=X1-11
Added Pin To Net: NetName=AD1IN_20 Pin=X1-12
Added Pin To Net: NetName=AD1IN_21 Pin=X1-13
Added Pin To Net: NetName=+24V Pin=X1-17
Added Pin To Net: NetName=GND Pin=X1-18
Added Pin To Net: NetName=+5V Pin=X1-19
Added Pin To Net: NetName=GND Pin=X1-20
Added Pin To Net: NetName=+5V Pin=X2-1
Added Pin To Net: NetName=GND Pin=X2-2
Added Pin To Net: NetName=AD1IN_18 Pin=X2-4
Added Pin To Net: NetName=AD1IN_19 Pin=X2-5
Added Pin To Net: NetName=+24V Pin=X2-8
Added Pin To Net: NetName=AD1IN_7 Pin=X2-9
Added Pin To Net: NetName=GND Pin=X2-10
Added Pin To Net: NetName=+24V Pin=X2-11
Added Pin To Net: NetName=K1- Pin=X2-12
Added Pin To Net: NetName=+24V Pin=X2-13
Added Pin To Net: NetName=K2- Pin=X2-14
Added Pin To Net: NetName=+24V Pin=X2-15
Added Pin To Net: NetName=K3- Pin=X2-16
Added Pin To Net: NetName=DAC_OUTPUT Pin=X3-1
Added Pin To Net: NetName=CAN_L1 Pin=X3-2
Added Pin To Net: NetName=CAN_H1 Pin=X3-3
Added Pin To Net: NetName=CAN_L1 Pin=X3-5
Added Pin To Net: NetName=CAN_H1 Pin=X3-6
Added Pin To Net: NetName=NetQ2_3 Pin=X3-7
Added Pin To Net: NetName=NetQ2_3 Pin=X3-7
Added Pin To Net: NetName=GND Pin=X3-8
Added Pin To Net: NetName=GND Pin=X3-8
Added Pin To Net: NetName=+5V Pin=X3-9
Added Pin To Net: NetName=+5V Pin=X3-9
Added Pin To Net: NetName=GND Pin=X3-10
Added Pin To Net: NetName=GND Pin=X3-10
Added Member To Class: ClassName=Connectors Member=Component X1 WM10445-ND
Added Member To Class: ClassName=Connectors Member=Component X2 WM10445-ND
Added Member To Class: ClassName=Connectors Member=Component X3 WM14546-ND
