Change Component Designator: OldDesignator=C5_U_Single_Mux1 NewDesignator=C1_U_Single_Mux1
Change Component Designator: OldDesignator=C5_U_Single_Mux2 NewDesignator=C1_U_Single_Mux2
Change Component Designator: OldDesignator=C6_U_Single_Mux1 NewDesignator=C2_U_Single_Mux1
Change Component Designator: OldDesignator=C6_U_Single_Mux2 NewDesignator=C2_U_Single_Mux2
Change Component Designator: OldDesignator=C7_U_Single_Mux1 NewDesignator=C3_U_Single_Mux1
Change Component Designator: OldDesignator=C7_U_Single_Mux2 NewDesignator=C3_U_Single_Mux2
Change Component Designator: OldDesignator=C8_U_Single_Mux1 NewDesignator=C4_U_Single_Mux1
Change Component Designator: OldDesignator=C8_U_Single_Mux2 NewDesignator=C4_U_Single_Mux2
Change Component Designator: OldDesignator=C9_U_Single_Mux1 NewDesignator=C5_U_Single_Mux1
Change Component Designator: OldDesignator=C9_U_Single_Mux2 NewDesignator=C5_U_Single_Mux2
Change Component Designator: OldDesignator=C10_U_Single_Mux1 NewDesignator=C6_U_Single_Mux1
Change Component Designator: OldDesignator=C10_U_Single_Mux2 NewDesignator=C6_U_Single_Mux2
Change Component Designator: OldDesignator=P1 NewDesignator=P2
Change Component Designator: OldDesignator=P2_U_AHK50H-ND_THERM_CONNECTOR1 NewDesignator=P1_U_AHK50H-ND_THERM_CONNECTOR1
Change Component Designator: OldDesignator=P2_U_AHK50H-ND_THERM_CONNECTOR2 NewDesignator=P1_U_AHK50H-ND_THERM_CONNECTOR2
Change Component Designator: OldDesignator=R1_U_Single_Mux1 NewDesignator=R2_U_Single_Mux1
Change Component Designator: OldDesignator=R1_U_Single_Mux2 NewDesignator=R2_U_Single_Mux2
Change Component Designator: OldDesignator=R2_U_Single_Mux1 NewDesignator=R3_U_Single_Mux1
Change Component Designator: OldDesignator=R2_U_Single_Mux2 NewDesignator=R3_U_Single_Mux2
Change Component Designator: OldDesignator=R3_U_Single_Mux1 NewDesignator=R4_U_Single_Mux1
Change Component Designator: OldDesignator=R3_U_Single_Mux2 NewDesignator=R4_U_Single_Mux2
Change Component Designator: OldDesignator=R4 NewDesignator=R1
Change Component Designator: OldDesignator=S2 NewDesignator=S3
Change Component Designator: OldDesignator=S3 NewDesignator=S2
Change Component Designator: OldDesignator=TP11_U_Single_Mux1 NewDesignator=TP2_U_Single_Mux1
Change Component Designator: OldDesignator=TP11_U_Single_Mux2 NewDesignator=TP2_U_Single_Mux2
Change Component Designator: OldDesignator=TP12_U_Single_Mux1 NewDesignator=TP3_U_Single_Mux1
Change Component Designator: OldDesignator=TP12_U_Single_Mux2 NewDesignator=TP3_U_Single_Mux2
Change Component Designator: OldDesignator=TP16_U_Single_Mux1 NewDesignator=TP4_U_Single_Mux1
Change Component Designator: OldDesignator=TP16_U_Single_Mux2 NewDesignator=TP4_U_Single_Mux2
Change Component Designator: OldDesignator=TP17_U_Single_Mux1 NewDesignator=TP5_U_Single_Mux1
Change Component Designator: OldDesignator=TP17_U_Single_Mux2 NewDesignator=TP5_U_Single_Mux2
Change Component Designator: OldDesignator=TP18_U_Single_Mux1 NewDesignator=TP6_U_Single_Mux1
Change Component Designator: OldDesignator=TP18_U_Single_Mux2 NewDesignator=TP6_U_Single_Mux2
Change Component Designator: OldDesignator=TP19_U_Single_Mux1 NewDesignator=TP7_U_Single_Mux1
Change Component Designator: OldDesignator=TP19_U_Single_Mux2 NewDesignator=TP7_U_Single_Mux2
Change Component Designator: OldDesignator=U3_U_Single_Mux1 NewDesignator=U1_U_Single_Mux1
Change Component Designator: OldDesignator=U3_U_Single_Mux2 NewDesignator=U1_U_Single_Mux2
Change Component Designator: OldDesignator=U4_U_Single_Mux1 NewDesignator=U2_U_Single_Mux1
Change Component Designator: OldDesignator=U4_U_Single_Mux2 NewDesignator=U2_U_Single_Mux2
Change Component Designator: OldDesignator=U5_U_Single_Mux1 NewDesignator=U3_U_Single_Mux1
Change Component Designator: OldDesignator=U5_U_Single_Mux2 NewDesignator=U3_U_Single_Mux2
