Added Member To Class: ClassName=latch_sdc_sch Member=Component D1 SD560BTR
Added Member To Class: ClassName=latch_sdc_sch Member=Component D2 SD560BTR
Added Member To Class: ClassName=latch_sdc_sch Member=Component D3 SD560BTR
Added Member To Class: ClassName=latch_sdc_sch Member=Component K1 3A
Added Member To Class: ClassName=latch_sdc_sch Member=Component K2 3A
Added Member To Class: ClassName=latch_sdc_sch Member=Component K3 3A
Added Member To Class: ClassName=latch_sdc_sch Member=Component M1 MOLEX
Added Member To Class: ClassName=latch_sdc_sch Member=Component M2 MOLEX
Added Member To Class: ClassName=latch_sdc_sch Member=Component M3 MOLEX
Added Member To Class: ClassName=latch_sdc_sch Member=Component M4 MOLEX
Added Member To Class: ClassName=latch_sdc_sch Member=Component M5 MOLEX
Added Member To Class: ClassName=latch_sdc_sch Member=Component Q1 DMN2029USD-13
Added Member To Class: ClassName=latch_sdc_sch Member=Component Q2 DMN2029USD-13
Added Member To Class: ClassName=latch_sdc_sch Member=Component Q3 DMN2029USD-13
Added Member To Class: ClassName=latch_sdc_sch Member=Component Q4 DMN2029USD-13
Added Member To Class: ClassName=latch_sdc_sch Member=Component Q5 DMN2029USD-13
Added Member To Class: ClassName=latch_sdc_sch Member=Component R1 10K
Added Member To Class: ClassName=latch_sdc_sch Member=Component R2 10K
Added Member To Class: ClassName=latch_sdc_sch Member=Component R3 10K
Added Member To Class: ClassName=latch_sdc_sch Member=Component R4 10K
Added Member To Class: ClassName=latch_sdc_sch Member=Component R5 10K
Added Member To Class: ClassName=latch_sdc_sch Member=Component R6 10K
Added Member To Class: ClassName=latch_sdc_sch Member=Component R7 10K
Added Member To Class: ClassName=latch_sdc_sch Member=Component R8 10K
Added Member To Class: ClassName=latch_sdc_sch Member=Component R9 10K
