PCAD Importer Log
Project : ECS-200-8-37CKM.LibPkg

Section : D:\Formula SAE\GIT - TEAM PHANTOM\hardware\Thermistor_Expansion_Board\ECS-200-8-37CKM\ECS-200-8-37CKM.lia
    Section : PCB Library - ECS-200-8-37CKM.PcbLib
        Section : Load Messages
            Warning - 1 : Skipping Token ECS-200-8-37CKM On Line 119
            Warning - 1 : Skipping Token attachedSymbol On Line 186
        EndSection

        Section : Import Messages
        EndSection
    EndSection

    Section : SCH Library - ECS-200-8-37CKM.SchLib
        Section : Parsing Messages
            Warning - 1 : Skipping Token padStyleDef On Line 9
            Warning - 1 : Skipping Token multiLayer On Line 84
            Warning - 1 : Skipping Token layerContents On Line 90
            Warning - 1 : Skipping Token layerContents On Line 99
            Warning - 1 : Skipping Token layerContents On Line 108
            Warning - 1 : Skipping Token layerContents On Line 111
        EndSection

        Section : Generating SCH Library - ECS-200-8-37CKM.SchLib
        EndSection
    EndSection
EndSection
