Change Component Designator: OldDesignator=U? NewDesignator=U4
Added Component: Designator=P2A(MUX_SEL_CON)
Add component. Clean all parameters for all variants
Add component (AddParameter): Name = "Supplier 1"; Value = "Digi-Key"; VariantName = "[No Variations]"
Add component (AddParameter): Name = "Supplier Part Number 1"; Value = "WM13967-ND"; VariantName = "[No Variations]"
Added Component: Designator=P2B(MUX_SEL_CON)
Add component. Clean all parameters for all variants
Add component (AddParameter): Name = "Supplier 1"; Value = "Digi-Key"; VariantName = "[No Variations]"
Add component (AddParameter): Name = "Supplier Part Number 1"; Value = "WM13967-ND"; VariantName = "[No Variations]"
Added Component: Designator=P2C(MUX_SEL_CON)
Add component. Clean all parameters for all variants
Add component (AddParameter): Name = "Supplier 1"; Value = "Digi-Key"; VariantName = "[No Variations]"
Add component (AddParameter): Name = "Supplier Part Number 1"; Value = "WM13967-ND"; VariantName = "[No Variations]"
Added Component: Designator=P2D(MUX_SEL_CON)
Add component. Clean all parameters for all variants
Add component (AddParameter): Name = "Supplier 1"; Value = "Digi-Key"; VariantName = "[No Variations]"
Add component (AddParameter): Name = "Supplier Part Number 1"; Value = "WM13967-ND"; VariantName = "[No Variations]"
Added Component: Designator=P3A(MUX_SEL_CON)
Add component. Clean all parameters for all variants
Add component (AddParameter): Name = "Supplier 1"; Value = "Digi-Key"; VariantName = "[No Variations]"
Add component (AddParameter): Name = "Supplier Part Number 1"; Value = "WM13967-ND"; VariantName = "[No Variations]"
Added Component: Designator=P3B(MUX_SEL_CON)
Add component. Clean all parameters for all variants
Add component (AddParameter): Name = "Supplier 1"; Value = "Digi-Key"; VariantName = "[No Variations]"
Add component (AddParameter): Name = "Supplier Part Number 1"; Value = "WM13967-ND"; VariantName = "[No Variations]"
Added Component: Designator=P3C(MUX_SEL_CON)
Add component. Clean all parameters for all variants
Add component (AddParameter): Name = "Supplier 1"; Value = "Digi-Key"; VariantName = "[No Variations]"
Add component (AddParameter): Name = "Supplier Part Number 1"; Value = "WM13967-ND"; VariantName = "[No Variations]"
Added Component: Designator=P3D(MUX_SEL_CON)
Add component. Clean all parameters for all variants
Add component (AddParameter): Name = "Supplier 1"; Value = "Digi-Key"; VariantName = "[No Variations]"
Add component (AddParameter): Name = "Supplier Part Number 1"; Value = "WM13967-ND"; VariantName = "[No Variations]"
Added Pin To Net: NetName=S0A Pin=P2A-1
Added Pin To Net: NetName=S1A Pin=P2A-2
Added Pin To Net: NetName=S2A Pin=P2A-3
Added Pin To Net: NetName=S3A Pin=P2A-4
Added Pin To Net: NetName=S0B Pin=P2B-1
Added Pin To Net: NetName=S1B Pin=P2B-2
Added Pin To Net: NetName=S2B Pin=P2B-3
Added Pin To Net: NetName=S3B Pin=P2B-4
Added Pin To Net: NetName=S0C Pin=P2C-1
Added Pin To Net: NetName=S1C Pin=P2C-2
Added Pin To Net: NetName=S2C Pin=P2C-3
Added Pin To Net: NetName=S3C Pin=P2C-4
Added Pin To Net: NetName=S0D Pin=P2D-1
Added Pin To Net: NetName=S1D Pin=P2D-2
Added Pin To Net: NetName=S2D Pin=P2D-3
Added Pin To Net: NetName=S3D Pin=P2D-4
Added Pin To Net: NetName=S0A Pin=P3A-1
Added Pin To Net: NetName=S1A Pin=P3A-2
Added Pin To Net: NetName=S2A Pin=P3A-3
Added Pin To Net: NetName=S3A Pin=P3A-4
Added Pin To Net: NetName=S0B Pin=P3B-1
Added Pin To Net: NetName=S1B Pin=P3B-2
Added Pin To Net: NetName=S2B Pin=P3B-3
Added Pin To Net: NetName=S3B Pin=P3B-4
Added Pin To Net: NetName=S0C Pin=P3C-1
Added Pin To Net: NetName=S1C Pin=P3C-2
Added Pin To Net: NetName=S2C Pin=P3C-3
Added Pin To Net: NetName=S3C Pin=P3C-4
Added Pin To Net: NetName=S0D Pin=P3D-1
Added Pin To Net: NetName=S1D Pin=P3D-2
Added Pin To Net: NetName=S2D Pin=P3D-3
Added Pin To Net: NetName=S3D Pin=P3D-4
Added Member To Class: ClassName=U_Single_Mux1 Member=Component P2A (P2) Molex_4Pin
Added Member To Class: ClassName=U_Single_Mux2 Member=Component P2B (P2) Molex_4Pin
Added Member To Class: ClassName=U_Single_Mux3 Member=Component P2C (P2) Molex_4Pin
Added Member To Class: ClassName=U_Single_Mux4 Member=Component P2D (P2) Molex_4Pin
Added Member To Class: ClassName=U_Single_Mux1 Member=Component P3A (P3) Molex_4Pin
Added Member To Class: ClassName=U_Single_Mux2 Member=Component P3B (P3) Molex_4Pin
Added Member To Class: ClassName=U_Single_Mux3 Member=Component P3C (P3) Molex_4Pin
Added Member To Class: ClassName=U_Single_Mux4 Member=Component P3D (P3) Molex_4Pin
