Change Component Designator: OldDesignator=MUX_CON_31_C1 NewDesignator=C1_MUX_CON_31
Change Component Designator: OldDesignator=MUX_CON_31_C2 NewDesignator=C2_MUX_CON_31
Change Component Designator: OldDesignator=MUX_CON_31_C3 NewDesignator=C3_MUX_CON_31
Change Component Designator: OldDesignator=MUX_CON_31_C4 NewDesignator=C4_MUX_CON_31
Change Component Designator: OldDesignator=MUX_CON_31_C5 NewDesignator=C5_MUX_CON_31
Change Component Designator: OldDesignator=MUX_CON_31_C6 NewDesignator=C6_MUX_CON_31
Change Component Designator: OldDesignator=MUX_CON_31_R1 NewDesignator=R1_MUX_CON_31
Change Component Designator: OldDesignator=MUX_CON_31_R2 NewDesignator=R2_MUX_CON_31
Change Component Designator: OldDesignator=MUX_CON_31_R3 NewDesignator=R3_MUX_CON_31
Change Component Designator: OldDesignator=MUX_CON_31_U1 NewDesignator=U1_MUX_CON_31
Change Component Designator: OldDesignator=MUX_CON_31_U2 NewDesignator=U2_MUX_CON_31
Change Component Designator: OldDesignator=MUX_CON_31_U3 NewDesignator=U3_MUX_CON_31
Change Component Designator: OldDesignator=MUX_CON_32_C1 NewDesignator=C1_MUX_CON_32
Change Component Designator: OldDesignator=MUX_CON_32_C2 NewDesignator=C2_MUX_CON_32
Change Component Designator: OldDesignator=MUX_CON_32_C3 NewDesignator=C3_MUX_CON_32
Change Component Designator: OldDesignator=MUX_CON_32_C4 NewDesignator=C4_MUX_CON_32
Change Component Designator: OldDesignator=MUX_CON_32_C5 NewDesignator=C5_MUX_CON_32
Change Component Designator: OldDesignator=MUX_CON_32_C6 NewDesignator=C6_MUX_CON_32
Change Component Designator: OldDesignator=MUX_CON_32_R1 NewDesignator=R1_MUX_CON_32
Change Component Designator: OldDesignator=MUX_CON_32_R2 NewDesignator=R2_MUX_CON_32
Change Component Designator: OldDesignator=MUX_CON_32_R3 NewDesignator=R3_MUX_CON_32
Change Component Designator: OldDesignator=MUX_CON_32_U1 NewDesignator=U1_MUX_CON_32
Change Component Designator: OldDesignator=MUX_CON_32_U2 NewDesignator=U2_MUX_CON_32
Change Component Designator: OldDesignator=MUX_CON_32_U3 NewDesignator=U3_MUX_CON_32
Change Component Designator: OldDesignator=MUX_CON_33_C1 NewDesignator=C1_MUX_CON_33
Change Component Designator: OldDesignator=MUX_CON_33_C2 NewDesignator=C2_MUX_CON_33
Change Component Designator: OldDesignator=MUX_CON_33_C3 NewDesignator=C3_MUX_CON_33
Change Component Designator: OldDesignator=MUX_CON_33_C4 NewDesignator=C4_MUX_CON_33
Change Component Designator: OldDesignator=MUX_CON_33_C5 NewDesignator=C5_MUX_CON_33
Change Component Designator: OldDesignator=MUX_CON_33_C6 NewDesignator=C6_MUX_CON_33
Change Component Designator: OldDesignator=MUX_CON_33_R1 NewDesignator=R1_MUX_CON_33
Change Component Designator: OldDesignator=MUX_CON_33_R2 NewDesignator=R2_MUX_CON_33
Change Component Designator: OldDesignator=MUX_CON_33_R3 NewDesignator=R3_MUX_CON_33
Change Component Designator: OldDesignator=MUX_CON_33_U1 NewDesignator=U1_MUX_CON_33
Change Component Designator: OldDesignator=MUX_CON_33_U2 NewDesignator=U2_MUX_CON_33
Change Component Designator: OldDesignator=MUX_CON_33_U3 NewDesignator=U3_MUX_CON_33
Change Component Designator: OldDesignator=MUX_CON_34_C1 NewDesignator=C1_MUX_CON_34
Change Component Designator: OldDesignator=MUX_CON_34_C2 NewDesignator=C2_MUX_CON_34
Change Component Designator: OldDesignator=MUX_CON_34_C3 NewDesignator=C3_MUX_CON_34
Change Component Designator: OldDesignator=MUX_CON_34_C4 NewDesignator=C4_MUX_CON_34
Change Component Designator: OldDesignator=MUX_CON_34_C5 NewDesignator=C5_MUX_CON_34
Change Component Designator: OldDesignator=MUX_CON_34_C6 NewDesignator=C6_MUX_CON_34
Change Component Designator: OldDesignator=MUX_CON_34_R1 NewDesignator=R1_MUX_CON_34
Change Component Designator: OldDesignator=MUX_CON_34_R2 NewDesignator=R2_MUX_CON_34
Change Component Designator: OldDesignator=MUX_CON_34_R3 NewDesignator=R3_MUX_CON_34
Change Component Designator: OldDesignator=MUX_CON_34_U1 NewDesignator=U1_MUX_CON_34
Change Component Designator: OldDesignator=MUX_CON_34_U2 NewDesignator=U2_MUX_CON_34
Change Component Designator: OldDesignator=MUX_CON_34_U3 NewDesignator=U3_MUX_CON_34
Change Component Designator: OldDesignator=MUX_CON_35_C1 NewDesignator=C1_MUX_CON_35
Change Component Designator: OldDesignator=MUX_CON_35_C2 NewDesignator=C2_MUX_CON_35
Change Component Designator: OldDesignator=MUX_CON_35_C3 NewDesignator=C3_MUX_CON_35
Change Component Designator: OldDesignator=MUX_CON_35_C4 NewDesignator=C4_MUX_CON_35
Change Component Designator: OldDesignator=MUX_CON_35_C5 NewDesignator=C5_MUX_CON_35
Change Component Designator: OldDesignator=MUX_CON_35_C6 NewDesignator=C6_MUX_CON_35
Change Component Designator: OldDesignator=MUX_CON_35_R1 NewDesignator=R1_MUX_CON_35
Change Component Designator: OldDesignator=MUX_CON_35_R2 NewDesignator=R2_MUX_CON_35
Change Component Designator: OldDesignator=MUX_CON_35_R3 NewDesignator=R3_MUX_CON_35
Change Component Designator: OldDesignator=MUX_CON_35_U1 NewDesignator=U1_MUX_CON_35
Change Component Designator: OldDesignator=MUX_CON_35_U2 NewDesignator=U2_MUX_CON_35
Change Component Designator: OldDesignator=MUX_CON_35_U3 NewDesignator=U3_MUX_CON_35
Change Component Designator: OldDesignator=U_AHK50H-ND_THERM_CONNECTOR1_P1 NewDesignator=P1_U_AHK50H-ND_THERM_CONNECTOR1
Change Component Designator: OldDesignator=U_AHK50H-ND_THERM_CONNECTOR2_P1 NewDesignator=P1_U_AHK50H-ND_THERM_CONNECTOR2
Change Component Designator: OldDesignator=U_AHK50H-ND_THERM_CONNECTOR3_P1 NewDesignator=P1_U_AHK50H-ND_THERM_CONNECTOR3
Change Component Designator: OldDesignator=U_AHK50H-ND_THERM_CONNECTOR4_P1 NewDesignator=P1_U_AHK50H-ND_THERM_CONNECTOR4
Change Component Designator: OldDesignator=U_AHK50H-ND_THERM_CONNECTOR5_P1 NewDesignator=P1_U_AHK50H-ND_THERM_CONNECTOR5
Change Net Name : Old Net Name=MUX_CON_31_S0 New Net Name=S0_MUX_CON_31
Change Net Name : Old Net Name=MUX_CON_31_S1 New Net Name=S1_MUX_CON_31
Change Net Name : Old Net Name=MUX_CON_31_S2 New Net Name=S2_MUX_CON_31
Change Net Name : Old Net Name=MUX_CON_31_S3 New Net Name=S3_MUX_CON_31
Change Net Name : Old Net Name=MUX_CON_31_TS_IN1 New Net Name=TS_IN1_MUX_CON_31
Change Net Name : Old Net Name=MUX_CON_31_TS_IN2 New Net Name=TS_IN2_MUX_CON_31
Change Net Name : Old Net Name=MUX_CON_31_TS_IN3 New Net Name=TS_IN3_MUX_CON_31
Change Net Name : Old Net Name=MUX_CON_31_TS_IN4 New Net Name=TS_IN4_MUX_CON_31
Change Net Name : Old Net Name=MUX_CON_31_TS_IN5 New Net Name=TS_IN5_MUX_CON_31
Change Net Name : Old Net Name=MUX_CON_31_TS_IN6 New Net Name=TS_IN6_MUX_CON_31
Change Net Name : Old Net Name=MUX_CON_31_TS_IN7 New Net Name=TS_IN7_MUX_CON_31
Change Net Name : Old Net Name=MUX_CON_31_TS_IN8 New Net Name=TS_IN8_MUX_CON_31
Change Net Name : Old Net Name=MUX_CON_31_TS_IN9 New Net Name=TS_IN9_MUX_CON_31
Change Net Name : Old Net Name=MUX_CON_31_TS_IN10 New Net Name=TS_IN10_MUX_CON_31
Change Net Name : Old Net Name=MUX_CON_31_TS_IN11 New Net Name=TS_IN11_MUX_CON_31
Change Net Name : Old Net Name=MUX_CON_31_TS_IN12 New Net Name=TS_IN12_MUX_CON_31
Change Net Name : Old Net Name=MUX_CON_31_TS_IN13 New Net Name=TS_IN13_MUX_CON_31
Change Net Name : Old Net Name=MUX_CON_31_TS_IN14 New Net Name=TS_IN14_MUX_CON_31
Change Net Name : Old Net Name=MUX_CON_31_TS_IN15 New Net Name=TS_IN15_MUX_CON_31
Change Net Name : Old Net Name=MUX_CON_31_TS_IN16 New Net Name=TS_IN16_MUX_CON_31
Change Net Name : Old Net Name=MUX_CON_31_TS_IN17 New Net Name=TS_IN17_MUX_CON_31
Change Net Name : Old Net Name=MUX_CON_31_TS_IN18 New Net Name=TS_IN18_MUX_CON_31
Change Net Name : Old Net Name=MUX_CON_31_TS_IN19 New Net Name=TS_IN19_MUX_CON_31
Change Net Name : Old Net Name=MUX_CON_31_TS_IN20 New Net Name=TS_IN20_MUX_CON_31
Change Net Name : Old Net Name=MUX_CON_31_TS_IN21 New Net Name=TS_IN21_MUX_CON_31
Change Net Name : Old Net Name=MUX_CON_31_TS_IN22 New Net Name=TS_IN22_MUX_CON_31
Change Net Name : Old Net Name=MUX_CON_31_TS_IN23 New Net Name=TS_IN23_MUX_CON_31
Change Net Name : Old Net Name=MUX_CON_31_TS_IN24 New Net Name=TS_IN24_MUX_CON_31
Change Net Name : Old Net Name=MUX_CON_31_TS_IN25 New Net Name=TS_IN25_MUX_CON_31
Change Net Name : Old Net Name=MUX_CON_31_TS_IN26 New Net Name=TS_IN26_MUX_CON_31
Change Net Name : Old Net Name=MUX_CON_31_TS_IN27 New Net Name=TS_IN27_MUX_CON_31
Change Net Name : Old Net Name=MUX_CON_31_TS_IN28 New Net Name=TS_IN28_MUX_CON_31
Change Net Name : Old Net Name=MUX_CON_31_TS_IN29 New Net Name=TS_IN29_MUX_CON_31
Change Net Name : Old Net Name=MUX_CON_31_TS_IN30 New Net Name=TS_IN30_MUX_CON_31
Change Net Name : Old Net Name=MUX_CON_31_TS_IN31 New Net Name=TS_IN31_MUX_CON_31
Change Net Name : Old Net Name=MUX_CON_31_TS_IN32 New Net Name=TS_IN32_MUX_CON_31
Change Net Name : Old Net Name=MUX_CON_31_TS_IN33 New Net Name=TS_IN33_MUX_CON_31
Change Net Name : Old Net Name=MUX_CON_31_TS_IN34 New Net Name=TS_IN34_MUX_CON_31
Change Net Name : Old Net Name=MUX_CON_31_TS_IN35 New Net Name=TS_IN35_MUX_CON_31
Change Net Name : Old Net Name=MUX_CON_31_TS_IN36 New Net Name=TS_IN36_MUX_CON_31
Change Net Name : Old Net Name=MUX_CON_31_TS_IN37 New Net Name=TS_IN37_MUX_CON_31
Change Net Name : Old Net Name=MUX_CON_31_TS_IN38 New Net Name=TS_IN38_MUX_CON_31
Change Net Name : Old Net Name=MUX_CON_31_TS_IN39 New Net Name=TS_IN39_MUX_CON_31
Change Net Name : Old Net Name=MUX_CON_31_TS_IN40 New Net Name=TS_IN40_MUX_CON_31
Change Net Name : Old Net Name=MUX_CON_31_TS_IN41 New Net Name=TS_IN41_MUX_CON_31
Change Net Name : Old Net Name=MUX_CON_31_TS_IN42 New Net Name=TS_IN42_MUX_CON_31
Change Net Name : Old Net Name=MUX_CON_31_TS_IN43 New Net Name=TS_IN43_MUX_CON_31
Change Net Name : Old Net Name=MUX_CON_31_TS_IN44 New Net Name=TS_IN44_MUX_CON_31
Change Net Name : Old Net Name=MUX_CON_31_TS_IN45 New Net Name=TS_IN45_MUX_CON_31
Change Net Name : Old Net Name=MUX_CON_31_TS_IN46 New Net Name=TS_IN46_MUX_CON_31
Change Net Name : Old Net Name=MUX_CON_31_TS_IN47 New Net Name=TS_IN47_MUX_CON_31
Change Net Name : Old Net Name=MUX_CON_31_TS_IN48 New Net Name=TS_IN48_MUX_CON_31
Change Net Name : Old Net Name=MUX_CON_32_S0 New Net Name=S0_MUX_CON_32
Change Net Name : Old Net Name=MUX_CON_32_S1 New Net Name=S1_MUX_CON_32
Change Net Name : Old Net Name=MUX_CON_32_S2 New Net Name=S2_MUX_CON_32
Change Net Name : Old Net Name=MUX_CON_32_S3 New Net Name=S3_MUX_CON_32
Change Net Name : Old Net Name=MUX_CON_32_TS_IN1 New Net Name=TS_IN1_MUX_CON_32
Change Net Name : Old Net Name=MUX_CON_32_TS_IN2 New Net Name=TS_IN2_MUX_CON_32
Change Net Name : Old Net Name=MUX_CON_32_TS_IN3 New Net Name=TS_IN3_MUX_CON_32
Change Net Name : Old Net Name=MUX_CON_32_TS_IN4 New Net Name=TS_IN4_MUX_CON_32
Change Net Name : Old Net Name=MUX_CON_32_TS_IN5 New Net Name=TS_IN5_MUX_CON_32
Change Net Name : Old Net Name=MUX_CON_32_TS_IN6 New Net Name=TS_IN6_MUX_CON_32
Change Net Name : Old Net Name=MUX_CON_32_TS_IN7 New Net Name=TS_IN7_MUX_CON_32
Change Net Name : Old Net Name=MUX_CON_32_TS_IN8 New Net Name=TS_IN8_MUX_CON_32
Change Net Name : Old Net Name=MUX_CON_32_TS_IN9 New Net Name=TS_IN9_MUX_CON_32
Change Net Name : Old Net Name=MUX_CON_32_TS_IN10 New Net Name=TS_IN10_MUX_CON_32
Change Net Name : Old Net Name=MUX_CON_32_TS_IN11 New Net Name=TS_IN11_MUX_CON_32
Change Net Name : Old Net Name=MUX_CON_32_TS_IN12 New Net Name=TS_IN12_MUX_CON_32
Change Net Name : Old Net Name=MUX_CON_32_TS_IN13 New Net Name=TS_IN13_MUX_CON_32
Change Net Name : Old Net Name=MUX_CON_32_TS_IN14 New Net Name=TS_IN14_MUX_CON_32
Change Net Name : Old Net Name=MUX_CON_32_TS_IN15 New Net Name=TS_IN15_MUX_CON_32
Change Net Name : Old Net Name=MUX_CON_32_TS_IN16 New Net Name=TS_IN16_MUX_CON_32
Change Net Name : Old Net Name=MUX_CON_32_TS_IN17 New Net Name=TS_IN17_MUX_CON_32
Change Net Name : Old Net Name=MUX_CON_32_TS_IN18 New Net Name=TS_IN18_MUX_CON_32
Change Net Name : Old Net Name=MUX_CON_32_TS_IN19 New Net Name=TS_IN19_MUX_CON_32
Change Net Name : Old Net Name=MUX_CON_32_TS_IN20 New Net Name=TS_IN20_MUX_CON_32
Change Net Name : Old Net Name=MUX_CON_32_TS_IN21 New Net Name=TS_IN21_MUX_CON_32
Change Net Name : Old Net Name=MUX_CON_32_TS_IN22 New Net Name=TS_IN22_MUX_CON_32
Change Net Name : Old Net Name=MUX_CON_32_TS_IN23 New Net Name=TS_IN23_MUX_CON_32
Change Net Name : Old Net Name=MUX_CON_32_TS_IN24 New Net Name=TS_IN24_MUX_CON_32
Change Net Name : Old Net Name=MUX_CON_32_TS_IN25 New Net Name=TS_IN25_MUX_CON_32
Change Net Name : Old Net Name=MUX_CON_32_TS_IN26 New Net Name=TS_IN26_MUX_CON_32
Change Net Name : Old Net Name=MUX_CON_32_TS_IN27 New Net Name=TS_IN27_MUX_CON_32
Change Net Name : Old Net Name=MUX_CON_32_TS_IN28 New Net Name=TS_IN28_MUX_CON_32
Change Net Name : Old Net Name=MUX_CON_32_TS_IN29 New Net Name=TS_IN29_MUX_CON_32
Change Net Name : Old Net Name=MUX_CON_32_TS_IN30 New Net Name=TS_IN30_MUX_CON_32
Change Net Name : Old Net Name=MUX_CON_32_TS_IN31 New Net Name=TS_IN31_MUX_CON_32
Change Net Name : Old Net Name=MUX_CON_32_TS_IN32 New Net Name=TS_IN32_MUX_CON_32
Change Net Name : Old Net Name=MUX_CON_32_TS_IN33 New Net Name=TS_IN33_MUX_CON_32
Change Net Name : Old Net Name=MUX_CON_32_TS_IN34 New Net Name=TS_IN34_MUX_CON_32
Change Net Name : Old Net Name=MUX_CON_32_TS_IN35 New Net Name=TS_IN35_MUX_CON_32
Change Net Name : Old Net Name=MUX_CON_32_TS_IN36 New Net Name=TS_IN36_MUX_CON_32
Change Net Name : Old Net Name=MUX_CON_32_TS_IN37 New Net Name=TS_IN37_MUX_CON_32
Change Net Name : Old Net Name=MUX_CON_32_TS_IN38 New Net Name=TS_IN38_MUX_CON_32
Change Net Name : Old Net Name=MUX_CON_32_TS_IN39 New Net Name=TS_IN39_MUX_CON_32
Change Net Name : Old Net Name=MUX_CON_32_TS_IN40 New Net Name=TS_IN40_MUX_CON_32
Change Net Name : Old Net Name=MUX_CON_32_TS_IN41 New Net Name=TS_IN41_MUX_CON_32
Change Net Name : Old Net Name=MUX_CON_32_TS_IN42 New Net Name=TS_IN42_MUX_CON_32
Change Net Name : Old Net Name=MUX_CON_32_TS_IN43 New Net Name=TS_IN43_MUX_CON_32
Change Net Name : Old Net Name=MUX_CON_32_TS_IN44 New Net Name=TS_IN44_MUX_CON_32
Change Net Name : Old Net Name=MUX_CON_32_TS_IN45 New Net Name=TS_IN45_MUX_CON_32
Change Net Name : Old Net Name=MUX_CON_32_TS_IN46 New Net Name=TS_IN46_MUX_CON_32
Change Net Name : Old Net Name=MUX_CON_32_TS_IN47 New Net Name=TS_IN47_MUX_CON_32
Change Net Name : Old Net Name=MUX_CON_32_TS_IN48 New Net Name=TS_IN48_MUX_CON_32
Change Net Name : Old Net Name=MUX_CON_33_S0 New Net Name=S0_MUX_CON_33
Change Net Name : Old Net Name=MUX_CON_33_S1 New Net Name=S1_MUX_CON_33
Change Net Name : Old Net Name=MUX_CON_33_S2 New Net Name=S2_MUX_CON_33
Change Net Name : Old Net Name=MUX_CON_33_S3 New Net Name=S3_MUX_CON_33
Change Net Name : Old Net Name=MUX_CON_33_TS_IN1 New Net Name=TS_IN1_MUX_CON_33
Change Net Name : Old Net Name=MUX_CON_33_TS_IN2 New Net Name=TS_IN2_MUX_CON_33
Change Net Name : Old Net Name=MUX_CON_33_TS_IN3 New Net Name=TS_IN3_MUX_CON_33
Change Net Name : Old Net Name=MUX_CON_33_TS_IN4 New Net Name=TS_IN4_MUX_CON_33
Change Net Name : Old Net Name=MUX_CON_33_TS_IN5 New Net Name=TS_IN5_MUX_CON_33
Change Net Name : Old Net Name=MUX_CON_33_TS_IN6 New Net Name=TS_IN6_MUX_CON_33
Change Net Name : Old Net Name=MUX_CON_33_TS_IN7 New Net Name=TS_IN7_MUX_CON_33
Change Net Name : Old Net Name=MUX_CON_33_TS_IN8 New Net Name=TS_IN8_MUX_CON_33
Change Net Name : Old Net Name=MUX_CON_33_TS_IN9 New Net Name=TS_IN9_MUX_CON_33
Change Net Name : Old Net Name=MUX_CON_33_TS_IN10 New Net Name=TS_IN10_MUX_CON_33
Change Net Name : Old Net Name=MUX_CON_33_TS_IN11 New Net Name=TS_IN11_MUX_CON_33
Change Net Name : Old Net Name=MUX_CON_33_TS_IN12 New Net Name=TS_IN12_MUX_CON_33
Change Net Name : Old Net Name=MUX_CON_33_TS_IN13 New Net Name=TS_IN13_MUX_CON_33
Change Net Name : Old Net Name=MUX_CON_33_TS_IN14 New Net Name=TS_IN14_MUX_CON_33
Change Net Name : Old Net Name=MUX_CON_33_TS_IN15 New Net Name=TS_IN15_MUX_CON_33
Change Net Name : Old Net Name=MUX_CON_33_TS_IN16 New Net Name=TS_IN16_MUX_CON_33
Change Net Name : Old Net Name=MUX_CON_33_TS_IN17 New Net Name=TS_IN17_MUX_CON_33
Change Net Name : Old Net Name=MUX_CON_33_TS_IN18 New Net Name=TS_IN18_MUX_CON_33
Change Net Name : Old Net Name=MUX_CON_33_TS_IN19 New Net Name=TS_IN19_MUX_CON_33
Change Net Name : Old Net Name=MUX_CON_33_TS_IN20 New Net Name=TS_IN20_MUX_CON_33
Change Net Name : Old Net Name=MUX_CON_33_TS_IN21 New Net Name=TS_IN21_MUX_CON_33
Change Net Name : Old Net Name=MUX_CON_33_TS_IN22 New Net Name=TS_IN22_MUX_CON_33
Change Net Name : Old Net Name=MUX_CON_33_TS_IN23 New Net Name=TS_IN23_MUX_CON_33
Change Net Name : Old Net Name=MUX_CON_33_TS_IN24 New Net Name=TS_IN24_MUX_CON_33
Change Net Name : Old Net Name=MUX_CON_33_TS_IN25 New Net Name=TS_IN25_MUX_CON_33
Change Net Name : Old Net Name=MUX_CON_33_TS_IN26 New Net Name=TS_IN26_MUX_CON_33
Change Net Name : Old Net Name=MUX_CON_33_TS_IN27 New Net Name=TS_IN27_MUX_CON_33
Change Net Name : Old Net Name=MUX_CON_33_TS_IN28 New Net Name=TS_IN28_MUX_CON_33
Change Net Name : Old Net Name=MUX_CON_33_TS_IN29 New Net Name=TS_IN29_MUX_CON_33
Change Net Name : Old Net Name=MUX_CON_33_TS_IN30 New Net Name=TS_IN30_MUX_CON_33
Change Net Name : Old Net Name=MUX_CON_33_TS_IN31 New Net Name=TS_IN31_MUX_CON_33
Change Net Name : Old Net Name=MUX_CON_33_TS_IN32 New Net Name=TS_IN32_MUX_CON_33
Change Net Name : Old Net Name=MUX_CON_33_TS_IN33 New Net Name=TS_IN33_MUX_CON_33
Change Net Name : Old Net Name=MUX_CON_33_TS_IN34 New Net Name=TS_IN34_MUX_CON_33
Change Net Name : Old Net Name=MUX_CON_33_TS_IN35 New Net Name=TS_IN35_MUX_CON_33
Change Net Name : Old Net Name=MUX_CON_33_TS_IN36 New Net Name=TS_IN36_MUX_CON_33
Change Net Name : Old Net Name=MUX_CON_33_TS_IN37 New Net Name=TS_IN37_MUX_CON_33
Change Net Name : Old Net Name=MUX_CON_33_TS_IN38 New Net Name=TS_IN38_MUX_CON_33
Change Net Name : Old Net Name=MUX_CON_33_TS_IN39 New Net Name=TS_IN39_MUX_CON_33
Change Net Name : Old Net Name=MUX_CON_33_TS_IN40 New Net Name=TS_IN40_MUX_CON_33
Change Net Name : Old Net Name=MUX_CON_33_TS_IN41 New Net Name=TS_IN41_MUX_CON_33
Change Net Name : Old Net Name=MUX_CON_33_TS_IN42 New Net Name=TS_IN42_MUX_CON_33
Change Net Name : Old Net Name=MUX_CON_33_TS_IN43 New Net Name=TS_IN43_MUX_CON_33
Change Net Name : Old Net Name=MUX_CON_33_TS_IN44 New Net Name=TS_IN44_MUX_CON_33
Change Net Name : Old Net Name=MUX_CON_33_TS_IN45 New Net Name=TS_IN45_MUX_CON_33
Change Net Name : Old Net Name=MUX_CON_33_TS_IN46 New Net Name=TS_IN46_MUX_CON_33
Change Net Name : Old Net Name=MUX_CON_33_TS_IN47 New Net Name=TS_IN47_MUX_CON_33
Change Net Name : Old Net Name=MUX_CON_33_TS_IN48 New Net Name=TS_IN48_MUX_CON_33
Change Net Name : Old Net Name=MUX_CON_34_S0 New Net Name=S0_MUX_CON_34
Change Net Name : Old Net Name=MUX_CON_34_S1 New Net Name=S1_MUX_CON_34
Change Net Name : Old Net Name=MUX_CON_34_S2 New Net Name=S2_MUX_CON_34
Change Net Name : Old Net Name=MUX_CON_34_S3 New Net Name=S3_MUX_CON_34
Change Net Name : Old Net Name=MUX_CON_34_TS_IN1 New Net Name=TS_IN1_MUX_CON_34
Change Net Name : Old Net Name=MUX_CON_34_TS_IN2 New Net Name=TS_IN2_MUX_CON_34
Change Net Name : Old Net Name=MUX_CON_34_TS_IN3 New Net Name=TS_IN3_MUX_CON_34
Change Net Name : Old Net Name=MUX_CON_34_TS_IN4 New Net Name=TS_IN4_MUX_CON_34
Change Net Name : Old Net Name=MUX_CON_34_TS_IN5 New Net Name=TS_IN5_MUX_CON_34
Change Net Name : Old Net Name=MUX_CON_34_TS_IN6 New Net Name=TS_IN6_MUX_CON_34
Change Net Name : Old Net Name=MUX_CON_34_TS_IN7 New Net Name=TS_IN7_MUX_CON_34
Change Net Name : Old Net Name=MUX_CON_34_TS_IN8 New Net Name=TS_IN8_MUX_CON_34
Change Net Name : Old Net Name=MUX_CON_34_TS_IN9 New Net Name=TS_IN9_MUX_CON_34
Change Net Name : Old Net Name=MUX_CON_34_TS_IN10 New Net Name=TS_IN10_MUX_CON_34
Change Net Name : Old Net Name=MUX_CON_34_TS_IN11 New Net Name=TS_IN11_MUX_CON_34
Change Net Name : Old Net Name=MUX_CON_34_TS_IN12 New Net Name=TS_IN12_MUX_CON_34
Change Net Name : Old Net Name=MUX_CON_34_TS_IN13 New Net Name=TS_IN13_MUX_CON_34
Change Net Name : Old Net Name=MUX_CON_34_TS_IN14 New Net Name=TS_IN14_MUX_CON_34
Change Net Name : Old Net Name=MUX_CON_34_TS_IN15 New Net Name=TS_IN15_MUX_CON_34
Change Net Name : Old Net Name=MUX_CON_34_TS_IN16 New Net Name=TS_IN16_MUX_CON_34
Change Net Name : Old Net Name=MUX_CON_34_TS_IN17 New Net Name=TS_IN17_MUX_CON_34
Change Net Name : Old Net Name=MUX_CON_34_TS_IN18 New Net Name=TS_IN18_MUX_CON_34
Change Net Name : Old Net Name=MUX_CON_34_TS_IN19 New Net Name=TS_IN19_MUX_CON_34
Change Net Name : Old Net Name=MUX_CON_34_TS_IN20 New Net Name=TS_IN20_MUX_CON_34
Change Net Name : Old Net Name=MUX_CON_34_TS_IN21 New Net Name=TS_IN21_MUX_CON_34
Change Net Name : Old Net Name=MUX_CON_34_TS_IN22 New Net Name=TS_IN22_MUX_CON_34
Change Net Name : Old Net Name=MUX_CON_34_TS_IN23 New Net Name=TS_IN23_MUX_CON_34
Change Net Name : Old Net Name=MUX_CON_34_TS_IN24 New Net Name=TS_IN24_MUX_CON_34
Change Net Name : Old Net Name=MUX_CON_34_TS_IN25 New Net Name=TS_IN25_MUX_CON_34
Change Net Name : Old Net Name=MUX_CON_34_TS_IN26 New Net Name=TS_IN26_MUX_CON_34
Change Net Name : Old Net Name=MUX_CON_34_TS_IN27 New Net Name=TS_IN27_MUX_CON_34
Change Net Name : Old Net Name=MUX_CON_34_TS_IN28 New Net Name=TS_IN28_MUX_CON_34
Change Net Name : Old Net Name=MUX_CON_34_TS_IN29 New Net Name=TS_IN29_MUX_CON_34
Change Net Name : Old Net Name=MUX_CON_34_TS_IN30 New Net Name=TS_IN30_MUX_CON_34
Change Net Name : Old Net Name=MUX_CON_34_TS_IN31 New Net Name=TS_IN31_MUX_CON_34
Change Net Name : Old Net Name=MUX_CON_34_TS_IN32 New Net Name=TS_IN32_MUX_CON_34
Change Net Name : Old Net Name=MUX_CON_34_TS_IN33 New Net Name=TS_IN33_MUX_CON_34
Change Net Name : Old Net Name=MUX_CON_34_TS_IN34 New Net Name=TS_IN34_MUX_CON_34
Change Net Name : Old Net Name=MUX_CON_34_TS_IN35 New Net Name=TS_IN35_MUX_CON_34
Change Net Name : Old Net Name=MUX_CON_34_TS_IN36 New Net Name=TS_IN36_MUX_CON_34
Change Net Name : Old Net Name=MUX_CON_34_TS_IN37 New Net Name=TS_IN37_MUX_CON_34
Change Net Name : Old Net Name=MUX_CON_34_TS_IN38 New Net Name=TS_IN38_MUX_CON_34
Change Net Name : Old Net Name=MUX_CON_34_TS_IN39 New Net Name=TS_IN39_MUX_CON_34
Change Net Name : Old Net Name=MUX_CON_34_TS_IN40 New Net Name=TS_IN40_MUX_CON_34
Change Net Name : Old Net Name=MUX_CON_34_TS_IN41 New Net Name=TS_IN41_MUX_CON_34
Change Net Name : Old Net Name=MUX_CON_34_TS_IN42 New Net Name=TS_IN42_MUX_CON_34
Change Net Name : Old Net Name=MUX_CON_34_TS_IN43 New Net Name=TS_IN43_MUX_CON_34
Change Net Name : Old Net Name=MUX_CON_34_TS_IN44 New Net Name=TS_IN44_MUX_CON_34
Change Net Name : Old Net Name=MUX_CON_34_TS_IN45 New Net Name=TS_IN45_MUX_CON_34
Change Net Name : Old Net Name=MUX_CON_34_TS_IN46 New Net Name=TS_IN46_MUX_CON_34
Change Net Name : Old Net Name=MUX_CON_34_TS_IN47 New Net Name=TS_IN47_MUX_CON_34
Change Net Name : Old Net Name=MUX_CON_34_TS_IN48 New Net Name=TS_IN48_MUX_CON_34
Change Net Name : Old Net Name=MUX_CON_35_S0 New Net Name=S0_MUX_CON_35
Change Net Name : Old Net Name=MUX_CON_35_S1 New Net Name=S1_MUX_CON_35
Change Net Name : Old Net Name=MUX_CON_35_S2 New Net Name=S2_MUX_CON_35
Change Net Name : Old Net Name=MUX_CON_35_S3 New Net Name=S3_MUX_CON_35
Change Net Name : Old Net Name=MUX_CON_35_TS_IN1 New Net Name=TS_IN1_MUX_CON_35
Change Net Name : Old Net Name=MUX_CON_35_TS_IN2 New Net Name=TS_IN2_MUX_CON_35
Change Net Name : Old Net Name=MUX_CON_35_TS_IN3 New Net Name=TS_IN3_MUX_CON_35
Change Net Name : Old Net Name=MUX_CON_35_TS_IN4 New Net Name=TS_IN4_MUX_CON_35
Change Net Name : Old Net Name=MUX_CON_35_TS_IN5 New Net Name=TS_IN5_MUX_CON_35
Change Net Name : Old Net Name=MUX_CON_35_TS_IN6 New Net Name=TS_IN6_MUX_CON_35
Change Net Name : Old Net Name=MUX_CON_35_TS_IN7 New Net Name=TS_IN7_MUX_CON_35
Change Net Name : Old Net Name=MUX_CON_35_TS_IN8 New Net Name=TS_IN8_MUX_CON_35
Change Net Name : Old Net Name=MUX_CON_35_TS_IN9 New Net Name=TS_IN9_MUX_CON_35
Change Net Name : Old Net Name=MUX_CON_35_TS_IN10 New Net Name=TS_IN10_MUX_CON_35
Change Net Name : Old Net Name=MUX_CON_35_TS_IN11 New Net Name=TS_IN11_MUX_CON_35
Change Net Name : Old Net Name=MUX_CON_35_TS_IN12 New Net Name=TS_IN12_MUX_CON_35
Change Net Name : Old Net Name=MUX_CON_35_TS_IN13 New Net Name=TS_IN13_MUX_CON_35
Change Net Name : Old Net Name=MUX_CON_35_TS_IN14 New Net Name=TS_IN14_MUX_CON_35
Change Net Name : Old Net Name=MUX_CON_35_TS_IN15 New Net Name=TS_IN15_MUX_CON_35
Change Net Name : Old Net Name=MUX_CON_35_TS_IN16 New Net Name=TS_IN16_MUX_CON_35
Change Net Name : Old Net Name=MUX_CON_35_TS_IN17 New Net Name=TS_IN17_MUX_CON_35
Change Net Name : Old Net Name=MUX_CON_35_TS_IN18 New Net Name=TS_IN18_MUX_CON_35
Change Net Name : Old Net Name=MUX_CON_35_TS_IN19 New Net Name=TS_IN19_MUX_CON_35
Change Net Name : Old Net Name=MUX_CON_35_TS_IN20 New Net Name=TS_IN20_MUX_CON_35
Change Net Name : Old Net Name=MUX_CON_35_TS_IN21 New Net Name=TS_IN21_MUX_CON_35
Change Net Name : Old Net Name=MUX_CON_35_TS_IN22 New Net Name=TS_IN22_MUX_CON_35
Change Net Name : Old Net Name=MUX_CON_35_TS_IN23 New Net Name=TS_IN23_MUX_CON_35
Change Net Name : Old Net Name=MUX_CON_35_TS_IN24 New Net Name=TS_IN24_MUX_CON_35
Change Net Name : Old Net Name=MUX_CON_35_TS_IN25 New Net Name=TS_IN25_MUX_CON_35
Change Net Name : Old Net Name=MUX_CON_35_TS_IN26 New Net Name=TS_IN26_MUX_CON_35
Change Net Name : Old Net Name=MUX_CON_35_TS_IN27 New Net Name=TS_IN27_MUX_CON_35
Change Net Name : Old Net Name=MUX_CON_35_TS_IN28 New Net Name=TS_IN28_MUX_CON_35
Change Net Name : Old Net Name=MUX_CON_35_TS_IN29 New Net Name=TS_IN29_MUX_CON_35
Change Net Name : Old Net Name=MUX_CON_35_TS_IN30 New Net Name=TS_IN30_MUX_CON_35
Change Net Name : Old Net Name=MUX_CON_35_TS_IN31 New Net Name=TS_IN31_MUX_CON_35
Change Net Name : Old Net Name=MUX_CON_35_TS_IN32 New Net Name=TS_IN32_MUX_CON_35
Change Net Name : Old Net Name=MUX_CON_35_TS_IN33 New Net Name=TS_IN33_MUX_CON_35
Change Net Name : Old Net Name=MUX_CON_35_TS_IN34 New Net Name=TS_IN34_MUX_CON_35
Change Net Name : Old Net Name=MUX_CON_35_TS_IN35 New Net Name=TS_IN35_MUX_CON_35
Change Net Name : Old Net Name=MUX_CON_35_TS_IN36 New Net Name=TS_IN36_MUX_CON_35
Change Net Name : Old Net Name=MUX_CON_35_TS_IN37 New Net Name=TS_IN37_MUX_CON_35
Change Net Name : Old Net Name=MUX_CON_35_TS_IN38 New Net Name=TS_IN38_MUX_CON_35
Change Net Name : Old Net Name=MUX_CON_35_TS_IN39 New Net Name=TS_IN39_MUX_CON_35
Change Net Name : Old Net Name=MUX_CON_35_TS_IN40 New Net Name=TS_IN40_MUX_CON_35
Change Net Name : Old Net Name=MUX_CON_35_TS_IN41 New Net Name=TS_IN41_MUX_CON_35
Change Net Name : Old Net Name=MUX_CON_35_TS_IN42 New Net Name=TS_IN42_MUX_CON_35
Change Net Name : Old Net Name=MUX_CON_35_TS_IN43 New Net Name=TS_IN43_MUX_CON_35
Change Net Name : Old Net Name=MUX_CON_35_TS_IN44 New Net Name=TS_IN44_MUX_CON_35
Change Net Name : Old Net Name=MUX_CON_35_TS_IN45 New Net Name=TS_IN45_MUX_CON_35
Change Net Name : Old Net Name=MUX_CON_35_TS_IN46 New Net Name=TS_IN46_MUX_CON_35
Change Net Name : Old Net Name=MUX_CON_35_TS_IN47 New Net Name=TS_IN47_MUX_CON_35
Change Net Name : Old Net Name=MUX_CON_35_TS_IN48 New Net Name=TS_IN48_MUX_CON_35
Change Net Name : Old Net Name=NetMUX_CON_31_R1_2 New Net Name=NetR1_MUX_CON_31_2
Change Net Name : Old Net Name=NetMUX_CON_31_R2_2 New Net Name=NetR2_MUX_CON_31_2
Change Net Name : Old Net Name=NetMUX_CON_31_R3_2 New Net Name=NetR3_MUX_CON_31_2
Change Net Name : Old Net Name=NetMUX_CON_32_R1_2 New Net Name=NetR1_MUX_CON_32_2
Change Net Name : Old Net Name=NetMUX_CON_32_R2_2 New Net Name=NetR2_MUX_CON_32_2
Change Net Name : Old Net Name=NetMUX_CON_32_R3_2 New Net Name=NetR3_MUX_CON_32_2
Change Net Name : Old Net Name=NetMUX_CON_33_R1_2 New Net Name=NetR1_MUX_CON_33_2
Change Net Name : Old Net Name=NetMUX_CON_33_R2_2 New Net Name=NetR2_MUX_CON_33_2
Change Net Name : Old Net Name=NetMUX_CON_33_R3_2 New Net Name=NetR3_MUX_CON_33_2
Change Net Name : Old Net Name=NetMUX_CON_34_R1_2 New Net Name=NetR1_MUX_CON_34_2
Change Net Name : Old Net Name=NetMUX_CON_34_R2_2 New Net Name=NetR2_MUX_CON_34_2
Change Net Name : Old Net Name=NetMUX_CON_34_R3_2 New Net Name=NetR3_MUX_CON_34_2
Change Net Name : Old Net Name=NetMUX_CON_35_R1_2 New Net Name=NetR1_MUX_CON_35_2
Change Net Name : Old Net Name=NetMUX_CON_35_R2_2 New Net Name=NetR2_MUX_CON_35_2
Change Net Name : Old Net Name=NetMUX_CON_35_R3_2 New Net Name=NetR3_MUX_CON_35_2
