Removed Member From Class: ClassName=ADC_OUT[1..12] Member=ADC_OUT1_1_2
Change Net Name : Old Net Name=ADC_OUT1 New Net Name=ADC_OUTA1_4
Change Net Name : Old Net Name=ADC_OUT1_1_1 New Net Name=ADC_OUTA1_2
Change Net Name : Old Net Name=ADC_OUT1_1_2 New Net Name=ADC_OUTA2_2
Change Net Name : Old Net Name=ADC_OUT1_1_3 New Net Name=ADC_OUTA3_2
Change Net Name : Old Net Name=ADC_OUT1_1_4 New Net Name=ADC_OUTA4_2
Change Net Name : Old Net Name=ADC_OUT2 New Net Name=ADC_OUTA2_4
Change Net Name : Old Net Name=ADC_OUT2_1_1 New Net Name=ADC_OUTB1_2
Change Net Name : Old Net Name=ADC_OUT2_1_2 New Net Name=ADC_OUTB2_2
Change Net Name : Old Net Name=ADC_OUT2_1_3 New Net Name=ADC_OUTB3_2
Change Net Name : Old Net Name=ADC_OUT2_1_4 New Net Name=ADC_OUTB4_2
Change Net Name : Old Net Name=ADC_OUT3 New Net Name=ADC_OUTA3_4
Change Net Name : Old Net Name=ADC_OUT3_1_1 New Net Name=ADC_OUTC1_2
Change Net Name : Old Net Name=ADC_OUT3_1_2 New Net Name=ADC_OUTC2_2
Change Net Name : Old Net Name=ADC_OUT3_1_3 New Net Name=ADC_OUTC3_2
Change Net Name : Old Net Name=ADC_OUT3_1_4 New Net Name=ADC_OUTC4_2
Change Net Name : Old Net Name=ADC_OUT4 New Net Name=ADC_OUTA4_4
Change Net Name : Old Net Name=ADC_OUT5 New Net Name=ADC_OUTB1_4
Change Net Name : Old Net Name=ADC_OUT6 New Net Name=ADC_OUTB2_4
Change Net Name : Old Net Name=ADC_OUT7 New Net Name=ADC_OUTB3_4
Change Net Name : Old Net Name=ADC_OUT8 New Net Name=ADC_OUTB4_4
Change Net Name : Old Net Name=ADC_OUT9 New Net Name=ADC_OUTC1_4
Change Net Name : Old Net Name=ADC_OUT10 New Net Name=ADC_OUTC2_4
Change Net Name : Old Net Name=ADC_OUT11 New Net Name=ADC_OUTC3_4
