Added Component: Designator=P1-1(Molex CMC 36638)
Add component. Clean all parameters for all variants
Add component (AddParameter): Name = "Supplier 1"; Value = "Digi-Key"; VariantName = "[No Variations]"
Add component (AddParameter): Name = "Supplier Part Number 1"; Value = "WM13375-ND"; VariantName = "[No Variations]"
Added Component: Designator=P1-2(Molex CMC 36638)
Add component. Clean all parameters for all variants
Add component (AddParameter): Name = "Supplier 1"; Value = "Digi-Key"; VariantName = "[No Variations]"
Add component (AddParameter): Name = "Supplier Part Number 1"; Value = "WM13375-ND"; VariantName = "[No Variations]"
Added Component: Designator=P1-3(Molex CMC 36638)
Add component. Clean all parameters for all variants
Add component (AddParameter): Name = "Supplier 1"; Value = "Digi-Key"; VariantName = "[No Variations]"
Add component (AddParameter): Name = "Supplier Part Number 1"; Value = "WM13375-ND"; VariantName = "[No Variations]"
Added Component: Designator=P1-4(Molex CMC 36638)
Add component. Clean all parameters for all variants
Add component (AddParameter): Name = "Supplier 1"; Value = "Digi-Key"; VariantName = "[No Variations]"
Add component (AddParameter): Name = "Supplier Part Number 1"; Value = "WM13375-ND"; VariantName = "[No Variations]"
Added Pin To Net: NetName=TS_IN1-1 Pin=P1-1-1
Added Pin To Net: NetName=TS_IN2-1 Pin=P1-1-2
Added Pin To Net: NetName=TS_IN3-1 Pin=P1-1-3
Added Pin To Net: NetName=TS_IN4-1 Pin=P1-1-4
Added Pin To Net: NetName=TS_IN5-1 Pin=P1-1-5
Added Pin To Net: NetName=TS_IN6-1 Pin=P1-1-6
Added Pin To Net: NetName=TS_IN7-1 Pin=P1-1-7
Added Pin To Net: NetName=TS_IN8-1 Pin=P1-1-8
Added Pin To Net: NetName=TS_IN9-1 Pin=P1-1-9
Added Pin To Net: NetName=TS_IN10-1 Pin=P1-1-10
Added Pin To Net: NetName=TS_IN11-1 Pin=P1-1-11
Added Pin To Net: NetName=TS_IN12-1 Pin=P1-1-12
Added Pin To Net: NetName=TS_IN13-1 Pin=P1-1-13
Added Pin To Net: NetName=TS_IN14-1 Pin=P1-1-14
Added Pin To Net: NetName=TS_IN15-1 Pin=P1-1-15
Added Pin To Net: NetName=TS_IN16-1 Pin=P1-1-16
Added Pin To Net: NetName=TS_IN17-1 Pin=P1-1-17
Added Pin To Net: NetName=TS_IN18-1 Pin=P1-1-18
Added Pin To Net: NetName=TS_IN19-1 Pin=P1-1-19
Added Pin To Net: NetName=TS_IN20-1 Pin=P1-1-20
Added Pin To Net: NetName=TS_IN21-1 Pin=P1-1-21
Added Pin To Net: NetName=TS_IN22-1 Pin=P1-1-22
Added Pin To Net: NetName=TS_IN23-1 Pin=P1-1-23
Added Pin To Net: NetName=TS_IN24-1 Pin=P1-1-24
Added Pin To Net: NetName=TS_IN25-1 Pin=P1-1-25
Added Pin To Net: NetName=TS_IN26-1 Pin=P1-1-26
Added Pin To Net: NetName=TS_IN27-1 Pin=P1-1-27
Added Pin To Net: NetName=TS_IN28-1 Pin=P1-1-28
Added Pin To Net: NetName=TS_IN29-1 Pin=P1-1-29
Added Pin To Net: NetName=TS_IN30-1 Pin=P1-1-30
Added Pin To Net: NetName=TS_IN31-1 Pin=P1-1-31
Added Pin To Net: NetName=TS_IN32-1 Pin=P1-1-32
Added Pin To Net: NetName=TS_IN33-1 Pin=P1-1-33
Added Pin To Net: NetName=TS_IN34-1 Pin=P1-1-34
Added Pin To Net: NetName=TS_IN35-1 Pin=P1-1-35
Added Pin To Net: NetName=TS_IN36-1 Pin=P1-1-36
Added Pin To Net: NetName=TS_IN37-1 Pin=P1-1-37
Added Pin To Net: NetName=TS_IN38-1 Pin=P1-1-38
Added Pin To Net: NetName=TS_IN39-1 Pin=P1-1-39
Added Pin To Net: NetName=TS_IN40-1 Pin=P1-1-40
Added Pin To Net: NetName=TS_IN41-1 Pin=P1-1-41
Added Pin To Net: NetName=TS_IN42-1 Pin=P1-1-42
Added Pin To Net: NetName=TS_IN43-1 Pin=P1-1-43
Added Pin To Net: NetName=TS_IN44-1 Pin=P1-1-44
Added Pin To Net: NetName=TS_IN45-1 Pin=P1-1-45
Added Pin To Net: NetName=TS_IN46-1 Pin=P1-1-46
Added Pin To Net: NetName=TS_IN47-1 Pin=P1-1-47
Added Pin To Net: NetName=TS_IN48-1 Pin=P1-1-48
Added Pin To Net: NetName=TS_IN1-2 Pin=P1-2-1
Added Pin To Net: NetName=TS_IN2-2 Pin=P1-2-2
Added Pin To Net: NetName=TS_IN3-2 Pin=P1-2-3
Added Pin To Net: NetName=TS_IN4-2 Pin=P1-2-4
Added Pin To Net: NetName=TS_IN5-2 Pin=P1-2-5
Added Pin To Net: NetName=TS_IN6-2 Pin=P1-2-6
Added Pin To Net: NetName=TS_IN7-2 Pin=P1-2-7
Added Pin To Net: NetName=TS_IN8-2 Pin=P1-2-8
Added Pin To Net: NetName=TS_IN9-2 Pin=P1-2-9
Added Pin To Net: NetName=TS_IN10-2 Pin=P1-2-10
Added Pin To Net: NetName=TS_IN11-2 Pin=P1-2-11
Added Pin To Net: NetName=TS_IN12-2 Pin=P1-2-12
Added Pin To Net: NetName=TS_IN13-2 Pin=P1-2-13
Added Pin To Net: NetName=TS_IN14-2 Pin=P1-2-14
Added Pin To Net: NetName=TS_IN15-2 Pin=P1-2-15
Added Pin To Net: NetName=TS_IN16-2 Pin=P1-2-16
Added Pin To Net: NetName=TS_IN17-2 Pin=P1-2-17
Added Pin To Net: NetName=TS_IN18-2 Pin=P1-2-18
Added Pin To Net: NetName=TS_IN19-2 Pin=P1-2-19
Added Pin To Net: NetName=TS_IN20-2 Pin=P1-2-20
Added Pin To Net: NetName=TS_IN21-2 Pin=P1-2-21
Added Pin To Net: NetName=TS_IN22-2 Pin=P1-2-22
Added Pin To Net: NetName=TS_IN23-2 Pin=P1-2-23
Added Pin To Net: NetName=TS_IN24-2 Pin=P1-2-24
Added Pin To Net: NetName=TS_IN25-2 Pin=P1-2-25
Added Pin To Net: NetName=TS_IN26-2 Pin=P1-2-26
Added Pin To Net: NetName=TS_IN27-2 Pin=P1-2-27
Added Pin To Net: NetName=TS_IN28-2 Pin=P1-2-28
Added Pin To Net: NetName=TS_IN29-2 Pin=P1-2-29
Added Pin To Net: NetName=TS_IN30-2 Pin=P1-2-30
Added Pin To Net: NetName=TS_IN31-2 Pin=P1-2-31
Added Pin To Net: NetName=TS_IN32-2 Pin=P1-2-32
Added Pin To Net: NetName=TS_IN33-2 Pin=P1-2-33
Added Pin To Net: NetName=TS_IN34-2 Pin=P1-2-34
Added Pin To Net: NetName=TS_IN35-2 Pin=P1-2-35
Added Pin To Net: NetName=TS_IN36-2 Pin=P1-2-36
Added Pin To Net: NetName=TS_IN37-2 Pin=P1-2-37
Added Pin To Net: NetName=TS_IN38-2 Pin=P1-2-38
Added Pin To Net: NetName=TS_IN39-2 Pin=P1-2-39
Added Pin To Net: NetName=TS_IN40-2 Pin=P1-2-40
Added Pin To Net: NetName=TS_IN41-2 Pin=P1-2-41
Added Pin To Net: NetName=TS_IN42-2 Pin=P1-2-42
Added Pin To Net: NetName=TS_IN43-2 Pin=P1-2-43
Added Pin To Net: NetName=TS_IN44-2 Pin=P1-2-44
Added Pin To Net: NetName=TS_IN45-2 Pin=P1-2-45
Added Pin To Net: NetName=TS_IN46-2 Pin=P1-2-46
Added Pin To Net: NetName=TS_IN47-2 Pin=P1-2-47
Added Pin To Net: NetName=TS_IN48-2 Pin=P1-2-48
Added Pin To Net: NetName=TS_IN1-3 Pin=P1-3-1
Added Pin To Net: NetName=TS_IN2-3 Pin=P1-3-2
Added Pin To Net: NetName=TS_IN3-3 Pin=P1-3-3
Added Pin To Net: NetName=TS_IN4-3 Pin=P1-3-4
Added Pin To Net: NetName=TS_IN5-3 Pin=P1-3-5
Added Pin To Net: NetName=TS_IN6-3 Pin=P1-3-6
Added Pin To Net: NetName=TS_IN7-3 Pin=P1-3-7
Added Pin To Net: NetName=TS_IN8-3 Pin=P1-3-8
Added Pin To Net: NetName=TS_IN9-3 Pin=P1-3-9
Added Pin To Net: NetName=TS_IN10-3 Pin=P1-3-10
Added Pin To Net: NetName=TS_IN11-3 Pin=P1-3-11
Added Pin To Net: NetName=TS_IN12-3 Pin=P1-3-12
Added Pin To Net: NetName=TS_IN13-3 Pin=P1-3-13
Added Pin To Net: NetName=TS_IN14-3 Pin=P1-3-14
Added Pin To Net: NetName=TS_IN15-3 Pin=P1-3-15
Added Pin To Net: NetName=TS_IN16-3 Pin=P1-3-16
Added Pin To Net: NetName=TS_IN17-3 Pin=P1-3-17
Added Pin To Net: NetName=TS_IN18-3 Pin=P1-3-18
Added Pin To Net: NetName=TS_IN19-3 Pin=P1-3-19
Added Pin To Net: NetName=TS_IN20-3 Pin=P1-3-20
Added Pin To Net: NetName=TS_IN21-3 Pin=P1-3-21
Added Pin To Net: NetName=TS_IN22-3 Pin=P1-3-22
Added Pin To Net: NetName=TS_IN23-3 Pin=P1-3-23
Added Pin To Net: NetName=TS_IN24-3 Pin=P1-3-24
Added Pin To Net: NetName=TS_IN25-3 Pin=P1-3-25
Added Pin To Net: NetName=TS_IN26-3 Pin=P1-3-26
Added Pin To Net: NetName=TS_IN27-3 Pin=P1-3-27
Added Pin To Net: NetName=TS_IN28-3 Pin=P1-3-28
Added Pin To Net: NetName=TS_IN29-3 Pin=P1-3-29
Added Pin To Net: NetName=TS_IN30-3 Pin=P1-3-30
Added Pin To Net: NetName=TS_IN31-3 Pin=P1-3-31
Added Pin To Net: NetName=TS_IN32-3 Pin=P1-3-32
Added Pin To Net: NetName=TS_IN33-3 Pin=P1-3-33
Added Pin To Net: NetName=TS_IN34-3 Pin=P1-3-34
Added Pin To Net: NetName=TS_IN35-3 Pin=P1-3-35
Added Pin To Net: NetName=TS_IN36-3 Pin=P1-3-36
Added Pin To Net: NetName=TS_IN37-3 Pin=P1-3-37
Added Pin To Net: NetName=TS_IN38-3 Pin=P1-3-38
Added Pin To Net: NetName=TS_IN39-3 Pin=P1-3-39
Added Pin To Net: NetName=TS_IN40-3 Pin=P1-3-40
Added Pin To Net: NetName=TS_IN41-3 Pin=P1-3-41
Added Pin To Net: NetName=TS_IN42-3 Pin=P1-3-42
Added Pin To Net: NetName=TS_IN43-3 Pin=P1-3-43
Added Pin To Net: NetName=TS_IN44-3 Pin=P1-3-44
Added Pin To Net: NetName=TS_IN45-3 Pin=P1-3-45
Added Pin To Net: NetName=TS_IN46-3 Pin=P1-3-46
Added Pin To Net: NetName=TS_IN47-3 Pin=P1-3-47
Added Pin To Net: NetName=TS_IN48-3 Pin=P1-3-48
Added Pin To Net: NetName=TS_IN1-4 Pin=P1-4-1
Added Pin To Net: NetName=TS_IN2-4 Pin=P1-4-2
Added Pin To Net: NetName=TS_IN3-4 Pin=P1-4-3
Added Pin To Net: NetName=TS_IN4-4 Pin=P1-4-4
Added Pin To Net: NetName=TS_IN5-4 Pin=P1-4-5
Added Pin To Net: NetName=TS_IN6-4 Pin=P1-4-6
Added Pin To Net: NetName=TS_IN7-4 Pin=P1-4-7
Added Pin To Net: NetName=TS_IN8-4 Pin=P1-4-8
Added Pin To Net: NetName=TS_IN9-4 Pin=P1-4-9
Added Pin To Net: NetName=TS_IN10-4 Pin=P1-4-10
Added Pin To Net: NetName=TS_IN11-4 Pin=P1-4-11
Added Pin To Net: NetName=TS_IN12-4 Pin=P1-4-12
Added Pin To Net: NetName=TS_IN13-4 Pin=P1-4-13
Added Pin To Net: NetName=TS_IN14-4 Pin=P1-4-14
Added Pin To Net: NetName=TS_IN15-4 Pin=P1-4-15
Added Pin To Net: NetName=TS_IN16-4 Pin=P1-4-16
Added Pin To Net: NetName=TS_IN17-4 Pin=P1-4-17
Added Pin To Net: NetName=TS_IN18-4 Pin=P1-4-18
Added Pin To Net: NetName=TS_IN19-4 Pin=P1-4-19
Added Pin To Net: NetName=TS_IN20-4 Pin=P1-4-20
Added Pin To Net: NetName=TS_IN21-4 Pin=P1-4-21
Added Pin To Net: NetName=TS_IN22-4 Pin=P1-4-22
Added Pin To Net: NetName=TS_IN23-4 Pin=P1-4-23
Added Pin To Net: NetName=TS_IN24-4 Pin=P1-4-24
Added Pin To Net: NetName=TS_IN25-4 Pin=P1-4-25
Added Pin To Net: NetName=TS_IN26-4 Pin=P1-4-26
Added Pin To Net: NetName=TS_IN27-4 Pin=P1-4-27
Added Pin To Net: NetName=TS_IN28-4 Pin=P1-4-28
Added Pin To Net: NetName=TS_IN29-4 Pin=P1-4-29
Added Pin To Net: NetName=TS_IN30-4 Pin=P1-4-30
Added Pin To Net: NetName=TS_IN31-4 Pin=P1-4-31
Added Pin To Net: NetName=TS_IN32-4 Pin=P1-4-32
Added Pin To Net: NetName=TS_IN33-4 Pin=P1-4-33
Added Pin To Net: NetName=TS_IN34-4 Pin=P1-4-34
Added Pin To Net: NetName=TS_IN35-4 Pin=P1-4-35
Added Pin To Net: NetName=TS_IN36-4 Pin=P1-4-36
Added Pin To Net: NetName=TS_IN37-4 Pin=P1-4-37
Added Pin To Net: NetName=TS_IN38-4 Pin=P1-4-38
Added Pin To Net: NetName=TS_IN39-4 Pin=P1-4-39
Added Pin To Net: NetName=TS_IN40-4 Pin=P1-4-40
Added Pin To Net: NetName=TS_IN41-4 Pin=P1-4-41
Added Pin To Net: NetName=TS_IN42-4 Pin=P1-4-42
Added Pin To Net: NetName=TS_IN43-4 Pin=P1-4-43
Added Pin To Net: NetName=TS_IN44-4 Pin=P1-4-44
Added Pin To Net: NetName=TS_IN45-4 Pin=P1-4-45
Added Pin To Net: NetName=TS_IN46-4 Pin=P1-4-46
Added Pin To Net: NetName=TS_IN47-4 Pin=P1-4-47
Added Pin To Net: NetName=TS_IN48-4 Pin=P1-4-48
Added Member To Class: ClassName=U_AHK50H-ND_THERM_CONNECTOR1 Member=Component P1-1 (P1) Component_1
Added Member To Class: ClassName=U_AHK50H-ND_THERM_CONNECTOR2 Member=Component P1-2 (P1) Component_1
Added Member To Class: ClassName=U_AHK50H-ND_THERM_CONNECTOR3 Member=Component P1-3 (P1) Component_1
Added Member To Class: ClassName=U_AHK50H-ND_THERM_CONNECTOR4 Member=Component P1-4 (P1) Component_1
Added Room: Name=U_AHK50H-ND_THERM_CONNECTOR1
Added Room: Name=U_AHK50H-ND_THERM_CONNECTOR2
Added Room: Name=U_AHK50H-ND_THERM_CONNECTOR3
Added Room: Name=U_AHK50H-ND_THERM_CONNECTOR4
