Change Net Name : Old Net Name=ADC_OUTA1_2 New Net Name=ADC_OUTA1
Change Net Name : Old Net Name=ADC_OUTA1_4 New Net Name=ADC_OUTA1_2_4
Change Net Name : Old Net Name=ADC_OUTA2_2 New Net Name=ADC_OUTA2
Change Net Name : Old Net Name=ADC_OUTA2_4 New Net Name=ADC_OUTB1_2_4
Change Net Name : Old Net Name=ADC_OUTA3_2 New Net Name=ADC_OUTA3
Change Net Name : Old Net Name=ADC_OUTA3_4 New Net Name=ADC_OUTC1_2_4
Change Net Name : Old Net Name=ADC_OUTA4_2 New Net Name=ADC_OUTA4
Change Net Name : Old Net Name=ADC_OUTA4_4 New Net Name=ADC_OUTA2_2_4
Change Net Name : Old Net Name=ADC_OUTB1_2 New Net Name=ADC_OUTB1
Change Net Name : Old Net Name=ADC_OUTB2_2 New Net Name=ADC_OUTB2
Change Net Name : Old Net Name=ADC_OUTB2_4 New Net Name=ADC_OUTC2_2_4
Change Net Name : Old Net Name=ADC_OUTB3_2 New Net Name=ADC_OUTB3
Change Net Name : Old Net Name=ADC_OUTB3_4 New Net Name=ADC_OUTA3_2_4
Change Net Name : Old Net Name=ADC_OUTB4_2 New Net Name=ADC_OUTB4
Change Net Name : Old Net Name=ADC_OUTB4_4 New Net Name=ADC_OUTB3_2_4
Change Net Name : Old Net Name=ADC_OUTC1_2 New Net Name=ADC_OUTC1
Change Net Name : Old Net Name=ADC_OUTC1_4 New Net Name=ADC_OUTC3_2_4
Change Net Name : Old Net Name=ADC_OUTC2_2 New Net Name=ADC_OUTC2
Change Net Name : Old Net Name=ADC_OUTC2_4 New Net Name=ADC_OUTA4_2_4
Change Net Name : Old Net Name=ADC_OUTC3_2 New Net Name=ADC_OUTC3
Change Net Name : Old Net Name=ADC_OUTC3_4 New Net Name=ADC_OUTB4_2_4
Change Net Name : Old Net Name=ADC_OUTC4_2 New Net Name=ADC_OUTC4
Added Class: Name=ADC_OUTA[1..4]
Added Class: Name=ADC_OUTB[1..4]
Added Class: Name=ADC_OUTC[1..4]
