Removed Pin From Net: NetName=GND Pin=C7_6-1
Removed Pin From Net: NetName=5V Pin=C7_6-2
Removed Pin From Net: NetName=GND Pin=C7_7-1
Removed Pin From Net: NetName=5V Pin=C7_7-2
Removed Pin From Net: NetName=GND Pin=C7_8-1
Removed Pin From Net: NetName=5V Pin=C7_8-2
Removed Pin From Net: NetName=GND Pin=C7_9-1
Removed Pin From Net: NetName=5V Pin=C7_9-2
Removed Pin From Net: NetName=GND Pin=C7_10-1
Removed Pin From Net: NetName=5V Pin=C7_10-2
Removed Pin From Net: NetName=GND Pin=C7_11-1
Removed Pin From Net: NetName=5V Pin=C7_11-2
Removed Pin From Net: NetName=GND Pin=C7_12-1
Removed Pin From Net: NetName=5V Pin=C7_12-2
Removed Pin From Net: NetName=GND Pin=C7_13-1
Removed Pin From Net: NetName=5V Pin=C7_13-2
Removed Pin From Net: NetName=GND Pin=C7_14-1
Removed Pin From Net: NetName=5V Pin=C7_14-2
Removed Pin From Net: NetName=GND Pin=C7_15-1
Removed Pin From Net: NetName=5V Pin=C7_15-2
Removed Pin From Net: NetName=GND Pin=C8_6-1
Removed Pin From Net: NetName=5V Pin=C8_6-2
Removed Pin From Net: NetName=GND Pin=C8_7-1
Removed Pin From Net: NetName=5V Pin=C8_7-2
Removed Pin From Net: NetName=GND Pin=C8_8-1
Removed Pin From Net: NetName=5V Pin=C8_8-2
Removed Pin From Net: NetName=GND Pin=C8_9-1
Removed Pin From Net: NetName=5V Pin=C8_9-2
Removed Pin From Net: NetName=GND Pin=C8_10-1
Removed Pin From Net: NetName=5V Pin=C8_10-2
Removed Pin From Net: NetName=GND Pin=C8_11-1
Removed Pin From Net: NetName=5V Pin=C8_11-2
Removed Pin From Net: NetName=GND Pin=C8_12-1
Removed Pin From Net: NetName=5V Pin=C8_12-2
Removed Pin From Net: NetName=GND Pin=C8_13-1
Removed Pin From Net: NetName=5V Pin=C8_13-2
Removed Pin From Net: NetName=GND Pin=C8_14-1
Removed Pin From Net: NetName=5V Pin=C8_14-2
Removed Pin From Net: NetName=GND Pin=C8_15-1
Removed Pin From Net: NetName=5V Pin=C8_15-2
Removed Pin From Net: NetName=NetR4_1_2 Pin=R4_2-2
Removed Pin From Net: NetName=NetR4_1_2 Pin=R4_3-2
Removed Pin From Net: NetName=NetR4_4_2 Pin=R4_5-2
Removed Pin From Net: NetName=5V Pin=R4_6-1
Removed Pin From Net: NetName=NetR4_4_2 Pin=R4_6-2
Removed Pin From Net: NetName=5V Pin=R4_7-1
Removed Pin From Net: NetName=5V Pin=R4_8-1
Removed Pin From Net: NetName=5V Pin=R4_9-1
Removed Pin From Net: NetName=5V Pin=R4_10-1
Removed Pin From Net: NetName=5V Pin=R4_11-1
Removed Pin From Net: NetName=5V Pin=R4_12-1
Removed Pin From Net: NetName=5V Pin=R4_13-1
Removed Pin From Net: NetName=5V Pin=R4_14-1
Removed Pin From Net: NetName=5V Pin=R4_15-1
Removed Pin From Net: NetName=NetR4_1_2 Pin=U5_2-1
Removed Pin From Net: NetName=TS_IN8_1 Pin=U5_2-2
Removed Pin From Net: NetName=TS_IN7_1 Pin=U5_2-3
Removed Pin From Net: NetName=TS_IN6_1 Pin=U5_2-4
Removed Pin From Net: NetName=TS_IN5_1 Pin=U5_2-5
Removed Pin From Net: NetName=TS_IN4_1 Pin=U5_2-6
Removed Pin From Net: NetName=TS_IN3_1 Pin=U5_2-7
Removed Pin From Net: NetName=TS_IN2_1 Pin=U5_2-8
Removed Pin From Net: NetName=TS_IN1_1 Pin=U5_2-9
Removed Pin From Net: NetName=TS_IN9_1 Pin=U5_2-16
Removed Pin From Net: NetName=TS_IN10_1 Pin=U5_2-17
Removed Pin From Net: NetName=TS_IN11_1 Pin=U5_2-18
Removed Pin From Net: NetName=TS_IN12_1 Pin=U5_2-19
Removed Pin From Net: NetName=TS_IN13_1 Pin=U5_2-20
Removed Pin From Net: NetName=TS_IN14_1 Pin=U5_2-21
Removed Pin From Net: NetName=TS_IN15_1 Pin=U5_2-22
Removed Pin From Net: NetName=TS_IN16_1 Pin=U5_2-23
Removed Pin From Net: NetName=NetR4_1_2 Pin=U5_3-1
Removed Pin From Net: NetName=TS_IN8_1 Pin=U5_3-2
Removed Pin From Net: NetName=TS_IN7_1 Pin=U5_3-3
Removed Pin From Net: NetName=TS_IN6_1 Pin=U5_3-4
Removed Pin From Net: NetName=TS_IN5_1 Pin=U5_3-5
Removed Pin From Net: NetName=TS_IN4_1 Pin=U5_3-6
Removed Pin From Net: NetName=TS_IN3_1 Pin=U5_3-7
Removed Pin From Net: NetName=TS_IN2_1 Pin=U5_3-8
Removed Pin From Net: NetName=TS_IN1_1 Pin=U5_3-9
Removed Pin From Net: NetName=TS_IN9_1 Pin=U5_3-16
Removed Pin From Net: NetName=TS_IN10_1 Pin=U5_3-17
Removed Pin From Net: NetName=TS_IN11_1 Pin=U5_3-18
Removed Pin From Net: NetName=TS_IN12_1 Pin=U5_3-19
Removed Pin From Net: NetName=TS_IN13_1 Pin=U5_3-20
Removed Pin From Net: NetName=TS_IN14_1 Pin=U5_3-21
Removed Pin From Net: NetName=TS_IN15_1 Pin=U5_3-22
Removed Pin From Net: NetName=TS_IN16_1 Pin=U5_3-23
Removed Pin From Net: NetName=TS_IN8_2 Pin=U5_4-2
Removed Pin From Net: NetName=TS_IN7_2 Pin=U5_4-3
Removed Pin From Net: NetName=TS_IN6_2 Pin=U5_4-4
Removed Pin From Net: NetName=TS_IN5_2 Pin=U5_4-5
Removed Pin From Net: NetName=TS_IN4_2 Pin=U5_4-6
Removed Pin From Net: NetName=TS_IN3_2 Pin=U5_4-7
Removed Pin From Net: NetName=TS_IN2_2 Pin=U5_4-8
Removed Pin From Net: NetName=TS_IN1_2 Pin=U5_4-9
Removed Pin From Net: NetName=TS_IN9_2 Pin=U5_4-16
Removed Pin From Net: NetName=TS_IN10_2 Pin=U5_4-17
Removed Pin From Net: NetName=TS_IN11_2 Pin=U5_4-18
Removed Pin From Net: NetName=TS_IN12_2 Pin=U5_4-19
Removed Pin From Net: NetName=TS_IN13_2 Pin=U5_4-20
Removed Pin From Net: NetName=TS_IN14_2 Pin=U5_4-21
Removed Pin From Net: NetName=TS_IN15_2 Pin=U5_4-22
Removed Pin From Net: NetName=TS_IN16_2 Pin=U5_4-23
Removed Pin From Net: NetName=NetR4_4_2 Pin=U5_5-1
Removed Pin From Net: NetName=TS_IN8_2 Pin=U5_5-2
Removed Pin From Net: NetName=TS_IN7_2 Pin=U5_5-3
Removed Pin From Net: NetName=TS_IN6_2 Pin=U5_5-4
Removed Pin From Net: NetName=TS_IN5_2 Pin=U5_5-5
Removed Pin From Net: NetName=TS_IN4_2 Pin=U5_5-6
Removed Pin From Net: NetName=TS_IN3_2 Pin=U5_5-7
Removed Pin From Net: NetName=TS_IN2_2 Pin=U5_5-8
Removed Pin From Net: NetName=TS_IN1_2 Pin=U5_5-9
Removed Pin From Net: NetName=TS_IN9_2 Pin=U5_5-16
Removed Pin From Net: NetName=TS_IN10_2 Pin=U5_5-17
Removed Pin From Net: NetName=TS_IN11_2 Pin=U5_5-18
Removed Pin From Net: NetName=TS_IN12_2 Pin=U5_5-19
Removed Pin From Net: NetName=TS_IN13_2 Pin=U5_5-20
Removed Pin From Net: NetName=TS_IN14_2 Pin=U5_5-21
Removed Pin From Net: NetName=TS_IN15_2 Pin=U5_5-22
Removed Pin From Net: NetName=TS_IN16_2 Pin=U5_5-23
Removed Pin From Net: NetName=NetR4_4_2 Pin=U5_6-1
Removed Pin From Net: NetName=TS_IN8_2 Pin=U5_6-2
Removed Pin From Net: NetName=TS_IN7_2 Pin=U5_6-3
Removed Pin From Net: NetName=TS_IN6_2 Pin=U5_6-4
Removed Pin From Net: NetName=TS_IN5_2 Pin=U5_6-5
Removed Pin From Net: NetName=TS_IN4_2 Pin=U5_6-6
Removed Pin From Net: NetName=TS_IN3_2 Pin=U5_6-7
Removed Pin From Net: NetName=TS_IN2_2 Pin=U5_6-8
Removed Pin From Net: NetName=TS_IN1_2 Pin=U5_6-9
Removed Pin From Net: NetName=S0_1 Pin=U5_6-10
Removed Pin From Net: NetName=S1_1 Pin=U5_6-11
Removed Pin From Net: NetName=GND Pin=U5_6-12
Removed Pin From Net: NetName=S3_1 Pin=U5_6-13
Removed Pin From Net: NetName=S2_1 Pin=U5_6-14
Removed Pin From Net: NetName=GND Pin=U5_6-15
Removed Pin From Net: NetName=TS_IN9_2 Pin=U5_6-16
Removed Pin From Net: NetName=TS_IN10_2 Pin=U5_6-17
Removed Pin From Net: NetName=TS_IN11_2 Pin=U5_6-18
Removed Pin From Net: NetName=TS_IN12_2 Pin=U5_6-19
Removed Pin From Net: NetName=TS_IN13_2 Pin=U5_6-20
Removed Pin From Net: NetName=TS_IN14_2 Pin=U5_6-21
Removed Pin From Net: NetName=TS_IN15_2 Pin=U5_6-22
Removed Pin From Net: NetName=TS_IN16_2 Pin=U5_6-23
Removed Pin From Net: NetName=5V Pin=U5_6-24
Removed Pin From Net: NetName=TS_IN8_3 Pin=U5_7-2
Removed Pin From Net: NetName=TS_IN7_3 Pin=U5_7-3
Removed Pin From Net: NetName=TS_IN6_3 Pin=U5_7-4
Removed Pin From Net: NetName=TS_IN5_3 Pin=U5_7-5
Removed Pin From Net: NetName=TS_IN4_3 Pin=U5_7-6
Removed Pin From Net: NetName=TS_IN3_3 Pin=U5_7-7
Removed Pin From Net: NetName=TS_IN2_3 Pin=U5_7-8
Removed Pin From Net: NetName=TS_IN1_3 Pin=U5_7-9
Removed Pin From Net: NetName=S0_1 Pin=U5_7-10
Removed Pin From Net: NetName=S1_1 Pin=U5_7-11
Removed Pin From Net: NetName=GND Pin=U5_7-12
Removed Pin From Net: NetName=S3_1 Pin=U5_7-13
Removed Pin From Net: NetName=S2_1 Pin=U5_7-14
Removed Pin From Net: NetName=GND Pin=U5_7-15
Removed Pin From Net: NetName=TS_IN9_3 Pin=U5_7-16
Removed Pin From Net: NetName=TS_IN10_3 Pin=U5_7-17
Removed Pin From Net: NetName=TS_IN11_3 Pin=U5_7-18
Removed Pin From Net: NetName=TS_IN12_3 Pin=U5_7-19
Removed Pin From Net: NetName=TS_IN13_3 Pin=U5_7-20
Removed Pin From Net: NetName=TS_IN14_3 Pin=U5_7-21
Removed Pin From Net: NetName=TS_IN15_3 Pin=U5_7-22
Removed Pin From Net: NetName=TS_IN16_3 Pin=U5_7-23
Removed Pin From Net: NetName=5V Pin=U5_7-24
Removed Pin From Net: NetName=TS_IN8_3 Pin=U5_8-2
Removed Pin From Net: NetName=TS_IN7_3 Pin=U5_8-3
Removed Pin From Net: NetName=TS_IN6_3 Pin=U5_8-4
Removed Pin From Net: NetName=TS_IN5_3 Pin=U5_8-5
Removed Pin From Net: NetName=TS_IN4_3 Pin=U5_8-6
Removed Pin From Net: NetName=TS_IN3_3 Pin=U5_8-7
Removed Pin From Net: NetName=TS_IN2_3 Pin=U5_8-8
Removed Pin From Net: NetName=TS_IN1_3 Pin=U5_8-9
Removed Pin From Net: NetName=S0_1 Pin=U5_8-10
Removed Pin From Net: NetName=S1_1 Pin=U5_8-11
Removed Pin From Net: NetName=GND Pin=U5_8-12
Removed Pin From Net: NetName=S3_1 Pin=U5_8-13
Removed Pin From Net: NetName=S2_1 Pin=U5_8-14
Removed Pin From Net: NetName=GND Pin=U5_8-15
Removed Pin From Net: NetName=TS_IN9_3 Pin=U5_8-16
Removed Pin From Net: NetName=TS_IN10_3 Pin=U5_8-17
Removed Pin From Net: NetName=TS_IN11_3 Pin=U5_8-18
Removed Pin From Net: NetName=TS_IN12_3 Pin=U5_8-19
Removed Pin From Net: NetName=TS_IN13_3 Pin=U5_8-20
Removed Pin From Net: NetName=TS_IN14_3 Pin=U5_8-21
Removed Pin From Net: NetName=TS_IN15_3 Pin=U5_8-22
Removed Pin From Net: NetName=TS_IN16_3 Pin=U5_8-23
Removed Pin From Net: NetName=5V Pin=U5_8-24
Removed Pin From Net: NetName=TS_IN8_3 Pin=U5_9-2
Removed Pin From Net: NetName=TS_IN7_3 Pin=U5_9-3
Removed Pin From Net: NetName=TS_IN6_3 Pin=U5_9-4
Removed Pin From Net: NetName=TS_IN5_3 Pin=U5_9-5
Removed Pin From Net: NetName=TS_IN4_3 Pin=U5_9-6
Removed Pin From Net: NetName=TS_IN3_3 Pin=U5_9-7
Removed Pin From Net: NetName=TS_IN2_3 Pin=U5_9-8
Removed Pin From Net: NetName=TS_IN1_3 Pin=U5_9-9
Removed Pin From Net: NetName=S0_1 Pin=U5_9-10
Removed Pin From Net: NetName=S1_1 Pin=U5_9-11
Removed Pin From Net: NetName=GND Pin=U5_9-12
Removed Pin From Net: NetName=S3_1 Pin=U5_9-13
Removed Pin From Net: NetName=S2_1 Pin=U5_9-14
Removed Pin From Net: NetName=GND Pin=U5_9-15
Removed Pin From Net: NetName=TS_IN9_3 Pin=U5_9-16
Removed Pin From Net: NetName=TS_IN10_3 Pin=U5_9-17
Removed Pin From Net: NetName=TS_IN11_3 Pin=U5_9-18
Removed Pin From Net: NetName=TS_IN12_3 Pin=U5_9-19
Removed Pin From Net: NetName=TS_IN13_3 Pin=U5_9-20
Removed Pin From Net: NetName=TS_IN14_3 Pin=U5_9-21
Removed Pin From Net: NetName=TS_IN15_3 Pin=U5_9-22
Removed Pin From Net: NetName=TS_IN16_3 Pin=U5_9-23
Removed Pin From Net: NetName=5V Pin=U5_9-24
Removed Pin From Net: NetName=TS_IN8_4 Pin=U5_10-2
Removed Pin From Net: NetName=TS_IN7_4 Pin=U5_10-3
Removed Pin From Net: NetName=TS_IN6_4 Pin=U5_10-4
Removed Pin From Net: NetName=TS_IN5_4 Pin=U5_10-5
Removed Pin From Net: NetName=TS_IN4_4 Pin=U5_10-6
Removed Pin From Net: NetName=TS_IN3_4 Pin=U5_10-7
Removed Pin From Net: NetName=TS_IN2_4 Pin=U5_10-8
Removed Pin From Net: NetName=TS_IN1_4 Pin=U5_10-9
Removed Pin From Net: NetName=S0_1 Pin=U5_10-10
Removed Pin From Net: NetName=S1_1 Pin=U5_10-11
Removed Pin From Net: NetName=GND Pin=U5_10-12
Removed Pin From Net: NetName=S3_1 Pin=U5_10-13
Removed Pin From Net: NetName=S2_1 Pin=U5_10-14
Removed Pin From Net: NetName=GND Pin=U5_10-15
Removed Pin From Net: NetName=TS_IN9_4 Pin=U5_10-16
Removed Pin From Net: NetName=TS_IN10_4 Pin=U5_10-17
Removed Pin From Net: NetName=TS_IN11_4 Pin=U5_10-18
Removed Pin From Net: NetName=TS_IN12_4 Pin=U5_10-19
Removed Pin From Net: NetName=TS_IN13_4 Pin=U5_10-20
Removed Pin From Net: NetName=TS_IN14_4 Pin=U5_10-21
Removed Pin From Net: NetName=TS_IN15_4 Pin=U5_10-22
Removed Pin From Net: NetName=TS_IN16_4 Pin=U5_10-23
Removed Pin From Net: NetName=5V Pin=U5_10-24
Removed Pin From Net: NetName=TS_IN8_4 Pin=U5_11-2
Removed Pin From Net: NetName=TS_IN7_4 Pin=U5_11-3
Removed Pin From Net: NetName=TS_IN6_4 Pin=U5_11-4
Removed Pin From Net: NetName=TS_IN5_4 Pin=U5_11-5
Removed Pin From Net: NetName=TS_IN4_4 Pin=U5_11-6
Removed Pin From Net: NetName=TS_IN3_4 Pin=U5_11-7
Removed Pin From Net: NetName=TS_IN2_4 Pin=U5_11-8
Removed Pin From Net: NetName=TS_IN1_4 Pin=U5_11-9
Removed Pin From Net: NetName=S0_1 Pin=U5_11-10
Removed Pin From Net: NetName=S1_1 Pin=U5_11-11
Removed Pin From Net: NetName=GND Pin=U5_11-12
Removed Pin From Net: NetName=S3_1 Pin=U5_11-13
Removed Pin From Net: NetName=S2_1 Pin=U5_11-14
Removed Pin From Net: NetName=GND Pin=U5_11-15
Removed Pin From Net: NetName=TS_IN9_4 Pin=U5_11-16
Removed Pin From Net: NetName=TS_IN10_4 Pin=U5_11-17
Removed Pin From Net: NetName=TS_IN11_4 Pin=U5_11-18
Removed Pin From Net: NetName=TS_IN12_4 Pin=U5_11-19
Removed Pin From Net: NetName=TS_IN13_4 Pin=U5_11-20
Removed Pin From Net: NetName=TS_IN14_4 Pin=U5_11-21
Removed Pin From Net: NetName=TS_IN15_4 Pin=U5_11-22
Removed Pin From Net: NetName=TS_IN16_4 Pin=U5_11-23
Removed Pin From Net: NetName=5V Pin=U5_11-24
Removed Pin From Net: NetName=TS_IN8_4 Pin=U5_12-2
Removed Pin From Net: NetName=TS_IN7_4 Pin=U5_12-3
Removed Pin From Net: NetName=TS_IN6_4 Pin=U5_12-4
Removed Pin From Net: NetName=TS_IN5_4 Pin=U5_12-5
Removed Pin From Net: NetName=TS_IN4_4 Pin=U5_12-6
Removed Pin From Net: NetName=TS_IN3_4 Pin=U5_12-7
Removed Pin From Net: NetName=TS_IN2_4 Pin=U5_12-8
Removed Pin From Net: NetName=TS_IN1_4 Pin=U5_12-9
Removed Pin From Net: NetName=S0_1 Pin=U5_12-10
Removed Pin From Net: NetName=S1_1 Pin=U5_12-11
Removed Pin From Net: NetName=GND Pin=U5_12-12
Removed Pin From Net: NetName=S3_1 Pin=U5_12-13
Removed Pin From Net: NetName=S2_1 Pin=U5_12-14
Removed Pin From Net: NetName=GND Pin=U5_12-15
Removed Pin From Net: NetName=TS_IN9_4 Pin=U5_12-16
Removed Pin From Net: NetName=TS_IN10_4 Pin=U5_12-17
Removed Pin From Net: NetName=TS_IN11_4 Pin=U5_12-18
Removed Pin From Net: NetName=TS_IN12_4 Pin=U5_12-19
Removed Pin From Net: NetName=TS_IN13_4 Pin=U5_12-20
Removed Pin From Net: NetName=TS_IN14_4 Pin=U5_12-21
Removed Pin From Net: NetName=TS_IN15_4 Pin=U5_12-22
Removed Pin From Net: NetName=TS_IN16_4 Pin=U5_12-23
Removed Pin From Net: NetName=5V Pin=U5_12-24
Removed Pin From Net: NetName=TS_IN8_5 Pin=U5_13-2
Removed Pin From Net: NetName=TS_IN7_5 Pin=U5_13-3
Removed Pin From Net: NetName=TS_IN6_5 Pin=U5_13-4
Removed Pin From Net: NetName=TS_IN5_5 Pin=U5_13-5
Removed Pin From Net: NetName=TS_IN4_5 Pin=U5_13-6
Removed Pin From Net: NetName=TS_IN3_5 Pin=U5_13-7
Removed Pin From Net: NetName=TS_IN2_5 Pin=U5_13-8
Removed Pin From Net: NetName=TS_IN1_5 Pin=U5_13-9
Removed Pin From Net: NetName=S0_1 Pin=U5_13-10
Removed Pin From Net: NetName=S1_1 Pin=U5_13-11
Removed Pin From Net: NetName=GND Pin=U5_13-12
Removed Pin From Net: NetName=S3_1 Pin=U5_13-13
Removed Pin From Net: NetName=S2_1 Pin=U5_13-14
Removed Pin From Net: NetName=GND Pin=U5_13-15
Removed Pin From Net: NetName=TS_IN9_5 Pin=U5_13-16
Removed Pin From Net: NetName=TS_IN10_5 Pin=U5_13-17
Removed Pin From Net: NetName=TS_IN11_5 Pin=U5_13-18
Removed Pin From Net: NetName=TS_IN12_5 Pin=U5_13-19
Removed Pin From Net: NetName=TS_IN13_5 Pin=U5_13-20
Removed Pin From Net: NetName=TS_IN14_5 Pin=U5_13-21
Removed Pin From Net: NetName=TS_IN15_5 Pin=U5_13-22
Removed Pin From Net: NetName=TS_IN16_5 Pin=U5_13-23
Removed Pin From Net: NetName=5V Pin=U5_13-24
Removed Pin From Net: NetName=TS_IN8_5 Pin=U5_14-2
Removed Pin From Net: NetName=TS_IN7_5 Pin=U5_14-3
Removed Pin From Net: NetName=TS_IN6_5 Pin=U5_14-4
Removed Pin From Net: NetName=TS_IN5_5 Pin=U5_14-5
Removed Pin From Net: NetName=TS_IN4_5 Pin=U5_14-6
Removed Pin From Net: NetName=TS_IN3_5 Pin=U5_14-7
Removed Pin From Net: NetName=TS_IN2_5 Pin=U5_14-8
Removed Pin From Net: NetName=TS_IN1_5 Pin=U5_14-9
Removed Pin From Net: NetName=S0_1 Pin=U5_14-10
Removed Pin From Net: NetName=S1_1 Pin=U5_14-11
Removed Pin From Net: NetName=GND Pin=U5_14-12
Removed Pin From Net: NetName=S3_1 Pin=U5_14-13
Removed Pin From Net: NetName=S2_1 Pin=U5_14-14
Removed Pin From Net: NetName=GND Pin=U5_14-15
Removed Pin From Net: NetName=TS_IN9_5 Pin=U5_14-16
Removed Pin From Net: NetName=TS_IN10_5 Pin=U5_14-17
Removed Pin From Net: NetName=TS_IN11_5 Pin=U5_14-18
Removed Pin From Net: NetName=TS_IN12_5 Pin=U5_14-19
Removed Pin From Net: NetName=TS_IN13_5 Pin=U5_14-20
Removed Pin From Net: NetName=TS_IN14_5 Pin=U5_14-21
Removed Pin From Net: NetName=TS_IN15_5 Pin=U5_14-22
Removed Pin From Net: NetName=TS_IN16_5 Pin=U5_14-23
Removed Pin From Net: NetName=5V Pin=U5_14-24
Removed Pin From Net: NetName=TS_IN8_5 Pin=U5_15-2
Removed Pin From Net: NetName=TS_IN7_5 Pin=U5_15-3
Removed Pin From Net: NetName=TS_IN6_5 Pin=U5_15-4
Removed Pin From Net: NetName=TS_IN5_5 Pin=U5_15-5
Removed Pin From Net: NetName=TS_IN4_5 Pin=U5_15-6
Removed Pin From Net: NetName=TS_IN3_5 Pin=U5_15-7
Removed Pin From Net: NetName=TS_IN2_5 Pin=U5_15-8
Removed Pin From Net: NetName=TS_IN1_5 Pin=U5_15-9
Removed Pin From Net: NetName=S0_1 Pin=U5_15-10
Removed Pin From Net: NetName=S1_1 Pin=U5_15-11
Removed Pin From Net: NetName=GND Pin=U5_15-12
Removed Pin From Net: NetName=S3_1 Pin=U5_15-13
Removed Pin From Net: NetName=S2_1 Pin=U5_15-14
Removed Pin From Net: NetName=GND Pin=U5_15-15
Removed Pin From Net: NetName=TS_IN9_5 Pin=U5_15-16
Removed Pin From Net: NetName=TS_IN10_5 Pin=U5_15-17
Removed Pin From Net: NetName=TS_IN11_5 Pin=U5_15-18
Removed Pin From Net: NetName=TS_IN12_5 Pin=U5_15-19
Removed Pin From Net: NetName=TS_IN13_5 Pin=U5_15-20
Removed Pin From Net: NetName=TS_IN14_5 Pin=U5_15-21
Removed Pin From Net: NetName=TS_IN15_5 Pin=U5_15-22
Removed Pin From Net: NetName=TS_IN16_5 Pin=U5_15-23
Removed Pin From Net: NetName=5V Pin=U5_15-24
Added Pin To Net: NetName=TS_IN8_2 Pin=U5_2-2
Added Pin To Net: NetName=TS_IN7_2 Pin=U5_2-3
Added Pin To Net: NetName=TS_IN6_2 Pin=U5_2-4
Added Pin To Net: NetName=TS_IN5_2 Pin=U5_2-5
Added Pin To Net: NetName=TS_IN4_2 Pin=U5_2-6
Added Pin To Net: NetName=TS_IN3_2 Pin=U5_2-7
Added Pin To Net: NetName=TS_IN2_2 Pin=U5_2-8
Added Pin To Net: NetName=TS_IN1_2 Pin=U5_2-9
Added Pin To Net: NetName=TS_IN9_2 Pin=U5_2-16
Added Pin To Net: NetName=TS_IN10_2 Pin=U5_2-17
Added Pin To Net: NetName=TS_IN11_2 Pin=U5_2-18
Added Pin To Net: NetName=TS_IN12_2 Pin=U5_2-19
Added Pin To Net: NetName=TS_IN13_2 Pin=U5_2-20
Added Pin To Net: NetName=TS_IN14_2 Pin=U5_2-21
Added Pin To Net: NetName=TS_IN15_2 Pin=U5_2-22
Added Pin To Net: NetName=TS_IN16_2 Pin=U5_2-23
Added Pin To Net: NetName=TS_IN8_3 Pin=U5_3-2
Added Pin To Net: NetName=TS_IN7_3 Pin=U5_3-3
Added Pin To Net: NetName=TS_IN6_3 Pin=U5_3-4
Added Pin To Net: NetName=TS_IN5_3 Pin=U5_3-5
Added Pin To Net: NetName=TS_IN4_3 Pin=U5_3-6
Added Pin To Net: NetName=TS_IN3_3 Pin=U5_3-7
Added Pin To Net: NetName=TS_IN2_3 Pin=U5_3-8
Added Pin To Net: NetName=TS_IN1_3 Pin=U5_3-9
Added Pin To Net: NetName=TS_IN9_3 Pin=U5_3-16
Added Pin To Net: NetName=TS_IN10_3 Pin=U5_3-17
Added Pin To Net: NetName=TS_IN11_3 Pin=U5_3-18
Added Pin To Net: NetName=TS_IN12_3 Pin=U5_3-19
Added Pin To Net: NetName=TS_IN13_3 Pin=U5_3-20
Added Pin To Net: NetName=TS_IN14_3 Pin=U5_3-21
Added Pin To Net: NetName=TS_IN15_3 Pin=U5_3-22
Added Pin To Net: NetName=TS_IN16_3 Pin=U5_3-23
Added Pin To Net: NetName=TS_IN8_4 Pin=U5_4-2
Added Pin To Net: NetName=TS_IN7_4 Pin=U5_4-3
Added Pin To Net: NetName=TS_IN6_4 Pin=U5_4-4
Added Pin To Net: NetName=TS_IN5_4 Pin=U5_4-5
Added Pin To Net: NetName=TS_IN4_4 Pin=U5_4-6
Added Pin To Net: NetName=TS_IN3_4 Pin=U5_4-7
Added Pin To Net: NetName=TS_IN2_4 Pin=U5_4-8
Added Pin To Net: NetName=TS_IN1_4 Pin=U5_4-9
Added Pin To Net: NetName=TS_IN9_4 Pin=U5_4-16
Added Pin To Net: NetName=TS_IN10_4 Pin=U5_4-17
Added Pin To Net: NetName=TS_IN11_4 Pin=U5_4-18
Added Pin To Net: NetName=TS_IN12_4 Pin=U5_4-19
Added Pin To Net: NetName=TS_IN13_4 Pin=U5_4-20
Added Pin To Net: NetName=TS_IN14_4 Pin=U5_4-21
Added Pin To Net: NetName=TS_IN15_4 Pin=U5_4-22
Added Pin To Net: NetName=TS_IN16_4 Pin=U5_4-23
Added Pin To Net: NetName=TS_IN8_5 Pin=U5_5-2
Added Pin To Net: NetName=TS_IN7_5 Pin=U5_5-3
Added Pin To Net: NetName=TS_IN6_5 Pin=U5_5-4
Added Pin To Net: NetName=TS_IN5_5 Pin=U5_5-5
Added Pin To Net: NetName=TS_IN4_5 Pin=U5_5-6
Added Pin To Net: NetName=TS_IN3_5 Pin=U5_5-7
Added Pin To Net: NetName=TS_IN2_5 Pin=U5_5-8
Added Pin To Net: NetName=TS_IN1_5 Pin=U5_5-9
Added Pin To Net: NetName=TS_IN9_5 Pin=U5_5-16
Added Pin To Net: NetName=TS_IN10_5 Pin=U5_5-17
Added Pin To Net: NetName=TS_IN11_5 Pin=U5_5-18
Added Pin To Net: NetName=TS_IN12_5 Pin=U5_5-19
Added Pin To Net: NetName=TS_IN13_5 Pin=U5_5-20
Added Pin To Net: NetName=TS_IN14_5 Pin=U5_5-21
Added Pin To Net: NetName=TS_IN15_5 Pin=U5_5-22
Added Pin To Net: NetName=TS_IN16_5 Pin=U5_5-23
Added Pin To Net: NetName=NetR4_2_2 Pin=R4_2-2
Added Pin To Net: NetName=NetR4_2_2 Pin=U5_2-1
Added Net: Name=NetR4_2_2
Added Pin To Net: NetName=NetR4_3_2 Pin=R4_3-2
Added Pin To Net: NetName=NetR4_3_2 Pin=U5_3-1
Added Net: Name=NetR4_3_2
Added Pin To Net: NetName=NetR4_5_2 Pin=R4_5-2
Added Pin To Net: NetName=NetR4_5_2 Pin=U5_5-1
Added Net: Name=NetR4_5_2
