Change Component Designator: OldDesignator=C1_MUX_CON_31 NewDesignator=C1_1
Change Component Designator: OldDesignator=C1_MUX_CON_32 NewDesignator=C1_2
Change Component Designator: OldDesignator=C1_MUX_CON_33 NewDesignator=C1_3
Change Component Designator: OldDesignator=C1_MUX_CON_34 NewDesignator=C1_4
Change Component Designator: OldDesignator=C1_MUX_CON_35 NewDesignator=C1_5
Change Component Designator: OldDesignator=C2_MUX_CON_31 NewDesignator=C2_1
Change Component Designator: OldDesignator=C2_MUX_CON_32 NewDesignator=C2_2
Change Component Designator: OldDesignator=C2_MUX_CON_33 NewDesignator=C2_3
Change Component Designator: OldDesignator=C2_MUX_CON_34 NewDesignator=C2_4
Change Component Designator: OldDesignator=C2_MUX_CON_35 NewDesignator=C2_5
Change Component Designator: OldDesignator=C3_MUX_CON_31 NewDesignator=C3_1
Change Component Designator: OldDesignator=C3_MUX_CON_32 NewDesignator=C3_2
Change Component Designator: OldDesignator=C3_MUX_CON_33 NewDesignator=C3_3
Change Component Designator: OldDesignator=C3_MUX_CON_34 NewDesignator=C3_4
Change Component Designator: OldDesignator=C3_MUX_CON_35 NewDesignator=C3_5
Change Component Designator: OldDesignator=C4_MUX_CON_31 NewDesignator=C4_1
Change Component Designator: OldDesignator=C4_MUX_CON_32 NewDesignator=C4_2
Change Component Designator: OldDesignator=C4_MUX_CON_33 NewDesignator=C4_3
Change Component Designator: OldDesignator=C4_MUX_CON_34 NewDesignator=C4_4
Change Component Designator: OldDesignator=C4_MUX_CON_35 NewDesignator=C4_5
Change Component Designator: OldDesignator=C5_MUX_CON_31 NewDesignator=C5_1
Change Component Designator: OldDesignator=C5_MUX_CON_32 NewDesignator=C5_2
Change Component Designator: OldDesignator=C5_MUX_CON_33 NewDesignator=C5_3
Change Component Designator: OldDesignator=C5_MUX_CON_34 NewDesignator=C5_4
Change Component Designator: OldDesignator=C5_MUX_CON_35 NewDesignator=C5_5
Change Component Designator: OldDesignator=C6_MUX_CON_31 NewDesignator=C6_1
Change Component Designator: OldDesignator=C6_MUX_CON_32 NewDesignator=C6_2
Change Component Designator: OldDesignator=C6_MUX_CON_33 NewDesignator=C6_3
Change Component Designator: OldDesignator=C6_MUX_CON_34 NewDesignator=C6_4
Change Component Designator: OldDesignator=C6_MUX_CON_35 NewDesignator=C6_5
Change Component Designator: OldDesignator=P1_U_AHK50H-ND_THERM_CONNECTOR1 NewDesignator=P1_1
Change Component Designator: OldDesignator=P1_U_AHK50H-ND_THERM_CONNECTOR2 NewDesignator=P1_2
Change Component Designator: OldDesignator=P1_U_AHK50H-ND_THERM_CONNECTOR3 NewDesignator=P1_3
Change Component Designator: OldDesignator=P1_U_AHK50H-ND_THERM_CONNECTOR4 NewDesignator=P1_4
Change Component Designator: OldDesignator=P1_U_AHK50H-ND_THERM_CONNECTOR5 NewDesignator=P1_5
Change Component Designator: OldDesignator=R1_MUX_CON_31 NewDesignator=R1_1
Change Component Designator: OldDesignator=R1_MUX_CON_32 NewDesignator=R1_2
Change Component Designator: OldDesignator=R1_MUX_CON_33 NewDesignator=R1_3
Change Component Designator: OldDesignator=R1_MUX_CON_34 NewDesignator=R1_4
Change Component Designator: OldDesignator=R1_MUX_CON_35 NewDesignator=R1_5
Change Component Designator: OldDesignator=R2_MUX_CON_31 NewDesignator=R2_1
Change Component Designator: OldDesignator=R2_MUX_CON_32 NewDesignator=R2_2
Change Component Designator: OldDesignator=R2_MUX_CON_33 NewDesignator=R2_3
Change Component Designator: OldDesignator=R2_MUX_CON_34 NewDesignator=R2_4
Change Component Designator: OldDesignator=R2_MUX_CON_35 NewDesignator=R2_5
Change Component Designator: OldDesignator=R3_MUX_CON_31 NewDesignator=R3_1
Change Component Designator: OldDesignator=R3_MUX_CON_32 NewDesignator=R3_2
Change Component Designator: OldDesignator=R3_MUX_CON_33 NewDesignator=R3_3
Change Component Designator: OldDesignator=R3_MUX_CON_34 NewDesignator=R3_4
Change Component Designator: OldDesignator=R3_MUX_CON_35 NewDesignator=R3_5
Change Component Designator: OldDesignator=U1_MUX_CON_31 NewDesignator=U1_1
Change Component Designator: OldDesignator=U1_MUX_CON_32 NewDesignator=U1_2
Change Component Designator: OldDesignator=U1_MUX_CON_33 NewDesignator=U1_3
Change Component Designator: OldDesignator=U1_MUX_CON_34 NewDesignator=U1_4
Change Component Designator: OldDesignator=U1_MUX_CON_35 NewDesignator=U1_5
Change Component Designator: OldDesignator=U2_MUX_CON_31 NewDesignator=U2_1
Change Component Designator: OldDesignator=U2_MUX_CON_32 NewDesignator=U2_2
Change Component Designator: OldDesignator=U2_MUX_CON_33 NewDesignator=U2_3
Change Component Designator: OldDesignator=U2_MUX_CON_34 NewDesignator=U2_4
Change Component Designator: OldDesignator=U2_MUX_CON_35 NewDesignator=U2_5
Change Component Designator: OldDesignator=U3_MUX_CON_31 NewDesignator=U3_1
Change Component Designator: OldDesignator=U3_MUX_CON_32 NewDesignator=U3_2
Change Component Designator: OldDesignator=U3_MUX_CON_33 NewDesignator=U3_3
Change Component Designator: OldDesignator=U3_MUX_CON_34 NewDesignator=U3_4
Change Component Designator: OldDesignator=U3_MUX_CON_35 NewDesignator=U3_5
Change Net Name : Old Net Name=NetR1_MUX_CON_31_2 New Net Name=NetR1_1_2
Change Net Name : Old Net Name=NetR1_MUX_CON_32_2 New Net Name=NetR1_2_2
Change Net Name : Old Net Name=NetR1_MUX_CON_33_2 New Net Name=NetR1_3_2
Change Net Name : Old Net Name=NetR1_MUX_CON_34_2 New Net Name=NetR1_4_2
Change Net Name : Old Net Name=NetR1_MUX_CON_35_2 New Net Name=NetR1_5_2
Change Net Name : Old Net Name=NetR2_MUX_CON_31_2 New Net Name=NetR2_1_2
Change Net Name : Old Net Name=NetR2_MUX_CON_32_2 New Net Name=NetR2_2_2
Change Net Name : Old Net Name=NetR2_MUX_CON_33_2 New Net Name=NetR2_3_2
Change Net Name : Old Net Name=NetR2_MUX_CON_34_2 New Net Name=NetR2_4_2
Change Net Name : Old Net Name=NetR2_MUX_CON_35_2 New Net Name=NetR2_5_2
Change Net Name : Old Net Name=NetR3_MUX_CON_31_2 New Net Name=NetR3_1_2
Change Net Name : Old Net Name=NetR3_MUX_CON_32_2 New Net Name=NetR3_2_2
Change Net Name : Old Net Name=NetR3_MUX_CON_33_2 New Net Name=NetR3_3_2
Change Net Name : Old Net Name=NetR3_MUX_CON_34_2 New Net Name=NetR3_4_2
Change Net Name : Old Net Name=NetR3_MUX_CON_35_2 New Net Name=NetR3_5_2
Change Net Name : Old Net Name=S0_MUX_CON_31 New Net Name=S0_1
Change Net Name : Old Net Name=S0_MUX_CON_32 New Net Name=S0_2
Change Net Name : Old Net Name=S0_MUX_CON_33 New Net Name=S0_3
Change Net Name : Old Net Name=S0_MUX_CON_34 New Net Name=S0_4
Change Net Name : Old Net Name=S0_MUX_CON_35 New Net Name=S0_5
Change Net Name : Old Net Name=S1_MUX_CON_31 New Net Name=S1_1
Change Net Name : Old Net Name=S1_MUX_CON_32 New Net Name=S1_2
Change Net Name : Old Net Name=S1_MUX_CON_33 New Net Name=S1_3
Change Net Name : Old Net Name=S1_MUX_CON_34 New Net Name=S1_4
Change Net Name : Old Net Name=S1_MUX_CON_35 New Net Name=S1_5
Change Net Name : Old Net Name=S2_MUX_CON_31 New Net Name=S2_1
Change Net Name : Old Net Name=S2_MUX_CON_32 New Net Name=S2_2
Change Net Name : Old Net Name=S2_MUX_CON_33 New Net Name=S2_3
Change Net Name : Old Net Name=S2_MUX_CON_34 New Net Name=S2_4
Change Net Name : Old Net Name=S2_MUX_CON_35 New Net Name=S2_5
Change Net Name : Old Net Name=S3_MUX_CON_31 New Net Name=S3_1
Change Net Name : Old Net Name=S3_MUX_CON_32 New Net Name=S3_2
Change Net Name : Old Net Name=S3_MUX_CON_33 New Net Name=S3_3
Change Net Name : Old Net Name=S3_MUX_CON_34 New Net Name=S3_4
Change Net Name : Old Net Name=S3_MUX_CON_35 New Net Name=S3_5
Change Net Name : Old Net Name=TS_IN1_MUX_CON_31 New Net Name=TS_IN1_1
Change Net Name : Old Net Name=TS_IN1_MUX_CON_32 New Net Name=TS_IN1_2
Change Net Name : Old Net Name=TS_IN1_MUX_CON_33 New Net Name=TS_IN1_3
Change Net Name : Old Net Name=TS_IN1_MUX_CON_34 New Net Name=TS_IN1_4
Change Net Name : Old Net Name=TS_IN1_MUX_CON_35 New Net Name=TS_IN1_5
Change Net Name : Old Net Name=TS_IN2_MUX_CON_31 New Net Name=TS_IN2_1
Change Net Name : Old Net Name=TS_IN2_MUX_CON_32 New Net Name=TS_IN2_2
Change Net Name : Old Net Name=TS_IN2_MUX_CON_33 New Net Name=TS_IN2_3
Change Net Name : Old Net Name=TS_IN2_MUX_CON_34 New Net Name=TS_IN2_4
Change Net Name : Old Net Name=TS_IN2_MUX_CON_35 New Net Name=TS_IN2_5
Change Net Name : Old Net Name=TS_IN3_MUX_CON_31 New Net Name=TS_IN3_1
Change Net Name : Old Net Name=TS_IN3_MUX_CON_32 New Net Name=TS_IN3_2
Change Net Name : Old Net Name=TS_IN3_MUX_CON_33 New Net Name=TS_IN3_3
Change Net Name : Old Net Name=TS_IN3_MUX_CON_34 New Net Name=TS_IN3_4
Change Net Name : Old Net Name=TS_IN3_MUX_CON_35 New Net Name=TS_IN3_5
Change Net Name : Old Net Name=TS_IN4_MUX_CON_31 New Net Name=TS_IN4_1
Change Net Name : Old Net Name=TS_IN4_MUX_CON_32 New Net Name=TS_IN4_2
Change Net Name : Old Net Name=TS_IN4_MUX_CON_33 New Net Name=TS_IN4_3
Change Net Name : Old Net Name=TS_IN4_MUX_CON_34 New Net Name=TS_IN4_4
Change Net Name : Old Net Name=TS_IN4_MUX_CON_35 New Net Name=TS_IN4_5
Change Net Name : Old Net Name=TS_IN5_MUX_CON_31 New Net Name=TS_IN5_1
Change Net Name : Old Net Name=TS_IN5_MUX_CON_32 New Net Name=TS_IN5_2
Change Net Name : Old Net Name=TS_IN5_MUX_CON_33 New Net Name=TS_IN5_3
Change Net Name : Old Net Name=TS_IN5_MUX_CON_34 New Net Name=TS_IN5_4
Change Net Name : Old Net Name=TS_IN5_MUX_CON_35 New Net Name=TS_IN5_5
Change Net Name : Old Net Name=TS_IN6_MUX_CON_31 New Net Name=TS_IN6_1
Change Net Name : Old Net Name=TS_IN6_MUX_CON_32 New Net Name=TS_IN6_2
Change Net Name : Old Net Name=TS_IN6_MUX_CON_33 New Net Name=TS_IN6_3
Change Net Name : Old Net Name=TS_IN6_MUX_CON_34 New Net Name=TS_IN6_4
Change Net Name : Old Net Name=TS_IN6_MUX_CON_35 New Net Name=TS_IN6_5
Change Net Name : Old Net Name=TS_IN7_MUX_CON_31 New Net Name=TS_IN7_1
Change Net Name : Old Net Name=TS_IN7_MUX_CON_32 New Net Name=TS_IN7_2
Change Net Name : Old Net Name=TS_IN7_MUX_CON_33 New Net Name=TS_IN7_3
Change Net Name : Old Net Name=TS_IN7_MUX_CON_34 New Net Name=TS_IN7_4
Change Net Name : Old Net Name=TS_IN7_MUX_CON_35 New Net Name=TS_IN7_5
Change Net Name : Old Net Name=TS_IN8_MUX_CON_31 New Net Name=TS_IN8_1
Change Net Name : Old Net Name=TS_IN8_MUX_CON_32 New Net Name=TS_IN8_2
Change Net Name : Old Net Name=TS_IN8_MUX_CON_33 New Net Name=TS_IN8_3
Change Net Name : Old Net Name=TS_IN8_MUX_CON_34 New Net Name=TS_IN8_4
Change Net Name : Old Net Name=TS_IN8_MUX_CON_35 New Net Name=TS_IN8_5
Change Net Name : Old Net Name=TS_IN9_MUX_CON_31 New Net Name=TS_IN9_1
Change Net Name : Old Net Name=TS_IN9_MUX_CON_32 New Net Name=TS_IN9_2
Change Net Name : Old Net Name=TS_IN9_MUX_CON_33 New Net Name=TS_IN9_3
Change Net Name : Old Net Name=TS_IN9_MUX_CON_34 New Net Name=TS_IN9_4
Change Net Name : Old Net Name=TS_IN9_MUX_CON_35 New Net Name=TS_IN9_5
Change Net Name : Old Net Name=TS_IN10_MUX_CON_31 New Net Name=TS_IN10_1
Change Net Name : Old Net Name=TS_IN10_MUX_CON_32 New Net Name=TS_IN10_2
Change Net Name : Old Net Name=TS_IN10_MUX_CON_33 New Net Name=TS_IN10_3
Change Net Name : Old Net Name=TS_IN10_MUX_CON_34 New Net Name=TS_IN10_4
Change Net Name : Old Net Name=TS_IN10_MUX_CON_35 New Net Name=TS_IN10_5
Change Net Name : Old Net Name=TS_IN11_MUX_CON_31 New Net Name=TS_IN11_1
Change Net Name : Old Net Name=TS_IN11_MUX_CON_32 New Net Name=TS_IN11_2
Change Net Name : Old Net Name=TS_IN11_MUX_CON_33 New Net Name=TS_IN11_3
Change Net Name : Old Net Name=TS_IN11_MUX_CON_34 New Net Name=TS_IN11_4
Change Net Name : Old Net Name=TS_IN11_MUX_CON_35 New Net Name=TS_IN11_5
Change Net Name : Old Net Name=TS_IN12_MUX_CON_31 New Net Name=TS_IN12_1
Change Net Name : Old Net Name=TS_IN12_MUX_CON_32 New Net Name=TS_IN12_2
Change Net Name : Old Net Name=TS_IN12_MUX_CON_33 New Net Name=TS_IN12_3
Change Net Name : Old Net Name=TS_IN12_MUX_CON_34 New Net Name=TS_IN12_4
Change Net Name : Old Net Name=TS_IN12_MUX_CON_35 New Net Name=TS_IN12_5
Change Net Name : Old Net Name=TS_IN13_MUX_CON_31 New Net Name=TS_IN13_1
Change Net Name : Old Net Name=TS_IN13_MUX_CON_32 New Net Name=TS_IN13_2
Change Net Name : Old Net Name=TS_IN13_MUX_CON_33 New Net Name=TS_IN13_3
Change Net Name : Old Net Name=TS_IN13_MUX_CON_34 New Net Name=TS_IN13_4
Change Net Name : Old Net Name=TS_IN13_MUX_CON_35 New Net Name=TS_IN13_5
Change Net Name : Old Net Name=TS_IN14_MUX_CON_31 New Net Name=TS_IN14_1
Change Net Name : Old Net Name=TS_IN14_MUX_CON_32 New Net Name=TS_IN14_2
Change Net Name : Old Net Name=TS_IN14_MUX_CON_33 New Net Name=TS_IN14_3
Change Net Name : Old Net Name=TS_IN14_MUX_CON_34 New Net Name=TS_IN14_4
Change Net Name : Old Net Name=TS_IN14_MUX_CON_35 New Net Name=TS_IN14_5
Change Net Name : Old Net Name=TS_IN15_MUX_CON_31 New Net Name=TS_IN15_1
Change Net Name : Old Net Name=TS_IN15_MUX_CON_32 New Net Name=TS_IN15_2
Change Net Name : Old Net Name=TS_IN15_MUX_CON_33 New Net Name=TS_IN15_3
Change Net Name : Old Net Name=TS_IN15_MUX_CON_34 New Net Name=TS_IN15_4
Change Net Name : Old Net Name=TS_IN15_MUX_CON_35 New Net Name=TS_IN15_5
Change Net Name : Old Net Name=TS_IN16_MUX_CON_31 New Net Name=TS_IN16_1
Change Net Name : Old Net Name=TS_IN16_MUX_CON_32 New Net Name=TS_IN16_2
Change Net Name : Old Net Name=TS_IN16_MUX_CON_33 New Net Name=TS_IN16_3
Change Net Name : Old Net Name=TS_IN16_MUX_CON_34 New Net Name=TS_IN16_4
Change Net Name : Old Net Name=TS_IN16_MUX_CON_35 New Net Name=TS_IN16_5
Change Net Name : Old Net Name=TS_IN17_MUX_CON_31 New Net Name=TS_IN17_1
Change Net Name : Old Net Name=TS_IN17_MUX_CON_32 New Net Name=TS_IN17_2
Change Net Name : Old Net Name=TS_IN17_MUX_CON_33 New Net Name=TS_IN17_3
Change Net Name : Old Net Name=TS_IN17_MUX_CON_34 New Net Name=TS_IN17_4
Change Net Name : Old Net Name=TS_IN17_MUX_CON_35 New Net Name=TS_IN17_5
Change Net Name : Old Net Name=TS_IN18_MUX_CON_31 New Net Name=TS_IN18_1
Change Net Name : Old Net Name=TS_IN18_MUX_CON_32 New Net Name=TS_IN18_2
Change Net Name : Old Net Name=TS_IN18_MUX_CON_33 New Net Name=TS_IN18_3
Change Net Name : Old Net Name=TS_IN18_MUX_CON_34 New Net Name=TS_IN18_4
Change Net Name : Old Net Name=TS_IN18_MUX_CON_35 New Net Name=TS_IN18_5
Change Net Name : Old Net Name=TS_IN19_MUX_CON_31 New Net Name=TS_IN19_1
Change Net Name : Old Net Name=TS_IN19_MUX_CON_32 New Net Name=TS_IN19_2
Change Net Name : Old Net Name=TS_IN19_MUX_CON_33 New Net Name=TS_IN19_3
Change Net Name : Old Net Name=TS_IN19_MUX_CON_34 New Net Name=TS_IN19_4
Change Net Name : Old Net Name=TS_IN19_MUX_CON_35 New Net Name=TS_IN19_5
Change Net Name : Old Net Name=TS_IN20_MUX_CON_31 New Net Name=TS_IN20_1
Change Net Name : Old Net Name=TS_IN20_MUX_CON_32 New Net Name=TS_IN20_2
Change Net Name : Old Net Name=TS_IN20_MUX_CON_33 New Net Name=TS_IN20_3
Change Net Name : Old Net Name=TS_IN20_MUX_CON_34 New Net Name=TS_IN20_4
Change Net Name : Old Net Name=TS_IN20_MUX_CON_35 New Net Name=TS_IN20_5
Change Net Name : Old Net Name=TS_IN21_MUX_CON_31 New Net Name=TS_IN21_1
Change Net Name : Old Net Name=TS_IN21_MUX_CON_32 New Net Name=TS_IN21_2
Change Net Name : Old Net Name=TS_IN21_MUX_CON_33 New Net Name=TS_IN21_3
Change Net Name : Old Net Name=TS_IN21_MUX_CON_34 New Net Name=TS_IN21_4
Change Net Name : Old Net Name=TS_IN21_MUX_CON_35 New Net Name=TS_IN21_5
Change Net Name : Old Net Name=TS_IN22_MUX_CON_31 New Net Name=TS_IN22_1
Change Net Name : Old Net Name=TS_IN22_MUX_CON_32 New Net Name=TS_IN22_2
Change Net Name : Old Net Name=TS_IN22_MUX_CON_33 New Net Name=TS_IN22_3
Change Net Name : Old Net Name=TS_IN22_MUX_CON_34 New Net Name=TS_IN22_4
Change Net Name : Old Net Name=TS_IN22_MUX_CON_35 New Net Name=TS_IN22_5
Change Net Name : Old Net Name=TS_IN23_MUX_CON_31 New Net Name=TS_IN23_1
Change Net Name : Old Net Name=TS_IN23_MUX_CON_32 New Net Name=TS_IN23_2
Change Net Name : Old Net Name=TS_IN23_MUX_CON_33 New Net Name=TS_IN23_3
Change Net Name : Old Net Name=TS_IN23_MUX_CON_34 New Net Name=TS_IN23_4
Change Net Name : Old Net Name=TS_IN23_MUX_CON_35 New Net Name=TS_IN23_5
Change Net Name : Old Net Name=TS_IN24_MUX_CON_31 New Net Name=TS_IN24_1
Change Net Name : Old Net Name=TS_IN24_MUX_CON_32 New Net Name=TS_IN24_2
Change Net Name : Old Net Name=TS_IN24_MUX_CON_33 New Net Name=TS_IN24_3
Change Net Name : Old Net Name=TS_IN24_MUX_CON_34 New Net Name=TS_IN24_4
Change Net Name : Old Net Name=TS_IN24_MUX_CON_35 New Net Name=TS_IN24_5
Change Net Name : Old Net Name=TS_IN25_MUX_CON_31 New Net Name=TS_IN25_1
Change Net Name : Old Net Name=TS_IN25_MUX_CON_32 New Net Name=TS_IN25_2
Change Net Name : Old Net Name=TS_IN25_MUX_CON_33 New Net Name=TS_IN25_3
Change Net Name : Old Net Name=TS_IN25_MUX_CON_34 New Net Name=TS_IN25_4
Change Net Name : Old Net Name=TS_IN25_MUX_CON_35 New Net Name=TS_IN25_5
Change Net Name : Old Net Name=TS_IN26_MUX_CON_31 New Net Name=TS_IN26_1
Change Net Name : Old Net Name=TS_IN26_MUX_CON_32 New Net Name=TS_IN26_2
Change Net Name : Old Net Name=TS_IN26_MUX_CON_33 New Net Name=TS_IN26_3
Change Net Name : Old Net Name=TS_IN26_MUX_CON_34 New Net Name=TS_IN26_4
Change Net Name : Old Net Name=TS_IN26_MUX_CON_35 New Net Name=TS_IN26_5
Change Net Name : Old Net Name=TS_IN27_MUX_CON_31 New Net Name=TS_IN27_1
Change Net Name : Old Net Name=TS_IN27_MUX_CON_32 New Net Name=TS_IN27_2
Change Net Name : Old Net Name=TS_IN27_MUX_CON_33 New Net Name=TS_IN27_3
Change Net Name : Old Net Name=TS_IN27_MUX_CON_34 New Net Name=TS_IN27_4
Change Net Name : Old Net Name=TS_IN27_MUX_CON_35 New Net Name=TS_IN27_5
Change Net Name : Old Net Name=TS_IN28_MUX_CON_31 New Net Name=TS_IN28_1
Change Net Name : Old Net Name=TS_IN28_MUX_CON_32 New Net Name=TS_IN28_2
Change Net Name : Old Net Name=TS_IN28_MUX_CON_33 New Net Name=TS_IN28_3
Change Net Name : Old Net Name=TS_IN28_MUX_CON_34 New Net Name=TS_IN28_4
Change Net Name : Old Net Name=TS_IN28_MUX_CON_35 New Net Name=TS_IN28_5
Change Net Name : Old Net Name=TS_IN29_MUX_CON_31 New Net Name=TS_IN29_1
Change Net Name : Old Net Name=TS_IN29_MUX_CON_32 New Net Name=TS_IN29_2
Change Net Name : Old Net Name=TS_IN29_MUX_CON_33 New Net Name=TS_IN29_3
Change Net Name : Old Net Name=TS_IN29_MUX_CON_34 New Net Name=TS_IN29_4
Change Net Name : Old Net Name=TS_IN29_MUX_CON_35 New Net Name=TS_IN29_5
Change Net Name : Old Net Name=TS_IN30_MUX_CON_31 New Net Name=TS_IN30_1
Change Net Name : Old Net Name=TS_IN30_MUX_CON_32 New Net Name=TS_IN30_2
Change Net Name : Old Net Name=TS_IN30_MUX_CON_33 New Net Name=TS_IN30_3
Change Net Name : Old Net Name=TS_IN30_MUX_CON_34 New Net Name=TS_IN30_4
Change Net Name : Old Net Name=TS_IN30_MUX_CON_35 New Net Name=TS_IN30_5
Change Net Name : Old Net Name=TS_IN31_MUX_CON_31 New Net Name=TS_IN31_1
Change Net Name : Old Net Name=TS_IN31_MUX_CON_32 New Net Name=TS_IN31_2
Change Net Name : Old Net Name=TS_IN31_MUX_CON_33 New Net Name=TS_IN31_3
Change Net Name : Old Net Name=TS_IN31_MUX_CON_34 New Net Name=TS_IN31_4
Change Net Name : Old Net Name=TS_IN31_MUX_CON_35 New Net Name=TS_IN31_5
Change Net Name : Old Net Name=TS_IN32_MUX_CON_31 New Net Name=TS_IN32_1
Change Net Name : Old Net Name=TS_IN32_MUX_CON_32 New Net Name=TS_IN32_2
Change Net Name : Old Net Name=TS_IN32_MUX_CON_33 New Net Name=TS_IN32_3
Change Net Name : Old Net Name=TS_IN32_MUX_CON_34 New Net Name=TS_IN32_4
Change Net Name : Old Net Name=TS_IN32_MUX_CON_35 New Net Name=TS_IN32_5
Change Net Name : Old Net Name=TS_IN33_MUX_CON_31 New Net Name=TS_IN33_1
Change Net Name : Old Net Name=TS_IN33_MUX_CON_32 New Net Name=TS_IN33_2
Change Net Name : Old Net Name=TS_IN33_MUX_CON_33 New Net Name=TS_IN33_3
Change Net Name : Old Net Name=TS_IN33_MUX_CON_34 New Net Name=TS_IN33_4
Change Net Name : Old Net Name=TS_IN33_MUX_CON_35 New Net Name=TS_IN33_5
Change Net Name : Old Net Name=TS_IN34_MUX_CON_31 New Net Name=TS_IN34_1
Change Net Name : Old Net Name=TS_IN34_MUX_CON_32 New Net Name=TS_IN34_2
Change Net Name : Old Net Name=TS_IN34_MUX_CON_33 New Net Name=TS_IN34_3
Change Net Name : Old Net Name=TS_IN34_MUX_CON_34 New Net Name=TS_IN34_4
Change Net Name : Old Net Name=TS_IN34_MUX_CON_35 New Net Name=TS_IN34_5
Change Net Name : Old Net Name=TS_IN35_MUX_CON_31 New Net Name=TS_IN35_1
Change Net Name : Old Net Name=TS_IN35_MUX_CON_32 New Net Name=TS_IN35_2
Change Net Name : Old Net Name=TS_IN35_MUX_CON_33 New Net Name=TS_IN35_3
Change Net Name : Old Net Name=TS_IN35_MUX_CON_34 New Net Name=TS_IN35_4
Change Net Name : Old Net Name=TS_IN35_MUX_CON_35 New Net Name=TS_IN35_5
Change Net Name : Old Net Name=TS_IN36_MUX_CON_31 New Net Name=TS_IN36_1
Change Net Name : Old Net Name=TS_IN36_MUX_CON_32 New Net Name=TS_IN36_2
Change Net Name : Old Net Name=TS_IN36_MUX_CON_33 New Net Name=TS_IN36_3
Change Net Name : Old Net Name=TS_IN36_MUX_CON_34 New Net Name=TS_IN36_4
Change Net Name : Old Net Name=TS_IN36_MUX_CON_35 New Net Name=TS_IN36_5
Change Net Name : Old Net Name=TS_IN37_MUX_CON_31 New Net Name=TS_IN37_1
Change Net Name : Old Net Name=TS_IN37_MUX_CON_32 New Net Name=TS_IN37_2
Change Net Name : Old Net Name=TS_IN37_MUX_CON_33 New Net Name=TS_IN37_3
Change Net Name : Old Net Name=TS_IN37_MUX_CON_34 New Net Name=TS_IN37_4
Change Net Name : Old Net Name=TS_IN37_MUX_CON_35 New Net Name=TS_IN37_5
Change Net Name : Old Net Name=TS_IN38_MUX_CON_31 New Net Name=TS_IN38_1
Change Net Name : Old Net Name=TS_IN38_MUX_CON_32 New Net Name=TS_IN38_2
Change Net Name : Old Net Name=TS_IN38_MUX_CON_33 New Net Name=TS_IN38_3
Change Net Name : Old Net Name=TS_IN38_MUX_CON_34 New Net Name=TS_IN38_4
Change Net Name : Old Net Name=TS_IN38_MUX_CON_35 New Net Name=TS_IN38_5
Change Net Name : Old Net Name=TS_IN39_MUX_CON_31 New Net Name=TS_IN39_1
Change Net Name : Old Net Name=TS_IN39_MUX_CON_32 New Net Name=TS_IN39_2
Change Net Name : Old Net Name=TS_IN39_MUX_CON_33 New Net Name=TS_IN39_3
Change Net Name : Old Net Name=TS_IN39_MUX_CON_34 New Net Name=TS_IN39_4
Change Net Name : Old Net Name=TS_IN39_MUX_CON_35 New Net Name=TS_IN39_5
Change Net Name : Old Net Name=TS_IN40_MUX_CON_31 New Net Name=TS_IN40_1
Change Net Name : Old Net Name=TS_IN40_MUX_CON_32 New Net Name=TS_IN40_2
Change Net Name : Old Net Name=TS_IN40_MUX_CON_33 New Net Name=TS_IN40_3
Change Net Name : Old Net Name=TS_IN40_MUX_CON_34 New Net Name=TS_IN40_4
Change Net Name : Old Net Name=TS_IN40_MUX_CON_35 New Net Name=TS_IN40_5
Change Net Name : Old Net Name=TS_IN41_MUX_CON_31 New Net Name=TS_IN41_1
Change Net Name : Old Net Name=TS_IN41_MUX_CON_32 New Net Name=TS_IN41_2
Change Net Name : Old Net Name=TS_IN41_MUX_CON_33 New Net Name=TS_IN41_3
Change Net Name : Old Net Name=TS_IN41_MUX_CON_34 New Net Name=TS_IN41_4
Change Net Name : Old Net Name=TS_IN41_MUX_CON_35 New Net Name=TS_IN41_5
Change Net Name : Old Net Name=TS_IN42_MUX_CON_31 New Net Name=TS_IN42_1
Change Net Name : Old Net Name=TS_IN42_MUX_CON_32 New Net Name=TS_IN42_2
Change Net Name : Old Net Name=TS_IN42_MUX_CON_33 New Net Name=TS_IN42_3
Change Net Name : Old Net Name=TS_IN42_MUX_CON_34 New Net Name=TS_IN42_4
Change Net Name : Old Net Name=TS_IN42_MUX_CON_35 New Net Name=TS_IN42_5
Change Net Name : Old Net Name=TS_IN43_MUX_CON_31 New Net Name=TS_IN43_1
Change Net Name : Old Net Name=TS_IN43_MUX_CON_32 New Net Name=TS_IN43_2
Change Net Name : Old Net Name=TS_IN43_MUX_CON_33 New Net Name=TS_IN43_3
Change Net Name : Old Net Name=TS_IN43_MUX_CON_34 New Net Name=TS_IN43_4
Change Net Name : Old Net Name=TS_IN43_MUX_CON_35 New Net Name=TS_IN43_5
Change Net Name : Old Net Name=TS_IN44_MUX_CON_31 New Net Name=TS_IN44_1
Change Net Name : Old Net Name=TS_IN44_MUX_CON_32 New Net Name=TS_IN44_2
Change Net Name : Old Net Name=TS_IN44_MUX_CON_33 New Net Name=TS_IN44_3
Change Net Name : Old Net Name=TS_IN44_MUX_CON_34 New Net Name=TS_IN44_4
Change Net Name : Old Net Name=TS_IN44_MUX_CON_35 New Net Name=TS_IN44_5
Change Net Name : Old Net Name=TS_IN45_MUX_CON_31 New Net Name=TS_IN45_1
Change Net Name : Old Net Name=TS_IN45_MUX_CON_32 New Net Name=TS_IN45_2
Change Net Name : Old Net Name=TS_IN45_MUX_CON_33 New Net Name=TS_IN45_3
Change Net Name : Old Net Name=TS_IN45_MUX_CON_34 New Net Name=TS_IN45_4
Change Net Name : Old Net Name=TS_IN45_MUX_CON_35 New Net Name=TS_IN45_5
Change Net Name : Old Net Name=TS_IN46_MUX_CON_31 New Net Name=TS_IN46_1
Change Net Name : Old Net Name=TS_IN46_MUX_CON_32 New Net Name=TS_IN46_2
Change Net Name : Old Net Name=TS_IN46_MUX_CON_33 New Net Name=TS_IN46_3
Change Net Name : Old Net Name=TS_IN46_MUX_CON_34 New Net Name=TS_IN46_4
Change Net Name : Old Net Name=TS_IN46_MUX_CON_35 New Net Name=TS_IN46_5
Change Net Name : Old Net Name=TS_IN47_MUX_CON_31 New Net Name=TS_IN47_1
Change Net Name : Old Net Name=TS_IN47_MUX_CON_32 New Net Name=TS_IN47_2
Change Net Name : Old Net Name=TS_IN47_MUX_CON_33 New Net Name=TS_IN47_3
Change Net Name : Old Net Name=TS_IN47_MUX_CON_34 New Net Name=TS_IN47_4
Change Net Name : Old Net Name=TS_IN47_MUX_CON_35 New Net Name=TS_IN47_5
Change Net Name : Old Net Name=TS_IN48_MUX_CON_31 New Net Name=TS_IN48_1
Change Net Name : Old Net Name=TS_IN48_MUX_CON_32 New Net Name=TS_IN48_2
Change Net Name : Old Net Name=TS_IN48_MUX_CON_33 New Net Name=TS_IN48_3
Change Net Name : Old Net Name=TS_IN48_MUX_CON_34 New Net Name=TS_IN48_4
Change Net Name : Old Net Name=TS_IN48_MUX_CON_35 New Net Name=TS_IN48_5
