Removed Pin From Net: NetName=GND Pin=C1_6-1
Removed Pin From Net: NetName=5V Pin=C1_6-2
Removed Pin From Net: NetName=GND Pin=C1_7-1
Removed Pin From Net: NetName=5V Pin=C1_7-2
Removed Pin From Net: NetName=GND Pin=C1_8-1
Removed Pin From Net: NetName=5V Pin=C1_8-2
Removed Pin From Net: NetName=GND Pin=C1_9-1
Removed Pin From Net: NetName=5V Pin=C1_9-2
Removed Pin From Net: NetName=GND Pin=C1_10-1
Removed Pin From Net: NetName=5V Pin=C1_10-2
Removed Pin From Net: NetName=GND Pin=C1_11-1
Removed Pin From Net: NetName=5V Pin=C1_11-2
Removed Pin From Net: NetName=GND Pin=C1_12-1
Removed Pin From Net: NetName=5V Pin=C1_12-2
Removed Pin From Net: NetName=GND Pin=C1_13-1
Removed Pin From Net: NetName=5V Pin=C1_13-2
Removed Pin From Net: NetName=GND Pin=C1_14-1
Removed Pin From Net: NetName=5V Pin=C1_14-2
Removed Pin From Net: NetName=GND Pin=C1_15-1
Removed Pin From Net: NetName=5V Pin=C1_15-2
Removed Pin From Net: NetName=5V Pin=C2_6-2
Removed Pin From Net: NetName=5V Pin=C2_7-2
Removed Pin From Net: NetName=5V Pin=C2_8-2
Removed Pin From Net: NetName=5V Pin=C2_9-2
Removed Pin From Net: NetName=5V Pin=C2_10-2
Removed Pin From Net: NetName=5V Pin=C2_11-2
Removed Pin From Net: NetName=5V Pin=C2_12-2
Removed Pin From Net: NetName=5V Pin=C2_13-2
Removed Pin From Net: NetName=5V Pin=C2_14-2
Removed Pin From Net: NetName=5V Pin=C2_15-2
Removed Pin From Net: NetName=NetR1_1_2 Pin=R1_2-2
Removed Pin From Net: NetName=NetR1_1_2 Pin=R1_3-2
Removed Pin From Net: NetName=NetR1_4_2 Pin=R1_5-2
Removed Pin From Net: NetName=5V Pin=R1_6-1
Removed Pin From Net: NetName=NetR1_4_2 Pin=R1_6-2
Removed Pin From Net: NetName=5V Pin=R1_7-1
Removed Pin From Net: NetName=5V Pin=R1_8-1
Removed Pin From Net: NetName=5V Pin=R1_9-1
Removed Pin From Net: NetName=5V Pin=R1_10-1
Removed Pin From Net: NetName=5V Pin=R1_11-1
Removed Pin From Net: NetName=5V Pin=R1_12-1
Removed Pin From Net: NetName=5V Pin=R1_13-1
Removed Pin From Net: NetName=5V Pin=R1_14-1
Removed Pin From Net: NetName=5V Pin=R1_15-1
Removed Pin From Net: NetName=TS_IN41_1 Pin=U2_1-6
Removed Pin From Net: NetName=TS_IN31_1 Pin=U2_1-7
Removed Pin From Net: NetName=NetR1_1_2 Pin=U2_2-1
Removed Pin From Net: NetName=TS_IN42_1 Pin=U2_2-6
Removed Pin From Net: NetName=TS_IN32_1 Pin=U2_2-7
Removed Pin From Net: NetName=NetR1_1_2 Pin=U2_3-1
Removed Pin From Net: NetName=TS_IN43_1 Pin=U2_3-6
Removed Pin From Net: NetName=TS_IN33_1 Pin=U2_3-7
Removed Pin From Net: NetName=TS_IN41_2 Pin=U2_4-6
Removed Pin From Net: NetName=TS_IN31_2 Pin=U2_4-7
Removed Pin From Net: NetName=NetR1_4_2 Pin=U2_5-1
Removed Pin From Net: NetName=TS_IN42_2 Pin=U2_5-6
Removed Pin From Net: NetName=TS_IN32_2 Pin=U2_5-7
Removed Pin From Net: NetName=NetR1_4_2 Pin=U2_6-1
Removed Pin From Net: NetName=TS_IN43_2 Pin=U2_6-6
Removed Pin From Net: NetName=TS_IN33_2 Pin=U2_6-7
Removed Pin From Net: NetName=NetU2_1_10 Pin=U2_6-10
Removed Pin From Net: NetName=NetU2_1_11 Pin=U2_6-11
Removed Pin From Net: NetName=GND Pin=U2_6-12
Removed Pin From Net: NetName=NetU2_1_13 Pin=U2_6-13
Removed Pin From Net: NetName=NetU2_1_14 Pin=U2_6-14
Removed Pin From Net: NetName=GND Pin=U2_6-15
Removed Pin From Net: NetName=5V Pin=U2_6-24
Removed Pin From Net: NetName=TS_IN41_3 Pin=U2_7-6
Removed Pin From Net: NetName=TS_IN31_3 Pin=U2_7-7
Removed Pin From Net: NetName=NetU2_1_10 Pin=U2_7-10
Removed Pin From Net: NetName=NetU2_1_11 Pin=U2_7-11
Removed Pin From Net: NetName=GND Pin=U2_7-12
Removed Pin From Net: NetName=NetU2_1_13 Pin=U2_7-13
Removed Pin From Net: NetName=NetU2_1_14 Pin=U2_7-14
Removed Pin From Net: NetName=GND Pin=U2_7-15
Removed Pin From Net: NetName=5V Pin=U2_7-24
Removed Pin From Net: NetName=TS_IN42_3 Pin=U2_8-6
Removed Pin From Net: NetName=TS_IN32_3 Pin=U2_8-7
Removed Pin From Net: NetName=NetU2_1_10 Pin=U2_8-10
Removed Pin From Net: NetName=NetU2_1_11 Pin=U2_8-11
Removed Pin From Net: NetName=GND Pin=U2_8-12
Removed Pin From Net: NetName=NetU2_1_13 Pin=U2_8-13
Removed Pin From Net: NetName=NetU2_1_14 Pin=U2_8-14
Removed Pin From Net: NetName=GND Pin=U2_8-15
Removed Pin From Net: NetName=5V Pin=U2_8-24
Removed Pin From Net: NetName=TS_IN43_3 Pin=U2_9-6
Removed Pin From Net: NetName=TS_IN33_3 Pin=U2_9-7
Removed Pin From Net: NetName=NetU2_1_10 Pin=U2_9-10
Removed Pin From Net: NetName=NetU2_1_11 Pin=U2_9-11
Removed Pin From Net: NetName=GND Pin=U2_9-12
Removed Pin From Net: NetName=NetU2_1_13 Pin=U2_9-13
Removed Pin From Net: NetName=NetU2_1_14 Pin=U2_9-14
Removed Pin From Net: NetName=GND Pin=U2_9-15
Removed Pin From Net: NetName=5V Pin=U2_9-24
Removed Pin From Net: NetName=TS_IN41_4 Pin=U2_10-6
Removed Pin From Net: NetName=TS_IN31_4 Pin=U2_10-7
Removed Pin From Net: NetName=NetU2_1_10 Pin=U2_10-10
Removed Pin From Net: NetName=NetU2_1_11 Pin=U2_10-11
Removed Pin From Net: NetName=GND Pin=U2_10-12
Removed Pin From Net: NetName=NetU2_1_13 Pin=U2_10-13
Removed Pin From Net: NetName=NetU2_1_14 Pin=U2_10-14
Removed Pin From Net: NetName=GND Pin=U2_10-15
Removed Pin From Net: NetName=5V Pin=U2_10-24
Removed Pin From Net: NetName=TS_IN42_4 Pin=U2_11-6
Removed Pin From Net: NetName=TS_IN32_4 Pin=U2_11-7
Removed Pin From Net: NetName=NetU2_1_10 Pin=U2_11-10
Removed Pin From Net: NetName=NetU2_1_11 Pin=U2_11-11
Removed Pin From Net: NetName=GND Pin=U2_11-12
Removed Pin From Net: NetName=NetU2_1_13 Pin=U2_11-13
Removed Pin From Net: NetName=NetU2_1_14 Pin=U2_11-14
Removed Pin From Net: NetName=GND Pin=U2_11-15
Removed Pin From Net: NetName=5V Pin=U2_11-24
Removed Pin From Net: NetName=TS_IN43_4 Pin=U2_12-6
Removed Pin From Net: NetName=TS_IN33_4 Pin=U2_12-7
Removed Pin From Net: NetName=NetU2_1_10 Pin=U2_12-10
Removed Pin From Net: NetName=NetU2_1_11 Pin=U2_12-11
Removed Pin From Net: NetName=GND Pin=U2_12-12
Removed Pin From Net: NetName=NetU2_1_13 Pin=U2_12-13
Removed Pin From Net: NetName=NetU2_1_14 Pin=U2_12-14
Removed Pin From Net: NetName=GND Pin=U2_12-15
Removed Pin From Net: NetName=5V Pin=U2_12-24
Removed Pin From Net: NetName=TS_IN41_5 Pin=U2_13-6
Removed Pin From Net: NetName=TS_IN31_5 Pin=U2_13-7
Removed Pin From Net: NetName=NetU2_1_10 Pin=U2_13-10
Removed Pin From Net: NetName=NetU2_1_11 Pin=U2_13-11
Removed Pin From Net: NetName=GND Pin=U2_13-12
Removed Pin From Net: NetName=NetU2_1_13 Pin=U2_13-13
Removed Pin From Net: NetName=NetU2_1_14 Pin=U2_13-14
Removed Pin From Net: NetName=GND Pin=U2_13-15
Removed Pin From Net: NetName=5V Pin=U2_13-24
Removed Pin From Net: NetName=TS_IN42_5 Pin=U2_14-6
Removed Pin From Net: NetName=TS_IN32_5 Pin=U2_14-7
Removed Pin From Net: NetName=NetU2_1_10 Pin=U2_14-10
Removed Pin From Net: NetName=NetU2_1_11 Pin=U2_14-11
Removed Pin From Net: NetName=GND Pin=U2_14-12
Removed Pin From Net: NetName=NetU2_1_13 Pin=U2_14-13
Removed Pin From Net: NetName=NetU2_1_14 Pin=U2_14-14
Removed Pin From Net: NetName=GND Pin=U2_14-15
Removed Pin From Net: NetName=5V Pin=U2_14-24
Removed Pin From Net: NetName=TS_IN43_5 Pin=U2_15-6
Removed Pin From Net: NetName=TS_IN33_5 Pin=U2_15-7
Removed Pin From Net: NetName=NetU2_1_10 Pin=U2_15-10
Removed Pin From Net: NetName=NetU2_1_11 Pin=U2_15-11
Removed Pin From Net: NetName=GND Pin=U2_15-12
Removed Pin From Net: NetName=NetU2_1_13 Pin=U2_15-13
Removed Pin From Net: NetName=NetU2_1_14 Pin=U2_15-14
Removed Pin From Net: NetName=GND Pin=U2_15-15
Removed Pin From Net: NetName=5V Pin=U2_15-24
Added Pin To Net: NetName=GND Pin=C2_1-1
Added Pin To Net: NetName=GND Pin=C2_2-1
Added Pin To Net: NetName=GND Pin=C2_3-1
Added Pin To Net: NetName=GND Pin=C2_4-1
Added Pin To Net: NetName=GND Pin=C2_5-1
Change Net Name : Old Net Name=TS_IN51_1 New Net Name=TS_IN5_1
Change Net Name : Old Net Name=TS_IN51_2 New Net Name=TS_IN5_4
Change Net Name : Old Net Name=TS_IN52_1 New Net Name=TS_IN5_2
Change Net Name : Old Net Name=TS_IN52_2 New Net Name=TS_IN5_5
Change Net Name : Old Net Name=TS_IN53_1 New Net Name=TS_IN5_3
Change Net Name : Old Net Name=TS_IN61_1 New Net Name=TS_IN6_1
Change Net Name : Old Net Name=TS_IN61_2 New Net Name=TS_IN6_4
Change Net Name : Old Net Name=TS_IN62_1 New Net Name=TS_IN6_2
Change Net Name : Old Net Name=TS_IN62_2 New Net Name=TS_IN6_5
Change Net Name : Old Net Name=TS_IN63_1 New Net Name=TS_IN6_3
Change Net Name : Old Net Name=TS_IN71_1 New Net Name=TS_IN7_1
Change Net Name : Old Net Name=TS_IN71_2 New Net Name=TS_IN7_4
Change Net Name : Old Net Name=TS_IN72_1 New Net Name=TS_IN7_2
Change Net Name : Old Net Name=TS_IN72_2 New Net Name=TS_IN7_5
Change Net Name : Old Net Name=TS_IN73_1 New Net Name=TS_IN7_3
Change Net Name : Old Net Name=TS_IN81_1 New Net Name=TS_IN8_1
Change Net Name : Old Net Name=TS_IN81_2 New Net Name=TS_IN8_4
Change Net Name : Old Net Name=TS_IN82_1 New Net Name=TS_IN8_2
Change Net Name : Old Net Name=TS_IN82_2 New Net Name=TS_IN8_5
Change Net Name : Old Net Name=TS_IN83_1 New Net Name=TS_IN8_3
Change Net Name : Old Net Name=TS_IN91_1 New Net Name=TS_IN9_1
Change Net Name : Old Net Name=TS_IN91_2 New Net Name=TS_IN9_4
Change Net Name : Old Net Name=TS_IN92_1 New Net Name=TS_IN9_2
Change Net Name : Old Net Name=TS_IN92_2 New Net Name=TS_IN9_5
Change Net Name : Old Net Name=TS_IN93_1 New Net Name=TS_IN9_3
Change Net Name : Old Net Name=TS_IN101_1 New Net Name=TS_IN10_1
Change Net Name : Old Net Name=TS_IN101_2 New Net Name=TS_IN10_4
Change Net Name : Old Net Name=TS_IN102_1 New Net Name=TS_IN10_2
Change Net Name : Old Net Name=TS_IN102_2 New Net Name=TS_IN10_5
Change Net Name : Old Net Name=TS_IN103_1 New Net Name=TS_IN10_3
Change Net Name : Old Net Name=TS_IN111_1 New Net Name=TS_IN11_1
Change Net Name : Old Net Name=TS_IN111_2 New Net Name=TS_IN11_4
Change Net Name : Old Net Name=TS_IN112_1 New Net Name=TS_IN11_2
Change Net Name : Old Net Name=TS_IN112_2 New Net Name=TS_IN11_5
Change Net Name : Old Net Name=TS_IN113_1 New Net Name=TS_IN11_3
Change Net Name : Old Net Name=TS_IN121_1 New Net Name=TS_IN12_1
Change Net Name : Old Net Name=TS_IN121_2 New Net Name=TS_IN12_4
Change Net Name : Old Net Name=TS_IN122_1 New Net Name=TS_IN12_2
Change Net Name : Old Net Name=TS_IN122_2 New Net Name=TS_IN12_5
Change Net Name : Old Net Name=TS_IN123_1 New Net Name=TS_IN12_3
Change Net Name : Old Net Name=TS_IN131_1 New Net Name=TS_IN13_1
Change Net Name : Old Net Name=TS_IN131_2 New Net Name=TS_IN13_4
Change Net Name : Old Net Name=TS_IN132_1 New Net Name=TS_IN13_2
Change Net Name : Old Net Name=TS_IN132_2 New Net Name=TS_IN13_5
Change Net Name : Old Net Name=TS_IN133_1 New Net Name=TS_IN13_3
Change Net Name : Old Net Name=TS_IN141_1 New Net Name=TS_IN14_1
Change Net Name : Old Net Name=TS_IN141_2 New Net Name=TS_IN14_4
Change Net Name : Old Net Name=TS_IN142_1 New Net Name=TS_IN14_2
Change Net Name : Old Net Name=TS_IN142_2 New Net Name=TS_IN14_5
Change Net Name : Old Net Name=TS_IN143_1 New Net Name=TS_IN14_3
Change Net Name : Old Net Name=TS_IN151_1 New Net Name=TS_IN15_1
Change Net Name : Old Net Name=TS_IN151_2 New Net Name=TS_IN15_4
Change Net Name : Old Net Name=TS_IN152_1 New Net Name=TS_IN15_2
Change Net Name : Old Net Name=TS_IN152_2 New Net Name=TS_IN15_5
Change Net Name : Old Net Name=TS_IN153_1 New Net Name=TS_IN15_3
Change Net Name : Old Net Name=TS_IN161_1 New Net Name=TS_IN16_1
Change Net Name : Old Net Name=TS_IN161_2 New Net Name=TS_IN16_4
Change Net Name : Old Net Name=TS_IN162_1 New Net Name=TS_IN16_2
Change Net Name : Old Net Name=TS_IN162_2 New Net Name=TS_IN16_5
Change Net Name : Old Net Name=TS_IN163_1 New Net Name=TS_IN16_3
Added Pin To Net: NetName=NetR1_2_2 Pin=R1_2-2
Added Pin To Net: NetName=NetR1_2_2 Pin=U2_2-1
Added Net: Name=NetR1_2_2
Added Pin To Net: NetName=NetR1_3_2 Pin=R1_3-2
Added Pin To Net: NetName=NetR1_3_2 Pin=U2_3-1
Added Net: Name=NetR1_3_2
Added Pin To Net: NetName=NetR1_5_2 Pin=R1_5-2
Added Pin To Net: NetName=NetR1_5_2 Pin=U2_5-1
Added Net: Name=NetR1_5_2
