Removed Pin From Net: NetName=GND Pin=C7-1
Removed Pin From Net: NetName=5V Pin=C7-2
Removed Pin From Net: NetName=GND Pin=C8-1
Removed Pin From Net: NetName=5V Pin=C8-2
Removed Pin From Net: NetName=GND Pin=C9-1
Removed Pin From Net: NetName=5V Pin=C9-2
Removed Pin From Net: NetName=GND Pin=C10-1
Removed Pin From Net: NetName=5V Pin=C10-2
Removed Pin From Net: NetName=GND Pin=C11-1
Removed Pin From Net: NetName=5V Pin=C11-2
Removed Pin From Net: NetName=GND Pin=C12-1
Removed Pin From Net: NetName=5V Pin=C12-2
Removed Pin From Net: NetName=GND Pin=C13-1
Removed Pin From Net: NetName=5V Pin=C13-2
Removed Pin From Net: NetName=GND Pin=C14-1
Removed Pin From Net: NetName=5V Pin=C14-2
Removed Pin From Net: NetName=GND Pin=C15-1
Removed Pin From Net: NetName=5V Pin=C15-2
Removed Pin From Net: NetName=GND Pin=C16-1
Removed Pin From Net: NetName=5V Pin=C16-2
Removed Pin From Net: NetName=GND Pin=C17-1
Removed Pin From Net: NetName=5V Pin=C17-2
Removed Pin From Net: NetName=GND Pin=C18-1
Removed Pin From Net: NetName=5V Pin=C18-2
Removed Pin From Net: NetName=GND Pin=C19-1
Removed Pin From Net: NetName=5V Pin=C19-2
Removed Pin From Net: NetName=GND Pin=C20-1
Removed Pin From Net: NetName=5V Pin=C20-2
Removed Pin From Net: NetName=GND Pin=C21-1
Removed Pin From Net: NetName=5V Pin=C21-2
Removed Pin From Net: NetName=GND Pin=C22-1
Removed Pin From Net: NetName=5V Pin=C22-2
Removed Pin From Net: NetName=GND Pin=C23-1
Removed Pin From Net: NetName=5V Pin=C23-2
Removed Pin From Net: NetName=GND Pin=C24-1
Removed Pin From Net: NetName=5V Pin=C24-2
Removed Pin From Net: NetName=GND Pin=C25-1
Removed Pin From Net: NetName=5V Pin=C25-2
Removed Pin From Net: NetName=GND Pin=C26-1
Removed Pin From Net: NetName=5V Pin=C26-2
Removed Pin From Net: NetName=GND Pin=C27-1
Removed Pin From Net: NetName=5V Pin=C27-2
Removed Pin From Net: NetName=GND Pin=C28-1
Removed Pin From Net: NetName=5V Pin=C28-2
Removed Pin From Net: NetName=GND Pin=C29-1
Removed Pin From Net: NetName=5V Pin=C29-2
Removed Pin From Net: NetName=GND Pin=C30-1
Removed Pin From Net: NetName=5V Pin=C30-2
Removed Pin From Net: NetName=5V Pin=R4-1
Removed Pin From Net: NetName=5V Pin=R5-1
Removed Pin From Net: NetName=5V Pin=R6-1
Removed Pin From Net: NetName=5V Pin=R7-1
Removed Pin From Net: NetName=5V Pin=R8-1
Removed Pin From Net: NetName=5V Pin=R9-1
Removed Pin From Net: NetName=5V Pin=R10-1
Removed Pin From Net: NetName=5V Pin=R11-1
Removed Pin From Net: NetName=5V Pin=R12-1
Removed Pin From Net: NetName=5V Pin=R13-1
Removed Pin From Net: NetName=5V Pin=R14-1
Removed Pin From Net: NetName=5V Pin=R15-1
Removed Pin From Net: NetName=S0 Pin=U4-10
Removed Pin From Net: NetName=S1 Pin=U4-11
Removed Pin From Net: NetName=GND Pin=U4-12
Removed Pin From Net: NetName=S3 Pin=U4-13
Removed Pin From Net: NetName=S2 Pin=U4-14
Removed Pin From Net: NetName=GND Pin=U4-15
Removed Pin From Net: NetName=5V Pin=U4-24
Removed Pin From Net: NetName=S0 Pin=U5-10
Removed Pin From Net: NetName=S1 Pin=U5-11
Removed Pin From Net: NetName=GND Pin=U5-12
Removed Pin From Net: NetName=S3 Pin=U5-13
Removed Pin From Net: NetName=S2 Pin=U5-14
Removed Pin From Net: NetName=GND Pin=U5-15
Removed Pin From Net: NetName=5V Pin=U5-24
Removed Pin From Net: NetName=S0 Pin=U6-10
Removed Pin From Net: NetName=S1 Pin=U6-11
Removed Pin From Net: NetName=GND Pin=U6-12
Removed Pin From Net: NetName=S3 Pin=U6-13
Removed Pin From Net: NetName=S2 Pin=U6-14
Removed Pin From Net: NetName=GND Pin=U6-15
Removed Pin From Net: NetName=5V Pin=U6-24
Removed Pin From Net: NetName=S0 Pin=U7-10
Removed Pin From Net: NetName=S1 Pin=U7-11
Removed Pin From Net: NetName=GND Pin=U7-12
Removed Pin From Net: NetName=S3 Pin=U7-13
Removed Pin From Net: NetName=S2 Pin=U7-14
Removed Pin From Net: NetName=GND Pin=U7-15
Removed Pin From Net: NetName=5V Pin=U7-24
Removed Pin From Net: NetName=S0 Pin=U8-10
Removed Pin From Net: NetName=S1 Pin=U8-11
Removed Pin From Net: NetName=GND Pin=U8-12
Removed Pin From Net: NetName=S3 Pin=U8-13
Removed Pin From Net: NetName=S2 Pin=U8-14
Removed Pin From Net: NetName=GND Pin=U8-15
Removed Pin From Net: NetName=5V Pin=U8-24
Removed Pin From Net: NetName=S0 Pin=U9-10
Removed Pin From Net: NetName=S1 Pin=U9-11
Removed Pin From Net: NetName=GND Pin=U9-12
Removed Pin From Net: NetName=S3 Pin=U9-13
Removed Pin From Net: NetName=S2 Pin=U9-14
Removed Pin From Net: NetName=GND Pin=U9-15
Removed Pin From Net: NetName=5V Pin=U9-24
Removed Pin From Net: NetName=S0 Pin=U10-10
Removed Pin From Net: NetName=S1 Pin=U10-11
Removed Pin From Net: NetName=GND Pin=U10-12
Removed Pin From Net: NetName=S3 Pin=U10-13
Removed Pin From Net: NetName=S2 Pin=U10-14
Removed Pin From Net: NetName=GND Pin=U10-15
Removed Pin From Net: NetName=5V Pin=U10-24
Removed Pin From Net: NetName=S0 Pin=U11-10
Removed Pin From Net: NetName=S1 Pin=U11-11
Removed Pin From Net: NetName=GND Pin=U11-12
Removed Pin From Net: NetName=S3 Pin=U11-13
Removed Pin From Net: NetName=S2 Pin=U11-14
Removed Pin From Net: NetName=GND Pin=U11-15
Removed Pin From Net: NetName=5V Pin=U11-24
Removed Pin From Net: NetName=S0 Pin=U12-10
Removed Pin From Net: NetName=S1 Pin=U12-11
Removed Pin From Net: NetName=GND Pin=U12-12
Removed Pin From Net: NetName=S3 Pin=U12-13
Removed Pin From Net: NetName=S2 Pin=U12-14
Removed Pin From Net: NetName=GND Pin=U12-15
Removed Pin From Net: NetName=5V Pin=U12-24
Removed Pin From Net: NetName=S0 Pin=U13-10
Removed Pin From Net: NetName=S1 Pin=U13-11
Removed Pin From Net: NetName=GND Pin=U13-12
Removed Pin From Net: NetName=S3 Pin=U13-13
Removed Pin From Net: NetName=S2 Pin=U13-14
Removed Pin From Net: NetName=GND Pin=U13-15
Removed Pin From Net: NetName=5V Pin=U13-24
Removed Pin From Net: NetName=S0 Pin=U14-10
Removed Pin From Net: NetName=S1 Pin=U14-11
Removed Pin From Net: NetName=GND Pin=U14-12
Removed Pin From Net: NetName=S3 Pin=U14-13
Removed Pin From Net: NetName=S2 Pin=U14-14
Removed Pin From Net: NetName=GND Pin=U14-15
Removed Pin From Net: NetName=5V Pin=U14-24
Removed Pin From Net: NetName=S0 Pin=U15-10
Removed Pin From Net: NetName=S1 Pin=U15-11
Removed Pin From Net: NetName=GND Pin=U15-12
Removed Pin From Net: NetName=S3 Pin=U15-13
Removed Pin From Net: NetName=S2 Pin=U15-14
Removed Pin From Net: NetName=GND Pin=U15-15
Removed Pin From Net: NetName=5V Pin=U15-24
Removed Member From Class: ClassName=AHK50H-ND_THERM_CONNECTOR Member=P3
Removed Member From Class: ClassName=AHK50H-ND_THERM_CONNECTOR Member=P4
Removed Member From Class: ClassName=AHK50H-ND_THERM_CONNECTOR Member=P5
