Change Net Name : Old Net Name=ADC_OUT_1 New Net Name=ADC_OUT_1_4
Change Net Name : Old Net Name=ADC_OUT_2 New Net Name=ADC_OUT_2_4
Change Net Name : Old Net Name=ADC_OUT_3 New Net Name=ADC_OUT_3_4
Change Net Name : Old Net Name=ADC_OUT_4 New Net Name=ADC_OUT_4_4
Change Net Name : Old Net Name=ADC_OUT_5 New Net Name=ADC_OUT_5_4
Change Net Name : Old Net Name=ADC_OUT_6 New Net Name=ADC_OUT_6_4
Change Net Name : Old Net Name=ADC_OUT_7 New Net Name=ADC_OUT_7_4
Change Net Name : Old Net Name=ADC_OUT_8 New Net Name=ADC_OUT_8_4
Change Net Name : Old Net Name=ADC_OUT_9 New Net Name=ADC_OUT_9_4
Change Net Name : Old Net Name=ADC_OUT_10 New Net Name=ADC_OUT_10_4
Change Net Name : Old Net Name=ADC_OUT_12 New Net Name=ADC_OUT12
Change Net Name : Old Net Name=ADC_OUT_13 New Net Name=ADC_OUT13
Change Net Name : Old Net Name=ADC_OUT_14 New Net Name=ADC_OUT14
Change Net Name : Old Net Name=ADC_OUT_21 New Net Name=ADC_OUT21
Change Net Name : Old Net Name=ADC_OUT_22 New Net Name=ADC_OUT22
Change Net Name : Old Net Name=ADC_OUT_23 New Net Name=ADC_OUT23
Change Net Name : Old Net Name=ADC_OUT_24 New Net Name=ADC_OUT24
Change Net Name : Old Net Name=ADC_OUT_31 New Net Name=ADC_OUT31
Change Net Name : Old Net Name=ADC_OUT_32 New Net Name=ADC_OUT32
Change Net Name : Old Net Name=ADC_OUT_33 New Net Name=ADC_OUT33
Change Net Name : Old Net Name=ADC_OUT_34 New Net Name=ADC_OUT34
Added Pin To Net: NetName=ADC_OUT11 Pin=R1_1-2
Added Pin To Net: NetName=ADC_OUT11 Pin=U2_1-1
Added Net: Name=ADC_OUT11
Added Pin To Net: NetName=ADC_OUT_11_4 Pin=U1-12
Added Net: Name=ADC_OUT_11_4
Added Class: Name=ADC_OUT[1..11]
