Added Component: Designator=C1(Capacitor - duplicate)
Add component. Clean all parameters for all variants
Add component (AddParameter): Name = "Supplier 1"; Value = "Digi-Key"; VariantName = "[No Variations]"
Add component (AddParameter): Name = "Supplier Part Number 1"; Value = "399-14477-1-ND"; VariantName = "[No Variations]"
Added Component: Designator=C2(Capacitor)
Add component. Clean all parameters for all variants
Add component (AddParameter): Name = "Supplier 1"; Value = "Digi-Key"; VariantName = "[No Variations]"
Add component (AddParameter): Name = "Supplier Part Number 1"; Value = "1276-1946-1-ND"; VariantName = "[No Variations]"
Added Component: Designator=C3(Capacitor - duplicate)
Add component. Clean all parameters for all variants
Add component (AddParameter): Name = "Supplier 1"; Value = "Digi-Key"; VariantName = "[No Variations]"
Add component (AddParameter): Name = "Supplier Part Number 1"; Value = "399-14477-1-ND"; VariantName = "[No Variations]"
Added Component: Designator=C4(Capacitor)
Add component. Clean all parameters for all variants
Add component (AddParameter): Name = "Supplier 1"; Value = "Digi-Key"; VariantName = "[No Variations]"
Add component (AddParameter): Name = "Supplier Part Number 1"; Value = "1276-1946-1-ND"; VariantName = "[No Variations]"
Added Component: Designator=C5(Capacitor - duplicate)
Add component. Clean all parameters for all variants
Add component (AddParameter): Name = "Supplier 1"; Value = "Digi-Key"; VariantName = "[No Variations]"
Add component (AddParameter): Name = "Supplier Part Number 1"; Value = "399-14477-1-ND"; VariantName = "[No Variations]"
Added Component: Designator=C6(Capacitor)
Add component. Clean all parameters for all variants
Add component (AddParameter): Name = "Supplier 1"; Value = "Digi-Key"; VariantName = "[No Variations]"
Add component (AddParameter): Name = "Supplier Part Number 1"; Value = "1276-1946-1-ND"; VariantName = "[No Variations]"
Added Component: Designator=P1(50_Pin_Connector)
Add component. Clean all parameters for all variants
Add component (AddParameter): Name = "Supplier 1"; Value = "Digi-Key"; VariantName = "[No Variations]"
Add component (AddParameter): Name = "Supplier Part Number 1"; Value = "AHK50H-ND"; VariantName = "[No Variations]"
Added Component: Designator=R1(J1-0603)
Add component. Clean all parameters for all variants
Add component (AddParameter): Name = "LatestRevisionDate"; Value = "29-May-2009"; VariantName = "[No Variations]"
Add component (AddParameter): Name = "LatestRevisionNote"; Value = "IPC-7351 Footprint Added."; VariantName = "[No Variations]"
Add component (AddParameter): Name = "PackageDescription"; Value = "Chip Resistor"; VariantName = "[No Variations]"
Add component (AddParameter): Name = "PackageReference"; Value = "J1-0603"; VariantName = "[No Variations]"
Add component (AddParameter): Name = "Published"; Value = "8-Jun-2000"; VariantName = "[No Variations]"
Add component (AddParameter): Name = "Publisher"; Value = "Altium Limited"; VariantName = "[No Variations]"
Add component (AddParameter): Name = "Value"; Value = "3.3K"; VariantName = "[No Variations]"
Added Component: Designator=R2(J1-0603)
Add component. Clean all parameters for all variants
Add component (AddParameter): Name = "LatestRevisionDate"; Value = "29-May-2009"; VariantName = "[No Variations]"
Add component (AddParameter): Name = "LatestRevisionNote"; Value = "IPC-7351 Footprint Added."; VariantName = "[No Variations]"
Add component (AddParameter): Name = "PackageDescription"; Value = "Chip Resistor"; VariantName = "[No Variations]"
Add component (AddParameter): Name = "PackageReference"; Value = "J1-0603"; VariantName = "[No Variations]"
Add component (AddParameter): Name = "Published"; Value = "8-Jun-2000"; VariantName = "[No Variations]"
Add component (AddParameter): Name = "Publisher"; Value = "Altium Limited"; VariantName = "[No Variations]"
Add component (AddParameter): Name = "Value"; Value = "3.3K"; VariantName = "[No Variations]"
Added Component: Designator=R3(J1-0603)
Add component. Clean all parameters for all variants
Add component (AddParameter): Name = "LatestRevisionDate"; Value = "29-May-2009"; VariantName = "[No Variations]"
Add component (AddParameter): Name = "LatestRevisionNote"; Value = "IPC-7351 Footprint Added."; VariantName = "[No Variations]"
Add component (AddParameter): Name = "PackageDescription"; Value = "Chip Resistor"; VariantName = "[No Variations]"
Add component (AddParameter): Name = "PackageReference"; Value = "J1-0603"; VariantName = "[No Variations]"
Add component (AddParameter): Name = "Published"; Value = "8-Jun-2000"; VariantName = "[No Variations]"
Add component (AddParameter): Name = "Publisher"; Value = "Altium Limited"; VariantName = "[No Variations]"
Add component (AddParameter): Name = "Value"; Value = "3.3K"; VariantName = "[No Variations]"
Added Component: Designator=U1(SOIC-24_MUX)
Add component. Clean all parameters for all variants
Add component (AddParameter): Name = "Supplier 1"; Value = "Newark"; VariantName = "[No Variations]"
Add component (AddParameter): Name = "Supplier Part Number 1"; Value = "05B6161"; VariantName = "[No Variations]"
Added Component: Designator=U2(SOIC-24_MUX)
Add component. Clean all parameters for all variants
Add component (AddParameter): Name = "Supplier 1"; Value = "Newark"; VariantName = "[No Variations]"
Add component (AddParameter): Name = "Supplier Part Number 1"; Value = "05B6161"; VariantName = "[No Variations]"
Added Component: Designator=U3(SOIC-24_MUX)
Add component. Clean all parameters for all variants
Add component (AddParameter): Name = "Supplier 1"; Value = "Newark"; VariantName = "[No Variations]"
Add component (AddParameter): Name = "Supplier Part Number 1"; Value = "05B6161"; VariantName = "[No Variations]"
Added Pin To Net: NetName=5V Pin=C1-1
Added Pin To Net: NetName=5V Pin=C2-1
Added Pin To Net: NetName=5V Pin=C3-1
Added Pin To Net: NetName=5V Pin=C4-1
Added Pin To Net: NetName=5V Pin=C5-1
Added Pin To Net: NetName=5V Pin=C6-1
Added Pin To Net: NetName=5V Pin=R1-1
Added Pin To Net: NetName=5V Pin=R2-1
Added Pin To Net: NetName=5V Pin=R3-1
Added Pin To Net: NetName=5V Pin=U1-24
Added Pin To Net: NetName=5V Pin=U2-24
Added Pin To Net: NetName=5V Pin=U3-24
Added Net: Name=5V
Added Pin To Net: NetName=GND Pin=C1-2
Added Pin To Net: NetName=GND Pin=C2-2
Added Pin To Net: NetName=GND Pin=C3-2
Added Pin To Net: NetName=GND Pin=C4-2
Added Pin To Net: NetName=GND Pin=C5-2
Added Pin To Net: NetName=GND Pin=C6-2
Added Pin To Net: NetName=GND Pin=U1-12
Added Pin To Net: NetName=GND Pin=U1-15
Added Pin To Net: NetName=GND Pin=U2-12
Added Pin To Net: NetName=GND Pin=U2-15
Added Pin To Net: NetName=GND Pin=U3-12
Added Pin To Net: NetName=GND Pin=U3-15
Added Net: Name=GND
Added Pin To Net: NetName=NetR1_2 Pin=R1-2
Added Pin To Net: NetName=NetR1_2 Pin=U1-1
Added Net: Name=NetR1_2
Added Pin To Net: NetName=NetR2_2 Pin=R2-2
Added Pin To Net: NetName=NetR2_2 Pin=U2-1
Added Net: Name=NetR2_2
Added Pin To Net: NetName=NetR3_2 Pin=R3-2
Added Pin To Net: NetName=NetR3_2 Pin=U3-1
Added Net: Name=NetR3_2
Added Pin To Net: NetName=S0 Pin=U1-10
Added Pin To Net: NetName=S0 Pin=U2-10
Added Pin To Net: NetName=S0 Pin=U3-10
Added Net: Name=S0
Added Pin To Net: NetName=S1 Pin=U1-11
Added Pin To Net: NetName=S1 Pin=U2-11
Added Pin To Net: NetName=S1 Pin=U3-11
Added Net: Name=S1
Added Pin To Net: NetName=S2 Pin=U1-14
Added Pin To Net: NetName=S2 Pin=U2-14
Added Pin To Net: NetName=S2 Pin=U3-14
Added Net: Name=S2
Added Pin To Net: NetName=S3 Pin=U1-13
Added Pin To Net: NetName=S3 Pin=U2-13
Added Pin To Net: NetName=S3 Pin=U3-13
Added Net: Name=S3
Added Pin To Net: NetName=TS_IN1 Pin=P1-1
Added Pin To Net: NetName=TS_IN1 Pin=P1-1
Added Pin To Net: NetName=TS_IN1 Pin=U1-9
Added Net: Name=TS_IN1
Added Pin To Net: NetName=TS_IN2 Pin=P1-2
Added Pin To Net: NetName=TS_IN2 Pin=P1-2
Added Pin To Net: NetName=TS_IN2 Pin=P1-2
Added Pin To Net: NetName=TS_IN2 Pin=U1-8
Added Net: Name=TS_IN2
Added Pin To Net: NetName=TS_IN3 Pin=P1-3
Added Pin To Net: NetName=TS_IN3 Pin=P1-3
Added Pin To Net: NetName=TS_IN3 Pin=U1-7
Added Net: Name=TS_IN3
Added Pin To Net: NetName=TS_IN4 Pin=P1-4
Added Pin To Net: NetName=TS_IN4 Pin=P1-4
Added Pin To Net: NetName=TS_IN4 Pin=U1-6
Added Net: Name=TS_IN4
Added Pin To Net: NetName=TS_IN5 Pin=P1-5
Added Pin To Net: NetName=TS_IN5 Pin=P1-5
Added Pin To Net: NetName=TS_IN5 Pin=U1-5
Added Net: Name=TS_IN5
Added Pin To Net: NetName=TS_IN6 Pin=P1-6
Added Pin To Net: NetName=TS_IN6 Pin=P1-6
Added Pin To Net: NetName=TS_IN6 Pin=U1-4
Added Net: Name=TS_IN6
Added Pin To Net: NetName=TS_IN7 Pin=P1-7
Added Pin To Net: NetName=TS_IN7 Pin=P1-7
Added Pin To Net: NetName=TS_IN7 Pin=U1-3
Added Net: Name=TS_IN7
Added Pin To Net: NetName=TS_IN8 Pin=P1-8
Added Pin To Net: NetName=TS_IN8 Pin=P1-8
Added Pin To Net: NetName=TS_IN8 Pin=U1-2
Added Net: Name=TS_IN8
Added Pin To Net: NetName=TS_IN9 Pin=P1-9
Added Pin To Net: NetName=TS_IN9 Pin=P1-9
Added Pin To Net: NetName=TS_IN9 Pin=U1-16
Added Net: Name=TS_IN9
Added Pin To Net: NetName=TS_IN10 Pin=P1-10
Added Pin To Net: NetName=TS_IN10 Pin=P1-10
Added Pin To Net: NetName=TS_IN10 Pin=U1-17
Added Net: Name=TS_IN10
Added Pin To Net: NetName=TS_IN11 Pin=P1-11
Added Pin To Net: NetName=TS_IN11 Pin=P1-11
Added Pin To Net: NetName=TS_IN11 Pin=U1-18
Added Net: Name=TS_IN11
Added Pin To Net: NetName=TS_IN12 Pin=P1-12
Added Pin To Net: NetName=TS_IN12 Pin=P1-12
Added Pin To Net: NetName=TS_IN12 Pin=U1-19
Added Net: Name=TS_IN12
Added Pin To Net: NetName=TS_IN13 Pin=P1-13
Added Pin To Net: NetName=TS_IN13 Pin=P1-13
Added Pin To Net: NetName=TS_IN13 Pin=U1-20
Added Net: Name=TS_IN13
Added Pin To Net: NetName=TS_IN14 Pin=P1-14
Added Pin To Net: NetName=TS_IN14 Pin=P1-14
Added Pin To Net: NetName=TS_IN14 Pin=U1-21
Added Net: Name=TS_IN14
Added Pin To Net: NetName=TS_IN15 Pin=P1-15
Added Pin To Net: NetName=TS_IN15 Pin=P1-15
Added Pin To Net: NetName=TS_IN15 Pin=U1-22
Added Net: Name=TS_IN15
Added Pin To Net: NetName=TS_IN16 Pin=P1-16
Added Pin To Net: NetName=TS_IN16 Pin=P1-16
Added Pin To Net: NetName=TS_IN16 Pin=P1-16
Added Pin To Net: NetName=TS_IN16 Pin=P1-16
Added Pin To Net: NetName=TS_IN16 Pin=U1-23
Added Net: Name=TS_IN16
Added Pin To Net: NetName=TS_IN17 Pin=P1-17
Added Pin To Net: NetName=TS_IN17 Pin=P1-17
Added Pin To Net: NetName=TS_IN17 Pin=P1-17
Added Pin To Net: NetName=TS_IN17 Pin=P1-17
Added Pin To Net: NetName=TS_IN17 Pin=U2-9
Added Net: Name=TS_IN17
Added Pin To Net: NetName=TS_IN18 Pin=P1-18
Added Pin To Net: NetName=TS_IN18 Pin=P1-18
Added Pin To Net: NetName=TS_IN18 Pin=P1-18
Added Pin To Net: NetName=TS_IN18 Pin=P1-18
Added Pin To Net: NetName=TS_IN18 Pin=U2-8
Added Net: Name=TS_IN18
Added Pin To Net: NetName=TS_IN19 Pin=P1-19
Added Pin To Net: NetName=TS_IN19 Pin=P1-19
Added Pin To Net: NetName=TS_IN19 Pin=P1-19
Added Pin To Net: NetName=TS_IN19 Pin=P1-19
Added Pin To Net: NetName=TS_IN19 Pin=U2-7
Added Net: Name=TS_IN19
Added Pin To Net: NetName=TS_IN20 Pin=P1-20
Added Pin To Net: NetName=TS_IN20 Pin=P1-20
Added Pin To Net: NetName=TS_IN20 Pin=P1-20
Added Pin To Net: NetName=TS_IN20 Pin=P1-20
Added Pin To Net: NetName=TS_IN20 Pin=U2-6
Added Net: Name=TS_IN20
Added Pin To Net: NetName=TS_IN21 Pin=P1-21
Added Pin To Net: NetName=TS_IN21 Pin=U2-5
Added Net: Name=TS_IN21
Added Pin To Net: NetName=TS_IN22 Pin=P1-22
Added Pin To Net: NetName=TS_IN22 Pin=U2-4
Added Net: Name=TS_IN22
Added Pin To Net: NetName=TS_IN23 Pin=P1-23
Added Pin To Net: NetName=TS_IN23 Pin=U2-3
Added Net: Name=TS_IN23
Added Pin To Net: NetName=TS_IN24 Pin=P1-24
Added Pin To Net: NetName=TS_IN24 Pin=U2-2
Added Net: Name=TS_IN24
Added Pin To Net: NetName=TS_IN25 Pin=P1-25
Added Pin To Net: NetName=TS_IN25 Pin=U2-16
Added Net: Name=TS_IN25
Added Pin To Net: NetName=TS_IN26 Pin=P1-26
Added Pin To Net: NetName=TS_IN26 Pin=U2-17
Added Net: Name=TS_IN26
Added Pin To Net: NetName=TS_IN27 Pin=P1-27
Added Pin To Net: NetName=TS_IN27 Pin=U2-18
Added Net: Name=TS_IN27
Added Pin To Net: NetName=TS_IN28 Pin=P1-28
Added Pin To Net: NetName=TS_IN28 Pin=U2-19
Added Net: Name=TS_IN28
Added Pin To Net: NetName=TS_IN29 Pin=P1-29
Added Pin To Net: NetName=TS_IN29 Pin=U2-20
Added Net: Name=TS_IN29
Added Pin To Net: NetName=TS_IN30 Pin=P1-30
Added Pin To Net: NetName=TS_IN30 Pin=U2-21
Added Net: Name=TS_IN30
Added Pin To Net: NetName=TS_IN31 Pin=P1-31
Added Pin To Net: NetName=TS_IN31 Pin=U2-22
Added Net: Name=TS_IN31
Added Pin To Net: NetName=TS_IN32 Pin=P1-32
Added Pin To Net: NetName=TS_IN32 Pin=U2-23
Added Net: Name=TS_IN32
Added Pin To Net: NetName=TS_IN33 Pin=P1-33
Added Pin To Net: NetName=TS_IN33 Pin=U3-9
Added Net: Name=TS_IN33
Added Pin To Net: NetName=TS_IN34 Pin=P1-34
Added Pin To Net: NetName=TS_IN34 Pin=U3-8
Added Net: Name=TS_IN34
Added Pin To Net: NetName=TS_IN35 Pin=P1-35
Added Pin To Net: NetName=TS_IN35 Pin=U3-7
Added Net: Name=TS_IN35
Added Pin To Net: NetName=TS_IN36 Pin=P1-36
Added Pin To Net: NetName=TS_IN36 Pin=P1-36
Added Pin To Net: NetName=TS_IN36 Pin=U3-6
Added Net: Name=TS_IN36
Added Pin To Net: NetName=TS_IN37 Pin=P1-37
Added Pin To Net: NetName=TS_IN37 Pin=P1-37
Added Pin To Net: NetName=TS_IN37 Pin=U3-5
Added Net: Name=TS_IN37
Added Pin To Net: NetName=TS_IN38 Pin=P1-38
Added Pin To Net: NetName=TS_IN38 Pin=P1-38
Added Pin To Net: NetName=TS_IN38 Pin=U3-4
Added Net: Name=TS_IN38
Added Pin To Net: NetName=TS_IN39 Pin=P1-39
Added Pin To Net: NetName=TS_IN39 Pin=P1-39
Added Pin To Net: NetName=TS_IN39 Pin=U3-3
Added Net: Name=TS_IN39
Added Pin To Net: NetName=TS_IN40 Pin=P1-40
Added Pin To Net: NetName=TS_IN40 Pin=P1-40
Added Pin To Net: NetName=TS_IN40 Pin=U3-2
Added Net: Name=TS_IN40
Added Pin To Net: NetName=TS_IN41 Pin=P1-41
Added Pin To Net: NetName=TS_IN41 Pin=U3-16
Added Net: Name=TS_IN41
Added Pin To Net: NetName=TS_IN42 Pin=P1-42
Added Pin To Net: NetName=TS_IN42 Pin=U3-17
Added Net: Name=TS_IN42
Added Pin To Net: NetName=TS_IN43 Pin=P1-43
Added Pin To Net: NetName=TS_IN43 Pin=U3-18
Added Net: Name=TS_IN43
Added Pin To Net: NetName=TS_IN44 Pin=P1-44
Added Pin To Net: NetName=TS_IN44 Pin=U3-19
Added Net: Name=TS_IN44
Added Pin To Net: NetName=TS_IN45 Pin=P1-45
Added Pin To Net: NetName=TS_IN45 Pin=U3-20
Added Net: Name=TS_IN45
Added Pin To Net: NetName=TS_IN46 Pin=P1-46
Added Pin To Net: NetName=TS_IN46 Pin=U3-21
Added Net: Name=TS_IN46
Added Pin To Net: NetName=TS_IN47 Pin=P1-47
Added Pin To Net: NetName=TS_IN47 Pin=U3-22
Added Net: Name=TS_IN47
Added Pin To Net: NetName=TS_IN48 Pin=P1-48
Added Pin To Net: NetName=TS_IN48 Pin=U3-23
Added Net: Name=TS_IN48
Added Class: Name=50_Pin_Connector-1
Added Class: Name=MUX_CONNECTIVITY-1
Added Class: Name=TS_IN[1..48]
Added Room: Name=50_Pin_Connector-1
Added Room: Name=MUX_CONNECTIVITY-1
