Removed Pin From Net: NetName=GND Pin=U1_1-10
Removed Pin From Net: NetName=GND Pin=U1_1-13
Removed Pin From Net: NetName=5V Pin=U1_1-14
Removed Pin From Net: NetName=5V Pin=U1_1-20
Removed Pin From Net: NetName=GND Pin=U1_2-10
Removed Pin From Net: NetName=GND Pin=U1_2-13
Removed Pin From Net: NetName=5V Pin=U1_2-14
Removed Pin From Net: NetName=5V Pin=U1_2-20
Removed Pin From Net: NetName=GND Pin=U1_3-10
Removed Pin From Net: NetName=GND Pin=U1_3-13
Removed Pin From Net: NetName=5V Pin=U1_3-14
Removed Pin From Net: NetName=5V Pin=U1_3-20
Removed Pin From Net: NetName=AIN1_4 Pin=U1_4-1
Removed Pin From Net: NetName=AIN2_4 Pin=U1_4-2
Removed Pin From Net: NetName=AIN3_4 Pin=U1_4-3
Removed Pin From Net: NetName=AIN4_4 Pin=U1_4-4
Removed Pin From Net: NetName=AIN5_4 Pin=U1_4-5
Removed Pin From Net: NetName=AIN6_4 Pin=U1_4-6
Removed Pin From Net: NetName=AIN7_4 Pin=U1_4-7
Removed Pin From Net: NetName=AIN8_4 Pin=U1_4-8
Removed Pin From Net: NetName=AIN9_4 Pin=U1_4-9
Removed Pin From Net: NetName=GND Pin=U1_4-10
Removed Pin From Net: NetName=AIN10_4 Pin=U1_4-11
Removed Pin From Net: NetName=AIN11_4 Pin=U1_4-12
Removed Pin From Net: NetName=GND Pin=U1_4-13
Removed Pin From Net: NetName=5V Pin=U1_4-14
Removed Pin From Net: NetName=5V Pin=U1_4-20
Removed Pin From Net: NetName=GND Pin=U1_5-10
Removed Pin From Net: NetName=GND Pin=U1_5-13
Removed Pin From Net: NetName=5V Pin=U1_5-14
Removed Pin From Net: NetName=5V Pin=U1_5-20
Added Component: Designator=U1(SOIC-20_ADC)
Add component. Clean all parameters for all variants
Add component (AddParameter): Name = "Manufacture"; Value = "TI"; VariantName = "[No Variations]"
Add component (AddParameter): Name = "Manufacture P/N"; Value = "TLC542CDWR"; VariantName = "[No Variations]"
Add component (AddParameter): Name = "Notes"; Value = ""; VariantName = "[No Variations]"
Add component (AddParameter): Name = "Supplier 1"; Value = "Digi-Key"; VariantName = "[No Variations]"
Add component (AddParameter): Name = "Supplier Part Number 1"; Value = "296-1332-2-ND"; VariantName = "[No Variations]"
Added Pin To Net: NetName=NetR1_1_2 Pin=R1_2-2
Added Pin To Net: NetName=NetR1_1_2 Pin=R1_3-2
Added Pin To Net: NetName=NetR1_4_2 Pin=R1_5-2
Added Pin To Net: NetName=NetR1_4_2 Pin=R1_6-2
Added Pin To Net: NetName=NetR1_7_2 Pin=R1_8-2
Added Pin To Net: NetName=NetR1_7_2 Pin=R1_9-2
Added Pin To Net: NetName=NetR1_10_2 Pin=R1_11-2
Added Pin To Net: NetName=NetR1_10_2 Pin=R1_12-2
Added Pin To Net: NetName=NetR1_13_2 Pin=R1_14-2
Added Pin To Net: NetName=NetR1_13_2 Pin=R1_15-2
Added Pin To Net: NetName=AIN1_4 Pin=U1-1
Added Pin To Net: NetName=AIN2_4 Pin=U1-2
Added Pin To Net: NetName=AIN3_4 Pin=U1-3
Added Pin To Net: NetName=AIN4_4 Pin=U1-4
Added Pin To Net: NetName=AIN5_4 Pin=U1-5
Added Pin To Net: NetName=AIN6_4 Pin=U1-6
Added Pin To Net: NetName=AIN7_4 Pin=U1-7
Added Pin To Net: NetName=AIN8_4 Pin=U1-8
Added Pin To Net: NetName=AIN9_4 Pin=U1-9
Added Pin To Net: NetName=GND Pin=U1-10
Added Pin To Net: NetName=AIN10_4 Pin=U1-11
Added Pin To Net: NetName=AIN11_4 Pin=U1-12
Added Pin To Net: NetName=GND Pin=U1-13
Added Pin To Net: NetName=5V Pin=U1-14
Added Pin To Net: NetName=5V Pin=U1-20
Added Pin To Net: NetName=NetR1_1_2 Pin=U2_2-1
Added Pin To Net: NetName=NetR1_1_2 Pin=U2_3-1
Added Pin To Net: NetName=NetR1_4_2 Pin=U2_5-1
Added Pin To Net: NetName=NetR1_4_2 Pin=U2_6-1
Added Pin To Net: NetName=NetR1_7_2 Pin=U2_8-1
Added Pin To Net: NetName=NetR1_7_2 Pin=U2_9-1
Added Pin To Net: NetName=NetR1_10_2 Pin=U2_11-1
Added Pin To Net: NetName=NetR1_10_2 Pin=U2_12-1
Added Pin To Net: NetName=NetR1_13_2 Pin=U2_14-1
Added Pin To Net: NetName=NetR1_13_2 Pin=U2_15-1
Added Pin To Net: NetName=NetU1_15 Pin=U1-15
Added Net: Name=NetU1_15
Added Pin To Net: NetName=NetU1_16 Pin=U1-16
Added Net: Name=NetU1_16
Added Pin To Net: NetName=NetU1_17 Pin=U1-17
Added Net: Name=NetU1_17
Added Pin To Net: NetName=NetU1_18 Pin=U1-18
Added Net: Name=NetU1_18
Added Pin To Net: NetName=NetU1_19 Pin=U1-19
Added Net: Name=NetU1_19
Added Class: Name=U_Data_Conversion
Added Room: Name=U_Data_Conversion
