Removed Pin From Net: NetName=TS_IN8_2 Pin=U2_2-2
Removed Pin From Net: NetName=TS_IN7_2 Pin=U2_2-3
Removed Pin From Net: NetName=TS_IN6_2 Pin=U2_2-4
Removed Pin From Net: NetName=TS_IN5_2 Pin=U2_2-5
Removed Pin From Net: NetName=TS_IN4_2 Pin=U2_2-6
Removed Pin From Net: NetName=TS_IN3_2 Pin=U2_2-7
Removed Pin From Net: NetName=TS_IN2_2 Pin=U2_2-8
Removed Pin From Net: NetName=TS_IN1_2 Pin=U2_2-9
Removed Pin From Net: NetName=TS_IN16_2 Pin=U2_2-16
Removed Pin From Net: NetName=TS_IN15_2 Pin=U2_2-17
Removed Pin From Net: NetName=TS_IN14_2 Pin=U2_2-18
Removed Pin From Net: NetName=TS_IN13_2 Pin=U2_2-19
Removed Pin From Net: NetName=TS_IN12_2 Pin=U2_2-20
Removed Pin From Net: NetName=TS_IN11_2 Pin=U2_2-21
Removed Pin From Net: NetName=TS_IN10_2 Pin=U2_2-22
Removed Pin From Net: NetName=TS_IN9_2 Pin=U2_2-23
Removed Pin From Net: NetName=TS_IN8_3 Pin=U2_3-2
Removed Pin From Net: NetName=TS_IN7_3 Pin=U2_3-3
Removed Pin From Net: NetName=TS_IN6_3 Pin=U2_3-4
Removed Pin From Net: NetName=TS_IN5_3 Pin=U2_3-5
Removed Pin From Net: NetName=TS_IN4_3 Pin=U2_3-6
Removed Pin From Net: NetName=TS_IN3_3 Pin=U2_3-7
Removed Pin From Net: NetName=TS_IN2_3 Pin=U2_3-8
Removed Pin From Net: NetName=TS_IN1_3 Pin=U2_3-9
Removed Pin From Net: NetName=TS_IN16_3 Pin=U2_3-16
Removed Pin From Net: NetName=TS_IN15_3 Pin=U2_3-17
Removed Pin From Net: NetName=TS_IN14_3 Pin=U2_3-18
Removed Pin From Net: NetName=TS_IN13_3 Pin=U2_3-19
Removed Pin From Net: NetName=TS_IN12_3 Pin=U2_3-20
Removed Pin From Net: NetName=TS_IN11_3 Pin=U2_3-21
Removed Pin From Net: NetName=TS_IN10_3 Pin=U2_3-22
Removed Pin From Net: NetName=TS_IN9_3 Pin=U2_3-23
Removed Pin From Net: NetName=TS_IN8_4 Pin=U2_4-2
Removed Pin From Net: NetName=TS_IN7_4 Pin=U2_4-3
Removed Pin From Net: NetName=TS_IN6_4 Pin=U2_4-4
Removed Pin From Net: NetName=TS_IN5_4 Pin=U2_4-5
Removed Pin From Net: NetName=TS_IN4_4 Pin=U2_4-6
Removed Pin From Net: NetName=TS_IN3_4 Pin=U2_4-7
Removed Pin From Net: NetName=TS_IN2_4 Pin=U2_4-8
Removed Pin From Net: NetName=TS_IN1_4 Pin=U2_4-9
Removed Pin From Net: NetName=TS_IN16_4 Pin=U2_4-16
Removed Pin From Net: NetName=TS_IN15_4 Pin=U2_4-17
Removed Pin From Net: NetName=TS_IN14_4 Pin=U2_4-18
Removed Pin From Net: NetName=TS_IN13_4 Pin=U2_4-19
Removed Pin From Net: NetName=TS_IN12_4 Pin=U2_4-20
Removed Pin From Net: NetName=TS_IN11_4 Pin=U2_4-21
Removed Pin From Net: NetName=TS_IN10_4 Pin=U2_4-22
Removed Pin From Net: NetName=TS_IN9_4 Pin=U2_4-23
Removed Pin From Net: NetName=TS_IN8_5 Pin=U2_5-2
Removed Pin From Net: NetName=TS_IN7_5 Pin=U2_5-3
Removed Pin From Net: NetName=TS_IN6_5 Pin=U2_5-4
Removed Pin From Net: NetName=TS_IN5_5 Pin=U2_5-5
Removed Pin From Net: NetName=TS_IN4_5 Pin=U2_5-6
Removed Pin From Net: NetName=TS_IN3_5 Pin=U2_5-7
Removed Pin From Net: NetName=TS_IN2_5 Pin=U2_5-8
Removed Pin From Net: NetName=TS_IN1_5 Pin=U2_5-9
Removed Pin From Net: NetName=TS_IN16_5 Pin=U2_5-16
Removed Pin From Net: NetName=TS_IN15_5 Pin=U2_5-17
Removed Pin From Net: NetName=TS_IN14_5 Pin=U2_5-18
Removed Pin From Net: NetName=TS_IN13_5 Pin=U2_5-19
Removed Pin From Net: NetName=TS_IN12_5 Pin=U2_5-20
Removed Pin From Net: NetName=TS_IN11_5 Pin=U2_5-21
Removed Pin From Net: NetName=TS_IN10_5 Pin=U2_5-22
Removed Pin From Net: NetName=TS_IN9_5 Pin=U2_5-23
Added Component: Designator=C1_6(0.1uF_Kemet)
Add component. Clean all parameters for all variants
Add component (AddParameter): Name = "Supplier 1"; Value = "Digi-Key"; VariantName = "[No Variations]"
Add component (AddParameter): Name = "Supplier Part Number 1"; Value = "399-14477-1-ND"; VariantName = "[No Variations]"
Added Component: Designator=C1_7(0.1uF_Kemet)
Add component. Clean all parameters for all variants
Add component (AddParameter): Name = "Supplier 1"; Value = "Digi-Key"; VariantName = "[No Variations]"
Add component (AddParameter): Name = "Supplier Part Number 1"; Value = "399-14477-1-ND"; VariantName = "[No Variations]"
Added Component: Designator=C1_8(0.1uF_Kemet)
Add component. Clean all parameters for all variants
Add component (AddParameter): Name = "Supplier 1"; Value = "Digi-Key"; VariantName = "[No Variations]"
Add component (AddParameter): Name = "Supplier Part Number 1"; Value = "399-14477-1-ND"; VariantName = "[No Variations]"
Added Component: Designator=C1_9(0.1uF_Kemet)
Add component. Clean all parameters for all variants
Add component (AddParameter): Name = "Supplier 1"; Value = "Digi-Key"; VariantName = "[No Variations]"
Add component (AddParameter): Name = "Supplier Part Number 1"; Value = "399-14477-1-ND"; VariantName = "[No Variations]"
Added Component: Designator=C1_10(0.1uF_Kemet)
Add component. Clean all parameters for all variants
Add component (AddParameter): Name = "Supplier 1"; Value = "Digi-Key"; VariantName = "[No Variations]"
Add component (AddParameter): Name = "Supplier Part Number 1"; Value = "399-14477-1-ND"; VariantName = "[No Variations]"
Added Component: Designator=C1_11(0.1uF_Kemet)
Add component. Clean all parameters for all variants
Add component (AddParameter): Name = "Supplier 1"; Value = "Digi-Key"; VariantName = "[No Variations]"
Add component (AddParameter): Name = "Supplier Part Number 1"; Value = "399-14477-1-ND"; VariantName = "[No Variations]"
Added Component: Designator=C1_12(0.1uF_Kemet)
Add component. Clean all parameters for all variants
Add component (AddParameter): Name = "Supplier 1"; Value = "Digi-Key"; VariantName = "[No Variations]"
Add component (AddParameter): Name = "Supplier Part Number 1"; Value = "399-14477-1-ND"; VariantName = "[No Variations]"
Added Component: Designator=C1_13(0.1uF_Kemet)
Add component. Clean all parameters for all variants
Add component (AddParameter): Name = "Supplier 1"; Value = "Digi-Key"; VariantName = "[No Variations]"
Add component (AddParameter): Name = "Supplier Part Number 1"; Value = "399-14477-1-ND"; VariantName = "[No Variations]"
Added Component: Designator=C1_14(0.1uF_Kemet)
Add component. Clean all parameters for all variants
Add component (AddParameter): Name = "Supplier 1"; Value = "Digi-Key"; VariantName = "[No Variations]"
Add component (AddParameter): Name = "Supplier Part Number 1"; Value = "399-14477-1-ND"; VariantName = "[No Variations]"
Added Component: Designator=C1_15(0.1uF_Kemet)
Add component. Clean all parameters for all variants
Add component (AddParameter): Name = "Supplier 1"; Value = "Digi-Key"; VariantName = "[No Variations]"
Add component (AddParameter): Name = "Supplier Part Number 1"; Value = "399-14477-1-ND"; VariantName = "[No Variations]"
Added Component: Designator=C2_6(1uf_Samsung)
Add component. Clean all parameters for all variants
Add component (AddParameter): Name = "Supplier 1"; Value = "Digi-Key"; VariantName = "[No Variations]"
Add component (AddParameter): Name = "Supplier Part Number 1"; Value = "1276-1946-1-ND"; VariantName = "[No Variations]"
Added Component: Designator=C2_7(1uf_Samsung)
Add component. Clean all parameters for all variants
Add component (AddParameter): Name = "Supplier 1"; Value = "Digi-Key"; VariantName = "[No Variations]"
Add component (AddParameter): Name = "Supplier Part Number 1"; Value = "1276-1946-1-ND"; VariantName = "[No Variations]"
Added Component: Designator=C2_8(1uf_Samsung)
Add component. Clean all parameters for all variants
Add component (AddParameter): Name = "Supplier 1"; Value = "Digi-Key"; VariantName = "[No Variations]"
Add component (AddParameter): Name = "Supplier Part Number 1"; Value = "1276-1946-1-ND"; VariantName = "[No Variations]"
Added Component: Designator=C2_9(1uf_Samsung)
Add component. Clean all parameters for all variants
Add component (AddParameter): Name = "Supplier 1"; Value = "Digi-Key"; VariantName = "[No Variations]"
Add component (AddParameter): Name = "Supplier Part Number 1"; Value = "1276-1946-1-ND"; VariantName = "[No Variations]"
Added Component: Designator=C2_10(1uf_Samsung)
Add component. Clean all parameters for all variants
Add component (AddParameter): Name = "Supplier 1"; Value = "Digi-Key"; VariantName = "[No Variations]"
Add component (AddParameter): Name = "Supplier Part Number 1"; Value = "1276-1946-1-ND"; VariantName = "[No Variations]"
Added Component: Designator=C2_11(1uf_Samsung)
Add component. Clean all parameters for all variants
Add component (AddParameter): Name = "Supplier 1"; Value = "Digi-Key"; VariantName = "[No Variations]"
Add component (AddParameter): Name = "Supplier Part Number 1"; Value = "1276-1946-1-ND"; VariantName = "[No Variations]"
Added Component: Designator=C2_12(1uf_Samsung)
Add component. Clean all parameters for all variants
Add component (AddParameter): Name = "Supplier 1"; Value = "Digi-Key"; VariantName = "[No Variations]"
Add component (AddParameter): Name = "Supplier Part Number 1"; Value = "1276-1946-1-ND"; VariantName = "[No Variations]"
Added Component: Designator=C2_13(1uf_Samsung)
Add component. Clean all parameters for all variants
Add component (AddParameter): Name = "Supplier 1"; Value = "Digi-Key"; VariantName = "[No Variations]"
Add component (AddParameter): Name = "Supplier Part Number 1"; Value = "1276-1946-1-ND"; VariantName = "[No Variations]"
Added Component: Designator=C2_14(1uf_Samsung)
Add component. Clean all parameters for all variants
Add component (AddParameter): Name = "Supplier 1"; Value = "Digi-Key"; VariantName = "[No Variations]"
Add component (AddParameter): Name = "Supplier Part Number 1"; Value = "1276-1946-1-ND"; VariantName = "[No Variations]"
Added Component: Designator=C2_15(1uf_Samsung)
Add component. Clean all parameters for all variants
Add component (AddParameter): Name = "Supplier 1"; Value = "Digi-Key"; VariantName = "[No Variations]"
Add component (AddParameter): Name = "Supplier Part Number 1"; Value = "1276-1946-1-ND"; VariantName = "[No Variations]"
Added Component: Designator=R1_6(J1-0603)
Add component. Clean all parameters for all variants
Add component (AddParameter): Name = "LatestRevisionDate"; Value = "29-May-2009"; VariantName = "[No Variations]"
Add component (AddParameter): Name = "LatestRevisionNote"; Value = "IPC-7351 Footprint Added."; VariantName = "[No Variations]"
Add component (AddParameter): Name = "PackageDescription"; Value = "Chip Resistor"; VariantName = "[No Variations]"
Add component (AddParameter): Name = "PackageReference"; Value = "J1-0603"; VariantName = "[No Variations]"
Add component (AddParameter): Name = "Published"; Value = "8-Jun-2000"; VariantName = "[No Variations]"
Add component (AddParameter): Name = "Publisher"; Value = "Altium Limited"; VariantName = "[No Variations]"
Add component (AddParameter): Name = "Value"; Value = "3.3K"; VariantName = "[No Variations]"
Added Component: Designator=R1_7(J1-0603)
Add component. Clean all parameters for all variants
Add component (AddParameter): Name = "LatestRevisionDate"; Value = "29-May-2009"; VariantName = "[No Variations]"
Add component (AddParameter): Name = "LatestRevisionNote"; Value = "IPC-7351 Footprint Added."; VariantName = "[No Variations]"
Add component (AddParameter): Name = "PackageDescription"; Value = "Chip Resistor"; VariantName = "[No Variations]"
Add component (AddParameter): Name = "PackageReference"; Value = "J1-0603"; VariantName = "[No Variations]"
Add component (AddParameter): Name = "Published"; Value = "8-Jun-2000"; VariantName = "[No Variations]"
Add component (AddParameter): Name = "Publisher"; Value = "Altium Limited"; VariantName = "[No Variations]"
Add component (AddParameter): Name = "Value"; Value = "3.3K"; VariantName = "[No Variations]"
Added Component: Designator=R1_8(J1-0603)
Add component. Clean all parameters for all variants
Add component (AddParameter): Name = "LatestRevisionDate"; Value = "29-May-2009"; VariantName = "[No Variations]"
Add component (AddParameter): Name = "LatestRevisionNote"; Value = "IPC-7351 Footprint Added."; VariantName = "[No Variations]"
Add component (AddParameter): Name = "PackageDescription"; Value = "Chip Resistor"; VariantName = "[No Variations]"
Add component (AddParameter): Name = "PackageReference"; Value = "J1-0603"; VariantName = "[No Variations]"
Add component (AddParameter): Name = "Published"; Value = "8-Jun-2000"; VariantName = "[No Variations]"
Add component (AddParameter): Name = "Publisher"; Value = "Altium Limited"; VariantName = "[No Variations]"
Add component (AddParameter): Name = "Value"; Value = "3.3K"; VariantName = "[No Variations]"
Added Component: Designator=R1_9(J1-0603)
Add component. Clean all parameters for all variants
Add component (AddParameter): Name = "LatestRevisionDate"; Value = "29-May-2009"; VariantName = "[No Variations]"
Add component (AddParameter): Name = "LatestRevisionNote"; Value = "IPC-7351 Footprint Added."; VariantName = "[No Variations]"
Add component (AddParameter): Name = "PackageDescription"; Value = "Chip Resistor"; VariantName = "[No Variations]"
Add component (AddParameter): Name = "PackageReference"; Value = "J1-0603"; VariantName = "[No Variations]"
Add component (AddParameter): Name = "Published"; Value = "8-Jun-2000"; VariantName = "[No Variations]"
Add component (AddParameter): Name = "Publisher"; Value = "Altium Limited"; VariantName = "[No Variations]"
Add component (AddParameter): Name = "Value"; Value = "3.3K"; VariantName = "[No Variations]"
Added Component: Designator=R1_10(J1-0603)
Add component. Clean all parameters for all variants
Add component (AddParameter): Name = "LatestRevisionDate"; Value = "29-May-2009"; VariantName = "[No Variations]"
Add component (AddParameter): Name = "LatestRevisionNote"; Value = "IPC-7351 Footprint Added."; VariantName = "[No Variations]"
Add component (AddParameter): Name = "PackageDescription"; Value = "Chip Resistor"; VariantName = "[No Variations]"
Add component (AddParameter): Name = "PackageReference"; Value = "J1-0603"; VariantName = "[No Variations]"
Add component (AddParameter): Name = "Published"; Value = "8-Jun-2000"; VariantName = "[No Variations]"
Add component (AddParameter): Name = "Publisher"; Value = "Altium Limited"; VariantName = "[No Variations]"
Add component (AddParameter): Name = "Value"; Value = "3.3K"; VariantName = "[No Variations]"
Added Component: Designator=R1_11(J1-0603)
Add component. Clean all parameters for all variants
Add component (AddParameter): Name = "LatestRevisionDate"; Value = "29-May-2009"; VariantName = "[No Variations]"
Add component (AddParameter): Name = "LatestRevisionNote"; Value = "IPC-7351 Footprint Added."; VariantName = "[No Variations]"
Add component (AddParameter): Name = "PackageDescription"; Value = "Chip Resistor"; VariantName = "[No Variations]"
Add component (AddParameter): Name = "PackageReference"; Value = "J1-0603"; VariantName = "[No Variations]"
Add component (AddParameter): Name = "Published"; Value = "8-Jun-2000"; VariantName = "[No Variations]"
Add component (AddParameter): Name = "Publisher"; Value = "Altium Limited"; VariantName = "[No Variations]"
Add component (AddParameter): Name = "Value"; Value = "3.3K"; VariantName = "[No Variations]"
Added Component: Designator=R1_12(J1-0603)
Add component. Clean all parameters for all variants
Add component (AddParameter): Name = "LatestRevisionDate"; Value = "29-May-2009"; VariantName = "[No Variations]"
Add component (AddParameter): Name = "LatestRevisionNote"; Value = "IPC-7351 Footprint Added."; VariantName = "[No Variations]"
Add component (AddParameter): Name = "PackageDescription"; Value = "Chip Resistor"; VariantName = "[No Variations]"
Add component (AddParameter): Name = "PackageReference"; Value = "J1-0603"; VariantName = "[No Variations]"
Add component (AddParameter): Name = "Published"; Value = "8-Jun-2000"; VariantName = "[No Variations]"
Add component (AddParameter): Name = "Publisher"; Value = "Altium Limited"; VariantName = "[No Variations]"
Add component (AddParameter): Name = "Value"; Value = "3.3K"; VariantName = "[No Variations]"
Added Component: Designator=R1_13(J1-0603)
Add component. Clean all parameters for all variants
Add component (AddParameter): Name = "LatestRevisionDate"; Value = "29-May-2009"; VariantName = "[No Variations]"
Add component (AddParameter): Name = "LatestRevisionNote"; Value = "IPC-7351 Footprint Added."; VariantName = "[No Variations]"
Add component (AddParameter): Name = "PackageDescription"; Value = "Chip Resistor"; VariantName = "[No Variations]"
Add component (AddParameter): Name = "PackageReference"; Value = "J1-0603"; VariantName = "[No Variations]"
Add component (AddParameter): Name = "Published"; Value = "8-Jun-2000"; VariantName = "[No Variations]"
Add component (AddParameter): Name = "Publisher"; Value = "Altium Limited"; VariantName = "[No Variations]"
Add component (AddParameter): Name = "Value"; Value = "3.3K"; VariantName = "[No Variations]"
Added Component: Designator=R1_14(J1-0603)
Add component. Clean all parameters for all variants
Add component (AddParameter): Name = "LatestRevisionDate"; Value = "29-May-2009"; VariantName = "[No Variations]"
Add component (AddParameter): Name = "LatestRevisionNote"; Value = "IPC-7351 Footprint Added."; VariantName = "[No Variations]"
Add component (AddParameter): Name = "PackageDescription"; Value = "Chip Resistor"; VariantName = "[No Variations]"
Add component (AddParameter): Name = "PackageReference"; Value = "J1-0603"; VariantName = "[No Variations]"
Add component (AddParameter): Name = "Published"; Value = "8-Jun-2000"; VariantName = "[No Variations]"
Add component (AddParameter): Name = "Publisher"; Value = "Altium Limited"; VariantName = "[No Variations]"
Add component (AddParameter): Name = "Value"; Value = "3.3K"; VariantName = "[No Variations]"
Added Component: Designator=R1_15(J1-0603)
Add component. Clean all parameters for all variants
Add component (AddParameter): Name = "LatestRevisionDate"; Value = "29-May-2009"; VariantName = "[No Variations]"
Add component (AddParameter): Name = "LatestRevisionNote"; Value = "IPC-7351 Footprint Added."; VariantName = "[No Variations]"
Add component (AddParameter): Name = "PackageDescription"; Value = "Chip Resistor"; VariantName = "[No Variations]"
Add component (AddParameter): Name = "PackageReference"; Value = "J1-0603"; VariantName = "[No Variations]"
Add component (AddParameter): Name = "Published"; Value = "8-Jun-2000"; VariantName = "[No Variations]"
Add component (AddParameter): Name = "Publisher"; Value = "Altium Limited"; VariantName = "[No Variations]"
Add component (AddParameter): Name = "Value"; Value = "3.3K"; VariantName = "[No Variations]"
Added Component: Designator=U2_6(SOIC-24_MUX)
Add component. Clean all parameters for all variants
Add component (AddParameter): Name = "Supplier 1"; Value = "Newark"; VariantName = "[No Variations]"
Add component (AddParameter): Name = "Supplier Part Number 1"; Value = "05B6161"; VariantName = "[No Variations]"
Added Component: Designator=U2_7(SOIC-24_MUX)
Add component. Clean all parameters for all variants
Add component (AddParameter): Name = "Supplier 1"; Value = "Newark"; VariantName = "[No Variations]"
Add component (AddParameter): Name = "Supplier Part Number 1"; Value = "05B6161"; VariantName = "[No Variations]"
Added Component: Designator=U2_8(SOIC-24_MUX)
Add component. Clean all parameters for all variants
Add component (AddParameter): Name = "Supplier 1"; Value = "Newark"; VariantName = "[No Variations]"
Add component (AddParameter): Name = "Supplier Part Number 1"; Value = "05B6161"; VariantName = "[No Variations]"
Added Component: Designator=U2_9(SOIC-24_MUX)
Add component. Clean all parameters for all variants
Add component (AddParameter): Name = "Supplier 1"; Value = "Newark"; VariantName = "[No Variations]"
Add component (AddParameter): Name = "Supplier Part Number 1"; Value = "05B6161"; VariantName = "[No Variations]"
Added Component: Designator=U2_10(SOIC-24_MUX)
Add component. Clean all parameters for all variants
Add component (AddParameter): Name = "Supplier 1"; Value = "Newark"; VariantName = "[No Variations]"
Add component (AddParameter): Name = "Supplier Part Number 1"; Value = "05B6161"; VariantName = "[No Variations]"
Added Component: Designator=U2_11(SOIC-24_MUX)
Add component. Clean all parameters for all variants
Add component (AddParameter): Name = "Supplier 1"; Value = "Newark"; VariantName = "[No Variations]"
Add component (AddParameter): Name = "Supplier Part Number 1"; Value = "05B6161"; VariantName = "[No Variations]"
Added Component: Designator=U2_12(SOIC-24_MUX)
Add component. Clean all parameters for all variants
Add component (AddParameter): Name = "Supplier 1"; Value = "Newark"; VariantName = "[No Variations]"
Add component (AddParameter): Name = "Supplier Part Number 1"; Value = "05B6161"; VariantName = "[No Variations]"
Added Component: Designator=U2_13(SOIC-24_MUX)
Add component. Clean all parameters for all variants
Add component (AddParameter): Name = "Supplier 1"; Value = "Newark"; VariantName = "[No Variations]"
Add component (AddParameter): Name = "Supplier Part Number 1"; Value = "05B6161"; VariantName = "[No Variations]"
Added Component: Designator=U2_14(SOIC-24_MUX)
Add component. Clean all parameters for all variants
Add component (AddParameter): Name = "Supplier 1"; Value = "Newark"; VariantName = "[No Variations]"
Add component (AddParameter): Name = "Supplier Part Number 1"; Value = "05B6161"; VariantName = "[No Variations]"
Added Component: Designator=U2_15(SOIC-24_MUX)
Add component. Clean all parameters for all variants
Add component (AddParameter): Name = "Supplier 1"; Value = "Newark"; VariantName = "[No Variations]"
Add component (AddParameter): Name = "Supplier Part Number 1"; Value = "05B6161"; VariantName = "[No Variations]"
Added Pin To Net: NetName=GND Pin=C1_6-1
Added Pin To Net: NetName=5V Pin=C1_6-2
Added Pin To Net: NetName=GND Pin=C1_7-1
Added Pin To Net: NetName=5V Pin=C1_7-2
Added Pin To Net: NetName=GND Pin=C1_8-1
Added Pin To Net: NetName=5V Pin=C1_8-2
Added Pin To Net: NetName=GND Pin=C1_9-1
Added Pin To Net: NetName=5V Pin=C1_9-2
Added Pin To Net: NetName=GND Pin=C1_10-1
Added Pin To Net: NetName=5V Pin=C1_10-2
Added Pin To Net: NetName=GND Pin=C1_11-1
Added Pin To Net: NetName=5V Pin=C1_11-2
Added Pin To Net: NetName=GND Pin=C1_12-1
Added Pin To Net: NetName=5V Pin=C1_12-2
Added Pin To Net: NetName=GND Pin=C1_13-1
Added Pin To Net: NetName=5V Pin=C1_13-2
Added Pin To Net: NetName=GND Pin=C1_14-1
Added Pin To Net: NetName=5V Pin=C1_14-2
Added Pin To Net: NetName=GND Pin=C1_15-1
Added Pin To Net: NetName=5V Pin=C1_15-2
Added Pin To Net: NetName=GND Pin=C2_6-1
Added Pin To Net: NetName=5V Pin=C2_6-2
Added Pin To Net: NetName=GND Pin=C2_7-1
Added Pin To Net: NetName=5V Pin=C2_7-2
Added Pin To Net: NetName=GND Pin=C2_8-1
Added Pin To Net: NetName=5V Pin=C2_8-2
Added Pin To Net: NetName=GND Pin=C2_9-1
Added Pin To Net: NetName=5V Pin=C2_9-2
Added Pin To Net: NetName=GND Pin=C2_10-1
Added Pin To Net: NetName=5V Pin=C2_10-2
Added Pin To Net: NetName=GND Pin=C2_11-1
Added Pin To Net: NetName=5V Pin=C2_11-2
Added Pin To Net: NetName=GND Pin=C2_12-1
Added Pin To Net: NetName=5V Pin=C2_12-2
Added Pin To Net: NetName=GND Pin=C2_13-1
Added Pin To Net: NetName=5V Pin=C2_13-2
Added Pin To Net: NetName=GND Pin=C2_14-1
Added Pin To Net: NetName=5V Pin=C2_14-2
Added Pin To Net: NetName=GND Pin=C2_15-1
Added Pin To Net: NetName=5V Pin=C2_15-2
Added Pin To Net: NetName=NetR1_1_2 Pin=R1_2-2
Added Pin To Net: NetName=NetR1_1_2 Pin=R1_3-2
Added Pin To Net: NetName=NetR1_4_2 Pin=R1_5-2
Added Pin To Net: NetName=5V Pin=R1_6-1
Added Pin To Net: NetName=NetR1_4_2 Pin=R1_6-2
Added Pin To Net: NetName=5V Pin=R1_7-1
Added Pin To Net: NetName=5V Pin=R1_8-1
Added Pin To Net: NetName=5V Pin=R1_9-1
Added Pin To Net: NetName=5V Pin=R1_10-1
Added Pin To Net: NetName=5V Pin=R1_11-1
Added Pin To Net: NetName=5V Pin=R1_12-1
Added Pin To Net: NetName=5V Pin=R1_13-1
Added Pin To Net: NetName=5V Pin=R1_14-1
Added Pin To Net: NetName=5V Pin=R1_15-1
Added Pin To Net: NetName=NetR1_1_2 Pin=U2_2-1
Added Pin To Net: NetName=TS_IN8_1 Pin=U2_2-2
Added Pin To Net: NetName=TS_IN7_1 Pin=U2_2-3
Added Pin To Net: NetName=TS_IN6_1 Pin=U2_2-4
Added Pin To Net: NetName=TS_IN5_1 Pin=U2_2-5
Added Pin To Net: NetName=TS_IN4_1 Pin=U2_2-6
Added Pin To Net: NetName=TS_IN3_1 Pin=U2_2-7
Added Pin To Net: NetName=TS_IN2_1 Pin=U2_2-8
Added Pin To Net: NetName=TS_IN1_1 Pin=U2_2-9
Added Pin To Net: NetName=TS_IN16_1 Pin=U2_2-16
Added Pin To Net: NetName=TS_IN15_1 Pin=U2_2-17
Added Pin To Net: NetName=TS_IN14_1 Pin=U2_2-18
Added Pin To Net: NetName=TS_IN13_1 Pin=U2_2-19
Added Pin To Net: NetName=TS_IN12_1 Pin=U2_2-20
Added Pin To Net: NetName=TS_IN11_1 Pin=U2_2-21
Added Pin To Net: NetName=TS_IN10_1 Pin=U2_2-22
Added Pin To Net: NetName=TS_IN9_1 Pin=U2_2-23
Added Pin To Net: NetName=NetR1_1_2 Pin=U2_3-1
Added Pin To Net: NetName=TS_IN8_1 Pin=U2_3-2
Added Pin To Net: NetName=TS_IN7_1 Pin=U2_3-3
Added Pin To Net: NetName=TS_IN6_1 Pin=U2_3-4
Added Pin To Net: NetName=TS_IN5_1 Pin=U2_3-5
Added Pin To Net: NetName=TS_IN4_1 Pin=U2_3-6
Added Pin To Net: NetName=TS_IN3_1 Pin=U2_3-7
Added Pin To Net: NetName=TS_IN2_1 Pin=U2_3-8
Added Pin To Net: NetName=TS_IN1_1 Pin=U2_3-9
Added Pin To Net: NetName=TS_IN16_1 Pin=U2_3-16
Added Pin To Net: NetName=TS_IN15_1 Pin=U2_3-17
Added Pin To Net: NetName=TS_IN14_1 Pin=U2_3-18
Added Pin To Net: NetName=TS_IN13_1 Pin=U2_3-19
Added Pin To Net: NetName=TS_IN12_1 Pin=U2_3-20
Added Pin To Net: NetName=TS_IN11_1 Pin=U2_3-21
Added Pin To Net: NetName=TS_IN10_1 Pin=U2_3-22
Added Pin To Net: NetName=TS_IN9_1 Pin=U2_3-23
Added Pin To Net: NetName=TS_IN8_2 Pin=U2_4-2
Added Pin To Net: NetName=TS_IN7_2 Pin=U2_4-3
Added Pin To Net: NetName=TS_IN6_2 Pin=U2_4-4
Added Pin To Net: NetName=TS_IN5_2 Pin=U2_4-5
Added Pin To Net: NetName=TS_IN4_2 Pin=U2_4-6
Added Pin To Net: NetName=TS_IN3_2 Pin=U2_4-7
Added Pin To Net: NetName=TS_IN2_2 Pin=U2_4-8
Added Pin To Net: NetName=TS_IN1_2 Pin=U2_4-9
Added Pin To Net: NetName=TS_IN16_2 Pin=U2_4-16
Added Pin To Net: NetName=TS_IN15_2 Pin=U2_4-17
Added Pin To Net: NetName=TS_IN14_2 Pin=U2_4-18
Added Pin To Net: NetName=TS_IN13_2 Pin=U2_4-19
Added Pin To Net: NetName=TS_IN12_2 Pin=U2_4-20
Added Pin To Net: NetName=TS_IN11_2 Pin=U2_4-21
Added Pin To Net: NetName=TS_IN10_2 Pin=U2_4-22
Added Pin To Net: NetName=TS_IN9_2 Pin=U2_4-23
Added Pin To Net: NetName=NetR1_4_2 Pin=U2_5-1
Added Pin To Net: NetName=TS_IN8_2 Pin=U2_5-2
Added Pin To Net: NetName=TS_IN7_2 Pin=U2_5-3
Added Pin To Net: NetName=TS_IN6_2 Pin=U2_5-4
Added Pin To Net: NetName=TS_IN5_2 Pin=U2_5-5
Added Pin To Net: NetName=TS_IN4_2 Pin=U2_5-6
Added Pin To Net: NetName=TS_IN3_2 Pin=U2_5-7
Added Pin To Net: NetName=TS_IN2_2 Pin=U2_5-8
Added Pin To Net: NetName=TS_IN1_2 Pin=U2_5-9
Added Pin To Net: NetName=TS_IN16_2 Pin=U2_5-16
Added Pin To Net: NetName=TS_IN15_2 Pin=U2_5-17
Added Pin To Net: NetName=TS_IN14_2 Pin=U2_5-18
Added Pin To Net: NetName=TS_IN13_2 Pin=U2_5-19
Added Pin To Net: NetName=TS_IN12_2 Pin=U2_5-20
Added Pin To Net: NetName=TS_IN11_2 Pin=U2_5-21
Added Pin To Net: NetName=TS_IN10_2 Pin=U2_5-22
Added Pin To Net: NetName=TS_IN9_2 Pin=U2_5-23
Added Pin To Net: NetName=NetR1_4_2 Pin=U2_6-1
Added Pin To Net: NetName=TS_IN8_2 Pin=U2_6-2
Added Pin To Net: NetName=TS_IN7_2 Pin=U2_6-3
Added Pin To Net: NetName=TS_IN6_2 Pin=U2_6-4
Added Pin To Net: NetName=TS_IN5_2 Pin=U2_6-5
Added Pin To Net: NetName=TS_IN4_2 Pin=U2_6-6
Added Pin To Net: NetName=TS_IN3_2 Pin=U2_6-7
Added Pin To Net: NetName=TS_IN2_2 Pin=U2_6-8
Added Pin To Net: NetName=TS_IN1_2 Pin=U2_6-9
Added Pin To Net: NetName=NetU2_1_10 Pin=U2_6-10
Added Pin To Net: NetName=NetU2_1_11 Pin=U2_6-11
Added Pin To Net: NetName=GND Pin=U2_6-12
Added Pin To Net: NetName=NetU2_1_13 Pin=U2_6-13
Added Pin To Net: NetName=NetU2_1_14 Pin=U2_6-14
Added Pin To Net: NetName=GND Pin=U2_6-15
Added Pin To Net: NetName=TS_IN16_2 Pin=U2_6-16
Added Pin To Net: NetName=TS_IN15_2 Pin=U2_6-17
Added Pin To Net: NetName=TS_IN14_2 Pin=U2_6-18
Added Pin To Net: NetName=TS_IN13_2 Pin=U2_6-19
Added Pin To Net: NetName=TS_IN12_2 Pin=U2_6-20
Added Pin To Net: NetName=TS_IN11_2 Pin=U2_6-21
Added Pin To Net: NetName=TS_IN10_2 Pin=U2_6-22
Added Pin To Net: NetName=TS_IN9_2 Pin=U2_6-23
Added Pin To Net: NetName=5V Pin=U2_6-24
Added Pin To Net: NetName=TS_IN8_3 Pin=U2_7-2
Added Pin To Net: NetName=TS_IN7_3 Pin=U2_7-3
Added Pin To Net: NetName=TS_IN6_3 Pin=U2_7-4
Added Pin To Net: NetName=TS_IN5_3 Pin=U2_7-5
Added Pin To Net: NetName=TS_IN4_3 Pin=U2_7-6
Added Pin To Net: NetName=TS_IN3_3 Pin=U2_7-7
Added Pin To Net: NetName=TS_IN2_3 Pin=U2_7-8
Added Pin To Net: NetName=TS_IN1_3 Pin=U2_7-9
Added Pin To Net: NetName=NetU2_1_10 Pin=U2_7-10
Added Pin To Net: NetName=NetU2_1_11 Pin=U2_7-11
Added Pin To Net: NetName=GND Pin=U2_7-12
Added Pin To Net: NetName=NetU2_1_13 Pin=U2_7-13
Added Pin To Net: NetName=NetU2_1_14 Pin=U2_7-14
Added Pin To Net: NetName=GND Pin=U2_7-15
Added Pin To Net: NetName=TS_IN16_3 Pin=U2_7-16
Added Pin To Net: NetName=TS_IN15_3 Pin=U2_7-17
Added Pin To Net: NetName=TS_IN14_3 Pin=U2_7-18
Added Pin To Net: NetName=TS_IN13_3 Pin=U2_7-19
Added Pin To Net: NetName=TS_IN12_3 Pin=U2_7-20
Added Pin To Net: NetName=TS_IN11_3 Pin=U2_7-21
Added Pin To Net: NetName=TS_IN10_3 Pin=U2_7-22
Added Pin To Net: NetName=TS_IN9_3 Pin=U2_7-23
Added Pin To Net: NetName=5V Pin=U2_7-24
Added Pin To Net: NetName=TS_IN8_3 Pin=U2_8-2
Added Pin To Net: NetName=TS_IN7_3 Pin=U2_8-3
Added Pin To Net: NetName=TS_IN6_3 Pin=U2_8-4
Added Pin To Net: NetName=TS_IN5_3 Pin=U2_8-5
Added Pin To Net: NetName=TS_IN4_3 Pin=U2_8-6
Added Pin To Net: NetName=TS_IN3_3 Pin=U2_8-7
Added Pin To Net: NetName=TS_IN2_3 Pin=U2_8-8
Added Pin To Net: NetName=TS_IN1_3 Pin=U2_8-9
Added Pin To Net: NetName=NetU2_1_10 Pin=U2_8-10
Added Pin To Net: NetName=NetU2_1_11 Pin=U2_8-11
Added Pin To Net: NetName=GND Pin=U2_8-12
Added Pin To Net: NetName=NetU2_1_13 Pin=U2_8-13
Added Pin To Net: NetName=NetU2_1_14 Pin=U2_8-14
Added Pin To Net: NetName=GND Pin=U2_8-15
Added Pin To Net: NetName=TS_IN16_3 Pin=U2_8-16
Added Pin To Net: NetName=TS_IN15_3 Pin=U2_8-17
Added Pin To Net: NetName=TS_IN14_3 Pin=U2_8-18
Added Pin To Net: NetName=TS_IN13_3 Pin=U2_8-19
Added Pin To Net: NetName=TS_IN12_3 Pin=U2_8-20
Added Pin To Net: NetName=TS_IN11_3 Pin=U2_8-21
Added Pin To Net: NetName=TS_IN10_3 Pin=U2_8-22
Added Pin To Net: NetName=TS_IN9_3 Pin=U2_8-23
Added Pin To Net: NetName=5V Pin=U2_8-24
Added Pin To Net: NetName=TS_IN8_3 Pin=U2_9-2
Added Pin To Net: NetName=TS_IN7_3 Pin=U2_9-3
Added Pin To Net: NetName=TS_IN6_3 Pin=U2_9-4
Added Pin To Net: NetName=TS_IN5_3 Pin=U2_9-5
Added Pin To Net: NetName=TS_IN4_3 Pin=U2_9-6
Added Pin To Net: NetName=TS_IN3_3 Pin=U2_9-7
Added Pin To Net: NetName=TS_IN2_3 Pin=U2_9-8
Added Pin To Net: NetName=TS_IN1_3 Pin=U2_9-9
Added Pin To Net: NetName=NetU2_1_10 Pin=U2_9-10
Added Pin To Net: NetName=NetU2_1_11 Pin=U2_9-11
Added Pin To Net: NetName=GND Pin=U2_9-12
Added Pin To Net: NetName=NetU2_1_13 Pin=U2_9-13
Added Pin To Net: NetName=NetU2_1_14 Pin=U2_9-14
Added Pin To Net: NetName=GND Pin=U2_9-15
Added Pin To Net: NetName=TS_IN16_3 Pin=U2_9-16
Added Pin To Net: NetName=TS_IN15_3 Pin=U2_9-17
Added Pin To Net: NetName=TS_IN14_3 Pin=U2_9-18
Added Pin To Net: NetName=TS_IN13_3 Pin=U2_9-19
Added Pin To Net: NetName=TS_IN12_3 Pin=U2_9-20
Added Pin To Net: NetName=TS_IN11_3 Pin=U2_9-21
Added Pin To Net: NetName=TS_IN10_3 Pin=U2_9-22
Added Pin To Net: NetName=TS_IN9_3 Pin=U2_9-23
Added Pin To Net: NetName=5V Pin=U2_9-24
Added Pin To Net: NetName=TS_IN8_4 Pin=U2_10-2
Added Pin To Net: NetName=TS_IN7_4 Pin=U2_10-3
Added Pin To Net: NetName=TS_IN6_4 Pin=U2_10-4
Added Pin To Net: NetName=TS_IN5_4 Pin=U2_10-5
Added Pin To Net: NetName=TS_IN4_4 Pin=U2_10-6
Added Pin To Net: NetName=TS_IN3_4 Pin=U2_10-7
Added Pin To Net: NetName=TS_IN2_4 Pin=U2_10-8
Added Pin To Net: NetName=TS_IN1_4 Pin=U2_10-9
Added Pin To Net: NetName=NetU2_1_10 Pin=U2_10-10
Added Pin To Net: NetName=NetU2_1_11 Pin=U2_10-11
Added Pin To Net: NetName=GND Pin=U2_10-12
Added Pin To Net: NetName=NetU2_1_13 Pin=U2_10-13
Added Pin To Net: NetName=NetU2_1_14 Pin=U2_10-14
Added Pin To Net: NetName=GND Pin=U2_10-15
Added Pin To Net: NetName=TS_IN16_4 Pin=U2_10-16
Added Pin To Net: NetName=TS_IN15_4 Pin=U2_10-17
Added Pin To Net: NetName=TS_IN14_4 Pin=U2_10-18
Added Pin To Net: NetName=TS_IN13_4 Pin=U2_10-19
Added Pin To Net: NetName=TS_IN12_4 Pin=U2_10-20
Added Pin To Net: NetName=TS_IN11_4 Pin=U2_10-21
Added Pin To Net: NetName=TS_IN10_4 Pin=U2_10-22
Added Pin To Net: NetName=TS_IN9_4 Pin=U2_10-23
Added Pin To Net: NetName=5V Pin=U2_10-24
Added Pin To Net: NetName=TS_IN8_4 Pin=U2_11-2
Added Pin To Net: NetName=TS_IN7_4 Pin=U2_11-3
Added Pin To Net: NetName=TS_IN6_4 Pin=U2_11-4
Added Pin To Net: NetName=TS_IN5_4 Pin=U2_11-5
Added Pin To Net: NetName=TS_IN4_4 Pin=U2_11-6
Added Pin To Net: NetName=TS_IN3_4 Pin=U2_11-7
Added Pin To Net: NetName=TS_IN2_4 Pin=U2_11-8
Added Pin To Net: NetName=TS_IN1_4 Pin=U2_11-9
Added Pin To Net: NetName=NetU2_1_10 Pin=U2_11-10
Added Pin To Net: NetName=NetU2_1_11 Pin=U2_11-11
Added Pin To Net: NetName=GND Pin=U2_11-12
Added Pin To Net: NetName=NetU2_1_13 Pin=U2_11-13
Added Pin To Net: NetName=NetU2_1_14 Pin=U2_11-14
Added Pin To Net: NetName=GND Pin=U2_11-15
Added Pin To Net: NetName=TS_IN16_4 Pin=U2_11-16
Added Pin To Net: NetName=TS_IN15_4 Pin=U2_11-17
Added Pin To Net: NetName=TS_IN14_4 Pin=U2_11-18
Added Pin To Net: NetName=TS_IN13_4 Pin=U2_11-19
Added Pin To Net: NetName=TS_IN12_4 Pin=U2_11-20
Added Pin To Net: NetName=TS_IN11_4 Pin=U2_11-21
Added Pin To Net: NetName=TS_IN10_4 Pin=U2_11-22
Added Pin To Net: NetName=TS_IN9_4 Pin=U2_11-23
Added Pin To Net: NetName=5V Pin=U2_11-24
Added Pin To Net: NetName=TS_IN8_4 Pin=U2_12-2
Added Pin To Net: NetName=TS_IN7_4 Pin=U2_12-3
Added Pin To Net: NetName=TS_IN6_4 Pin=U2_12-4
Added Pin To Net: NetName=TS_IN5_4 Pin=U2_12-5
Added Pin To Net: NetName=TS_IN4_4 Pin=U2_12-6
Added Pin To Net: NetName=TS_IN3_4 Pin=U2_12-7
Added Pin To Net: NetName=TS_IN2_4 Pin=U2_12-8
Added Pin To Net: NetName=TS_IN1_4 Pin=U2_12-9
Added Pin To Net: NetName=NetU2_1_10 Pin=U2_12-10
Added Pin To Net: NetName=NetU2_1_11 Pin=U2_12-11
Added Pin To Net: NetName=GND Pin=U2_12-12
Added Pin To Net: NetName=NetU2_1_13 Pin=U2_12-13
Added Pin To Net: NetName=NetU2_1_14 Pin=U2_12-14
Added Pin To Net: NetName=GND Pin=U2_12-15
Added Pin To Net: NetName=TS_IN16_4 Pin=U2_12-16
Added Pin To Net: NetName=TS_IN15_4 Pin=U2_12-17
Added Pin To Net: NetName=TS_IN14_4 Pin=U2_12-18
Added Pin To Net: NetName=TS_IN13_4 Pin=U2_12-19
Added Pin To Net: NetName=TS_IN12_4 Pin=U2_12-20
Added Pin To Net: NetName=TS_IN11_4 Pin=U2_12-21
Added Pin To Net: NetName=TS_IN10_4 Pin=U2_12-22
Added Pin To Net: NetName=TS_IN9_4 Pin=U2_12-23
Added Pin To Net: NetName=5V Pin=U2_12-24
Added Pin To Net: NetName=TS_IN8_5 Pin=U2_13-2
Added Pin To Net: NetName=TS_IN7_5 Pin=U2_13-3
Added Pin To Net: NetName=TS_IN6_5 Pin=U2_13-4
Added Pin To Net: NetName=TS_IN5_5 Pin=U2_13-5
Added Pin To Net: NetName=TS_IN4_5 Pin=U2_13-6
Added Pin To Net: NetName=TS_IN3_5 Pin=U2_13-7
Added Pin To Net: NetName=TS_IN2_5 Pin=U2_13-8
Added Pin To Net: NetName=TS_IN1_5 Pin=U2_13-9
Added Pin To Net: NetName=NetU2_1_10 Pin=U2_13-10
Added Pin To Net: NetName=NetU2_1_11 Pin=U2_13-11
Added Pin To Net: NetName=GND Pin=U2_13-12
Added Pin To Net: NetName=NetU2_1_13 Pin=U2_13-13
Added Pin To Net: NetName=NetU2_1_14 Pin=U2_13-14
Added Pin To Net: NetName=GND Pin=U2_13-15
Added Pin To Net: NetName=TS_IN16_5 Pin=U2_13-16
Added Pin To Net: NetName=TS_IN15_5 Pin=U2_13-17
Added Pin To Net: NetName=TS_IN14_5 Pin=U2_13-18
Added Pin To Net: NetName=TS_IN13_5 Pin=U2_13-19
Added Pin To Net: NetName=TS_IN12_5 Pin=U2_13-20
Added Pin To Net: NetName=TS_IN11_5 Pin=U2_13-21
Added Pin To Net: NetName=TS_IN10_5 Pin=U2_13-22
Added Pin To Net: NetName=TS_IN9_5 Pin=U2_13-23
Added Pin To Net: NetName=5V Pin=U2_13-24
Added Pin To Net: NetName=TS_IN8_5 Pin=U2_14-2
Added Pin To Net: NetName=TS_IN7_5 Pin=U2_14-3
Added Pin To Net: NetName=TS_IN6_5 Pin=U2_14-4
Added Pin To Net: NetName=TS_IN5_5 Pin=U2_14-5
Added Pin To Net: NetName=TS_IN4_5 Pin=U2_14-6
Added Pin To Net: NetName=TS_IN3_5 Pin=U2_14-7
Added Pin To Net: NetName=TS_IN2_5 Pin=U2_14-8
Added Pin To Net: NetName=TS_IN1_5 Pin=U2_14-9
Added Pin To Net: NetName=NetU2_1_10 Pin=U2_14-10
Added Pin To Net: NetName=NetU2_1_11 Pin=U2_14-11
Added Pin To Net: NetName=GND Pin=U2_14-12
Added Pin To Net: NetName=NetU2_1_13 Pin=U2_14-13
Added Pin To Net: NetName=NetU2_1_14 Pin=U2_14-14
Added Pin To Net: NetName=GND Pin=U2_14-15
Added Pin To Net: NetName=TS_IN16_5 Pin=U2_14-16
Added Pin To Net: NetName=TS_IN15_5 Pin=U2_14-17
Added Pin To Net: NetName=TS_IN14_5 Pin=U2_14-18
Added Pin To Net: NetName=TS_IN13_5 Pin=U2_14-19
Added Pin To Net: NetName=TS_IN12_5 Pin=U2_14-20
Added Pin To Net: NetName=TS_IN11_5 Pin=U2_14-21
Added Pin To Net: NetName=TS_IN10_5 Pin=U2_14-22
Added Pin To Net: NetName=TS_IN9_5 Pin=U2_14-23
Added Pin To Net: NetName=5V Pin=U2_14-24
Added Pin To Net: NetName=TS_IN8_5 Pin=U2_15-2
Added Pin To Net: NetName=TS_IN7_5 Pin=U2_15-3
Added Pin To Net: NetName=TS_IN6_5 Pin=U2_15-4
Added Pin To Net: NetName=TS_IN5_5 Pin=U2_15-5
Added Pin To Net: NetName=TS_IN4_5 Pin=U2_15-6
Added Pin To Net: NetName=TS_IN3_5 Pin=U2_15-7
Added Pin To Net: NetName=TS_IN2_5 Pin=U2_15-8
Added Pin To Net: NetName=TS_IN1_5 Pin=U2_15-9
Added Pin To Net: NetName=NetU2_1_10 Pin=U2_15-10
Added Pin To Net: NetName=NetU2_1_11 Pin=U2_15-11
Added Pin To Net: NetName=GND Pin=U2_15-12
Added Pin To Net: NetName=NetU2_1_13 Pin=U2_15-13
Added Pin To Net: NetName=NetU2_1_14 Pin=U2_15-14
Added Pin To Net: NetName=GND Pin=U2_15-15
Added Pin To Net: NetName=TS_IN16_5 Pin=U2_15-16
Added Pin To Net: NetName=TS_IN15_5 Pin=U2_15-17
Added Pin To Net: NetName=TS_IN14_5 Pin=U2_15-18
Added Pin To Net: NetName=TS_IN13_5 Pin=U2_15-19
Added Pin To Net: NetName=TS_IN12_5 Pin=U2_15-20
Added Pin To Net: NetName=TS_IN11_5 Pin=U2_15-21
Added Pin To Net: NetName=TS_IN10_5 Pin=U2_15-22
Added Pin To Net: NetName=TS_IN9_5 Pin=U2_15-23
Added Pin To Net: NetName=5V Pin=U2_15-24
Added Pin To Net: NetName=NetR1_7_2 Pin=R1_7-2
Added Pin To Net: NetName=NetR1_7_2 Pin=R1_8-2
Added Pin To Net: NetName=NetR1_7_2 Pin=R1_9-2
Added Pin To Net: NetName=NetR1_7_2 Pin=U2_7-1
Added Pin To Net: NetName=NetR1_7_2 Pin=U2_8-1
Added Pin To Net: NetName=NetR1_7_2 Pin=U2_9-1
Added Net: Name=NetR1_7_2
Added Pin To Net: NetName=NetR1_10_2 Pin=R1_10-2
Added Pin To Net: NetName=NetR1_10_2 Pin=R1_11-2
Added Pin To Net: NetName=NetR1_10_2 Pin=R1_12-2
Added Pin To Net: NetName=NetR1_10_2 Pin=U2_10-1
Added Pin To Net: NetName=NetR1_10_2 Pin=U2_11-1
Added Pin To Net: NetName=NetR1_10_2 Pin=U2_12-1
Added Net: Name=NetR1_10_2
Added Pin To Net: NetName=NetR1_13_2 Pin=R1_13-2
Added Pin To Net: NetName=NetR1_13_2 Pin=R1_14-2
Added Pin To Net: NetName=NetR1_13_2 Pin=R1_15-2
Added Pin To Net: NetName=NetR1_13_2 Pin=U2_13-1
Added Pin To Net: NetName=NetR1_13_2 Pin=U2_14-1
Added Pin To Net: NetName=NetR1_13_2 Pin=U2_15-1
Added Net: Name=NetR1_13_2
Change Class Name : Old Net Name=Repeat(U_Single_Mux1,3)1 New Net Name=U_Single_Mux1
Change Class Name : Old Net Name=Repeat(U_Single_Mux1,3)2 New Net Name=U_Single_Mux2
Change Class Name : Old Net Name=Repeat(U_Single_Mux1,3)3 New Net Name=U_Single_Mux3
Change Class Name : Old Net Name=Repeat(U_Single_Mux1,3)4 New Net Name=U_Single_Mux4
Change Class Name : Old Net Name=Repeat(U_Single_Mux1,3)5 New Net Name=U_Single_Mux5
Added Class: Name=U_Single_Mux6
Added Class: Name=U_Single_Mux7
Added Class: Name=U_Single_Mux8
Added Class: Name=U_Single_Mux9
Added Class: Name=U_Single_Mux10
Added Class: Name=U_Single_Mux11
Added Class: Name=U_Single_Mux12
Added Class: Name=U_Single_Mux13
Added Class: Name=U_Single_Mux14
Added Class: Name=U_Single_Mux15
Added Room: Name=U_Single_Mux1
Added Room: Name=U_Single_Mux2
Added Room: Name=U_Single_Mux3
Added Room: Name=U_Single_Mux4
Added Room: Name=U_Single_Mux5
Added Room: Name=U_Single_Mux6
Added Room: Name=U_Single_Mux7
Added Room: Name=U_Single_Mux8
Added Room: Name=U_Single_Mux9
Added Room: Name=U_Single_Mux10
Added Room: Name=U_Single_Mux11
Added Room: Name=U_Single_Mux12
Added Room: Name=U_Single_Mux13
Added Room: Name=U_Single_Mux14
Added Room: Name=U_Single_Mux15
