Added Pin To Net: NetName=GND Pin=C1-1
Added Pin To Net: NetName=5V Pin=C1-2
Added Pin To Net: NetName=GND Pin=C2-1
Added Pin To Net: NetName=5V Pin=C2-2
Added Pin To Net: NetName=GND Pin=C3-1
Added Pin To Net: NetName=5V Pin=C3-2
Added Pin To Net: NetName=GND Pin=C4-1
Added Pin To Net: NetName=5V Pin=C4-2
Added Pin To Net: NetName=GND Pin=C5-1
Added Pin To Net: NetName=5V Pin=C5-2
Added Pin To Net: NetName=GND Pin=C6-1
Added Pin To Net: NetName=5V Pin=C6-2
Added Pin To Net: NetName=GND Pin=C7-1
Added Pin To Net: NetName=5V Pin=C7-2
Added Pin To Net: NetName=GND Pin=C8-1
Added Pin To Net: NetName=5V Pin=C8-2
Added Pin To Net: NetName=GND Pin=C9-1
Added Pin To Net: NetName=5V Pin=C9-2
Added Pin To Net: NetName=GND Pin=C10-1
Added Pin To Net: NetName=5V Pin=C10-2
Added Pin To Net: NetName=GND Pin=C11-1
Added Pin To Net: NetName=5V Pin=C11-2
Added Pin To Net: NetName=GND Pin=C12-1
Added Pin To Net: NetName=5V Pin=C12-2
Added Pin To Net: NetName=GND Pin=C19-1
Added Pin To Net: NetName=5V Pin=C19-2
Added Pin To Net: NetName=GND Pin=C20-1
Added Pin To Net: NetName=5V Pin=C20-2
Added Pin To Net: NetName=GND Pin=C21-1
Added Pin To Net: NetName=5V Pin=C21-2
Added Pin To Net: NetName=GND Pin=C22-1
Added Pin To Net: NetName=5V Pin=C22-2
Added Pin To Net: NetName=GND Pin=C23-1
Added Pin To Net: NetName=5V Pin=C23-2
Added Pin To Net: NetName=GND Pin=C24-1
Added Pin To Net: NetName=5V Pin=C24-2
Added Pin To Net: NetName=GND Pin=C25-1
Added Pin To Net: NetName=5V Pin=C25-2
Added Pin To Net: NetName=GND Pin=C26-1
Added Pin To Net: NetName=5V Pin=C26-2
Added Pin To Net: NetName=GND Pin=C27-1
Added Pin To Net: NetName=5V Pin=C27-2
Added Pin To Net: NetName=GND Pin=C28-1
Added Pin To Net: NetName=5V Pin=C28-2
Added Pin To Net: NetName=GND Pin=C29-1
Added Pin To Net: NetName=5V Pin=C29-2
Added Pin To Net: NetName=GND Pin=C30-1
Added Pin To Net: NetName=5V Pin=C30-2
Added Pin To Net: NetName=TS_IN3_46 Pin=P1-46
Added Pin To Net: NetName=TS_IN3_47 Pin=P1-47
Added Pin To Net: NetName=TS_IN3_48 Pin=P1-48
Added Pin To Net: NetName=5V Pin=R1-1
Added Pin To Net: NetName=5V Pin=R2-1
Added Pin To Net: NetName=5V Pin=R3-1
Added Pin To Net: NetName=5V Pin=R4-1
Added Pin To Net: NetName=5V Pin=R5-1
Added Pin To Net: NetName=5V Pin=R6-1
Added Pin To Net: NetName=TS_IN2_7 Pin=R7-2
Added Pin To Net: NetName=5V Pin=R10-1
Added Pin To Net: NetName=5V Pin=R11-1
Added Pin To Net: NetName=5V Pin=R12-1
Added Pin To Net: NetName=5V Pin=R13-1
Added Pin To Net: NetName=5V Pin=R14-1
Added Pin To Net: NetName=5V Pin=R15-1
Added Pin To Net: NetName=TS_IN3_8 Pin=U1-2
Added Pin To Net: NetName=TS_IN3_7 Pin=U1-3
Added Pin To Net: NetName=TS_IN3_6 Pin=U1-4
Added Pin To Net: NetName=TS_IN3_5 Pin=U1-5
Added Pin To Net: NetName=TS_IN3_4 Pin=U1-6
Added Pin To Net: NetName=TS_IN3_3 Pin=U1-7
Added Pin To Net: NetName=TS_IN3_2 Pin=U1-8
Added Pin To Net: NetName=TS_IN3_1 Pin=U1-9
Added Pin To Net: NetName=GND Pin=U1-12
Added Pin To Net: NetName=GND Pin=U1-15
Added Pin To Net: NetName=TS_IN3_9 Pin=U1-16
Added Pin To Net: NetName=TS_IN3_10 Pin=U1-17
Added Pin To Net: NetName=TS_IN3_11 Pin=U1-18
Added Pin To Net: NetName=TS_IN3_12 Pin=U1-19
Added Pin To Net: NetName=TS_IN3_13 Pin=U1-20
Added Pin To Net: NetName=TS_IN3_14 Pin=U1-21
Added Pin To Net: NetName=TS_IN3_15 Pin=U1-22
Added Pin To Net: NetName=TS_IN3_16 Pin=U1-23
Added Pin To Net: NetName=5V Pin=U1-24
Added Pin To Net: NetName=TS_IN3_40 Pin=U2-2
Added Pin To Net: NetName=TS_IN3_39 Pin=U2-3
Added Pin To Net: NetName=TS_IN3_38 Pin=U2-4
Added Pin To Net: NetName=TS_IN3_37 Pin=U2-5
Added Pin To Net: NetName=TS_IN3_36 Pin=U2-6
Added Pin To Net: NetName=TS_IN3_35 Pin=U2-7
Added Pin To Net: NetName=TS_IN3_34 Pin=U2-8
Added Pin To Net: NetName=TS_IN3_33 Pin=U2-9
Added Pin To Net: NetName=GND Pin=U2-12
Added Pin To Net: NetName=GND Pin=U2-15
Added Pin To Net: NetName=TS_IN3_41 Pin=U2-16
Added Pin To Net: NetName=TS_IN3_42 Pin=U2-17
Added Pin To Net: NetName=TS_IN3_43 Pin=U2-18
Added Pin To Net: NetName=TS_IN3_44 Pin=U2-19
Added Pin To Net: NetName=TS_IN3_45 Pin=U2-20
Added Pin To Net: NetName=5V Pin=U2-24
Added Pin To Net: NetName=TS_IN3_24 Pin=U3-2
Added Pin To Net: NetName=TS_IN3_23 Pin=U3-3
Added Pin To Net: NetName=TS_IN3_22 Pin=U3-4
Added Pin To Net: NetName=TS_IN3_21 Pin=U3-5
Added Pin To Net: NetName=TS_IN3_20 Pin=U3-6
Added Pin To Net: NetName=TS_IN3_19 Pin=U3-7
Added Pin To Net: NetName=TS_IN3_18 Pin=U3-8
Added Pin To Net: NetName=TS_IN3_17 Pin=U3-9
Added Pin To Net: NetName=GND Pin=U3-12
Added Pin To Net: NetName=GND Pin=U3-15
Added Pin To Net: NetName=TS_IN3_25 Pin=U3-16
Added Pin To Net: NetName=TS_IN3_26 Pin=U3-17
Added Pin To Net: NetName=TS_IN3_27 Pin=U3-18
Added Pin To Net: NetName=TS_IN3_28 Pin=U3-19
Added Pin To Net: NetName=TS_IN3_29 Pin=U3-20
Added Pin To Net: NetName=TS_IN3_30 Pin=U3-21
Added Pin To Net: NetName=TS_IN3_31 Pin=U3-22
Added Pin To Net: NetName=TS_IN3_32 Pin=U3-23
Added Pin To Net: NetName=5V Pin=U3-24
Added Pin To Net: NetName=TS_IN1_8 Pin=U4-2
Added Pin To Net: NetName=TS_IN1_7 Pin=U4-3
Added Pin To Net: NetName=TS_IN1_6 Pin=U4-4
Added Pin To Net: NetName=TS_IN1_5 Pin=U4-5
Added Pin To Net: NetName=TS_IN1_4 Pin=U4-6
Added Pin To Net: NetName=TS_IN1_3 Pin=U4-7
Added Pin To Net: NetName=TS_IN1_2 Pin=U4-8
Added Pin To Net: NetName=TS_IN1_1 Pin=U4-9
Added Pin To Net: NetName=S0 Pin=U4-10
Added Pin To Net: NetName=S1 Pin=U4-11
Added Pin To Net: NetName=GND Pin=U4-12
Added Pin To Net: NetName=S3 Pin=U4-13
Added Pin To Net: NetName=S2 Pin=U4-14
Added Pin To Net: NetName=GND Pin=U4-15
Added Pin To Net: NetName=TS_IN1_9 Pin=U4-16
Added Pin To Net: NetName=TS_IN1_10 Pin=U4-17
Added Pin To Net: NetName=TS_IN1_11 Pin=U4-18
Added Pin To Net: NetName=TS_IN1_12 Pin=U4-19
Added Pin To Net: NetName=TS_IN1_13 Pin=U4-20
Added Pin To Net: NetName=TS_IN1_14 Pin=U4-21
Added Pin To Net: NetName=TS_IN1_15 Pin=U4-22
Added Pin To Net: NetName=TS_IN1_16 Pin=U4-23
Added Pin To Net: NetName=5V Pin=U4-24
Added Pin To Net: NetName=TS_IN1_24 Pin=U5-2
Added Pin To Net: NetName=TS_IN1_23 Pin=U5-3
Added Pin To Net: NetName=TS_IN1_22 Pin=U5-4
Added Pin To Net: NetName=TS_IN1_21 Pin=U5-5
Added Pin To Net: NetName=TS_IN1_20 Pin=U5-6
Added Pin To Net: NetName=TS_IN1_19 Pin=U5-7
Added Pin To Net: NetName=TS_IN1_18 Pin=U5-8
Added Pin To Net: NetName=TS_IN1_17 Pin=U5-9
Added Pin To Net: NetName=S0 Pin=U5-10
Added Pin To Net: NetName=S1 Pin=U5-11
Added Pin To Net: NetName=GND Pin=U5-12
Added Pin To Net: NetName=S3 Pin=U5-13
Added Pin To Net: NetName=S2 Pin=U5-14
Added Pin To Net: NetName=GND Pin=U5-15
Added Pin To Net: NetName=TS_IN1_25 Pin=U5-16
Added Pin To Net: NetName=TS_IN1_26 Pin=U5-17
Added Pin To Net: NetName=TS_IN1_27 Pin=U5-18
Added Pin To Net: NetName=TS_IN1_28 Pin=U5-19
Added Pin To Net: NetName=TS_IN1_29 Pin=U5-20
Added Pin To Net: NetName=TS_IN1_30 Pin=U5-21
Added Pin To Net: NetName=TS_IN1_31 Pin=U5-22
Added Pin To Net: NetName=TS_IN1_32 Pin=U5-23
Added Pin To Net: NetName=5V Pin=U5-24
Added Pin To Net: NetName=TS_IN1_40 Pin=U6-2
Added Pin To Net: NetName=TS_IN1_39 Pin=U6-3
Added Pin To Net: NetName=TS_IN1_38 Pin=U6-4
Added Pin To Net: NetName=TS_IN1_37 Pin=U6-5
Added Pin To Net: NetName=TS_IN1_36 Pin=U6-6
Added Pin To Net: NetName=TS_IN1_35 Pin=U6-7
Added Pin To Net: NetName=TS_IN1_33 Pin=U6-9
Added Pin To Net: NetName=S0 Pin=U6-10
Added Pin To Net: NetName=S1 Pin=U6-11
Added Pin To Net: NetName=GND Pin=U6-12
Added Pin To Net: NetName=S3 Pin=U6-13
Added Pin To Net: NetName=S2 Pin=U6-14
Added Pin To Net: NetName=GND Pin=U6-15
Added Pin To Net: NetName=TS_IN1_41 Pin=U6-16
Added Pin To Net: NetName=TS_IN1_42 Pin=U6-17
Added Pin To Net: NetName=TS_IN1_43 Pin=U6-18
Added Pin To Net: NetName=TS_IN1_44 Pin=U6-19
Added Pin To Net: NetName=TS_IN1_45 Pin=U6-20
Added Pin To Net: NetName=TS_IN1_46 Pin=U6-21
Added Pin To Net: NetName=TS_IN1_47 Pin=U6-22
Added Pin To Net: NetName=TS_IN1_48 Pin=U6-23
Added Pin To Net: NetName=5V Pin=U6-24
Added Pin To Net: NetName=TS_IN2_7 Pin=U7-1
Added Pin To Net: NetName=TS_IN2_8 Pin=U7-2
Added Pin To Net: NetName=TS_IN2_7 Pin=U7-3
Added Pin To Net: NetName=TS_IN2_6 Pin=U7-4
Added Pin To Net: NetName=TS_IN2_5 Pin=U7-5
Added Pin To Net: NetName=TS_IN2_4 Pin=U7-6
Added Pin To Net: NetName=TS_IN2_3 Pin=U7-7
Added Pin To Net: NetName=S0 Pin=U7-10
Added Pin To Net: NetName=S1 Pin=U7-11
Added Pin To Net: NetName=S3 Pin=U7-13
Added Pin To Net: NetName=S2 Pin=U7-14
Added Pin To Net: NetName=TS_IN2_9 Pin=U7-16
Added Pin To Net: NetName=TS_IN2_10 Pin=U7-17
Added Pin To Net: NetName=TS_IN2_11 Pin=U7-18
Added Pin To Net: NetName=TS_IN2_12 Pin=U7-19
Added Pin To Net: NetName=TS_IN2_13 Pin=U7-20
Added Pin To Net: NetName=TS_IN2_14 Pin=U7-21
Added Pin To Net: NetName=TS_IN2_15 Pin=U7-22
Added Pin To Net: NetName=TS_IN2_16 Pin=U7-23
Added Pin To Net: NetName=TS_IN2_24 Pin=U8-2
Added Pin To Net: NetName=TS_IN2_23 Pin=U8-3
Added Pin To Net: NetName=TS_IN2_22 Pin=U8-4
Added Pin To Net: NetName=TS_IN2_21 Pin=U8-5
Added Pin To Net: NetName=TS_IN2_20 Pin=U8-6
Added Pin To Net: NetName=TS_IN2_19 Pin=U8-7
Added Pin To Net: NetName=TS_IN2_18 Pin=U8-8
Added Pin To Net: NetName=TS_IN2_17 Pin=U8-9
Added Pin To Net: NetName=S0 Pin=U8-10
Added Pin To Net: NetName=S1 Pin=U8-11
Added Pin To Net: NetName=S3 Pin=U8-13
Added Pin To Net: NetName=S2 Pin=U8-14
Added Pin To Net: NetName=TS_IN2_25 Pin=U8-16
Added Pin To Net: NetName=TS_IN2_26 Pin=U8-17
Added Pin To Net: NetName=TS_IN2_27 Pin=U8-18
Added Pin To Net: NetName=TS_IN2_28 Pin=U8-19
Added Pin To Net: NetName=TS_IN2_29 Pin=U8-20
Added Pin To Net: NetName=TS_IN2_30 Pin=U8-21
Added Pin To Net: NetName=TS_IN2_31 Pin=U8-22
Added Pin To Net: NetName=TS_IN2_32 Pin=U8-23
Added Pin To Net: NetName=TS_IN2_40 Pin=U9-2
Added Pin To Net: NetName=TS_IN2_39 Pin=U9-3
Added Pin To Net: NetName=TS_IN2_38 Pin=U9-4
Added Pin To Net: NetName=TS_IN2_37 Pin=U9-5
Added Pin To Net: NetName=TS_IN2_36 Pin=U9-6
Added Pin To Net: NetName=TS_IN2_35 Pin=U9-7
Added Pin To Net: NetName=S0 Pin=U9-10
Added Pin To Net: NetName=S1 Pin=U9-11
Added Pin To Net: NetName=S3 Pin=U9-13
Added Pin To Net: NetName=S2 Pin=U9-14
Added Pin To Net: NetName=TS_IN2_41 Pin=U9-16
Added Pin To Net: NetName=TS_IN2_42 Pin=U9-17
Added Pin To Net: NetName=TS_IN2_43 Pin=U9-18
Added Pin To Net: NetName=TS_IN2_44 Pin=U9-19
Added Pin To Net: NetName=TS_IN2_45 Pin=U9-20
Added Pin To Net: NetName=TS_IN2_46 Pin=U9-21
Added Pin To Net: NetName=TS_IN2_47 Pin=U9-22
Added Pin To Net: NetName=TS_IN2_48 Pin=U9-23
Added Pin To Net: NetName=TS_IN4_8 Pin=U10-2
Added Pin To Net: NetName=TS_IN4_7 Pin=U10-3
Added Pin To Net: NetName=TS_IN4_6 Pin=U10-4
Added Pin To Net: NetName=TS_IN4_5 Pin=U10-5
Added Pin To Net: NetName=TS_IN4_4 Pin=U10-6
Added Pin To Net: NetName=TS_IN4_3 Pin=U10-7
Added Pin To Net: NetName=TS_IN4_2 Pin=U10-8
Added Pin To Net: NetName=TS_IN4_1 Pin=U10-9
Added Pin To Net: NetName=S0 Pin=U10-10
Added Pin To Net: NetName=S1 Pin=U10-11
Added Pin To Net: NetName=GND Pin=U10-12
Added Pin To Net: NetName=S3 Pin=U10-13
Added Pin To Net: NetName=S2 Pin=U10-14
Added Pin To Net: NetName=GND Pin=U10-15
Added Pin To Net: NetName=TS_IN4_9 Pin=U10-16
Added Pin To Net: NetName=TS_IN4_10 Pin=U10-17
Added Pin To Net: NetName=TS_IN4_11 Pin=U10-18
Added Pin To Net: NetName=TS_IN4_12 Pin=U10-19
Added Pin To Net: NetName=TS_IN4_13 Pin=U10-20
Added Pin To Net: NetName=TS_IN4_14 Pin=U10-21
Added Pin To Net: NetName=TS_IN4_15 Pin=U10-22
Added Pin To Net: NetName=TS_IN4_16 Pin=U10-23
Added Pin To Net: NetName=5V Pin=U10-24
Added Pin To Net: NetName=TS_IN4_24 Pin=U11-2
Added Pin To Net: NetName=TS_IN4_23 Pin=U11-3
Added Pin To Net: NetName=TS_IN4_22 Pin=U11-4
Added Pin To Net: NetName=TS_IN4_21 Pin=U11-5
Added Pin To Net: NetName=TS_IN4_20 Pin=U11-6
Added Pin To Net: NetName=TS_IN4_19 Pin=U11-7
Added Pin To Net: NetName=TS_IN4_17 Pin=U11-9
Added Pin To Net: NetName=S0 Pin=U11-10
Added Pin To Net: NetName=S1 Pin=U11-11
Added Pin To Net: NetName=GND Pin=U11-12
Added Pin To Net: NetName=S3 Pin=U11-13
Added Pin To Net: NetName=S2 Pin=U11-14
Added Pin To Net: NetName=GND Pin=U11-15
Added Pin To Net: NetName=TS_IN4_25 Pin=U11-16
Added Pin To Net: NetName=TS_IN4_26 Pin=U11-17
Added Pin To Net: NetName=TS_IN4_27 Pin=U11-18
Added Pin To Net: NetName=TS_IN4_28 Pin=U11-19
Added Pin To Net: NetName=TS_IN4_29 Pin=U11-20
Added Pin To Net: NetName=TS_IN4_30 Pin=U11-21
Added Pin To Net: NetName=TS_IN4_31 Pin=U11-22
Added Pin To Net: NetName=TS_IN4_32 Pin=U11-23
Added Pin To Net: NetName=5V Pin=U11-24
Added Pin To Net: NetName=TS_IN4_40 Pin=U12-2
Added Pin To Net: NetName=TS_IN4_39 Pin=U12-3
Added Pin To Net: NetName=TS_IN4_38 Pin=U12-4
Added Pin To Net: NetName=TS_IN4_37 Pin=U12-5
Added Pin To Net: NetName=TS_IN4_36 Pin=U12-6
Added Pin To Net: NetName=TS_IN4_35 Pin=U12-7
Added Pin To Net: NetName=TS_IN4_34 Pin=U12-8
Added Pin To Net: NetName=S0 Pin=U12-10
Added Pin To Net: NetName=S1 Pin=U12-11
Added Pin To Net: NetName=GND Pin=U12-12
Added Pin To Net: NetName=S3 Pin=U12-13
Added Pin To Net: NetName=S2 Pin=U12-14
Added Pin To Net: NetName=GND Pin=U12-15
Added Pin To Net: NetName=TS_IN4_41 Pin=U12-16
Added Pin To Net: NetName=TS_IN4_42 Pin=U12-17
Added Pin To Net: NetName=TS_IN4_43 Pin=U12-18
Added Pin To Net: NetName=TS_IN4_44 Pin=U12-19
Added Pin To Net: NetName=TS_IN4_45 Pin=U12-20
Added Pin To Net: NetName=TS_IN4_46 Pin=U12-21
Added Pin To Net: NetName=TS_IN4_47 Pin=U12-22
Added Pin To Net: NetName=TS_IN4_48 Pin=U12-23
Added Pin To Net: NetName=5V Pin=U12-24
Added Pin To Net: NetName=TS_IN5_8 Pin=U13-2
Added Pin To Net: NetName=TS_IN5_7 Pin=U13-3
Added Pin To Net: NetName=TS_IN5_6 Pin=U13-4
Added Pin To Net: NetName=TS_IN5_5 Pin=U13-5
Added Pin To Net: NetName=TS_IN5_4 Pin=U13-6
Added Pin To Net: NetName=TS_IN5_3 Pin=U13-7
Added Pin To Net: NetName=TS_IN5_2 Pin=U13-8
Added Pin To Net: NetName=TS_IN5_1 Pin=U13-9
Added Pin To Net: NetName=S0 Pin=U13-10
Added Pin To Net: NetName=S1 Pin=U13-11
Added Pin To Net: NetName=GND Pin=U13-12
Added Pin To Net: NetName=S3 Pin=U13-13
Added Pin To Net: NetName=S2 Pin=U13-14
Added Pin To Net: NetName=GND Pin=U13-15
Added Pin To Net: NetName=TS_IN5_9 Pin=U13-16
Added Pin To Net: NetName=TS_IN5_10 Pin=U13-17
Added Pin To Net: NetName=TS_IN5_11 Pin=U13-18
Added Pin To Net: NetName=TS_IN5_12 Pin=U13-19
Added Pin To Net: NetName=TS_IN5_13 Pin=U13-20
Added Pin To Net: NetName=TS_IN5_14 Pin=U13-21
Added Pin To Net: NetName=TS_IN5_15 Pin=U13-22
Added Pin To Net: NetName=TS_IN5_16 Pin=U13-23
Added Pin To Net: NetName=5V Pin=U13-24
Added Pin To Net: NetName=TS_IN5_24 Pin=U14-2
Added Pin To Net: NetName=TS_IN5_23 Pin=U14-3
Added Pin To Net: NetName=TS_IN5_22 Pin=U14-4
Added Pin To Net: NetName=TS_IN5_21 Pin=U14-5
Added Pin To Net: NetName=TS_IN5_20 Pin=U14-6
Added Pin To Net: NetName=TS_IN5_19 Pin=U14-7
Added Pin To Net: NetName=TS_IN5_18 Pin=U14-8
Added Pin To Net: NetName=TS_IN5_17 Pin=U14-9
Added Pin To Net: NetName=S0 Pin=U14-10
Added Pin To Net: NetName=S1 Pin=U14-11
Added Pin To Net: NetName=GND Pin=U14-12
Added Pin To Net: NetName=S3 Pin=U14-13
Added Pin To Net: NetName=S2 Pin=U14-14
Added Pin To Net: NetName=GND Pin=U14-15
Added Pin To Net: NetName=TS_IN5_25 Pin=U14-16
Added Pin To Net: NetName=TS_IN5_26 Pin=U14-17
Added Pin To Net: NetName=TS_IN5_27 Pin=U14-18
Added Pin To Net: NetName=TS_IN5_28 Pin=U14-19
Added Pin To Net: NetName=TS_IN5_29 Pin=U14-20
Added Pin To Net: NetName=TS_IN5_30 Pin=U14-21
Added Pin To Net: NetName=TS_IN5_31 Pin=U14-22
Added Pin To Net: NetName=TS_IN5_32 Pin=U14-23
Added Pin To Net: NetName=5V Pin=U14-24
Added Pin To Net: NetName=TS_IN5_40 Pin=U15-2
Added Pin To Net: NetName=TS_IN5_39 Pin=U15-3
Added Pin To Net: NetName=TS_IN5_38 Pin=U15-4
Added Pin To Net: NetName=TS_IN5_37 Pin=U15-5
Added Pin To Net: NetName=TS_IN5_36 Pin=U15-6
Added Pin To Net: NetName=TS_IN5_35 Pin=U15-7
Added Pin To Net: NetName=TS_IN5_34 Pin=U15-8
Added Pin To Net: NetName=TS_IN5_33 Pin=U15-9
Added Pin To Net: NetName=S0 Pin=U15-10
Added Pin To Net: NetName=S1 Pin=U15-11
Added Pin To Net: NetName=GND Pin=U15-12
Added Pin To Net: NetName=S3 Pin=U15-13
Added Pin To Net: NetName=S2 Pin=U15-14
Added Pin To Net: NetName=GND Pin=U15-15
Added Pin To Net: NetName=TS_IN5_41 Pin=U15-16
Added Pin To Net: NetName=TS_IN5_42 Pin=U15-17
Added Pin To Net: NetName=TS_IN5_43 Pin=U15-18
Added Pin To Net: NetName=TS_IN5_44 Pin=U15-19
Added Pin To Net: NetName=TS_IN5_45 Pin=U15-20
Added Pin To Net: NetName=TS_IN5_46 Pin=U15-21
Added Pin To Net: NetName=TS_IN5_47 Pin=U15-22
Added Pin To Net: NetName=TS_IN5_48 Pin=U15-23
Added Pin To Net: NetName=5V Pin=U15-24
Change Class Name : Old Net Name=MUX_CON_3 New Net Name=CD74HC4067_MUX
Change Class Name : Old Net Name=U_AHK50H-ND_THERM_CONNECTOR New Net Name=AHK50H-ND_THERM_CONNECTOR
Change Class Name : Old Net Name=U_CD74HC4067_MUX_1 New Net Name=CD74HC4067_MUX_1
Change Class Name : Old Net Name=U_CD74HC4067_MUX_2 New Net Name=CD74HC4067_MUX_2
Change Class Name : Old Net Name=U_CD74HC4067_MUX_4 New Net Name=CD74HC4067_MUX_4
Change Class Name : Old Net Name=U_CD74HC4067_MUX_5 New Net Name=CD74HC4067_MUX_5
Change Room Name: Old Name=U_CD74HC4067_MUX_2 New Name=CD74HC4067_MUX_2
Change Room Scope: Old Scope=InComponentClass('U_CD74HC4067_MUX_2') New Scope=InComponentClass('CD74HC4067_MUX_2')
Change Room Name: Old Name=U_CD74HC4067_MUX_4 New Name=CD74HC4067_MUX_4
Change Room Scope: Old Scope=InComponentClass('U_CD74HC4067_MUX_4') New Scope=InComponentClass('CD74HC4067_MUX_4')
Change Room Name: Old Name=U_CD74HC4067_MUX_5 New Name=CD74HC4067_MUX_5
Change Room Scope: Old Scope=InComponentClass('U_CD74HC4067_MUX_5') New Scope=InComponentClass('CD74HC4067_MUX_5')
Added Room: Name=AHK50H-ND_THERM_CONNECTOR
Added Room: Name=CD74HC4067_MUX
Added Room: Name=CD74HC4067_MUX_1
