Change Component Comment : Designator=P1-1 Old Comment=50-PIN_Connector New Comment=Component_1
Change Component Comment : Designator=P1-2 Old Comment=50-PIN_Connector New Comment=Component_1
Change Component Comment : Designator=P1-3 Old Comment=50-PIN_Connector New Comment=Component_1
Change Component Comment : Designator=P1-4 Old Comment=50-PIN_Connector New Comment=Component_1
Change component parameters: Designator = "P1-1"; Footprint = "Molex CMC 36638"; UniqueID = "\1ESJCBHED\YXXLTAEB\AKPGRGTY"
Change component parameters. Clean all parameters for all variants
Change component parameters (AddParameter): Name = "Supplier 1"; Value = "Digi-Key"; VariantName = "[No Variations]"
Change component parameters (AddParameter): Name = "Supplier Part Number 1"; Value = "WM13375-ND"; VariantName = "[No Variations]"
Change component parameters: Designator = "P1-2"; Footprint = "Molex CMC 36638"; UniqueID = "\2ESJCBHED\YXXLTAEB\AKPGRGTY"
Change component parameters. Clean all parameters for all variants
Change component parameters (AddParameter): Name = "Supplier 1"; Value = "Digi-Key"; VariantName = "[No Variations]"
Change component parameters (AddParameter): Name = "Supplier Part Number 1"; Value = "WM13375-ND"; VariantName = "[No Variations]"
Change component parameters: Designator = "P1-3"; Footprint = "Molex CMC 36638"; UniqueID = "\3ESJCBHED\YXXLTAEB\AKPGRGTY"
Change component parameters. Clean all parameters for all variants
Change component parameters (AddParameter): Name = "Supplier 1"; Value = "Digi-Key"; VariantName = "[No Variations]"
Change component parameters (AddParameter): Name = "Supplier Part Number 1"; Value = "WM13375-ND"; VariantName = "[No Variations]"
Change component parameters: Designator = "P1-4"; Footprint = "Molex CMC 36638"; UniqueID = "\4ESJCBHED\YXXLTAEB\AKPGRGTY"
Change component parameters. Clean all parameters for all variants
Change component parameters (AddParameter): Name = "Supplier 1"; Value = "Digi-Key"; VariantName = "[No Variations]"
Change component parameters (AddParameter): Name = "Supplier Part Number 1"; Value = "WM13375-ND"; VariantName = "[No Variations]"
