Removed Member From Class: ClassName=ADC_OUT[1..11] Member=ADC_OUT11_2
Change Component Designator: OldDesignator=C1 NewDesignator=C2_2
Change Component Designator: OldDesignator=C2 NewDesignator=C2_1
Change Component Designator: OldDesignator=C3 NewDesignator=C1_2
Change Component Designator: OldDesignator=C4 NewDesignator=C1_1
Change Component Designator: OldDesignator=C5 NewDesignator=C5_1
Change Component Designator: OldDesignator=C6 NewDesignator=C5_2
Change Component Designator: OldDesignator=C7 NewDesignator=C6_1
Change Component Designator: OldDesignator=C8 NewDesignator=C6_2
Change Component Designator: OldDesignator=C9 NewDesignator=C3_1
Change Component Designator: OldDesignator=C10 NewDesignator=C3_2
Change Component Designator: OldDesignator=C11 NewDesignator=C4_1
Change Component Designator: OldDesignator=C12 NewDesignator=C4_2
Change Component Designator: OldDesignator=C13 NewDesignator=C5_3
Change Component Designator: OldDesignator=C14 NewDesignator=C6_3
Change Component Designator: OldDesignator=C15 NewDesignator=C5_4
Change Component Designator: OldDesignator=C16 NewDesignator=C6_4
Change Component Designator: OldDesignator=C17 NewDesignator=C3_3
Change Component Designator: OldDesignator=C18 NewDesignator=C4_3
Change Component Designator: OldDesignator=C19 NewDesignator=C3_4
Change Component Designator: OldDesignator=C20 NewDesignator=C4_4
Change Component Designator: OldDesignator=C21 NewDesignator=C2_4
Change Component Designator: OldDesignator=C22 NewDesignator=C1_4
Change Component Designator: OldDesignator=C23 NewDesignator=C2_3
Change Component Designator: OldDesignator=C24 NewDesignator=C1_3
Change Component Designator: OldDesignator=P1 NewDesignator=P1_4
Change Component Designator: OldDesignator=P2 NewDesignator=P1_3
Change Component Designator: OldDesignator=P3 NewDesignator=P1_2
Change Component Designator: OldDesignator=P4 NewDesignator=P1_1
Change Component Designator: OldDesignator=R1 NewDesignator=R1_2
Change Component Designator: OldDesignator=R2 NewDesignator=R1_1
Change Component Designator: OldDesignator=R3 NewDesignator=R3_1
Change Component Designator: OldDesignator=R4 NewDesignator=R3_2
Change Component Designator: OldDesignator=R5 NewDesignator=R2_1
Change Component Designator: OldDesignator=R6 NewDesignator=R2_2
Change Component Designator: OldDesignator=R7 NewDesignator=R3_3
Change Component Designator: OldDesignator=R8 NewDesignator=R3_4
Change Component Designator: OldDesignator=R9 NewDesignator=R2_3
Change Component Designator: OldDesignator=R10 NewDesignator=R2_4
Change Component Designator: OldDesignator=R11 NewDesignator=R1_4
Change Component Designator: OldDesignator=R12 NewDesignator=R1_3
Change Component Designator: OldDesignator=U2 NewDesignator=U2_1
Change Component Designator: OldDesignator=U3 NewDesignator=U2_2
Change Component Designator: OldDesignator=U4 NewDesignator=U4_1
Change Component Designator: OldDesignator=U5 NewDesignator=U4_2
Change Component Designator: OldDesignator=U6 NewDesignator=U3_1
Change Component Designator: OldDesignator=U7 NewDesignator=U3_2
Change Component Designator: OldDesignator=U8 NewDesignator=U4_3
Change Component Designator: OldDesignator=U9 NewDesignator=U4_4
Change Component Designator: OldDesignator=U10 NewDesignator=U3_3
Change Component Designator: OldDesignator=U11 NewDesignator=U3_4
Change Component Designator: OldDesignator=U12 NewDesignator=U2_4
Change Component Designator: OldDesignator=U13 NewDesignator=U2_3
