Change Component Designator: OldDesignator=C1_1 NewDesignator=C1A
Change Component Designator: OldDesignator=C1_2 NewDesignator=C1B
Change Component Designator: OldDesignator=C1_3 NewDesignator=C1C
Change Component Designator: OldDesignator=C1_4 NewDesignator=C1D
Change Component Designator: OldDesignator=C2_1 NewDesignator=C2A
Change Component Designator: OldDesignator=C2_2 NewDesignator=C2B
Change Component Designator: OldDesignator=C2_3 NewDesignator=C2C
Change Component Designator: OldDesignator=C2_4 NewDesignator=C2D
Change Component Designator: OldDesignator=C3_1 NewDesignator=C3A
Change Component Designator: OldDesignator=C3_2 NewDesignator=C3B
Change Component Designator: OldDesignator=C3_3 NewDesignator=C3C
Change Component Designator: OldDesignator=C3_4 NewDesignator=C3D
Change Component Designator: OldDesignator=C4_1 NewDesignator=C4A
Change Component Designator: OldDesignator=C4_2 NewDesignator=C4B
Change Component Designator: OldDesignator=C4_3 NewDesignator=C4C
Change Component Designator: OldDesignator=C4_4 NewDesignator=C4D
Change Component Designator: OldDesignator=C5_1 NewDesignator=C5A
Change Component Designator: OldDesignator=C5_2 NewDesignator=C5B
Change Component Designator: OldDesignator=C5_3 NewDesignator=C5C
Change Component Designator: OldDesignator=C5_4 NewDesignator=C5D
Change Component Designator: OldDesignator=C6_1 NewDesignator=C6A
Change Component Designator: OldDesignator=C6_2 NewDesignator=C6B
Change Component Designator: OldDesignator=C6_3 NewDesignator=C6C
Change Component Designator: OldDesignator=C6_4 NewDesignator=C6D
Change Component Designator: OldDesignator=P1_1 NewDesignator=P1A
Change Component Designator: OldDesignator=P1_2 NewDesignator=P1B
Change Component Designator: OldDesignator=P1_3 NewDesignator=P1C
Change Component Designator: OldDesignator=P1_4 NewDesignator=P1D
Change Component Designator: OldDesignator=R1_1 NewDesignator=R1A
Change Component Designator: OldDesignator=R1_2 NewDesignator=R1B
Change Component Designator: OldDesignator=R1_3 NewDesignator=R1C
Change Component Designator: OldDesignator=R1_4 NewDesignator=R1D
Change Component Designator: OldDesignator=R2_1 NewDesignator=R2A
Change Component Designator: OldDesignator=R2_2 NewDesignator=R2B
Change Component Designator: OldDesignator=R2_3 NewDesignator=R2C
Change Component Designator: OldDesignator=R2_4 NewDesignator=R2D
Change Component Designator: OldDesignator=R3_1 NewDesignator=R3A
Change Component Designator: OldDesignator=R3_2 NewDesignator=R3B
Change Component Designator: OldDesignator=R3_3 NewDesignator=R3C
Change Component Designator: OldDesignator=R3_4 NewDesignator=R3D
Change Component Designator: OldDesignator=U2_1 NewDesignator=U2A
Change Component Designator: OldDesignator=U2_2 NewDesignator=U2B
Change Component Designator: OldDesignator=U2_3 NewDesignator=U2C
Change Component Designator: OldDesignator=U2_4 NewDesignator=U2D
Change Component Designator: OldDesignator=U3_1 NewDesignator=U3A
Change Component Designator: OldDesignator=U3_2 NewDesignator=U3B
Change Component Designator: OldDesignator=U3_3 NewDesignator=U3C
Change Component Designator: OldDesignator=U3_4 NewDesignator=U3D
Change Component Designator: OldDesignator=U4_1 NewDesignator=U4A
Change Component Designator: OldDesignator=U4_2 NewDesignator=U4B
Change Component Designator: OldDesignator=U4_3 NewDesignator=U4C
Change Component Designator: OldDesignator=U4_4 NewDesignator=U4D
Added Component: Designator=*(TSSOP50P640X120-38N)
Add component. Clean all parameters for all variants
Add component (AddParameter): Name = "Supplier 1"; Value = "Digi-Key"; VariantName = "[No Variations]"
Add component (AddParameter): Name = "Supplier Part Number 1"; Value = "296-23503-5-ND"; VariantName = "[No Variations]"
Added Pin To Net: NetName=GND Pin=*-6
Added Pin To Net: NetName=ADC_OUTB4_2_4 Pin=*-16
Added Pin To Net: NetName=ADC_OUTA4_2_4 Pin=*-17
Added Pin To Net: NetName=ADC_OUTC3_2_4 Pin=*-18
Added Pin To Net: NetName=GND Pin=*-19
Added Pin To Net: NetName=GND Pin=*-20
Added Pin To Net: NetName=ADC_OUTB3_2_4 Pin=*-21
Added Pin To Net: NetName=ADC_OUTA3_2_4 Pin=*-22
Added Pin To Net: NetName=ADC_OUTC2_2_4 Pin=*-23
Added Pin To Net: NetName=ADC_OUTB2_2_4 Pin=*-24
Added Pin To Net: NetName=ADC_OUTA2 Pin=*-25
Added Pin To Net: NetName=ADC_OUTC1_2_4 Pin=*-26
Added Pin To Net: NetName=ADC_OUTB1_2_4 Pin=*-27
Added Pin To Net: NetName=ADC_OUTA1 Pin=*-28
Change Net Name : Old Net Name=S0_1 New Net Name=S0A
Change Net Name : Old Net Name=S1_1 New Net Name=S1A
Change Net Name : Old Net Name=S2_1 New Net Name=S2A
Change Net Name : Old Net Name=S3_1 New Net Name=S3A
Change Net Name : Old Net Name=TS_IN1_1 New Net Name=TS_IN1A
Change Net Name : Old Net Name=TS_IN1_2 New Net Name=TS_IN1B
Change Net Name : Old Net Name=TS_IN1_3 New Net Name=TS_IN1C
Change Net Name : Old Net Name=TS_IN1_4 New Net Name=TS_IN1D
Change Net Name : Old Net Name=TS_IN2_1 New Net Name=TS_IN2A
Change Net Name : Old Net Name=TS_IN2_2 New Net Name=TS_IN2B
Change Net Name : Old Net Name=TS_IN2_3 New Net Name=TS_IN2C
Change Net Name : Old Net Name=TS_IN2_4 New Net Name=TS_IN2D
Change Net Name : Old Net Name=TS_IN3_1 New Net Name=TS_IN3A
Change Net Name : Old Net Name=TS_IN3_2 New Net Name=TS_IN3B
Change Net Name : Old Net Name=TS_IN3_3 New Net Name=TS_IN3C
Change Net Name : Old Net Name=TS_IN3_4 New Net Name=TS_IN3D
Change Net Name : Old Net Name=TS_IN4_1 New Net Name=TS_IN4A
Change Net Name : Old Net Name=TS_IN4_2 New Net Name=TS_IN4B
Change Net Name : Old Net Name=TS_IN4_3 New Net Name=TS_IN4C
Change Net Name : Old Net Name=TS_IN4_4 New Net Name=TS_IN4D
Change Net Name : Old Net Name=TS_IN5_1 New Net Name=TS_IN5A
Change Net Name : Old Net Name=TS_IN5_2 New Net Name=TS_IN5B
Change Net Name : Old Net Name=TS_IN5_3 New Net Name=TS_IN5C
Change Net Name : Old Net Name=TS_IN5_4 New Net Name=TS_IN5D
Change Net Name : Old Net Name=TS_IN6_1 New Net Name=TS_IN6A
Change Net Name : Old Net Name=TS_IN6_2 New Net Name=TS_IN6B
Change Net Name : Old Net Name=TS_IN6_3 New Net Name=TS_IN6C
Change Net Name : Old Net Name=TS_IN6_4 New Net Name=TS_IN6D
Change Net Name : Old Net Name=TS_IN7_1 New Net Name=TS_IN7A
Change Net Name : Old Net Name=TS_IN7_2 New Net Name=TS_IN7B
Change Net Name : Old Net Name=TS_IN7_3 New Net Name=TS_IN7C
Change Net Name : Old Net Name=TS_IN7_4 New Net Name=TS_IN7D
Change Net Name : Old Net Name=TS_IN8_1 New Net Name=TS_IN8A
Change Net Name : Old Net Name=TS_IN8_2 New Net Name=TS_IN8B
Change Net Name : Old Net Name=TS_IN8_3 New Net Name=TS_IN8C
Change Net Name : Old Net Name=TS_IN8_4 New Net Name=TS_IN8D
Change Net Name : Old Net Name=TS_IN9_1 New Net Name=TS_IN9A
Change Net Name : Old Net Name=TS_IN9_2 New Net Name=TS_IN9B
Change Net Name : Old Net Name=TS_IN9_3 New Net Name=TS_IN9C
Change Net Name : Old Net Name=TS_IN9_4 New Net Name=TS_IN9D
Change Net Name : Old Net Name=TS_IN10_1 New Net Name=TS_IN10A
Change Net Name : Old Net Name=TS_IN10_2 New Net Name=TS_IN10B
Change Net Name : Old Net Name=TS_IN10_3 New Net Name=TS_IN10C
Change Net Name : Old Net Name=TS_IN10_4 New Net Name=TS_IN10D
Change Net Name : Old Net Name=TS_IN11_1 New Net Name=TS_IN11A
Change Net Name : Old Net Name=TS_IN11_2 New Net Name=TS_IN11B
Change Net Name : Old Net Name=TS_IN11_3 New Net Name=TS_IN11C
Change Net Name : Old Net Name=TS_IN11_4 New Net Name=TS_IN11D
Change Net Name : Old Net Name=TS_IN12_1 New Net Name=TS_IN12A
Change Net Name : Old Net Name=TS_IN12_2 New Net Name=TS_IN12B
Change Net Name : Old Net Name=TS_IN12_3 New Net Name=TS_IN12C
Change Net Name : Old Net Name=TS_IN12_4 New Net Name=TS_IN12D
Change Net Name : Old Net Name=TS_IN13_1 New Net Name=TS_IN13A
Change Net Name : Old Net Name=TS_IN13_2 New Net Name=TS_IN13B
Change Net Name : Old Net Name=TS_IN13_3 New Net Name=TS_IN13C
Change Net Name : Old Net Name=TS_IN13_4 New Net Name=TS_IN13D
Change Net Name : Old Net Name=TS_IN14_1 New Net Name=TS_IN14A
Change Net Name : Old Net Name=TS_IN14_2 New Net Name=TS_IN14B
Change Net Name : Old Net Name=TS_IN14_3 New Net Name=TS_IN14C
Change Net Name : Old Net Name=TS_IN14_4 New Net Name=TS_IN14D
Change Net Name : Old Net Name=TS_IN15_1 New Net Name=TS_IN15A
Change Net Name : Old Net Name=TS_IN15_2 New Net Name=TS_IN15B
Change Net Name : Old Net Name=TS_IN15_3 New Net Name=TS_IN15C
Change Net Name : Old Net Name=TS_IN15_4 New Net Name=TS_IN15D
Change Net Name : Old Net Name=TS_IN16_1 New Net Name=TS_IN16A
Change Net Name : Old Net Name=TS_IN16_2 New Net Name=TS_IN16B
Change Net Name : Old Net Name=TS_IN16_3 New Net Name=TS_IN16C
Change Net Name : Old Net Name=TS_IN16_4 New Net Name=TS_IN16D
Change Net Name : Old Net Name=TS_IN17_1 New Net Name=TS_IN17A
Change Net Name : Old Net Name=TS_IN17_2 New Net Name=TS_IN17B
Change Net Name : Old Net Name=TS_IN17_3 New Net Name=TS_IN17C
Change Net Name : Old Net Name=TS_IN17_4 New Net Name=TS_IN17D
Change Net Name : Old Net Name=TS_IN18_1 New Net Name=TS_IN18A
Change Net Name : Old Net Name=TS_IN18_2 New Net Name=TS_IN18B
Change Net Name : Old Net Name=TS_IN18_3 New Net Name=TS_IN18C
Change Net Name : Old Net Name=TS_IN18_4 New Net Name=TS_IN18D
Change Net Name : Old Net Name=TS_IN19_1 New Net Name=TS_IN19A
Change Net Name : Old Net Name=TS_IN19_2 New Net Name=TS_IN19B
Change Net Name : Old Net Name=TS_IN19_3 New Net Name=TS_IN19C
Change Net Name : Old Net Name=TS_IN19_4 New Net Name=TS_IN19D
Change Net Name : Old Net Name=TS_IN20_1 New Net Name=TS_IN20A
Change Net Name : Old Net Name=TS_IN20_2 New Net Name=TS_IN20B
Change Net Name : Old Net Name=TS_IN20_3 New Net Name=TS_IN20C
Change Net Name : Old Net Name=TS_IN20_4 New Net Name=TS_IN20D
Change Net Name : Old Net Name=TS_IN21_1 New Net Name=TS_IN21A
Change Net Name : Old Net Name=TS_IN21_2 New Net Name=TS_IN21B
Change Net Name : Old Net Name=TS_IN21_3 New Net Name=TS_IN21C
Change Net Name : Old Net Name=TS_IN21_4 New Net Name=TS_IN21D
Change Net Name : Old Net Name=TS_IN22_1 New Net Name=TS_IN22A
Change Net Name : Old Net Name=TS_IN22_2 New Net Name=TS_IN22B
Change Net Name : Old Net Name=TS_IN22_3 New Net Name=TS_IN22C
Change Net Name : Old Net Name=TS_IN22_4 New Net Name=TS_IN22D
Change Net Name : Old Net Name=TS_IN23_1 New Net Name=TS_IN23A
Change Net Name : Old Net Name=TS_IN23_2 New Net Name=TS_IN23B
Change Net Name : Old Net Name=TS_IN23_3 New Net Name=TS_IN23C
Change Net Name : Old Net Name=TS_IN23_4 New Net Name=TS_IN23D
Change Net Name : Old Net Name=TS_IN24_1 New Net Name=TS_IN24A
Change Net Name : Old Net Name=TS_IN24_2 New Net Name=TS_IN24B
Change Net Name : Old Net Name=TS_IN24_3 New Net Name=TS_IN24C
Change Net Name : Old Net Name=TS_IN24_4 New Net Name=TS_IN24D
Change Net Name : Old Net Name=TS_IN25_1 New Net Name=TS_IN25A
Change Net Name : Old Net Name=TS_IN25_2 New Net Name=TS_IN25B
Change Net Name : Old Net Name=TS_IN25_3 New Net Name=TS_IN25C
Change Net Name : Old Net Name=TS_IN25_4 New Net Name=TS_IN25D
Change Net Name : Old Net Name=TS_IN26_1 New Net Name=TS_IN26A
Change Net Name : Old Net Name=TS_IN26_2 New Net Name=TS_IN26B
Change Net Name : Old Net Name=TS_IN26_3 New Net Name=TS_IN26C
Change Net Name : Old Net Name=TS_IN26_4 New Net Name=TS_IN26D
Change Net Name : Old Net Name=TS_IN27_1 New Net Name=TS_IN27A
Change Net Name : Old Net Name=TS_IN27_2 New Net Name=TS_IN27B
Change Net Name : Old Net Name=TS_IN27_3 New Net Name=TS_IN27C
Change Net Name : Old Net Name=TS_IN27_4 New Net Name=TS_IN27D
Change Net Name : Old Net Name=TS_IN28_1 New Net Name=TS_IN28A
Change Net Name : Old Net Name=TS_IN28_2 New Net Name=TS_IN28B
Change Net Name : Old Net Name=TS_IN28_3 New Net Name=TS_IN28C
Change Net Name : Old Net Name=TS_IN28_4 New Net Name=TS_IN28D
Change Net Name : Old Net Name=TS_IN29_1 New Net Name=TS_IN29A
Change Net Name : Old Net Name=TS_IN29_2 New Net Name=TS_IN29B
Change Net Name : Old Net Name=TS_IN29_3 New Net Name=TS_IN29C
Change Net Name : Old Net Name=TS_IN29_4 New Net Name=TS_IN29D
Change Net Name : Old Net Name=TS_IN30_1 New Net Name=TS_IN30A
Change Net Name : Old Net Name=TS_IN30_2 New Net Name=TS_IN30B
Change Net Name : Old Net Name=TS_IN30_3 New Net Name=TS_IN30C
Change Net Name : Old Net Name=TS_IN30_4 New Net Name=TS_IN30D
Change Net Name : Old Net Name=TS_IN31_1 New Net Name=TS_IN31A
Change Net Name : Old Net Name=TS_IN31_2 New Net Name=TS_IN31B
Change Net Name : Old Net Name=TS_IN31_3 New Net Name=TS_IN31C
Change Net Name : Old Net Name=TS_IN31_4 New Net Name=TS_IN31D
Change Net Name : Old Net Name=TS_IN32_1 New Net Name=TS_IN32A
Change Net Name : Old Net Name=TS_IN32_2 New Net Name=TS_IN32B
Change Net Name : Old Net Name=TS_IN32_3 New Net Name=TS_IN32C
Change Net Name : Old Net Name=TS_IN32_4 New Net Name=TS_IN32D
Change Net Name : Old Net Name=TS_IN33_1 New Net Name=TS_IN33A
Change Net Name : Old Net Name=TS_IN33_2 New Net Name=TS_IN33B
Change Net Name : Old Net Name=TS_IN33_3 New Net Name=TS_IN33C
Change Net Name : Old Net Name=TS_IN33_4 New Net Name=TS_IN33D
Change Net Name : Old Net Name=TS_IN34_1 New Net Name=TS_IN34A
Change Net Name : Old Net Name=TS_IN34_2 New Net Name=TS_IN34B
Change Net Name : Old Net Name=TS_IN34_3 New Net Name=TS_IN34C
Change Net Name : Old Net Name=TS_IN34_4 New Net Name=TS_IN34D
Change Net Name : Old Net Name=TS_IN35_1 New Net Name=TS_IN35A
Change Net Name : Old Net Name=TS_IN35_2 New Net Name=TS_IN35B
Change Net Name : Old Net Name=TS_IN35_3 New Net Name=TS_IN35C
Change Net Name : Old Net Name=TS_IN35_4 New Net Name=TS_IN35D
Change Net Name : Old Net Name=TS_IN36_1 New Net Name=TS_IN36A
Change Net Name : Old Net Name=TS_IN36_2 New Net Name=TS_IN36B
Change Net Name : Old Net Name=TS_IN36_3 New Net Name=TS_IN36C
Change Net Name : Old Net Name=TS_IN36_4 New Net Name=TS_IN36D
Change Net Name : Old Net Name=TS_IN37_1 New Net Name=TS_IN37A
Change Net Name : Old Net Name=TS_IN37_2 New Net Name=TS_IN37B
Change Net Name : Old Net Name=TS_IN37_3 New Net Name=TS_IN37C
Change Net Name : Old Net Name=TS_IN37_4 New Net Name=TS_IN37D
Change Net Name : Old Net Name=TS_IN38_1 New Net Name=TS_IN38A
Change Net Name : Old Net Name=TS_IN38_2 New Net Name=TS_IN38B
Change Net Name : Old Net Name=TS_IN38_3 New Net Name=TS_IN38C
Change Net Name : Old Net Name=TS_IN38_4 New Net Name=TS_IN38D
Change Net Name : Old Net Name=TS_IN39_1 New Net Name=TS_IN39A
Change Net Name : Old Net Name=TS_IN39_2 New Net Name=TS_IN39B
Change Net Name : Old Net Name=TS_IN39_3 New Net Name=TS_IN39C
Change Net Name : Old Net Name=TS_IN39_4 New Net Name=TS_IN39D
Change Net Name : Old Net Name=TS_IN40_1 New Net Name=TS_IN40A
Change Net Name : Old Net Name=TS_IN40_2 New Net Name=TS_IN40B
Change Net Name : Old Net Name=TS_IN40_3 New Net Name=TS_IN40C
Change Net Name : Old Net Name=TS_IN40_4 New Net Name=TS_IN40D
Change Net Name : Old Net Name=TS_IN41_1 New Net Name=TS_IN41A
Change Net Name : Old Net Name=TS_IN41_2 New Net Name=TS_IN41B
Change Net Name : Old Net Name=TS_IN41_3 New Net Name=TS_IN41C
Change Net Name : Old Net Name=TS_IN41_4 New Net Name=TS_IN41D
Change Net Name : Old Net Name=TS_IN42_1 New Net Name=TS_IN42A
Change Net Name : Old Net Name=TS_IN42_2 New Net Name=TS_IN42B
Change Net Name : Old Net Name=TS_IN42_3 New Net Name=TS_IN42C
Change Net Name : Old Net Name=TS_IN42_4 New Net Name=TS_IN42D
Change Net Name : Old Net Name=TS_IN43_1 New Net Name=TS_IN43A
Change Net Name : Old Net Name=TS_IN43_2 New Net Name=TS_IN43B
Change Net Name : Old Net Name=TS_IN43_3 New Net Name=TS_IN43C
Change Net Name : Old Net Name=TS_IN43_4 New Net Name=TS_IN43D
Change Net Name : Old Net Name=TS_IN44_1 New Net Name=TS_IN44A
Change Net Name : Old Net Name=TS_IN44_2 New Net Name=TS_IN44B
Change Net Name : Old Net Name=TS_IN44_3 New Net Name=TS_IN44C
Change Net Name : Old Net Name=TS_IN44_4 New Net Name=TS_IN44D
Change Net Name : Old Net Name=TS_IN45_1 New Net Name=TS_IN45A
Change Net Name : Old Net Name=TS_IN45_2 New Net Name=TS_IN45B
Change Net Name : Old Net Name=TS_IN45_3 New Net Name=TS_IN45C
Change Net Name : Old Net Name=TS_IN45_4 New Net Name=TS_IN45D
Change Net Name : Old Net Name=TS_IN46_1 New Net Name=TS_IN46A
Change Net Name : Old Net Name=TS_IN46_2 New Net Name=TS_IN46B
Change Net Name : Old Net Name=TS_IN46_3 New Net Name=TS_IN46C
Change Net Name : Old Net Name=TS_IN46_4 New Net Name=TS_IN46D
Change Net Name : Old Net Name=TS_IN47_1 New Net Name=TS_IN47A
Change Net Name : Old Net Name=TS_IN47_2 New Net Name=TS_IN47B
Change Net Name : Old Net Name=TS_IN47_3 New Net Name=TS_IN47C
Change Net Name : Old Net Name=TS_IN47_4 New Net Name=TS_IN47D
Change Net Name : Old Net Name=TS_IN48_1 New Net Name=TS_IN48A
Change Net Name : Old Net Name=TS_IN48_2 New Net Name=TS_IN48B
Change Net Name : Old Net Name=TS_IN48_3 New Net Name=TS_IN48C
Change Net Name : Old Net Name=TS_IN48_4 New Net Name=TS_IN48D
Added Pin To Net: NetName=ADC_OUTC4_2_4 Pin=*-15
Added Net: Name=ADC_OUTC4_2_4
Added Member To Class: ClassName=U_Data_Conversion Member=Component * ADS7952SDBT
