Change Net Name : Old Net Name=TS_IN1 New Net Name=TS_IN3_1
Change Net Name : Old Net Name=TS_IN2 New Net Name=TS_IN3_2
Change Net Name : Old Net Name=TS_IN3 New Net Name=TS_IN3_3
Change Net Name : Old Net Name=TS_IN4 New Net Name=TS_IN3_4
Change Net Name : Old Net Name=TS_IN5 New Net Name=TS_IN3_5
Change Net Name : Old Net Name=TS_IN6 New Net Name=TS_IN3_6
Change Net Name : Old Net Name=TS_IN7 New Net Name=TS_IN3_7
Change Net Name : Old Net Name=TS_IN8 New Net Name=TS_IN3_8
Change Net Name : Old Net Name=TS_IN9 New Net Name=TS_IN3_9
Change Net Name : Old Net Name=TS_IN10 New Net Name=TS_IN3_10
Change Net Name : Old Net Name=TS_IN11 New Net Name=TS_IN3_11
Change Net Name : Old Net Name=TS_IN12 New Net Name=TS_IN3_12
Change Net Name : Old Net Name=TS_IN13 New Net Name=TS_IN3_13
Change Net Name : Old Net Name=TS_IN14 New Net Name=TS_IN3_14
Change Net Name : Old Net Name=TS_IN15 New Net Name=TS_IN3_15
Change Net Name : Old Net Name=TS_IN16 New Net Name=TS_IN3_16
Change Net Name : Old Net Name=TS_IN17 New Net Name=TS_IN3_17
Change Net Name : Old Net Name=TS_IN18 New Net Name=TS_IN3_18
Change Net Name : Old Net Name=TS_IN19 New Net Name=TS_IN3_19
Change Net Name : Old Net Name=TS_IN20 New Net Name=TS_IN3_20
Change Net Name : Old Net Name=TS_IN21 New Net Name=TS_IN3_21
Change Net Name : Old Net Name=TS_IN22 New Net Name=TS_IN3_22
Change Net Name : Old Net Name=TS_IN23 New Net Name=TS_IN3_23
Change Net Name : Old Net Name=TS_IN24 New Net Name=TS_IN3_24
Change Net Name : Old Net Name=TS_IN25 New Net Name=TS_IN3_25
Change Net Name : Old Net Name=TS_IN26 New Net Name=TS_IN3_26
Change Net Name : Old Net Name=TS_IN27 New Net Name=TS_IN3_27
Change Net Name : Old Net Name=TS_IN28 New Net Name=TS_IN3_28
Change Net Name : Old Net Name=TS_IN29 New Net Name=TS_IN3_29
Change Net Name : Old Net Name=TS_IN30 New Net Name=TS_IN3_30
Change Net Name : Old Net Name=TS_IN31 New Net Name=TS_IN3_31
Change Net Name : Old Net Name=TS_IN32 New Net Name=TS_IN3_32
Change Net Name : Old Net Name=TS_IN33 New Net Name=TS_IN3_33
Change Net Name : Old Net Name=TS_IN34 New Net Name=TS_IN3_34
Change Net Name : Old Net Name=TS_IN35 New Net Name=TS_IN3_35
Change Net Name : Old Net Name=TS_IN36 New Net Name=TS_IN3_36
Change Net Name : Old Net Name=TS_IN37 New Net Name=TS_IN3_37
Change Net Name : Old Net Name=TS_IN38 New Net Name=TS_IN3_38
Change Net Name : Old Net Name=TS_IN39 New Net Name=TS_IN3_39
Change Net Name : Old Net Name=TS_IN40 New Net Name=TS_IN3_40
Change Net Name : Old Net Name=TS_IN41 New Net Name=TS_IN3_41
Change Net Name : Old Net Name=TS_IN42 New Net Name=TS_IN3_42
Change Net Name : Old Net Name=TS_IN43 New Net Name=TS_IN3_43
Change Net Name : Old Net Name=TS_IN44 New Net Name=TS_IN3_44
Change Net Name : Old Net Name=TS_IN45 New Net Name=TS_IN3_45
Change Net Name : Old Net Name=TS_IN46 New Net Name=TS_IN3_46
Change Net Name : Old Net Name=TS_IN47 New Net Name=TS_IN3_47
Change Net Name : Old Net Name=TS_IN48 New Net Name=TS_IN3_48
Change Class Name : Old Net Name=MUX_CONNECTIVITY-1 New Net Name=CD74HC4067_MUX
Added Class: Name=AHK50H-ND_THERM_CONNECTOR
Change Room Name: Old Name=MUX_CONNECTIVITY-1 New Name=CD74HC4067_MUX
Change Room Scope: Old Scope=InComponentClass('MUX_CONNECTIVITY-1') New Scope=InComponentClass('CD74HC4067_MUX')
Added Room: Name=AHK50H-ND_THERM_CONNECTOR
