Removed Pin From Net: NetName=GND Pin=*-6
Removed Pin From Net: NetName=GND Pin=*-19
Removed Pin From Net: NetName=GND Pin=*-20
Added Pin To Net: NetName=5VDIG Pin=*-29
Added Net: Name=5VDIG
Added Pin To Net: NetName=AGND Pin=*-3
Added Pin To Net: NetName=AGND Pin=*-6
Added Pin To Net: NetName=AGND Pin=*-19
Added Pin To Net: NetName=AGND Pin=*-20
Added Pin To Net: NetName=AGND Pin=*-30
Added Net: Name=AGND
Added Pin To Net: NetName=C\S\_4 Pin=*-31
Added Net: Name=C\S\_4
Added Pin To Net: NetName=DGND Pin=*-35
Added Net: Name=DGND
Added Pin To Net: NetName=SCLK_4 Pin=*-32
Added Net: Name=SCLK_4
Added Pin To Net: NetName=SDI_4 Pin=*-33
Added Net: Name=SDI_4
Added Pin To Net: NetName=SDO_4 Pin=*-34
Added Net: Name=SDO_4
