Removed Pin From Net: NetName=GND Pin=C1_6-1
Removed Pin From Net: NetName=5V Pin=C1_6-2
Removed Pin From Net: NetName=GND Pin=C1_7-1
Removed Pin From Net: NetName=5V Pin=C1_7-2
Removed Pin From Net: NetName=GND Pin=C1_8-1
Removed Pin From Net: NetName=5V Pin=C1_8-2
Removed Pin From Net: NetName=GND Pin=C1_9-1
Removed Pin From Net: NetName=5V Pin=C1_9-2
Removed Pin From Net: NetName=GND Pin=C1_10-1
Removed Pin From Net: NetName=5V Pin=C1_10-2
Removed Pin From Net: NetName=GND Pin=C1_11-1
Removed Pin From Net: NetName=5V Pin=C1_11-2
Removed Pin From Net: NetName=GND Pin=C1_12-1
Removed Pin From Net: NetName=5V Pin=C1_12-2
Removed Pin From Net: NetName=GND Pin=C1_13-1
Removed Pin From Net: NetName=5V Pin=C1_13-2
Removed Pin From Net: NetName=GND Pin=C1_14-1
Removed Pin From Net: NetName=5V Pin=C1_14-2
Removed Pin From Net: NetName=GND Pin=C1_15-1
Removed Pin From Net: NetName=5V Pin=C1_15-2
Removed Pin From Net: NetName=GND Pin=C2_6-1
Removed Pin From Net: NetName=5V Pin=C2_6-2
Removed Pin From Net: NetName=GND Pin=C2_7-1
Removed Pin From Net: NetName=5V Pin=C2_7-2
Removed Pin From Net: NetName=GND Pin=C2_8-1
Removed Pin From Net: NetName=5V Pin=C2_8-2
Removed Pin From Net: NetName=GND Pin=C2_9-1
Removed Pin From Net: NetName=5V Pin=C2_9-2
Removed Pin From Net: NetName=GND Pin=C2_10-1
Removed Pin From Net: NetName=5V Pin=C2_10-2
Removed Pin From Net: NetName=GND Pin=C2_11-1
Removed Pin From Net: NetName=5V Pin=C2_11-2
Removed Pin From Net: NetName=GND Pin=C2_12-1
Removed Pin From Net: NetName=5V Pin=C2_12-2
Removed Pin From Net: NetName=GND Pin=C2_13-1
Removed Pin From Net: NetName=5V Pin=C2_13-2
Removed Pin From Net: NetName=GND Pin=C2_14-1
Removed Pin From Net: NetName=5V Pin=C2_14-2
Removed Pin From Net: NetName=GND Pin=C2_15-1
Removed Pin From Net: NetName=5V Pin=C2_15-2
Removed Pin From Net: NetName=5V Pin=R1_6-1
Removed Pin From Net: NetName=5V Pin=R1_7-1
Removed Pin From Net: NetName=5V Pin=R1_8-1
Removed Pin From Net: NetName=5V Pin=R1_9-1
Removed Pin From Net: NetName=5V Pin=R1_10-1
Removed Pin From Net: NetName=5V Pin=R1_11-1
Removed Pin From Net: NetName=5V Pin=R1_12-1
Removed Pin From Net: NetName=5V Pin=R1_13-1
Removed Pin From Net: NetName=5V Pin=R1_14-1
Removed Pin From Net: NetName=5V Pin=R1_15-1
Removed Pin From Net: NetName=TS_IN8_1 Pin=U2_2-2
Removed Pin From Net: NetName=TS_IN7_1 Pin=U2_2-3
Removed Pin From Net: NetName=TS_IN6_1 Pin=U2_2-4
Removed Pin From Net: NetName=TS_IN5_1 Pin=U2_2-5
Removed Pin From Net: NetName=TS_IN4_1 Pin=U2_2-6
Removed Pin From Net: NetName=TS_IN3_1 Pin=U2_2-7
Removed Pin From Net: NetName=TS_IN2_1 Pin=U2_2-8
Removed Pin From Net: NetName=TS_IN1_1 Pin=U2_2-9
Removed Pin From Net: NetName=TS_IN16_1 Pin=U2_2-16
Removed Pin From Net: NetName=TS_IN15_1 Pin=U2_2-17
Removed Pin From Net: NetName=TS_IN14_1 Pin=U2_2-18
Removed Pin From Net: NetName=TS_IN13_1 Pin=U2_2-19
Removed Pin From Net: NetName=TS_IN12_1 Pin=U2_2-20
Removed Pin From Net: NetName=TS_IN11_1 Pin=U2_2-21
Removed Pin From Net: NetName=TS_IN10_1 Pin=U2_2-22
Removed Pin From Net: NetName=TS_IN9_1 Pin=U2_2-23
Removed Pin From Net: NetName=TS_IN8_1 Pin=U2_3-2
Removed Pin From Net: NetName=TS_IN7_1 Pin=U2_3-3
Removed Pin From Net: NetName=TS_IN6_1 Pin=U2_3-4
Removed Pin From Net: NetName=TS_IN5_1 Pin=U2_3-5
Removed Pin From Net: NetName=TS_IN4_1 Pin=U2_3-6
Removed Pin From Net: NetName=TS_IN3_1 Pin=U2_3-7
Removed Pin From Net: NetName=TS_IN2_1 Pin=U2_3-8
Removed Pin From Net: NetName=TS_IN1_1 Pin=U2_3-9
Removed Pin From Net: NetName=TS_IN16_1 Pin=U2_3-16
Removed Pin From Net: NetName=TS_IN15_1 Pin=U2_3-17
Removed Pin From Net: NetName=TS_IN14_1 Pin=U2_3-18
Removed Pin From Net: NetName=TS_IN13_1 Pin=U2_3-19
Removed Pin From Net: NetName=TS_IN12_1 Pin=U2_3-20
Removed Pin From Net: NetName=TS_IN11_1 Pin=U2_3-21
Removed Pin From Net: NetName=TS_IN10_1 Pin=U2_3-22
Removed Pin From Net: NetName=TS_IN9_1 Pin=U2_3-23
Removed Pin From Net: NetName=TS_IN8_2 Pin=U2_4-2
Removed Pin From Net: NetName=TS_IN7_2 Pin=U2_4-3
Removed Pin From Net: NetName=TS_IN6_2 Pin=U2_4-4
Removed Pin From Net: NetName=TS_IN5_2 Pin=U2_4-5
Removed Pin From Net: NetName=TS_IN4_2 Pin=U2_4-6
Removed Pin From Net: NetName=TS_IN3_2 Pin=U2_4-7
Removed Pin From Net: NetName=TS_IN2_2 Pin=U2_4-8
Removed Pin From Net: NetName=TS_IN1_2 Pin=U2_4-9
Removed Pin From Net: NetName=TS_IN16_2 Pin=U2_4-16
Removed Pin From Net: NetName=TS_IN15_2 Pin=U2_4-17
Removed Pin From Net: NetName=TS_IN14_2 Pin=U2_4-18
Removed Pin From Net: NetName=TS_IN13_2 Pin=U2_4-19
Removed Pin From Net: NetName=TS_IN12_2 Pin=U2_4-20
Removed Pin From Net: NetName=TS_IN11_2 Pin=U2_4-21
Removed Pin From Net: NetName=TS_IN10_2 Pin=U2_4-22
Removed Pin From Net: NetName=TS_IN9_2 Pin=U2_4-23
Removed Pin From Net: NetName=TS_IN8_2 Pin=U2_5-2
Removed Pin From Net: NetName=TS_IN7_2 Pin=U2_5-3
Removed Pin From Net: NetName=TS_IN6_2 Pin=U2_5-4
Removed Pin From Net: NetName=TS_IN5_2 Pin=U2_5-5
Removed Pin From Net: NetName=TS_IN4_2 Pin=U2_5-6
Removed Pin From Net: NetName=TS_IN3_2 Pin=U2_5-7
Removed Pin From Net: NetName=TS_IN2_2 Pin=U2_5-8
Removed Pin From Net: NetName=TS_IN1_2 Pin=U2_5-9
Removed Pin From Net: NetName=TS_IN16_2 Pin=U2_5-16
Removed Pin From Net: NetName=TS_IN15_2 Pin=U2_5-17
Removed Pin From Net: NetName=TS_IN14_2 Pin=U2_5-18
Removed Pin From Net: NetName=TS_IN13_2 Pin=U2_5-19
Removed Pin From Net: NetName=TS_IN12_2 Pin=U2_5-20
Removed Pin From Net: NetName=TS_IN11_2 Pin=U2_5-21
Removed Pin From Net: NetName=TS_IN10_2 Pin=U2_5-22
Removed Pin From Net: NetName=TS_IN9_2 Pin=U2_5-23
Removed Pin From Net: NetName=TS_IN8_2 Pin=U2_6-2
Removed Pin From Net: NetName=TS_IN7_2 Pin=U2_6-3
Removed Pin From Net: NetName=TS_IN6_2 Pin=U2_6-4
Removed Pin From Net: NetName=TS_IN5_2 Pin=U2_6-5
Removed Pin From Net: NetName=TS_IN4_2 Pin=U2_6-6
Removed Pin From Net: NetName=TS_IN3_2 Pin=U2_6-7
Removed Pin From Net: NetName=TS_IN2_2 Pin=U2_6-8
Removed Pin From Net: NetName=TS_IN1_2 Pin=U2_6-9
Removed Pin From Net: NetName=NetU2_1_10 Pin=U2_6-10
Removed Pin From Net: NetName=NetU2_1_11 Pin=U2_6-11
Removed Pin From Net: NetName=GND Pin=U2_6-12
Removed Pin From Net: NetName=NetU2_1_13 Pin=U2_6-13
Removed Pin From Net: NetName=NetU2_1_14 Pin=U2_6-14
Removed Pin From Net: NetName=GND Pin=U2_6-15
Removed Pin From Net: NetName=TS_IN16_2 Pin=U2_6-16
Removed Pin From Net: NetName=TS_IN15_2 Pin=U2_6-17
Removed Pin From Net: NetName=TS_IN14_2 Pin=U2_6-18
Removed Pin From Net: NetName=TS_IN13_2 Pin=U2_6-19
Removed Pin From Net: NetName=TS_IN12_2 Pin=U2_6-20
Removed Pin From Net: NetName=TS_IN11_2 Pin=U2_6-21
Removed Pin From Net: NetName=TS_IN10_2 Pin=U2_6-22
Removed Pin From Net: NetName=TS_IN9_2 Pin=U2_6-23
Removed Pin From Net: NetName=5V Pin=U2_6-24
Removed Pin From Net: NetName=TS_IN8_3 Pin=U2_7-2
Removed Pin From Net: NetName=TS_IN7_3 Pin=U2_7-3
Removed Pin From Net: NetName=TS_IN6_3 Pin=U2_7-4
Removed Pin From Net: NetName=TS_IN5_3 Pin=U2_7-5
Removed Pin From Net: NetName=TS_IN4_3 Pin=U2_7-6
Removed Pin From Net: NetName=TS_IN3_3 Pin=U2_7-7
Removed Pin From Net: NetName=TS_IN2_3 Pin=U2_7-8
Removed Pin From Net: NetName=TS_IN1_3 Pin=U2_7-9
Removed Pin From Net: NetName=NetU2_1_10 Pin=U2_7-10
Removed Pin From Net: NetName=NetU2_1_11 Pin=U2_7-11
Removed Pin From Net: NetName=GND Pin=U2_7-12
Removed Pin From Net: NetName=NetU2_1_13 Pin=U2_7-13
Removed Pin From Net: NetName=NetU2_1_14 Pin=U2_7-14
Removed Pin From Net: NetName=GND Pin=U2_7-15
Removed Pin From Net: NetName=TS_IN16_3 Pin=U2_7-16
Removed Pin From Net: NetName=TS_IN15_3 Pin=U2_7-17
Removed Pin From Net: NetName=TS_IN14_3 Pin=U2_7-18
Removed Pin From Net: NetName=TS_IN13_3 Pin=U2_7-19
Removed Pin From Net: NetName=TS_IN12_3 Pin=U2_7-20
Removed Pin From Net: NetName=TS_IN11_3 Pin=U2_7-21
Removed Pin From Net: NetName=TS_IN10_3 Pin=U2_7-22
Removed Pin From Net: NetName=TS_IN9_3 Pin=U2_7-23
Removed Pin From Net: NetName=5V Pin=U2_7-24
Removed Pin From Net: NetName=TS_IN8_3 Pin=U2_8-2
Removed Pin From Net: NetName=TS_IN7_3 Pin=U2_8-3
Removed Pin From Net: NetName=TS_IN6_3 Pin=U2_8-4
Removed Pin From Net: NetName=TS_IN5_3 Pin=U2_8-5
Removed Pin From Net: NetName=TS_IN4_3 Pin=U2_8-6
Removed Pin From Net: NetName=TS_IN3_3 Pin=U2_8-7
Removed Pin From Net: NetName=TS_IN2_3 Pin=U2_8-8
Removed Pin From Net: NetName=TS_IN1_3 Pin=U2_8-9
Removed Pin From Net: NetName=NetU2_1_10 Pin=U2_8-10
Removed Pin From Net: NetName=NetU2_1_11 Pin=U2_8-11
Removed Pin From Net: NetName=GND Pin=U2_8-12
Removed Pin From Net: NetName=NetU2_1_13 Pin=U2_8-13
Removed Pin From Net: NetName=NetU2_1_14 Pin=U2_8-14
Removed Pin From Net: NetName=GND Pin=U2_8-15
Removed Pin From Net: NetName=TS_IN16_3 Pin=U2_8-16
Removed Pin From Net: NetName=TS_IN15_3 Pin=U2_8-17
Removed Pin From Net: NetName=TS_IN14_3 Pin=U2_8-18
Removed Pin From Net: NetName=TS_IN13_3 Pin=U2_8-19
Removed Pin From Net: NetName=TS_IN12_3 Pin=U2_8-20
Removed Pin From Net: NetName=TS_IN11_3 Pin=U2_8-21
Removed Pin From Net: NetName=TS_IN10_3 Pin=U2_8-22
Removed Pin From Net: NetName=TS_IN9_3 Pin=U2_8-23
Removed Pin From Net: NetName=5V Pin=U2_8-24
Removed Pin From Net: NetName=TS_IN8_3 Pin=U2_9-2
Removed Pin From Net: NetName=TS_IN7_3 Pin=U2_9-3
Removed Pin From Net: NetName=TS_IN6_3 Pin=U2_9-4
Removed Pin From Net: NetName=TS_IN5_3 Pin=U2_9-5
Removed Pin From Net: NetName=TS_IN4_3 Pin=U2_9-6
Removed Pin From Net: NetName=TS_IN3_3 Pin=U2_9-7
Removed Pin From Net: NetName=TS_IN2_3 Pin=U2_9-8
Removed Pin From Net: NetName=TS_IN1_3 Pin=U2_9-9
Removed Pin From Net: NetName=NetU2_1_10 Pin=U2_9-10
Removed Pin From Net: NetName=NetU2_1_11 Pin=U2_9-11
Removed Pin From Net: NetName=GND Pin=U2_9-12
Removed Pin From Net: NetName=NetU2_1_13 Pin=U2_9-13
Removed Pin From Net: NetName=NetU2_1_14 Pin=U2_9-14
Removed Pin From Net: NetName=GND Pin=U2_9-15
Removed Pin From Net: NetName=TS_IN16_3 Pin=U2_9-16
Removed Pin From Net: NetName=TS_IN15_3 Pin=U2_9-17
Removed Pin From Net: NetName=TS_IN14_3 Pin=U2_9-18
Removed Pin From Net: NetName=TS_IN13_3 Pin=U2_9-19
Removed Pin From Net: NetName=TS_IN12_3 Pin=U2_9-20
Removed Pin From Net: NetName=TS_IN11_3 Pin=U2_9-21
Removed Pin From Net: NetName=TS_IN10_3 Pin=U2_9-22
Removed Pin From Net: NetName=TS_IN9_3 Pin=U2_9-23
Removed Pin From Net: NetName=5V Pin=U2_9-24
Removed Pin From Net: NetName=TS_IN8_4 Pin=U2_10-2
Removed Pin From Net: NetName=TS_IN7_4 Pin=U2_10-3
Removed Pin From Net: NetName=TS_IN6_4 Pin=U2_10-4
Removed Pin From Net: NetName=TS_IN5_4 Pin=U2_10-5
Removed Pin From Net: NetName=TS_IN4_4 Pin=U2_10-6
Removed Pin From Net: NetName=TS_IN3_4 Pin=U2_10-7
Removed Pin From Net: NetName=TS_IN2_4 Pin=U2_10-8
Removed Pin From Net: NetName=TS_IN1_4 Pin=U2_10-9
Removed Pin From Net: NetName=NetU2_1_10 Pin=U2_10-10
Removed Pin From Net: NetName=NetU2_1_11 Pin=U2_10-11
Removed Pin From Net: NetName=GND Pin=U2_10-12
Removed Pin From Net: NetName=NetU2_1_13 Pin=U2_10-13
Removed Pin From Net: NetName=NetU2_1_14 Pin=U2_10-14
Removed Pin From Net: NetName=GND Pin=U2_10-15
Removed Pin From Net: NetName=TS_IN16_4 Pin=U2_10-16
Removed Pin From Net: NetName=TS_IN15_4 Pin=U2_10-17
Removed Pin From Net: NetName=TS_IN14_4 Pin=U2_10-18
Removed Pin From Net: NetName=TS_IN13_4 Pin=U2_10-19
Removed Pin From Net: NetName=TS_IN12_4 Pin=U2_10-20
Removed Pin From Net: NetName=TS_IN11_4 Pin=U2_10-21
Removed Pin From Net: NetName=TS_IN10_4 Pin=U2_10-22
Removed Pin From Net: NetName=TS_IN9_4 Pin=U2_10-23
Removed Pin From Net: NetName=5V Pin=U2_10-24
Removed Pin From Net: NetName=TS_IN8_4 Pin=U2_11-2
Removed Pin From Net: NetName=TS_IN7_4 Pin=U2_11-3
Removed Pin From Net: NetName=TS_IN6_4 Pin=U2_11-4
Removed Pin From Net: NetName=TS_IN5_4 Pin=U2_11-5
Removed Pin From Net: NetName=TS_IN4_4 Pin=U2_11-6
Removed Pin From Net: NetName=TS_IN3_4 Pin=U2_11-7
Removed Pin From Net: NetName=TS_IN2_4 Pin=U2_11-8
Removed Pin From Net: NetName=TS_IN1_4 Pin=U2_11-9
Removed Pin From Net: NetName=NetU2_1_10 Pin=U2_11-10
Removed Pin From Net: NetName=NetU2_1_11 Pin=U2_11-11
Removed Pin From Net: NetName=GND Pin=U2_11-12
Removed Pin From Net: NetName=NetU2_1_13 Pin=U2_11-13
Removed Pin From Net: NetName=NetU2_1_14 Pin=U2_11-14
Removed Pin From Net: NetName=GND Pin=U2_11-15
Removed Pin From Net: NetName=TS_IN16_4 Pin=U2_11-16
Removed Pin From Net: NetName=TS_IN15_4 Pin=U2_11-17
Removed Pin From Net: NetName=TS_IN14_4 Pin=U2_11-18
Removed Pin From Net: NetName=TS_IN13_4 Pin=U2_11-19
Removed Pin From Net: NetName=TS_IN12_4 Pin=U2_11-20
Removed Pin From Net: NetName=TS_IN11_4 Pin=U2_11-21
Removed Pin From Net: NetName=TS_IN10_4 Pin=U2_11-22
Removed Pin From Net: NetName=TS_IN9_4 Pin=U2_11-23
Removed Pin From Net: NetName=5V Pin=U2_11-24
Removed Pin From Net: NetName=TS_IN8_4 Pin=U2_12-2
Removed Pin From Net: NetName=TS_IN7_4 Pin=U2_12-3
Removed Pin From Net: NetName=TS_IN6_4 Pin=U2_12-4
Removed Pin From Net: NetName=TS_IN5_4 Pin=U2_12-5
Removed Pin From Net: NetName=TS_IN4_4 Pin=U2_12-6
Removed Pin From Net: NetName=TS_IN3_4 Pin=U2_12-7
Removed Pin From Net: NetName=TS_IN2_4 Pin=U2_12-8
Removed Pin From Net: NetName=TS_IN1_4 Pin=U2_12-9
Removed Pin From Net: NetName=NetU2_1_10 Pin=U2_12-10
Removed Pin From Net: NetName=NetU2_1_11 Pin=U2_12-11
Removed Pin From Net: NetName=GND Pin=U2_12-12
Removed Pin From Net: NetName=NetU2_1_13 Pin=U2_12-13
Removed Pin From Net: NetName=NetU2_1_14 Pin=U2_12-14
Removed Pin From Net: NetName=GND Pin=U2_12-15
Removed Pin From Net: NetName=TS_IN16_4 Pin=U2_12-16
Removed Pin From Net: NetName=TS_IN15_4 Pin=U2_12-17
Removed Pin From Net: NetName=TS_IN14_4 Pin=U2_12-18
Removed Pin From Net: NetName=TS_IN13_4 Pin=U2_12-19
Removed Pin From Net: NetName=TS_IN12_4 Pin=U2_12-20
Removed Pin From Net: NetName=TS_IN11_4 Pin=U2_12-21
Removed Pin From Net: NetName=TS_IN10_4 Pin=U2_12-22
Removed Pin From Net: NetName=TS_IN9_4 Pin=U2_12-23
Removed Pin From Net: NetName=5V Pin=U2_12-24
Removed Pin From Net: NetName=TS_IN8_5 Pin=U2_13-2
Removed Pin From Net: NetName=TS_IN7_5 Pin=U2_13-3
Removed Pin From Net: NetName=TS_IN6_5 Pin=U2_13-4
Removed Pin From Net: NetName=TS_IN5_5 Pin=U2_13-5
Removed Pin From Net: NetName=TS_IN4_5 Pin=U2_13-6
Removed Pin From Net: NetName=TS_IN3_5 Pin=U2_13-7
Removed Pin From Net: NetName=TS_IN2_5 Pin=U2_13-8
Removed Pin From Net: NetName=TS_IN1_5 Pin=U2_13-9
Removed Pin From Net: NetName=NetU2_1_10 Pin=U2_13-10
Removed Pin From Net: NetName=NetU2_1_11 Pin=U2_13-11
Removed Pin From Net: NetName=GND Pin=U2_13-12
Removed Pin From Net: NetName=NetU2_1_13 Pin=U2_13-13
Removed Pin From Net: NetName=NetU2_1_14 Pin=U2_13-14
Removed Pin From Net: NetName=GND Pin=U2_13-15
Removed Pin From Net: NetName=TS_IN16_5 Pin=U2_13-16
Removed Pin From Net: NetName=TS_IN15_5 Pin=U2_13-17
Removed Pin From Net: NetName=TS_IN14_5 Pin=U2_13-18
Removed Pin From Net: NetName=TS_IN13_5 Pin=U2_13-19
Removed Pin From Net: NetName=TS_IN12_5 Pin=U2_13-20
Removed Pin From Net: NetName=TS_IN11_5 Pin=U2_13-21
Removed Pin From Net: NetName=TS_IN10_5 Pin=U2_13-22
Removed Pin From Net: NetName=TS_IN9_5 Pin=U2_13-23
Removed Pin From Net: NetName=5V Pin=U2_13-24
Removed Pin From Net: NetName=TS_IN8_5 Pin=U2_14-2
Removed Pin From Net: NetName=TS_IN7_5 Pin=U2_14-3
Removed Pin From Net: NetName=TS_IN6_5 Pin=U2_14-4
Removed Pin From Net: NetName=TS_IN5_5 Pin=U2_14-5
Removed Pin From Net: NetName=TS_IN4_5 Pin=U2_14-6
Removed Pin From Net: NetName=TS_IN3_5 Pin=U2_14-7
Removed Pin From Net: NetName=TS_IN2_5 Pin=U2_14-8
Removed Pin From Net: NetName=TS_IN1_5 Pin=U2_14-9
Removed Pin From Net: NetName=NetU2_1_10 Pin=U2_14-10
Removed Pin From Net: NetName=NetU2_1_11 Pin=U2_14-11
Removed Pin From Net: NetName=GND Pin=U2_14-12
Removed Pin From Net: NetName=NetU2_1_13 Pin=U2_14-13
Removed Pin From Net: NetName=NetU2_1_14 Pin=U2_14-14
Removed Pin From Net: NetName=GND Pin=U2_14-15
Removed Pin From Net: NetName=TS_IN16_5 Pin=U2_14-16
Removed Pin From Net: NetName=TS_IN15_5 Pin=U2_14-17
Removed Pin From Net: NetName=TS_IN14_5 Pin=U2_14-18
Removed Pin From Net: NetName=TS_IN13_5 Pin=U2_14-19
Removed Pin From Net: NetName=TS_IN12_5 Pin=U2_14-20
Removed Pin From Net: NetName=TS_IN11_5 Pin=U2_14-21
Removed Pin From Net: NetName=TS_IN10_5 Pin=U2_14-22
Removed Pin From Net: NetName=TS_IN9_5 Pin=U2_14-23
Removed Pin From Net: NetName=5V Pin=U2_14-24
Removed Pin From Net: NetName=TS_IN8_5 Pin=U2_15-2
Removed Pin From Net: NetName=TS_IN7_5 Pin=U2_15-3
Removed Pin From Net: NetName=TS_IN6_5 Pin=U2_15-4
Removed Pin From Net: NetName=TS_IN5_5 Pin=U2_15-5
Removed Pin From Net: NetName=TS_IN4_5 Pin=U2_15-6
Removed Pin From Net: NetName=TS_IN3_5 Pin=U2_15-7
Removed Pin From Net: NetName=TS_IN2_5 Pin=U2_15-8
Removed Pin From Net: NetName=TS_IN1_5 Pin=U2_15-9
Removed Pin From Net: NetName=NetU2_1_10 Pin=U2_15-10
Removed Pin From Net: NetName=NetU2_1_11 Pin=U2_15-11
Removed Pin From Net: NetName=GND Pin=U2_15-12
Removed Pin From Net: NetName=NetU2_1_13 Pin=U2_15-13
Removed Pin From Net: NetName=NetU2_1_14 Pin=U2_15-14
Removed Pin From Net: NetName=GND Pin=U2_15-15
Removed Pin From Net: NetName=TS_IN16_5 Pin=U2_15-16
Removed Pin From Net: NetName=TS_IN15_5 Pin=U2_15-17
Removed Pin From Net: NetName=TS_IN14_5 Pin=U2_15-18
Removed Pin From Net: NetName=TS_IN13_5 Pin=U2_15-19
Removed Pin From Net: NetName=TS_IN12_5 Pin=U2_15-20
Removed Pin From Net: NetName=TS_IN11_5 Pin=U2_15-21
Removed Pin From Net: NetName=TS_IN10_5 Pin=U2_15-22
Removed Pin From Net: NetName=TS_IN9_5 Pin=U2_15-23
Removed Pin From Net: NetName=5V Pin=U2_15-24
Added Component: Designator=C3_1(0.1uF_Kemet)
Add component. Clean all parameters for all variants
Add component (AddParameter): Name = "Supplier 1"; Value = "Digi-Key"; VariantName = "[No Variations]"
Add component (AddParameter): Name = "Supplier Part Number 1"; Value = "399-14477-1-ND"; VariantName = "[No Variations]"
Added Component: Designator=C3_2(0.1uF_Kemet)
Add component. Clean all parameters for all variants
Add component (AddParameter): Name = "Supplier 1"; Value = "Digi-Key"; VariantName = "[No Variations]"
Add component (AddParameter): Name = "Supplier Part Number 1"; Value = "399-14477-1-ND"; VariantName = "[No Variations]"
Added Component: Designator=C3_3(0.1uF_Kemet)
Add component. Clean all parameters for all variants
Add component (AddParameter): Name = "Supplier 1"; Value = "Digi-Key"; VariantName = "[No Variations]"
Add component (AddParameter): Name = "Supplier Part Number 1"; Value = "399-14477-1-ND"; VariantName = "[No Variations]"
Added Component: Designator=C3_4(0.1uF_Kemet)
Add component. Clean all parameters for all variants
Add component (AddParameter): Name = "Supplier 1"; Value = "Digi-Key"; VariantName = "[No Variations]"
Add component (AddParameter): Name = "Supplier Part Number 1"; Value = "399-14477-1-ND"; VariantName = "[No Variations]"
Added Component: Designator=C3_5(0.1uF_Kemet)
Add component. Clean all parameters for all variants
Add component (AddParameter): Name = "Supplier 1"; Value = "Digi-Key"; VariantName = "[No Variations]"
Add component (AddParameter): Name = "Supplier Part Number 1"; Value = "399-14477-1-ND"; VariantName = "[No Variations]"
Added Component: Designator=C4_1(1uf_Samsung)
Add component. Clean all parameters for all variants
Add component (AddParameter): Name = "Supplier 1"; Value = "Digi-Key"; VariantName = "[No Variations]"
Add component (AddParameter): Name = "Supplier Part Number 1"; Value = "1276-1946-1-ND"; VariantName = "[No Variations]"
Added Component: Designator=C4_2(1uf_Samsung)
Add component. Clean all parameters for all variants
Add component (AddParameter): Name = "Supplier 1"; Value = "Digi-Key"; VariantName = "[No Variations]"
Add component (AddParameter): Name = "Supplier Part Number 1"; Value = "1276-1946-1-ND"; VariantName = "[No Variations]"
Added Component: Designator=C4_3(1uf_Samsung)
Add component. Clean all parameters for all variants
Add component (AddParameter): Name = "Supplier 1"; Value = "Digi-Key"; VariantName = "[No Variations]"
Add component (AddParameter): Name = "Supplier Part Number 1"; Value = "1276-1946-1-ND"; VariantName = "[No Variations]"
Added Component: Designator=C4_4(1uf_Samsung)
Add component. Clean all parameters for all variants
Add component (AddParameter): Name = "Supplier 1"; Value = "Digi-Key"; VariantName = "[No Variations]"
Add component (AddParameter): Name = "Supplier Part Number 1"; Value = "1276-1946-1-ND"; VariantName = "[No Variations]"
Added Component: Designator=C4_5(1uf_Samsung)
Add component. Clean all parameters for all variants
Add component (AddParameter): Name = "Supplier 1"; Value = "Digi-Key"; VariantName = "[No Variations]"
Add component (AddParameter): Name = "Supplier Part Number 1"; Value = "1276-1946-1-ND"; VariantName = "[No Variations]"
Added Component: Designator=C5_1(0.1uF_Kemet)
Add component. Clean all parameters for all variants
Add component (AddParameter): Name = "Supplier 1"; Value = "Digi-Key"; VariantName = "[No Variations]"
Add component (AddParameter): Name = "Supplier Part Number 1"; Value = "399-14477-1-ND"; VariantName = "[No Variations]"
Added Component: Designator=C5_2(0.1uF_Kemet)
Add component. Clean all parameters for all variants
Add component (AddParameter): Name = "Supplier 1"; Value = "Digi-Key"; VariantName = "[No Variations]"
Add component (AddParameter): Name = "Supplier Part Number 1"; Value = "399-14477-1-ND"; VariantName = "[No Variations]"
Added Component: Designator=C5_3(0.1uF_Kemet)
Add component. Clean all parameters for all variants
Add component (AddParameter): Name = "Supplier 1"; Value = "Digi-Key"; VariantName = "[No Variations]"
Add component (AddParameter): Name = "Supplier Part Number 1"; Value = "399-14477-1-ND"; VariantName = "[No Variations]"
Added Component: Designator=C5_4(0.1uF_Kemet)
Add component. Clean all parameters for all variants
Add component (AddParameter): Name = "Supplier 1"; Value = "Digi-Key"; VariantName = "[No Variations]"
Add component (AddParameter): Name = "Supplier Part Number 1"; Value = "399-14477-1-ND"; VariantName = "[No Variations]"
Added Component: Designator=C5_5(0.1uF_Kemet)
Add component. Clean all parameters for all variants
Add component (AddParameter): Name = "Supplier 1"; Value = "Digi-Key"; VariantName = "[No Variations]"
Add component (AddParameter): Name = "Supplier Part Number 1"; Value = "399-14477-1-ND"; VariantName = "[No Variations]"
Added Component: Designator=C6_1(1uf_Samsung)
Add component. Clean all parameters for all variants
Add component (AddParameter): Name = "Supplier 1"; Value = "Digi-Key"; VariantName = "[No Variations]"
Add component (AddParameter): Name = "Supplier Part Number 1"; Value = "1276-1946-1-ND"; VariantName = "[No Variations]"
Added Component: Designator=C6_2(1uf_Samsung)
Add component. Clean all parameters for all variants
Add component (AddParameter): Name = "Supplier 1"; Value = "Digi-Key"; VariantName = "[No Variations]"
Add component (AddParameter): Name = "Supplier Part Number 1"; Value = "1276-1946-1-ND"; VariantName = "[No Variations]"
Added Component: Designator=C6_3(1uf_Samsung)
Add component. Clean all parameters for all variants
Add component (AddParameter): Name = "Supplier 1"; Value = "Digi-Key"; VariantName = "[No Variations]"
Add component (AddParameter): Name = "Supplier Part Number 1"; Value = "1276-1946-1-ND"; VariantName = "[No Variations]"
Added Component: Designator=C6_4(1uf_Samsung)
Add component. Clean all parameters for all variants
Add component (AddParameter): Name = "Supplier 1"; Value = "Digi-Key"; VariantName = "[No Variations]"
Add component (AddParameter): Name = "Supplier Part Number 1"; Value = "1276-1946-1-ND"; VariantName = "[No Variations]"
Added Component: Designator=C6_5(1uf_Samsung)
Add component. Clean all parameters for all variants
Add component (AddParameter): Name = "Supplier 1"; Value = "Digi-Key"; VariantName = "[No Variations]"
Add component (AddParameter): Name = "Supplier Part Number 1"; Value = "1276-1946-1-ND"; VariantName = "[No Variations]"
Added Component: Designator=R2_1(J1-0603)
Add component. Clean all parameters for all variants
Add component (AddParameter): Name = "LatestRevisionDate"; Value = "29-May-2009"; VariantName = "[No Variations]"
Add component (AddParameter): Name = "LatestRevisionNote"; Value = "IPC-7351 Footprint Added."; VariantName = "[No Variations]"
Add component (AddParameter): Name = "PackageDescription"; Value = "Chip Resistor"; VariantName = "[No Variations]"
Add component (AddParameter): Name = "PackageReference"; Value = "J1-0603"; VariantName = "[No Variations]"
Add component (AddParameter): Name = "Published"; Value = "8-Jun-2000"; VariantName = "[No Variations]"
Add component (AddParameter): Name = "Publisher"; Value = "Altium Limited"; VariantName = "[No Variations]"
Add component (AddParameter): Name = "Value"; Value = "3.3K"; VariantName = "[No Variations]"
Added Component: Designator=R2_2(J1-0603)
Add component. Clean all parameters for all variants
Add component (AddParameter): Name = "LatestRevisionDate"; Value = "29-May-2009"; VariantName = "[No Variations]"
Add component (AddParameter): Name = "LatestRevisionNote"; Value = "IPC-7351 Footprint Added."; VariantName = "[No Variations]"
Add component (AddParameter): Name = "PackageDescription"; Value = "Chip Resistor"; VariantName = "[No Variations]"
Add component (AddParameter): Name = "PackageReference"; Value = "J1-0603"; VariantName = "[No Variations]"
Add component (AddParameter): Name = "Published"; Value = "8-Jun-2000"; VariantName = "[No Variations]"
Add component (AddParameter): Name = "Publisher"; Value = "Altium Limited"; VariantName = "[No Variations]"
Add component (AddParameter): Name = "Value"; Value = "3.3K"; VariantName = "[No Variations]"
Added Component: Designator=R2_3(J1-0603)
Add component. Clean all parameters for all variants
Add component (AddParameter): Name = "LatestRevisionDate"; Value = "29-May-2009"; VariantName = "[No Variations]"
Add component (AddParameter): Name = "LatestRevisionNote"; Value = "IPC-7351 Footprint Added."; VariantName = "[No Variations]"
Add component (AddParameter): Name = "PackageDescription"; Value = "Chip Resistor"; VariantName = "[No Variations]"
Add component (AddParameter): Name = "PackageReference"; Value = "J1-0603"; VariantName = "[No Variations]"
Add component (AddParameter): Name = "Published"; Value = "8-Jun-2000"; VariantName = "[No Variations]"
Add component (AddParameter): Name = "Publisher"; Value = "Altium Limited"; VariantName = "[No Variations]"
Add component (AddParameter): Name = "Value"; Value = "3.3K"; VariantName = "[No Variations]"
Added Component: Designator=R2_4(J1-0603)
Add component. Clean all parameters for all variants
Add component (AddParameter): Name = "LatestRevisionDate"; Value = "29-May-2009"; VariantName = "[No Variations]"
Add component (AddParameter): Name = "LatestRevisionNote"; Value = "IPC-7351 Footprint Added."; VariantName = "[No Variations]"
Add component (AddParameter): Name = "PackageDescription"; Value = "Chip Resistor"; VariantName = "[No Variations]"
Add component (AddParameter): Name = "PackageReference"; Value = "J1-0603"; VariantName = "[No Variations]"
Add component (AddParameter): Name = "Published"; Value = "8-Jun-2000"; VariantName = "[No Variations]"
Add component (AddParameter): Name = "Publisher"; Value = "Altium Limited"; VariantName = "[No Variations]"
Add component (AddParameter): Name = "Value"; Value = "3.3K"; VariantName = "[No Variations]"
Added Component: Designator=R2_5(J1-0603)
Add component. Clean all parameters for all variants
Add component (AddParameter): Name = "LatestRevisionDate"; Value = "29-May-2009"; VariantName = "[No Variations]"
Add component (AddParameter): Name = "LatestRevisionNote"; Value = "IPC-7351 Footprint Added."; VariantName = "[No Variations]"
Add component (AddParameter): Name = "PackageDescription"; Value = "Chip Resistor"; VariantName = "[No Variations]"
Add component (AddParameter): Name = "PackageReference"; Value = "J1-0603"; VariantName = "[No Variations]"
Add component (AddParameter): Name = "Published"; Value = "8-Jun-2000"; VariantName = "[No Variations]"
Add component (AddParameter): Name = "Publisher"; Value = "Altium Limited"; VariantName = "[No Variations]"
Add component (AddParameter): Name = "Value"; Value = "3.3K"; VariantName = "[No Variations]"
Added Component: Designator=R3_1(J1-0603)
Add component. Clean all parameters for all variants
Add component (AddParameter): Name = "LatestRevisionDate"; Value = "29-May-2009"; VariantName = "[No Variations]"
Add component (AddParameter): Name = "LatestRevisionNote"; Value = "IPC-7351 Footprint Added."; VariantName = "[No Variations]"
Add component (AddParameter): Name = "PackageDescription"; Value = "Chip Resistor"; VariantName = "[No Variations]"
Add component (AddParameter): Name = "PackageReference"; Value = "J1-0603"; VariantName = "[No Variations]"
Add component (AddParameter): Name = "Published"; Value = "8-Jun-2000"; VariantName = "[No Variations]"
Add component (AddParameter): Name = "Publisher"; Value = "Altium Limited"; VariantName = "[No Variations]"
Add component (AddParameter): Name = "Value"; Value = "3.3K"; VariantName = "[No Variations]"
Added Component: Designator=R3_2(J1-0603)
Add component. Clean all parameters for all variants
Add component (AddParameter): Name = "LatestRevisionDate"; Value = "29-May-2009"; VariantName = "[No Variations]"
Add component (AddParameter): Name = "LatestRevisionNote"; Value = "IPC-7351 Footprint Added."; VariantName = "[No Variations]"
Add component (AddParameter): Name = "PackageDescription"; Value = "Chip Resistor"; VariantName = "[No Variations]"
Add component (AddParameter): Name = "PackageReference"; Value = "J1-0603"; VariantName = "[No Variations]"
Add component (AddParameter): Name = "Published"; Value = "8-Jun-2000"; VariantName = "[No Variations]"
Add component (AddParameter): Name = "Publisher"; Value = "Altium Limited"; VariantName = "[No Variations]"
Add component (AddParameter): Name = "Value"; Value = "3.3K"; VariantName = "[No Variations]"
Added Component: Designator=R3_3(J1-0603)
Add component. Clean all parameters for all variants
Add component (AddParameter): Name = "LatestRevisionDate"; Value = "29-May-2009"; VariantName = "[No Variations]"
Add component (AddParameter): Name = "LatestRevisionNote"; Value = "IPC-7351 Footprint Added."; VariantName = "[No Variations]"
Add component (AddParameter): Name = "PackageDescription"; Value = "Chip Resistor"; VariantName = "[No Variations]"
Add component (AddParameter): Name = "PackageReference"; Value = "J1-0603"; VariantName = "[No Variations]"
Add component (AddParameter): Name = "Published"; Value = "8-Jun-2000"; VariantName = "[No Variations]"
Add component (AddParameter): Name = "Publisher"; Value = "Altium Limited"; VariantName = "[No Variations]"
Add component (AddParameter): Name = "Value"; Value = "3.3K"; VariantName = "[No Variations]"
Added Component: Designator=R3_4(J1-0603)
Add component. Clean all parameters for all variants
Add component (AddParameter): Name = "LatestRevisionDate"; Value = "29-May-2009"; VariantName = "[No Variations]"
Add component (AddParameter): Name = "LatestRevisionNote"; Value = "IPC-7351 Footprint Added."; VariantName = "[No Variations]"
Add component (AddParameter): Name = "PackageDescription"; Value = "Chip Resistor"; VariantName = "[No Variations]"
Add component (AddParameter): Name = "PackageReference"; Value = "J1-0603"; VariantName = "[No Variations]"
Add component (AddParameter): Name = "Published"; Value = "8-Jun-2000"; VariantName = "[No Variations]"
Add component (AddParameter): Name = "Publisher"; Value = "Altium Limited"; VariantName = "[No Variations]"
Add component (AddParameter): Name = "Value"; Value = "3.3K"; VariantName = "[No Variations]"
Added Component: Designator=R3_5(J1-0603)
Add component. Clean all parameters for all variants
Add component (AddParameter): Name = "LatestRevisionDate"; Value = "29-May-2009"; VariantName = "[No Variations]"
Add component (AddParameter): Name = "LatestRevisionNote"; Value = "IPC-7351 Footprint Added."; VariantName = "[No Variations]"
Add component (AddParameter): Name = "PackageDescription"; Value = "Chip Resistor"; VariantName = "[No Variations]"
Add component (AddParameter): Name = "PackageReference"; Value = "J1-0603"; VariantName = "[No Variations]"
Add component (AddParameter): Name = "Published"; Value = "8-Jun-2000"; VariantName = "[No Variations]"
Add component (AddParameter): Name = "Publisher"; Value = "Altium Limited"; VariantName = "[No Variations]"
Add component (AddParameter): Name = "Value"; Value = "3.3K"; VariantName = "[No Variations]"
Added Component: Designator=U3_1(SOIC-24_MUX)
Add component. Clean all parameters for all variants
Add component (AddParameter): Name = "Supplier 1"; Value = "Newark"; VariantName = "[No Variations]"
Add component (AddParameter): Name = "Supplier Part Number 1"; Value = "05B6161"; VariantName = "[No Variations]"
Added Component: Designator=U3_2(SOIC-24_MUX)
Add component. Clean all parameters for all variants
Add component (AddParameter): Name = "Supplier 1"; Value = "Newark"; VariantName = "[No Variations]"
Add component (AddParameter): Name = "Supplier Part Number 1"; Value = "05B6161"; VariantName = "[No Variations]"
Added Component: Designator=U3_3(SOIC-24_MUX)
Add component. Clean all parameters for all variants
Add component (AddParameter): Name = "Supplier 1"; Value = "Newark"; VariantName = "[No Variations]"
Add component (AddParameter): Name = "Supplier Part Number 1"; Value = "05B6161"; VariantName = "[No Variations]"
Added Component: Designator=U3_4(SOIC-24_MUX)
Add component. Clean all parameters for all variants
Add component (AddParameter): Name = "Supplier 1"; Value = "Newark"; VariantName = "[No Variations]"
Add component (AddParameter): Name = "Supplier Part Number 1"; Value = "05B6161"; VariantName = "[No Variations]"
Added Component: Designator=U3_5(SOIC-24_MUX)
Add component. Clean all parameters for all variants
Add component (AddParameter): Name = "Supplier 1"; Value = "Newark"; VariantName = "[No Variations]"
Add component (AddParameter): Name = "Supplier Part Number 1"; Value = "05B6161"; VariantName = "[No Variations]"
Added Component: Designator=U4_1(SOIC-24_MUX)
Add component. Clean all parameters for all variants
Add component (AddParameter): Name = "Supplier 1"; Value = "Newark"; VariantName = "[No Variations]"
Add component (AddParameter): Name = "Supplier Part Number 1"; Value = "05B6161"; VariantName = "[No Variations]"
Added Component: Designator=U4_2(SOIC-24_MUX)
Add component. Clean all parameters for all variants
Add component (AddParameter): Name = "Supplier 1"; Value = "Newark"; VariantName = "[No Variations]"
Add component (AddParameter): Name = "Supplier Part Number 1"; Value = "05B6161"; VariantName = "[No Variations]"
Added Component: Designator=U4_3(SOIC-24_MUX)
Add component. Clean all parameters for all variants
Add component (AddParameter): Name = "Supplier 1"; Value = "Newark"; VariantName = "[No Variations]"
Add component (AddParameter): Name = "Supplier Part Number 1"; Value = "05B6161"; VariantName = "[No Variations]"
Added Component: Designator=U4_4(SOIC-24_MUX)
Add component. Clean all parameters for all variants
Add component (AddParameter): Name = "Supplier 1"; Value = "Newark"; VariantName = "[No Variations]"
Add component (AddParameter): Name = "Supplier Part Number 1"; Value = "05B6161"; VariantName = "[No Variations]"
Added Component: Designator=U4_5(SOIC-24_MUX)
Add component. Clean all parameters for all variants
Add component (AddParameter): Name = "Supplier 1"; Value = "Newark"; VariantName = "[No Variations]"
Add component (AddParameter): Name = "Supplier Part Number 1"; Value = "05B6161"; VariantName = "[No Variations]"
Added Pin To Net: NetName=GND Pin=C3_1-1
Added Pin To Net: NetName=5V Pin=C3_1-2
Added Pin To Net: NetName=GND Pin=C3_2-1
Added Pin To Net: NetName=5V Pin=C3_2-2
Added Pin To Net: NetName=GND Pin=C3_3-1
Added Pin To Net: NetName=5V Pin=C3_3-2
Added Pin To Net: NetName=GND Pin=C3_4-1
Added Pin To Net: NetName=5V Pin=C3_4-2
Added Pin To Net: NetName=GND Pin=C3_5-1
Added Pin To Net: NetName=5V Pin=C3_5-2
Added Pin To Net: NetName=GND Pin=C4_1-1
Added Pin To Net: NetName=5V Pin=C4_1-2
Added Pin To Net: NetName=GND Pin=C4_2-1
Added Pin To Net: NetName=5V Pin=C4_2-2
Added Pin To Net: NetName=GND Pin=C4_3-1
Added Pin To Net: NetName=5V Pin=C4_3-2
Added Pin To Net: NetName=GND Pin=C4_4-1
Added Pin To Net: NetName=5V Pin=C4_4-2
Added Pin To Net: NetName=GND Pin=C4_5-1
Added Pin To Net: NetName=5V Pin=C4_5-2
Added Pin To Net: NetName=GND Pin=C5_1-1
Added Pin To Net: NetName=5V Pin=C5_1-2
Added Pin To Net: NetName=GND Pin=C5_2-1
Added Pin To Net: NetName=5V Pin=C5_2-2
Added Pin To Net: NetName=GND Pin=C5_3-1
Added Pin To Net: NetName=5V Pin=C5_3-2
Added Pin To Net: NetName=GND Pin=C5_4-1
Added Pin To Net: NetName=5V Pin=C5_4-2
Added Pin To Net: NetName=GND Pin=C5_5-1
Added Pin To Net: NetName=5V Pin=C5_5-2
Added Pin To Net: NetName=GND Pin=C6_1-1
Added Pin To Net: NetName=5V Pin=C6_1-2
Added Pin To Net: NetName=GND Pin=C6_2-1
Added Pin To Net: NetName=5V Pin=C6_2-2
Added Pin To Net: NetName=GND Pin=C6_3-1
Added Pin To Net: NetName=5V Pin=C6_3-2
Added Pin To Net: NetName=GND Pin=C6_4-1
Added Pin To Net: NetName=5V Pin=C6_4-2
Added Pin To Net: NetName=GND Pin=C6_5-1
Added Pin To Net: NetName=5V Pin=C6_5-2
Added Pin To Net: NetName=NetR1_1_2 Pin=R1_4-2
Added Pin To Net: NetName=NetR1_1_2 Pin=R1_5-2
Added Pin To Net: NetName=5V Pin=R2_1-1
Added Pin To Net: NetName=5V Pin=R2_2-1
Added Pin To Net: NetName=5V Pin=R2_3-1
Added Pin To Net: NetName=5V Pin=R2_4-1
Added Pin To Net: NetName=5V Pin=R2_5-1
Added Pin To Net: NetName=5V Pin=R3_1-1
Added Pin To Net: NetName=5V Pin=R3_2-1
Added Pin To Net: NetName=5V Pin=R3_3-1
Added Pin To Net: NetName=5V Pin=R3_4-1
Added Pin To Net: NetName=5V Pin=R3_5-1
Added Pin To Net: NetName=TS_IN8_2 Pin=U2_2-2
Added Pin To Net: NetName=TS_IN7_2 Pin=U2_2-3
Added Pin To Net: NetName=TS_IN6_2 Pin=U2_2-4
Added Pin To Net: NetName=TS_IN5_2 Pin=U2_2-5
Added Pin To Net: NetName=TS_IN4_2 Pin=U2_2-6
Added Pin To Net: NetName=TS_IN3_2 Pin=U2_2-7
Added Pin To Net: NetName=TS_IN2_2 Pin=U2_2-8
Added Pin To Net: NetName=TS_IN1_2 Pin=U2_2-9
Added Pin To Net: NetName=TS_IN16_2 Pin=U2_2-16
Added Pin To Net: NetName=TS_IN15_2 Pin=U2_2-17
Added Pin To Net: NetName=TS_IN14_2 Pin=U2_2-18
Added Pin To Net: NetName=TS_IN13_2 Pin=U2_2-19
Added Pin To Net: NetName=TS_IN12_2 Pin=U2_2-20
Added Pin To Net: NetName=TS_IN11_2 Pin=U2_2-21
Added Pin To Net: NetName=TS_IN10_2 Pin=U2_2-22
Added Pin To Net: NetName=TS_IN9_2 Pin=U2_2-23
Added Pin To Net: NetName=TS_IN8_3 Pin=U2_3-2
Added Pin To Net: NetName=TS_IN7_3 Pin=U2_3-3
Added Pin To Net: NetName=TS_IN6_3 Pin=U2_3-4
Added Pin To Net: NetName=TS_IN5_3 Pin=U2_3-5
Added Pin To Net: NetName=TS_IN4_3 Pin=U2_3-6
Added Pin To Net: NetName=TS_IN3_3 Pin=U2_3-7
Added Pin To Net: NetName=TS_IN2_3 Pin=U2_3-8
Added Pin To Net: NetName=TS_IN1_3 Pin=U2_3-9
Added Pin To Net: NetName=TS_IN16_3 Pin=U2_3-16
Added Pin To Net: NetName=TS_IN15_3 Pin=U2_3-17
Added Pin To Net: NetName=TS_IN14_3 Pin=U2_3-18
Added Pin To Net: NetName=TS_IN13_3 Pin=U2_3-19
Added Pin To Net: NetName=TS_IN12_3 Pin=U2_3-20
Added Pin To Net: NetName=TS_IN11_3 Pin=U2_3-21
Added Pin To Net: NetName=TS_IN10_3 Pin=U2_3-22
Added Pin To Net: NetName=TS_IN9_3 Pin=U2_3-23
Added Pin To Net: NetName=NetR1_1_2 Pin=U2_4-1
Added Pin To Net: NetName=TS_IN8_4 Pin=U2_4-2
Added Pin To Net: NetName=TS_IN7_4 Pin=U2_4-3
Added Pin To Net: NetName=TS_IN6_4 Pin=U2_4-4
Added Pin To Net: NetName=TS_IN5_4 Pin=U2_4-5
Added Pin To Net: NetName=TS_IN4_4 Pin=U2_4-6
Added Pin To Net: NetName=TS_IN3_4 Pin=U2_4-7
Added Pin To Net: NetName=TS_IN2_4 Pin=U2_4-8
Added Pin To Net: NetName=TS_IN1_4 Pin=U2_4-9
Added Pin To Net: NetName=TS_IN16_4 Pin=U2_4-16
Added Pin To Net: NetName=TS_IN15_4 Pin=U2_4-17
Added Pin To Net: NetName=TS_IN14_4 Pin=U2_4-18
Added Pin To Net: NetName=TS_IN13_4 Pin=U2_4-19
Added Pin To Net: NetName=TS_IN12_4 Pin=U2_4-20
Added Pin To Net: NetName=TS_IN11_4 Pin=U2_4-21
Added Pin To Net: NetName=TS_IN10_4 Pin=U2_4-22
Added Pin To Net: NetName=TS_IN9_4 Pin=U2_4-23
Added Pin To Net: NetName=NetR1_1_2 Pin=U2_5-1
Added Pin To Net: NetName=TS_IN8_5 Pin=U2_5-2
Added Pin To Net: NetName=TS_IN7_5 Pin=U2_5-3
Added Pin To Net: NetName=TS_IN6_5 Pin=U2_5-4
Added Pin To Net: NetName=TS_IN5_5 Pin=U2_5-5
Added Pin To Net: NetName=TS_IN4_5 Pin=U2_5-6
Added Pin To Net: NetName=TS_IN3_5 Pin=U2_5-7
Added Pin To Net: NetName=TS_IN2_5 Pin=U2_5-8
Added Pin To Net: NetName=TS_IN1_5 Pin=U2_5-9
Added Pin To Net: NetName=TS_IN16_5 Pin=U2_5-16
Added Pin To Net: NetName=TS_IN15_5 Pin=U2_5-17
Added Pin To Net: NetName=TS_IN14_5 Pin=U2_5-18
Added Pin To Net: NetName=TS_IN13_5 Pin=U2_5-19
Added Pin To Net: NetName=TS_IN12_5 Pin=U2_5-20
Added Pin To Net: NetName=TS_IN11_5 Pin=U2_5-21
Added Pin To Net: NetName=TS_IN10_5 Pin=U2_5-22
Added Pin To Net: NetName=TS_IN9_5 Pin=U2_5-23
Added Pin To Net: NetName=TS_IN24_1 Pin=U3_1-2
Added Pin To Net: NetName=TS_IN23_1 Pin=U3_1-3
Added Pin To Net: NetName=TS_IN22_1 Pin=U3_1-4
Added Pin To Net: NetName=TS_IN21_1 Pin=U3_1-5
Added Pin To Net: NetName=TS_IN20_1 Pin=U3_1-6
Added Pin To Net: NetName=TS_IN19_1 Pin=U3_1-7
Added Pin To Net: NetName=TS_IN18_1 Pin=U3_1-8
Added Pin To Net: NetName=TS_IN17_1 Pin=U3_1-9
Added Pin To Net: NetName=NetU2_1_10 Pin=U3_1-10
Added Pin To Net: NetName=NetU2_1_11 Pin=U3_1-11
Added Pin To Net: NetName=GND Pin=U3_1-12
Added Pin To Net: NetName=NetU2_1_13 Pin=U3_1-13
Added Pin To Net: NetName=NetU2_1_14 Pin=U3_1-14
Added Pin To Net: NetName=GND Pin=U3_1-15
Added Pin To Net: NetName=TS_IN32_1 Pin=U3_1-16
Added Pin To Net: NetName=TS_IN31_1 Pin=U3_1-17
Added Pin To Net: NetName=TS_IN30_1 Pin=U3_1-18
Added Pin To Net: NetName=TS_IN29_1 Pin=U3_1-19
Added Pin To Net: NetName=TS_IN28_1 Pin=U3_1-20
Added Pin To Net: NetName=TS_IN27_1 Pin=U3_1-21
Added Pin To Net: NetName=TS_IN26_1 Pin=U3_1-22
Added Pin To Net: NetName=TS_IN25_1 Pin=U3_1-23
Added Pin To Net: NetName=5V Pin=U3_1-24
Added Pin To Net: NetName=TS_IN24_2 Pin=U3_2-2
Added Pin To Net: NetName=TS_IN23_2 Pin=U3_2-3
Added Pin To Net: NetName=TS_IN22_2 Pin=U3_2-4
Added Pin To Net: NetName=TS_IN21_2 Pin=U3_2-5
Added Pin To Net: NetName=TS_IN20_2 Pin=U3_2-6
Added Pin To Net: NetName=TS_IN19_2 Pin=U3_2-7
Added Pin To Net: NetName=TS_IN18_2 Pin=U3_2-8
Added Pin To Net: NetName=TS_IN17_2 Pin=U3_2-9
Added Pin To Net: NetName=NetU2_1_10 Pin=U3_2-10
Added Pin To Net: NetName=NetU2_1_11 Pin=U3_2-11
Added Pin To Net: NetName=GND Pin=U3_2-12
Added Pin To Net: NetName=NetU2_1_13 Pin=U3_2-13
Added Pin To Net: NetName=NetU2_1_14 Pin=U3_2-14
Added Pin To Net: NetName=GND Pin=U3_2-15
Added Pin To Net: NetName=TS_IN32_2 Pin=U3_2-16
Added Pin To Net: NetName=TS_IN31_2 Pin=U3_2-17
Added Pin To Net: NetName=TS_IN30_2 Pin=U3_2-18
Added Pin To Net: NetName=TS_IN29_2 Pin=U3_2-19
Added Pin To Net: NetName=TS_IN28_2 Pin=U3_2-20
Added Pin To Net: NetName=TS_IN27_2 Pin=U3_2-21
Added Pin To Net: NetName=TS_IN26_2 Pin=U3_2-22
Added Pin To Net: NetName=TS_IN25_2 Pin=U3_2-23
Added Pin To Net: NetName=5V Pin=U3_2-24
Added Pin To Net: NetName=TS_IN24_3 Pin=U3_3-2
Added Pin To Net: NetName=TS_IN23_3 Pin=U3_3-3
Added Pin To Net: NetName=TS_IN22_3 Pin=U3_3-4
Added Pin To Net: NetName=TS_IN21_3 Pin=U3_3-5
Added Pin To Net: NetName=TS_IN20_3 Pin=U3_3-6
Added Pin To Net: NetName=TS_IN19_3 Pin=U3_3-7
Added Pin To Net: NetName=TS_IN18_3 Pin=U3_3-8
Added Pin To Net: NetName=TS_IN17_3 Pin=U3_3-9
Added Pin To Net: NetName=NetU2_1_10 Pin=U3_3-10
Added Pin To Net: NetName=NetU2_1_11 Pin=U3_3-11
Added Pin To Net: NetName=GND Pin=U3_3-12
Added Pin To Net: NetName=NetU2_1_13 Pin=U3_3-13
Added Pin To Net: NetName=NetU2_1_14 Pin=U3_3-14
Added Pin To Net: NetName=GND Pin=U3_3-15
Added Pin To Net: NetName=TS_IN32_3 Pin=U3_3-16
Added Pin To Net: NetName=TS_IN31_3 Pin=U3_3-17
Added Pin To Net: NetName=TS_IN30_3 Pin=U3_3-18
Added Pin To Net: NetName=TS_IN29_3 Pin=U3_3-19
Added Pin To Net: NetName=TS_IN28_3 Pin=U3_3-20
Added Pin To Net: NetName=TS_IN27_3 Pin=U3_3-21
Added Pin To Net: NetName=TS_IN26_3 Pin=U3_3-22
Added Pin To Net: NetName=TS_IN25_3 Pin=U3_3-23
Added Pin To Net: NetName=5V Pin=U3_3-24
Added Pin To Net: NetName=TS_IN24_4 Pin=U3_4-2
Added Pin To Net: NetName=TS_IN23_4 Pin=U3_4-3
Added Pin To Net: NetName=TS_IN22_4 Pin=U3_4-4
Added Pin To Net: NetName=TS_IN21_4 Pin=U3_4-5
Added Pin To Net: NetName=TS_IN20_4 Pin=U3_4-6
Added Pin To Net: NetName=TS_IN19_4 Pin=U3_4-7
Added Pin To Net: NetName=TS_IN18_4 Pin=U3_4-8
Added Pin To Net: NetName=TS_IN17_4 Pin=U3_4-9
Added Pin To Net: NetName=NetU2_1_10 Pin=U3_4-10
Added Pin To Net: NetName=NetU2_1_11 Pin=U3_4-11
Added Pin To Net: NetName=GND Pin=U3_4-12
Added Pin To Net: NetName=NetU2_1_13 Pin=U3_4-13
Added Pin To Net: NetName=NetU2_1_14 Pin=U3_4-14
Added Pin To Net: NetName=GND Pin=U3_4-15
Added Pin To Net: NetName=TS_IN32_4 Pin=U3_4-16
Added Pin To Net: NetName=TS_IN31_4 Pin=U3_4-17
Added Pin To Net: NetName=TS_IN30_4 Pin=U3_4-18
Added Pin To Net: NetName=TS_IN29_4 Pin=U3_4-19
Added Pin To Net: NetName=TS_IN28_4 Pin=U3_4-20
Added Pin To Net: NetName=TS_IN27_4 Pin=U3_4-21
Added Pin To Net: NetName=TS_IN26_4 Pin=U3_4-22
Added Pin To Net: NetName=TS_IN25_4 Pin=U3_4-23
Added Pin To Net: NetName=5V Pin=U3_4-24
Added Pin To Net: NetName=TS_IN24_5 Pin=U3_5-2
Added Pin To Net: NetName=TS_IN23_5 Pin=U3_5-3
Added Pin To Net: NetName=TS_IN22_5 Pin=U3_5-4
Added Pin To Net: NetName=TS_IN21_5 Pin=U3_5-5
Added Pin To Net: NetName=TS_IN20_5 Pin=U3_5-6
Added Pin To Net: NetName=TS_IN19_5 Pin=U3_5-7
Added Pin To Net: NetName=TS_IN18_5 Pin=U3_5-8
Added Pin To Net: NetName=TS_IN17_5 Pin=U3_5-9
Added Pin To Net: NetName=NetU2_1_10 Pin=U3_5-10
Added Pin To Net: NetName=NetU2_1_11 Pin=U3_5-11
Added Pin To Net: NetName=GND Pin=U3_5-12
Added Pin To Net: NetName=NetU2_1_13 Pin=U3_5-13
Added Pin To Net: NetName=NetU2_1_14 Pin=U3_5-14
Added Pin To Net: NetName=GND Pin=U3_5-15
Added Pin To Net: NetName=TS_IN32_5 Pin=U3_5-16
Added Pin To Net: NetName=TS_IN31_5 Pin=U3_5-17
Added Pin To Net: NetName=TS_IN30_5 Pin=U3_5-18
Added Pin To Net: NetName=TS_IN29_5 Pin=U3_5-19
Added Pin To Net: NetName=TS_IN28_5 Pin=U3_5-20
Added Pin To Net: NetName=TS_IN27_5 Pin=U3_5-21
Added Pin To Net: NetName=TS_IN26_5 Pin=U3_5-22
Added Pin To Net: NetName=TS_IN25_5 Pin=U3_5-23
Added Pin To Net: NetName=5V Pin=U3_5-24
Added Pin To Net: NetName=TS_IN40_1 Pin=U4_1-2
Added Pin To Net: NetName=TS_IN39_1 Pin=U4_1-3
Added Pin To Net: NetName=TS_IN38_1 Pin=U4_1-4
Added Pin To Net: NetName=TS_IN37_1 Pin=U4_1-5
Added Pin To Net: NetName=TS_IN36_1 Pin=U4_1-6
Added Pin To Net: NetName=TS_IN35_1 Pin=U4_1-7
Added Pin To Net: NetName=TS_IN34_1 Pin=U4_1-8
Added Pin To Net: NetName=TS_IN33_1 Pin=U4_1-9
Added Pin To Net: NetName=NetU2_1_10 Pin=U4_1-10
Added Pin To Net: NetName=NetU2_1_11 Pin=U4_1-11
Added Pin To Net: NetName=GND Pin=U4_1-12
Added Pin To Net: NetName=NetU2_1_13 Pin=U4_1-13
Added Pin To Net: NetName=NetU2_1_14 Pin=U4_1-14
Added Pin To Net: NetName=GND Pin=U4_1-15
Added Pin To Net: NetName=TS_IN48_1 Pin=U4_1-16
Added Pin To Net: NetName=TS_IN47_1 Pin=U4_1-17
Added Pin To Net: NetName=TS_IN46_1 Pin=U4_1-18
Added Pin To Net: NetName=TS_IN45_1 Pin=U4_1-19
Added Pin To Net: NetName=TS_IN44_1 Pin=U4_1-20
Added Pin To Net: NetName=TS_IN43_1 Pin=U4_1-21
Added Pin To Net: NetName=TS_IN42_1 Pin=U4_1-22
Added Pin To Net: NetName=TS_IN41_1 Pin=U4_1-23
Added Pin To Net: NetName=5V Pin=U4_1-24
Added Pin To Net: NetName=TS_IN40_2 Pin=U4_2-2
Added Pin To Net: NetName=TS_IN39_2 Pin=U4_2-3
Added Pin To Net: NetName=TS_IN38_2 Pin=U4_2-4
Added Pin To Net: NetName=TS_IN37_2 Pin=U4_2-5
Added Pin To Net: NetName=TS_IN36_2 Pin=U4_2-6
Added Pin To Net: NetName=TS_IN35_2 Pin=U4_2-7
Added Pin To Net: NetName=TS_IN34_2 Pin=U4_2-8
Added Pin To Net: NetName=TS_IN33_2 Pin=U4_2-9
Added Pin To Net: NetName=NetU2_1_10 Pin=U4_2-10
Added Pin To Net: NetName=NetU2_1_11 Pin=U4_2-11
Added Pin To Net: NetName=GND Pin=U4_2-12
Added Pin To Net: NetName=NetU2_1_13 Pin=U4_2-13
Added Pin To Net: NetName=NetU2_1_14 Pin=U4_2-14
Added Pin To Net: NetName=GND Pin=U4_2-15
Added Pin To Net: NetName=TS_IN48_2 Pin=U4_2-16
Added Pin To Net: NetName=TS_IN47_2 Pin=U4_2-17
Added Pin To Net: NetName=TS_IN46_2 Pin=U4_2-18
Added Pin To Net: NetName=TS_IN45_2 Pin=U4_2-19
Added Pin To Net: NetName=TS_IN44_2 Pin=U4_2-20
Added Pin To Net: NetName=TS_IN43_2 Pin=U4_2-21
Added Pin To Net: NetName=TS_IN42_2 Pin=U4_2-22
Added Pin To Net: NetName=TS_IN41_2 Pin=U4_2-23
Added Pin To Net: NetName=5V Pin=U4_2-24
Added Pin To Net: NetName=TS_IN40_3 Pin=U4_3-2
Added Pin To Net: NetName=TS_IN39_3 Pin=U4_3-3
Added Pin To Net: NetName=TS_IN38_3 Pin=U4_3-4
Added Pin To Net: NetName=TS_IN37_3 Pin=U4_3-5
Added Pin To Net: NetName=TS_IN36_3 Pin=U4_3-6
Added Pin To Net: NetName=TS_IN35_3 Pin=U4_3-7
Added Pin To Net: NetName=TS_IN34_3 Pin=U4_3-8
Added Pin To Net: NetName=TS_IN33_3 Pin=U4_3-9
Added Pin To Net: NetName=NetU2_1_10 Pin=U4_3-10
Added Pin To Net: NetName=NetU2_1_11 Pin=U4_3-11
Added Pin To Net: NetName=GND Pin=U4_3-12
Added Pin To Net: NetName=NetU2_1_13 Pin=U4_3-13
Added Pin To Net: NetName=NetU2_1_14 Pin=U4_3-14
Added Pin To Net: NetName=GND Pin=U4_3-15
Added Pin To Net: NetName=TS_IN48_3 Pin=U4_3-16
Added Pin To Net: NetName=TS_IN47_3 Pin=U4_3-17
Added Pin To Net: NetName=TS_IN46_3 Pin=U4_3-18
Added Pin To Net: NetName=TS_IN45_3 Pin=U4_3-19
Added Pin To Net: NetName=TS_IN44_3 Pin=U4_3-20
Added Pin To Net: NetName=TS_IN43_3 Pin=U4_3-21
Added Pin To Net: NetName=TS_IN42_3 Pin=U4_3-22
Added Pin To Net: NetName=TS_IN41_3 Pin=U4_3-23
Added Pin To Net: NetName=5V Pin=U4_3-24
Added Pin To Net: NetName=TS_IN40_4 Pin=U4_4-2
Added Pin To Net: NetName=TS_IN39_4 Pin=U4_4-3
Added Pin To Net: NetName=TS_IN38_4 Pin=U4_4-4
Added Pin To Net: NetName=TS_IN37_4 Pin=U4_4-5
Added Pin To Net: NetName=TS_IN36_4 Pin=U4_4-6
Added Pin To Net: NetName=TS_IN35_4 Pin=U4_4-7
Added Pin To Net: NetName=TS_IN34_4 Pin=U4_4-8
Added Pin To Net: NetName=TS_IN33_4 Pin=U4_4-9
Added Pin To Net: NetName=NetU2_1_10 Pin=U4_4-10
Added Pin To Net: NetName=NetU2_1_11 Pin=U4_4-11
Added Pin To Net: NetName=GND Pin=U4_4-12
Added Pin To Net: NetName=NetU2_1_13 Pin=U4_4-13
Added Pin To Net: NetName=NetU2_1_14 Pin=U4_4-14
Added Pin To Net: NetName=GND Pin=U4_4-15
Added Pin To Net: NetName=TS_IN48_4 Pin=U4_4-16
Added Pin To Net: NetName=TS_IN47_4 Pin=U4_4-17
Added Pin To Net: NetName=TS_IN46_4 Pin=U4_4-18
Added Pin To Net: NetName=TS_IN45_4 Pin=U4_4-19
Added Pin To Net: NetName=TS_IN44_4 Pin=U4_4-20
Added Pin To Net: NetName=TS_IN43_4 Pin=U4_4-21
Added Pin To Net: NetName=TS_IN42_4 Pin=U4_4-22
Added Pin To Net: NetName=TS_IN41_4 Pin=U4_4-23
Added Pin To Net: NetName=5V Pin=U4_4-24
Added Pin To Net: NetName=TS_IN40_5 Pin=U4_5-2
Added Pin To Net: NetName=TS_IN39_5 Pin=U4_5-3
Added Pin To Net: NetName=TS_IN38_5 Pin=U4_5-4
Added Pin To Net: NetName=TS_IN37_5 Pin=U4_5-5
Added Pin To Net: NetName=TS_IN36_5 Pin=U4_5-6
Added Pin To Net: NetName=TS_IN35_5 Pin=U4_5-7
Added Pin To Net: NetName=TS_IN34_5 Pin=U4_5-8
Added Pin To Net: NetName=TS_IN33_5 Pin=U4_5-9
Added Pin To Net: NetName=NetU2_1_10 Pin=U4_5-10
Added Pin To Net: NetName=NetU2_1_11 Pin=U4_5-11
Added Pin To Net: NetName=GND Pin=U4_5-12
Added Pin To Net: NetName=NetU2_1_13 Pin=U4_5-13
Added Pin To Net: NetName=NetU2_1_14 Pin=U4_5-14
Added Pin To Net: NetName=GND Pin=U4_5-15
Added Pin To Net: NetName=TS_IN48_5 Pin=U4_5-16
Added Pin To Net: NetName=TS_IN47_5 Pin=U4_5-17
Added Pin To Net: NetName=TS_IN46_5 Pin=U4_5-18
Added Pin To Net: NetName=TS_IN45_5 Pin=U4_5-19
Added Pin To Net: NetName=TS_IN44_5 Pin=U4_5-20
Added Pin To Net: NetName=TS_IN43_5 Pin=U4_5-21
Added Pin To Net: NetName=TS_IN42_5 Pin=U4_5-22
Added Pin To Net: NetName=TS_IN41_5 Pin=U4_5-23
Added Pin To Net: NetName=5V Pin=U4_5-24
Change Net Name : Old Net Name=NetU2_1_10 New Net Name=S0_1
Change Net Name : Old Net Name=NetU2_1_11 New Net Name=S1_1
Change Net Name : Old Net Name=NetU2_1_13 New Net Name=S3_1
Change Net Name : Old Net Name=NetU2_1_14 New Net Name=S2_1
Added Pin To Net: NetName=NetR2_1_2 Pin=R2_1-2
Added Pin To Net: NetName=NetR2_1_2 Pin=R2_2-2
Added Pin To Net: NetName=NetR2_1_2 Pin=R2_3-2
Added Pin To Net: NetName=NetR2_1_2 Pin=R2_4-2
Added Pin To Net: NetName=NetR2_1_2 Pin=R2_5-2
Added Pin To Net: NetName=NetR2_1_2 Pin=U3_1-1
Added Pin To Net: NetName=NetR2_1_2 Pin=U3_2-1
Added Pin To Net: NetName=NetR2_1_2 Pin=U3_3-1
Added Pin To Net: NetName=NetR2_1_2 Pin=U3_4-1
Added Pin To Net: NetName=NetR2_1_2 Pin=U3_5-1
Added Net: Name=NetR2_1_2
Added Pin To Net: NetName=NetR3_1_2 Pin=R3_1-2
Added Pin To Net: NetName=NetR3_1_2 Pin=R3_2-2
Added Pin To Net: NetName=NetR3_1_2 Pin=R3_3-2
Added Pin To Net: NetName=NetR3_1_2 Pin=R3_4-2
Added Pin To Net: NetName=NetR3_1_2 Pin=R3_5-2
Added Pin To Net: NetName=NetR3_1_2 Pin=U4_1-1
Added Pin To Net: NetName=NetR3_1_2 Pin=U4_2-1
Added Pin To Net: NetName=NetR3_1_2 Pin=U4_3-1
Added Pin To Net: NetName=NetR3_1_2 Pin=U4_4-1
Added Pin To Net: NetName=NetR3_1_2 Pin=U4_5-1
Added Net: Name=NetR3_1_2
Added Member To Class: ClassName=U_Single_Mux1 Member=Component C3_1 (C3) 0.1uF Cap
Added Member To Class: ClassName=U_Single_Mux2 Member=Component C3_2 (C3) 0.1uF Cap
Added Member To Class: ClassName=U_Single_Mux3 Member=Component C3_3 (C3) 0.1uF Cap
Added Member To Class: ClassName=U_Single_Mux4 Member=Component C3_4 (C3) 0.1uF Cap
Added Member To Class: ClassName=U_Single_Mux5 Member=Component C3_5 (C3) 0.1uF Cap
Added Member To Class: ClassName=U_Single_Mux1 Member=Component C4_1 (C4) 1uF Samsung Cap
Added Member To Class: ClassName=U_Single_Mux2 Member=Component C4_2 (C4) 1uF Samsung Cap
Added Member To Class: ClassName=U_Single_Mux3 Member=Component C4_3 (C4) 1uF Samsung Cap
Added Member To Class: ClassName=U_Single_Mux4 Member=Component C4_4 (C4) 1uF Samsung Cap
Added Member To Class: ClassName=U_Single_Mux5 Member=Component C4_5 (C4) 1uF Samsung Cap
Added Member To Class: ClassName=U_Single_Mux1 Member=Component C5_1 (C5) 0.1uF Cap
Added Member To Class: ClassName=U_Single_Mux2 Member=Component C5_2 (C5) 0.1uF Cap
Added Member To Class: ClassName=U_Single_Mux3 Member=Component C5_3 (C5) 0.1uF Cap
Added Member To Class: ClassName=U_Single_Mux4 Member=Component C5_4 (C5) 0.1uF Cap
Added Member To Class: ClassName=U_Single_Mux5 Member=Component C5_5 (C5) 0.1uF Cap
Added Member To Class: ClassName=U_Single_Mux1 Member=Component C6_1 (C6) 1uF Samsung Cap
Added Member To Class: ClassName=U_Single_Mux2 Member=Component C6_2 (C6) 1uF Samsung Cap
Added Member To Class: ClassName=U_Single_Mux3 Member=Component C6_3 (C6) 1uF Samsung Cap
Added Member To Class: ClassName=U_Single_Mux4 Member=Component C6_4 (C6) 1uF Samsung Cap
Added Member To Class: ClassName=U_Single_Mux5 Member=Component C6_5 (C6) 1uF Samsung Cap
Added Member To Class: ClassName=U_Single_Mux1 Member=Component R2_1 (R2) Res3
Added Member To Class: ClassName=U_Single_Mux2 Member=Component R2_2 (R2) Res3
Added Member To Class: ClassName=U_Single_Mux3 Member=Component R2_3 (R2) Res3
Added Member To Class: ClassName=U_Single_Mux4 Member=Component R2_4 (R2) Res3
Added Member To Class: ClassName=U_Single_Mux5 Member=Component R2_5 (R2) Res3
Added Member To Class: ClassName=U_Single_Mux1 Member=Component R3_1 (R3) Res3
Added Member To Class: ClassName=U_Single_Mux2 Member=Component R3_2 (R3) Res3
Added Member To Class: ClassName=U_Single_Mux3 Member=Component R3_3 (R3) Res3
Added Member To Class: ClassName=U_Single_Mux4 Member=Component R3_4 (R3) Res3
Added Member To Class: ClassName=U_Single_Mux5 Member=Component R3_5 (R3) Res3
Added Member To Class: ClassName=U_Single_Mux1 Member=Component U3_1 (U3) CD74HC4067SM96
Added Member To Class: ClassName=U_Single_Mux2 Member=Component U3_2 (U3) CD74HC4067SM96
Added Member To Class: ClassName=U_Single_Mux3 Member=Component U3_3 (U3) CD74HC4067SM96
Added Member To Class: ClassName=U_Single_Mux4 Member=Component U3_4 (U3) CD74HC4067SM96
Added Member To Class: ClassName=U_Single_Mux5 Member=Component U3_5 (U3) CD74HC4067SM96
Added Member To Class: ClassName=U_Single_Mux1 Member=Component U4_1 (U4) CD74HC4067SM96
Added Member To Class: ClassName=U_Single_Mux2 Member=Component U4_2 (U4) CD74HC4067SM96
Added Member To Class: ClassName=U_Single_Mux3 Member=Component U4_3 (U4) CD74HC4067SM96
Added Member To Class: ClassName=U_Single_Mux4 Member=Component U4_4 (U4) CD74HC4067SM96
Added Member To Class: ClassName=U_Single_Mux5 Member=Component U4_5 (U4) CD74HC4067SM96
