Change Component Designator: OldDesignator=C1-1 NewDesignator=MUX_CON_31_C1
Change Component Designator: OldDesignator=C1-2 NewDesignator=MUX_CON_32_C1
Change Component Designator: OldDesignator=C1-3 NewDesignator=MUX_CON_33_C1
Change Component Designator: OldDesignator=C1-4 NewDesignator=MUX_CON_34_C1
Change Component Designator: OldDesignator=C2-1 NewDesignator=MUX_CON_31_C2
Change Component Designator: OldDesignator=C2-2 NewDesignator=MUX_CON_32_C2
Change Component Designator: OldDesignator=C2-3 NewDesignator=MUX_CON_33_C2
Change Component Designator: OldDesignator=C2-4 NewDesignator=MUX_CON_34_C2
Change Component Designator: OldDesignator=C3-1 NewDesignator=MUX_CON_31_C3
Change Component Designator: OldDesignator=C3-2 NewDesignator=MUX_CON_32_C3
Change Component Designator: OldDesignator=C3-3 NewDesignator=MUX_CON_33_C3
Change Component Designator: OldDesignator=C3-4 NewDesignator=MUX_CON_34_C3
Change Component Designator: OldDesignator=C4-1 NewDesignator=MUX_CON_31_C4
Change Component Designator: OldDesignator=C4-2 NewDesignator=MUX_CON_32_C4
Change Component Designator: OldDesignator=C4-3 NewDesignator=MUX_CON_33_C4
Change Component Designator: OldDesignator=C4-4 NewDesignator=MUX_CON_34_C4
Change Component Designator: OldDesignator=C5-1 NewDesignator=MUX_CON_31_C5
Change Component Designator: OldDesignator=C5-2 NewDesignator=MUX_CON_32_C5
Change Component Designator: OldDesignator=C5-3 NewDesignator=MUX_CON_33_C5
Change Component Designator: OldDesignator=C5-4 NewDesignator=MUX_CON_34_C5
Change Component Designator: OldDesignator=C6-1 NewDesignator=MUX_CON_31_C6
Change Component Designator: OldDesignator=C6-2 NewDesignator=MUX_CON_32_C6
Change Component Designator: OldDesignator=C6-3 NewDesignator=MUX_CON_33_C6
Change Component Designator: OldDesignator=C6-4 NewDesignator=MUX_CON_34_C6
Change Component Designator: OldDesignator=P1-1 NewDesignator=U_AHK50H-ND_THERM_CONNECTOR1_P1
Change Component Designator: OldDesignator=P1-2 NewDesignator=U_AHK50H-ND_THERM_CONNECTOR2_P1
Change Component Designator: OldDesignator=P1-3 NewDesignator=U_AHK50H-ND_THERM_CONNECTOR3_P1
Change Component Designator: OldDesignator=P1-4 NewDesignator=U_AHK50H-ND_THERM_CONNECTOR4_P1
Change Component Designator: OldDesignator=R1-1 NewDesignator=MUX_CON_31_R1
Change Component Designator: OldDesignator=R1-2 NewDesignator=MUX_CON_32_R1
Change Component Designator: OldDesignator=R1-3 NewDesignator=MUX_CON_33_R1
Change Component Designator: OldDesignator=R1-4 NewDesignator=MUX_CON_34_R1
Change Component Designator: OldDesignator=R2-1 NewDesignator=MUX_CON_31_R2
Change Component Designator: OldDesignator=R2-2 NewDesignator=MUX_CON_32_R2
Change Component Designator: OldDesignator=R2-3 NewDesignator=MUX_CON_33_R2
Change Component Designator: OldDesignator=R2-4 NewDesignator=MUX_CON_34_R2
Change Component Designator: OldDesignator=R3-1 NewDesignator=MUX_CON_31_R3
Change Component Designator: OldDesignator=R3-2 NewDesignator=MUX_CON_32_R3
Change Component Designator: OldDesignator=R3-3 NewDesignator=MUX_CON_33_R3
Change Component Designator: OldDesignator=R3-4 NewDesignator=MUX_CON_34_R3
Change Component Designator: OldDesignator=U1-1 NewDesignator=MUX_CON_31_U1
Change Component Designator: OldDesignator=U1-2 NewDesignator=MUX_CON_32_U1
Change Component Designator: OldDesignator=U1-3 NewDesignator=MUX_CON_33_U1
Change Component Designator: OldDesignator=U1-4 NewDesignator=MUX_CON_34_U1
Change Component Designator: OldDesignator=U2-1 NewDesignator=MUX_CON_31_U2
Change Component Designator: OldDesignator=U2-2 NewDesignator=MUX_CON_32_U2
Change Component Designator: OldDesignator=U2-3 NewDesignator=MUX_CON_33_U2
Change Component Designator: OldDesignator=U2-4 NewDesignator=MUX_CON_34_U2
Change Component Designator: OldDesignator=U3-1 NewDesignator=MUX_CON_31_U3
Change Component Designator: OldDesignator=U3-2 NewDesignator=MUX_CON_32_U3
Change Component Designator: OldDesignator=U3-3 NewDesignator=MUX_CON_33_U3
Change Component Designator: OldDesignator=U3-4 NewDesignator=MUX_CON_34_U3
Added Component: Designator=MUX_CON_35_C1(0.1uF_Kemet)
Add component. Clean all parameters for all variants
Add component (AddParameter): Name = "Supplier 1"; Value = "Digi-Key"; VariantName = "[No Variations]"
Add component (AddParameter): Name = "Supplier Part Number 1"; Value = "399-14477-1-ND"; VariantName = "[No Variations]"
Added Component: Designator=MUX_CON_35_C2(1uf_Samsung)
Add component. Clean all parameters for all variants
Add component (AddParameter): Name = "Supplier 1"; Value = "Digi-Key"; VariantName = "[No Variations]"
Add component (AddParameter): Name = "Supplier Part Number 1"; Value = "1276-1946-1-ND"; VariantName = "[No Variations]"
Added Component: Designator=MUX_CON_35_C3(0.1uF_Kemet)
Add component. Clean all parameters for all variants
Add component (AddParameter): Name = "Supplier 1"; Value = "Digi-Key"; VariantName = "[No Variations]"
Add component (AddParameter): Name = "Supplier Part Number 1"; Value = "399-14477-1-ND"; VariantName = "[No Variations]"
Added Component: Designator=MUX_CON_35_C4(1uf_Samsung)
Add component. Clean all parameters for all variants
Add component (AddParameter): Name = "Supplier 1"; Value = "Digi-Key"; VariantName = "[No Variations]"
Add component (AddParameter): Name = "Supplier Part Number 1"; Value = "1276-1946-1-ND"; VariantName = "[No Variations]"
Added Component: Designator=MUX_CON_35_C5(0.1uF_Kemet)
Add component. Clean all parameters for all variants
Add component (AddParameter): Name = "Supplier 1"; Value = "Digi-Key"; VariantName = "[No Variations]"
Add component (AddParameter): Name = "Supplier Part Number 1"; Value = "399-14477-1-ND"; VariantName = "[No Variations]"
Added Component: Designator=MUX_CON_35_C6(1uf_Samsung)
Add component. Clean all parameters for all variants
Add component (AddParameter): Name = "Supplier 1"; Value = "Digi-Key"; VariantName = "[No Variations]"
Add component (AddParameter): Name = "Supplier Part Number 1"; Value = "1276-1946-1-ND"; VariantName = "[No Variations]"
Added Component: Designator=MUX_CON_35_R1(J1-0603)
Add component. Clean all parameters for all variants
Add component (AddParameter): Name = "LatestRevisionDate"; Value = "29-May-2009"; VariantName = "[No Variations]"
Add component (AddParameter): Name = "LatestRevisionNote"; Value = "IPC-7351 Footprint Added."; VariantName = "[No Variations]"
Add component (AddParameter): Name = "PackageDescription"; Value = "Chip Resistor"; VariantName = "[No Variations]"
Add component (AddParameter): Name = "PackageReference"; Value = "J1-0603"; VariantName = "[No Variations]"
Add component (AddParameter): Name = "Published"; Value = "8-Jun-2000"; VariantName = "[No Variations]"
Add component (AddParameter): Name = "Publisher"; Value = "Altium Limited"; VariantName = "[No Variations]"
Add component (AddParameter): Name = "Value"; Value = "3.3K"; VariantName = "[No Variations]"
Added Component: Designator=MUX_CON_35_R2(J1-0603)
Add component. Clean all parameters for all variants
Add component (AddParameter): Name = "LatestRevisionDate"; Value = "29-May-2009"; VariantName = "[No Variations]"
Add component (AddParameter): Name = "LatestRevisionNote"; Value = "IPC-7351 Footprint Added."; VariantName = "[No Variations]"
Add component (AddParameter): Name = "PackageDescription"; Value = "Chip Resistor"; VariantName = "[No Variations]"
Add component (AddParameter): Name = "PackageReference"; Value = "J1-0603"; VariantName = "[No Variations]"
Add component (AddParameter): Name = "Published"; Value = "8-Jun-2000"; VariantName = "[No Variations]"
Add component (AddParameter): Name = "Publisher"; Value = "Altium Limited"; VariantName = "[No Variations]"
Add component (AddParameter): Name = "Value"; Value = "3.3K"; VariantName = "[No Variations]"
Added Component: Designator=MUX_CON_35_R3(J1-0603)
Add component. Clean all parameters for all variants
Add component (AddParameter): Name = "LatestRevisionDate"; Value = "29-May-2009"; VariantName = "[No Variations]"
Add component (AddParameter): Name = "LatestRevisionNote"; Value = "IPC-7351 Footprint Added."; VariantName = "[No Variations]"
Add component (AddParameter): Name = "PackageDescription"; Value = "Chip Resistor"; VariantName = "[No Variations]"
Add component (AddParameter): Name = "PackageReference"; Value = "J1-0603"; VariantName = "[No Variations]"
Add component (AddParameter): Name = "Published"; Value = "8-Jun-2000"; VariantName = "[No Variations]"
Add component (AddParameter): Name = "Publisher"; Value = "Altium Limited"; VariantName = "[No Variations]"
Add component (AddParameter): Name = "Value"; Value = "3.3K"; VariantName = "[No Variations]"
Added Component: Designator=MUX_CON_35_U1(SOIC-24_MUX)
Add component. Clean all parameters for all variants
Add component (AddParameter): Name = "Supplier 1"; Value = "Newark"; VariantName = "[No Variations]"
Add component (AddParameter): Name = "Supplier Part Number 1"; Value = "05B6161"; VariantName = "[No Variations]"
Added Component: Designator=MUX_CON_35_U2(SOIC-24_MUX)
Add component. Clean all parameters for all variants
Add component (AddParameter): Name = "Supplier 1"; Value = "Newark"; VariantName = "[No Variations]"
Add component (AddParameter): Name = "Supplier Part Number 1"; Value = "05B6161"; VariantName = "[No Variations]"
Added Component: Designator=MUX_CON_35_U3(SOIC-24_MUX)
Add component. Clean all parameters for all variants
Add component (AddParameter): Name = "Supplier 1"; Value = "Newark"; VariantName = "[No Variations]"
Add component (AddParameter): Name = "Supplier Part Number 1"; Value = "05B6161"; VariantName = "[No Variations]"
Added Component: Designator=U_AHK50H-ND_THERM_CONNECTOR5_P1(Molex CMC 36638)
Add component. Clean all parameters for all variants
Add component (AddParameter): Name = "Supplier 1"; Value = "Digi-Key"; VariantName = "[No Variations]"
Add component (AddParameter): Name = "Supplier Part Number 1"; Value = "WM13375-ND"; VariantName = "[No Variations]"
Added Pin To Net: NetName=GND Pin=MUX_CON_35_C1-1
Added Pin To Net: NetName=5V Pin=MUX_CON_35_C1-2
Added Pin To Net: NetName=GND Pin=MUX_CON_35_C2-1
Added Pin To Net: NetName=5V Pin=MUX_CON_35_C2-2
Added Pin To Net: NetName=GND Pin=MUX_CON_35_C3-1
Added Pin To Net: NetName=5V Pin=MUX_CON_35_C3-2
Added Pin To Net: NetName=GND Pin=MUX_CON_35_C4-1
Added Pin To Net: NetName=5V Pin=MUX_CON_35_C4-2
Added Pin To Net: NetName=GND Pin=MUX_CON_35_C5-1
Added Pin To Net: NetName=5V Pin=MUX_CON_35_C5-2
Added Pin To Net: NetName=GND Pin=MUX_CON_35_C6-1
Added Pin To Net: NetName=5V Pin=MUX_CON_35_C6-2
Added Pin To Net: NetName=5V Pin=MUX_CON_35_R1-1
Added Pin To Net: NetName=5V Pin=MUX_CON_35_R2-1
Added Pin To Net: NetName=5V Pin=MUX_CON_35_R3-1
Added Pin To Net: NetName=GND Pin=MUX_CON_35_U1-12
Added Pin To Net: NetName=GND Pin=MUX_CON_35_U1-15
Added Pin To Net: NetName=5V Pin=MUX_CON_35_U1-24
Added Pin To Net: NetName=GND Pin=MUX_CON_35_U2-12
Added Pin To Net: NetName=GND Pin=MUX_CON_35_U2-15
Added Pin To Net: NetName=5V Pin=MUX_CON_35_U2-24
Added Pin To Net: NetName=GND Pin=MUX_CON_35_U3-12
Added Pin To Net: NetName=GND Pin=MUX_CON_35_U3-15
Added Pin To Net: NetName=5V Pin=MUX_CON_35_U3-24
Change Net Name : Old Net Name=NetR1-1_2 New Net Name=NetMUX_CON_31_R1_2
Change Net Name : Old Net Name=NetR1-2_2 New Net Name=NetMUX_CON_32_R1_2
Change Net Name : Old Net Name=NetR1-3_2 New Net Name=NetMUX_CON_33_R1_2
Change Net Name : Old Net Name=NetR1-4_2 New Net Name=NetMUX_CON_34_R1_2
Change Net Name : Old Net Name=NetR2-1_2 New Net Name=NetMUX_CON_31_R2_2
Change Net Name : Old Net Name=NetR2-2_2 New Net Name=NetMUX_CON_32_R2_2
Change Net Name : Old Net Name=NetR2-3_2 New Net Name=NetMUX_CON_33_R2_2
Change Net Name : Old Net Name=NetR2-4_2 New Net Name=NetMUX_CON_34_R2_2
Change Net Name : Old Net Name=NetR3-1_2 New Net Name=NetMUX_CON_31_R3_2
Change Net Name : Old Net Name=NetR3-2_2 New Net Name=NetMUX_CON_32_R3_2
Change Net Name : Old Net Name=NetR3-3_2 New Net Name=NetMUX_CON_33_R3_2
Change Net Name : Old Net Name=NetR3-4_2 New Net Name=NetMUX_CON_34_R3_2
Change Net Name : Old Net Name=S0-1 New Net Name=MUX_CON_31_S0
Change Net Name : Old Net Name=S0-2 New Net Name=MUX_CON_32_S0
Change Net Name : Old Net Name=S0-3 New Net Name=MUX_CON_33_S0
Change Net Name : Old Net Name=S0-4 New Net Name=MUX_CON_34_S0
Change Net Name : Old Net Name=S1-1 New Net Name=MUX_CON_31_S1
Change Net Name : Old Net Name=S1-2 New Net Name=MUX_CON_32_S1
Change Net Name : Old Net Name=S1-3 New Net Name=MUX_CON_33_S1
Change Net Name : Old Net Name=S1-4 New Net Name=MUX_CON_34_S1
Change Net Name : Old Net Name=S2-1 New Net Name=MUX_CON_31_S2
Change Net Name : Old Net Name=S2-2 New Net Name=MUX_CON_32_S2
Change Net Name : Old Net Name=S2-3 New Net Name=MUX_CON_33_S2
Change Net Name : Old Net Name=S2-4 New Net Name=MUX_CON_34_S2
Change Net Name : Old Net Name=S3-1 New Net Name=MUX_CON_31_S3
Change Net Name : Old Net Name=S3-2 New Net Name=MUX_CON_32_S3
Change Net Name : Old Net Name=S3-3 New Net Name=MUX_CON_33_S3
Change Net Name : Old Net Name=S3-4 New Net Name=MUX_CON_34_S3
Change Net Name : Old Net Name=TS_IN1-1 New Net Name=MUX_CON_31_TS_IN1
Change Net Name : Old Net Name=TS_IN1-2 New Net Name=MUX_CON_32_TS_IN1
Change Net Name : Old Net Name=TS_IN1-3 New Net Name=MUX_CON_33_TS_IN1
Change Net Name : Old Net Name=TS_IN1-4 New Net Name=MUX_CON_34_TS_IN1
Change Net Name : Old Net Name=TS_IN2-1 New Net Name=MUX_CON_31_TS_IN2
Change Net Name : Old Net Name=TS_IN2-2 New Net Name=MUX_CON_32_TS_IN2
Change Net Name : Old Net Name=TS_IN2-3 New Net Name=MUX_CON_33_TS_IN2
Change Net Name : Old Net Name=TS_IN2-4 New Net Name=MUX_CON_34_TS_IN2
Change Net Name : Old Net Name=TS_IN3-1 New Net Name=MUX_CON_31_TS_IN3
Change Net Name : Old Net Name=TS_IN3-2 New Net Name=MUX_CON_32_TS_IN3
Change Net Name : Old Net Name=TS_IN3-3 New Net Name=MUX_CON_33_TS_IN3
Change Net Name : Old Net Name=TS_IN3-4 New Net Name=MUX_CON_34_TS_IN3
Change Net Name : Old Net Name=TS_IN4-1 New Net Name=MUX_CON_31_TS_IN4
Change Net Name : Old Net Name=TS_IN4-2 New Net Name=MUX_CON_32_TS_IN4
Change Net Name : Old Net Name=TS_IN4-3 New Net Name=MUX_CON_33_TS_IN4
Change Net Name : Old Net Name=TS_IN4-4 New Net Name=MUX_CON_34_TS_IN4
Change Net Name : Old Net Name=TS_IN5-1 New Net Name=MUX_CON_31_TS_IN5
Change Net Name : Old Net Name=TS_IN5-2 New Net Name=MUX_CON_32_TS_IN5
Change Net Name : Old Net Name=TS_IN5-3 New Net Name=MUX_CON_33_TS_IN5
Change Net Name : Old Net Name=TS_IN5-4 New Net Name=MUX_CON_34_TS_IN5
Change Net Name : Old Net Name=TS_IN6-1 New Net Name=MUX_CON_31_TS_IN6
Change Net Name : Old Net Name=TS_IN6-2 New Net Name=MUX_CON_32_TS_IN6
Change Net Name : Old Net Name=TS_IN6-3 New Net Name=MUX_CON_33_TS_IN6
Change Net Name : Old Net Name=TS_IN6-4 New Net Name=MUX_CON_34_TS_IN6
Change Net Name : Old Net Name=TS_IN7-1 New Net Name=MUX_CON_31_TS_IN7
Change Net Name : Old Net Name=TS_IN7-2 New Net Name=MUX_CON_32_TS_IN7
Change Net Name : Old Net Name=TS_IN7-3 New Net Name=MUX_CON_33_TS_IN7
Change Net Name : Old Net Name=TS_IN7-4 New Net Name=MUX_CON_34_TS_IN7
Change Net Name : Old Net Name=TS_IN8-1 New Net Name=MUX_CON_31_TS_IN8
Change Net Name : Old Net Name=TS_IN8-2 New Net Name=MUX_CON_32_TS_IN8
Change Net Name : Old Net Name=TS_IN8-3 New Net Name=MUX_CON_33_TS_IN8
Change Net Name : Old Net Name=TS_IN8-4 New Net Name=MUX_CON_34_TS_IN8
Change Net Name : Old Net Name=TS_IN9-1 New Net Name=MUX_CON_31_TS_IN9
Change Net Name : Old Net Name=TS_IN9-2 New Net Name=MUX_CON_32_TS_IN9
Change Net Name : Old Net Name=TS_IN9-3 New Net Name=MUX_CON_33_TS_IN9
Change Net Name : Old Net Name=TS_IN9-4 New Net Name=MUX_CON_34_TS_IN9
Change Net Name : Old Net Name=TS_IN10-1 New Net Name=MUX_CON_31_TS_IN10
Change Net Name : Old Net Name=TS_IN10-2 New Net Name=MUX_CON_32_TS_IN10
Change Net Name : Old Net Name=TS_IN10-3 New Net Name=MUX_CON_33_TS_IN10
Change Net Name : Old Net Name=TS_IN10-4 New Net Name=MUX_CON_34_TS_IN10
Change Net Name : Old Net Name=TS_IN11-1 New Net Name=MUX_CON_31_TS_IN11
Change Net Name : Old Net Name=TS_IN11-2 New Net Name=MUX_CON_32_TS_IN11
Change Net Name : Old Net Name=TS_IN11-3 New Net Name=MUX_CON_33_TS_IN11
Change Net Name : Old Net Name=TS_IN11-4 New Net Name=MUX_CON_34_TS_IN11
Change Net Name : Old Net Name=TS_IN12-1 New Net Name=MUX_CON_31_TS_IN12
Change Net Name : Old Net Name=TS_IN12-2 New Net Name=MUX_CON_32_TS_IN12
Change Net Name : Old Net Name=TS_IN12-3 New Net Name=MUX_CON_33_TS_IN12
Change Net Name : Old Net Name=TS_IN12-4 New Net Name=MUX_CON_34_TS_IN12
Change Net Name : Old Net Name=TS_IN13-1 New Net Name=MUX_CON_31_TS_IN13
Change Net Name : Old Net Name=TS_IN13-2 New Net Name=MUX_CON_32_TS_IN13
Change Net Name : Old Net Name=TS_IN13-3 New Net Name=MUX_CON_33_TS_IN13
Change Net Name : Old Net Name=TS_IN13-4 New Net Name=MUX_CON_34_TS_IN13
Change Net Name : Old Net Name=TS_IN14-1 New Net Name=MUX_CON_31_TS_IN14
Change Net Name : Old Net Name=TS_IN14-2 New Net Name=MUX_CON_32_TS_IN14
Change Net Name : Old Net Name=TS_IN14-3 New Net Name=MUX_CON_33_TS_IN14
Change Net Name : Old Net Name=TS_IN14-4 New Net Name=MUX_CON_34_TS_IN14
Change Net Name : Old Net Name=TS_IN15-1 New Net Name=MUX_CON_31_TS_IN15
Change Net Name : Old Net Name=TS_IN15-2 New Net Name=MUX_CON_32_TS_IN15
Change Net Name : Old Net Name=TS_IN15-3 New Net Name=MUX_CON_33_TS_IN15
Change Net Name : Old Net Name=TS_IN15-4 New Net Name=MUX_CON_34_TS_IN15
Change Net Name : Old Net Name=TS_IN16-1 New Net Name=MUX_CON_31_TS_IN16
Change Net Name : Old Net Name=TS_IN16-2 New Net Name=MUX_CON_32_TS_IN16
Change Net Name : Old Net Name=TS_IN16-3 New Net Name=MUX_CON_33_TS_IN16
Change Net Name : Old Net Name=TS_IN16-4 New Net Name=MUX_CON_34_TS_IN16
Change Net Name : Old Net Name=TS_IN17-1 New Net Name=MUX_CON_31_TS_IN17
Change Net Name : Old Net Name=TS_IN17-2 New Net Name=MUX_CON_32_TS_IN17
Change Net Name : Old Net Name=TS_IN17-3 New Net Name=MUX_CON_33_TS_IN17
Change Net Name : Old Net Name=TS_IN17-4 New Net Name=MUX_CON_34_TS_IN17
Change Net Name : Old Net Name=TS_IN18-1 New Net Name=MUX_CON_31_TS_IN18
Change Net Name : Old Net Name=TS_IN18-2 New Net Name=MUX_CON_32_TS_IN18
Change Net Name : Old Net Name=TS_IN18-3 New Net Name=MUX_CON_33_TS_IN18
Change Net Name : Old Net Name=TS_IN18-4 New Net Name=MUX_CON_34_TS_IN18
Change Net Name : Old Net Name=TS_IN19-1 New Net Name=MUX_CON_31_TS_IN19
Change Net Name : Old Net Name=TS_IN19-2 New Net Name=MUX_CON_32_TS_IN19
Change Net Name : Old Net Name=TS_IN19-3 New Net Name=MUX_CON_33_TS_IN19
Change Net Name : Old Net Name=TS_IN19-4 New Net Name=MUX_CON_34_TS_IN19
Change Net Name : Old Net Name=TS_IN20-1 New Net Name=MUX_CON_31_TS_IN20
Change Net Name : Old Net Name=TS_IN20-2 New Net Name=MUX_CON_32_TS_IN20
Change Net Name : Old Net Name=TS_IN20-3 New Net Name=MUX_CON_33_TS_IN20
Change Net Name : Old Net Name=TS_IN20-4 New Net Name=MUX_CON_34_TS_IN20
Change Net Name : Old Net Name=TS_IN21-1 New Net Name=MUX_CON_31_TS_IN21
Change Net Name : Old Net Name=TS_IN21-2 New Net Name=MUX_CON_32_TS_IN21
Change Net Name : Old Net Name=TS_IN21-3 New Net Name=MUX_CON_33_TS_IN21
Change Net Name : Old Net Name=TS_IN21-4 New Net Name=MUX_CON_34_TS_IN21
Change Net Name : Old Net Name=TS_IN22-1 New Net Name=MUX_CON_31_TS_IN22
Change Net Name : Old Net Name=TS_IN22-2 New Net Name=MUX_CON_32_TS_IN22
Change Net Name : Old Net Name=TS_IN22-3 New Net Name=MUX_CON_33_TS_IN22
Change Net Name : Old Net Name=TS_IN22-4 New Net Name=MUX_CON_34_TS_IN22
Change Net Name : Old Net Name=TS_IN23-1 New Net Name=MUX_CON_31_TS_IN23
Change Net Name : Old Net Name=TS_IN23-2 New Net Name=MUX_CON_32_TS_IN23
Change Net Name : Old Net Name=TS_IN23-3 New Net Name=MUX_CON_33_TS_IN23
Change Net Name : Old Net Name=TS_IN23-4 New Net Name=MUX_CON_34_TS_IN23
Change Net Name : Old Net Name=TS_IN24-1 New Net Name=MUX_CON_31_TS_IN24
Change Net Name : Old Net Name=TS_IN24-2 New Net Name=MUX_CON_32_TS_IN24
Change Net Name : Old Net Name=TS_IN24-3 New Net Name=MUX_CON_33_TS_IN24
Change Net Name : Old Net Name=TS_IN24-4 New Net Name=MUX_CON_34_TS_IN24
Change Net Name : Old Net Name=TS_IN25-1 New Net Name=MUX_CON_31_TS_IN25
Change Net Name : Old Net Name=TS_IN25-2 New Net Name=MUX_CON_32_TS_IN25
Change Net Name : Old Net Name=TS_IN25-3 New Net Name=MUX_CON_33_TS_IN25
Change Net Name : Old Net Name=TS_IN25-4 New Net Name=MUX_CON_34_TS_IN25
Change Net Name : Old Net Name=TS_IN26-1 New Net Name=MUX_CON_31_TS_IN26
Change Net Name : Old Net Name=TS_IN26-2 New Net Name=MUX_CON_32_TS_IN26
Change Net Name : Old Net Name=TS_IN26-3 New Net Name=MUX_CON_33_TS_IN26
Change Net Name : Old Net Name=TS_IN26-4 New Net Name=MUX_CON_34_TS_IN26
Change Net Name : Old Net Name=TS_IN27-1 New Net Name=MUX_CON_31_TS_IN27
Change Net Name : Old Net Name=TS_IN27-2 New Net Name=MUX_CON_32_TS_IN27
Change Net Name : Old Net Name=TS_IN27-3 New Net Name=MUX_CON_33_TS_IN27
Change Net Name : Old Net Name=TS_IN27-4 New Net Name=MUX_CON_34_TS_IN27
Change Net Name : Old Net Name=TS_IN28-1 New Net Name=MUX_CON_31_TS_IN28
Change Net Name : Old Net Name=TS_IN28-2 New Net Name=MUX_CON_32_TS_IN28
Change Net Name : Old Net Name=TS_IN28-3 New Net Name=MUX_CON_33_TS_IN28
Change Net Name : Old Net Name=TS_IN28-4 New Net Name=MUX_CON_34_TS_IN28
Change Net Name : Old Net Name=TS_IN29-1 New Net Name=MUX_CON_31_TS_IN29
Change Net Name : Old Net Name=TS_IN29-2 New Net Name=MUX_CON_32_TS_IN29
Change Net Name : Old Net Name=TS_IN29-3 New Net Name=MUX_CON_33_TS_IN29
Change Net Name : Old Net Name=TS_IN29-4 New Net Name=MUX_CON_34_TS_IN29
Change Net Name : Old Net Name=TS_IN30-1 New Net Name=MUX_CON_31_TS_IN30
Change Net Name : Old Net Name=TS_IN30-2 New Net Name=MUX_CON_32_TS_IN30
Change Net Name : Old Net Name=TS_IN30-3 New Net Name=MUX_CON_33_TS_IN30
Change Net Name : Old Net Name=TS_IN30-4 New Net Name=MUX_CON_34_TS_IN30
Change Net Name : Old Net Name=TS_IN31-1 New Net Name=MUX_CON_31_TS_IN31
Change Net Name : Old Net Name=TS_IN31-2 New Net Name=MUX_CON_32_TS_IN31
Change Net Name : Old Net Name=TS_IN31-3 New Net Name=MUX_CON_33_TS_IN31
Change Net Name : Old Net Name=TS_IN31-4 New Net Name=MUX_CON_34_TS_IN31
Change Net Name : Old Net Name=TS_IN32-1 New Net Name=MUX_CON_31_TS_IN32
Change Net Name : Old Net Name=TS_IN32-2 New Net Name=MUX_CON_32_TS_IN32
Change Net Name : Old Net Name=TS_IN32-3 New Net Name=MUX_CON_33_TS_IN32
Change Net Name : Old Net Name=TS_IN32-4 New Net Name=MUX_CON_34_TS_IN32
Change Net Name : Old Net Name=TS_IN33-1 New Net Name=MUX_CON_31_TS_IN33
Change Net Name : Old Net Name=TS_IN33-2 New Net Name=MUX_CON_32_TS_IN33
Change Net Name : Old Net Name=TS_IN33-3 New Net Name=MUX_CON_33_TS_IN33
Change Net Name : Old Net Name=TS_IN33-4 New Net Name=MUX_CON_34_TS_IN33
Change Net Name : Old Net Name=TS_IN34-1 New Net Name=MUX_CON_31_TS_IN34
Change Net Name : Old Net Name=TS_IN34-2 New Net Name=MUX_CON_32_TS_IN34
Change Net Name : Old Net Name=TS_IN34-3 New Net Name=MUX_CON_33_TS_IN34
Change Net Name : Old Net Name=TS_IN34-4 New Net Name=MUX_CON_34_TS_IN34
Change Net Name : Old Net Name=TS_IN35-1 New Net Name=MUX_CON_31_TS_IN35
Change Net Name : Old Net Name=TS_IN35-2 New Net Name=MUX_CON_32_TS_IN35
Change Net Name : Old Net Name=TS_IN35-3 New Net Name=MUX_CON_33_TS_IN35
Change Net Name : Old Net Name=TS_IN35-4 New Net Name=MUX_CON_34_TS_IN35
Change Net Name : Old Net Name=TS_IN36-1 New Net Name=MUX_CON_31_TS_IN36
Change Net Name : Old Net Name=TS_IN36-2 New Net Name=MUX_CON_32_TS_IN36
Change Net Name : Old Net Name=TS_IN36-3 New Net Name=MUX_CON_33_TS_IN36
Change Net Name : Old Net Name=TS_IN36-4 New Net Name=MUX_CON_34_TS_IN36
Change Net Name : Old Net Name=TS_IN37-1 New Net Name=MUX_CON_31_TS_IN37
Change Net Name : Old Net Name=TS_IN37-2 New Net Name=MUX_CON_32_TS_IN37
Change Net Name : Old Net Name=TS_IN37-3 New Net Name=MUX_CON_33_TS_IN37
Change Net Name : Old Net Name=TS_IN37-4 New Net Name=MUX_CON_34_TS_IN37
Change Net Name : Old Net Name=TS_IN38-1 New Net Name=MUX_CON_31_TS_IN38
Change Net Name : Old Net Name=TS_IN38-2 New Net Name=MUX_CON_32_TS_IN38
Change Net Name : Old Net Name=TS_IN38-3 New Net Name=MUX_CON_33_TS_IN38
Change Net Name : Old Net Name=TS_IN38-4 New Net Name=MUX_CON_34_TS_IN38
Change Net Name : Old Net Name=TS_IN39-1 New Net Name=MUX_CON_31_TS_IN39
Change Net Name : Old Net Name=TS_IN39-2 New Net Name=MUX_CON_32_TS_IN39
Change Net Name : Old Net Name=TS_IN39-3 New Net Name=MUX_CON_33_TS_IN39
Change Net Name : Old Net Name=TS_IN39-4 New Net Name=MUX_CON_34_TS_IN39
Change Net Name : Old Net Name=TS_IN40-1 New Net Name=MUX_CON_31_TS_IN40
Change Net Name : Old Net Name=TS_IN40-2 New Net Name=MUX_CON_32_TS_IN40
Change Net Name : Old Net Name=TS_IN40-3 New Net Name=MUX_CON_33_TS_IN40
Change Net Name : Old Net Name=TS_IN40-4 New Net Name=MUX_CON_34_TS_IN40
Change Net Name : Old Net Name=TS_IN41-1 New Net Name=MUX_CON_31_TS_IN41
Change Net Name : Old Net Name=TS_IN41-2 New Net Name=MUX_CON_32_TS_IN41
Change Net Name : Old Net Name=TS_IN41-3 New Net Name=MUX_CON_33_TS_IN41
Change Net Name : Old Net Name=TS_IN41-4 New Net Name=MUX_CON_34_TS_IN41
Change Net Name : Old Net Name=TS_IN42-1 New Net Name=MUX_CON_31_TS_IN42
Change Net Name : Old Net Name=TS_IN42-2 New Net Name=MUX_CON_32_TS_IN42
Change Net Name : Old Net Name=TS_IN42-3 New Net Name=MUX_CON_33_TS_IN42
Change Net Name : Old Net Name=TS_IN42-4 New Net Name=MUX_CON_34_TS_IN42
Change Net Name : Old Net Name=TS_IN43-1 New Net Name=MUX_CON_31_TS_IN43
Change Net Name : Old Net Name=TS_IN43-2 New Net Name=MUX_CON_32_TS_IN43
Change Net Name : Old Net Name=TS_IN43-3 New Net Name=MUX_CON_33_TS_IN43
Change Net Name : Old Net Name=TS_IN43-4 New Net Name=MUX_CON_34_TS_IN43
Change Net Name : Old Net Name=TS_IN44-1 New Net Name=MUX_CON_31_TS_IN44
Change Net Name : Old Net Name=TS_IN44-2 New Net Name=MUX_CON_32_TS_IN44
Change Net Name : Old Net Name=TS_IN44-3 New Net Name=MUX_CON_33_TS_IN44
Change Net Name : Old Net Name=TS_IN44-4 New Net Name=MUX_CON_34_TS_IN44
Change Net Name : Old Net Name=TS_IN45-1 New Net Name=MUX_CON_31_TS_IN45
Change Net Name : Old Net Name=TS_IN45-2 New Net Name=MUX_CON_32_TS_IN45
Change Net Name : Old Net Name=TS_IN45-3 New Net Name=MUX_CON_33_TS_IN45
Change Net Name : Old Net Name=TS_IN45-4 New Net Name=MUX_CON_34_TS_IN45
Change Net Name : Old Net Name=TS_IN46-1 New Net Name=MUX_CON_31_TS_IN46
Change Net Name : Old Net Name=TS_IN46-2 New Net Name=MUX_CON_32_TS_IN46
Change Net Name : Old Net Name=TS_IN46-3 New Net Name=MUX_CON_33_TS_IN46
Change Net Name : Old Net Name=TS_IN46-4 New Net Name=MUX_CON_34_TS_IN46
Change Net Name : Old Net Name=TS_IN47-1 New Net Name=MUX_CON_31_TS_IN47
Change Net Name : Old Net Name=TS_IN47-2 New Net Name=MUX_CON_32_TS_IN47
Change Net Name : Old Net Name=TS_IN47-3 New Net Name=MUX_CON_33_TS_IN47
Change Net Name : Old Net Name=TS_IN47-4 New Net Name=MUX_CON_34_TS_IN47
Change Net Name : Old Net Name=TS_IN48-1 New Net Name=MUX_CON_31_TS_IN48
Change Net Name : Old Net Name=TS_IN48-2 New Net Name=MUX_CON_32_TS_IN48
Change Net Name : Old Net Name=TS_IN48-3 New Net Name=MUX_CON_33_TS_IN48
Change Net Name : Old Net Name=TS_IN48-4 New Net Name=MUX_CON_34_TS_IN48
Added Pin To Net: NetName=MUX_CON_35_S0 Pin=MUX_CON_35_U1-10
Added Pin To Net: NetName=MUX_CON_35_S0 Pin=MUX_CON_35_U2-10
Added Pin To Net: NetName=MUX_CON_35_S0 Pin=MUX_CON_35_U3-10
Added Net: Name=MUX_CON_35_S0
Added Pin To Net: NetName=MUX_CON_35_S1 Pin=MUX_CON_35_U1-11
Added Pin To Net: NetName=MUX_CON_35_S1 Pin=MUX_CON_35_U2-11
Added Pin To Net: NetName=MUX_CON_35_S1 Pin=MUX_CON_35_U3-11
Added Net: Name=MUX_CON_35_S1
Added Pin To Net: NetName=MUX_CON_35_S2 Pin=MUX_CON_35_U1-14
Added Pin To Net: NetName=MUX_CON_35_S2 Pin=MUX_CON_35_U2-14
Added Pin To Net: NetName=MUX_CON_35_S2 Pin=MUX_CON_35_U3-14
Added Net: Name=MUX_CON_35_S2
Added Pin To Net: NetName=MUX_CON_35_S3 Pin=MUX_CON_35_U1-13
Added Pin To Net: NetName=MUX_CON_35_S3 Pin=MUX_CON_35_U2-13
Added Pin To Net: NetName=MUX_CON_35_S3 Pin=MUX_CON_35_U3-13
Added Net: Name=MUX_CON_35_S3
Added Pin To Net: NetName=MUX_CON_35_TS_IN1 Pin=MUX_CON_35_U1-9
Added Pin To Net: NetName=MUX_CON_35_TS_IN1 Pin=U_AHK50H-ND_THERM_CONNECTOR5_P1-1
Added Net: Name=MUX_CON_35_TS_IN1
Added Pin To Net: NetName=MUX_CON_35_TS_IN2 Pin=MUX_CON_35_U1-8
Added Pin To Net: NetName=MUX_CON_35_TS_IN2 Pin=U_AHK50H-ND_THERM_CONNECTOR5_P1-2
Added Net: Name=MUX_CON_35_TS_IN2
Added Pin To Net: NetName=MUX_CON_35_TS_IN3 Pin=MUX_CON_35_U1-7
Added Pin To Net: NetName=MUX_CON_35_TS_IN3 Pin=U_AHK50H-ND_THERM_CONNECTOR5_P1-3
Added Net: Name=MUX_CON_35_TS_IN3
Added Pin To Net: NetName=MUX_CON_35_TS_IN4 Pin=MUX_CON_35_U1-6
Added Pin To Net: NetName=MUX_CON_35_TS_IN4 Pin=U_AHK50H-ND_THERM_CONNECTOR5_P1-4
Added Net: Name=MUX_CON_35_TS_IN4
Added Pin To Net: NetName=MUX_CON_35_TS_IN5 Pin=MUX_CON_35_U1-5
Added Pin To Net: NetName=MUX_CON_35_TS_IN5 Pin=U_AHK50H-ND_THERM_CONNECTOR5_P1-5
Added Net: Name=MUX_CON_35_TS_IN5
Added Pin To Net: NetName=MUX_CON_35_TS_IN6 Pin=MUX_CON_35_U1-4
Added Pin To Net: NetName=MUX_CON_35_TS_IN6 Pin=U_AHK50H-ND_THERM_CONNECTOR5_P1-6
Added Net: Name=MUX_CON_35_TS_IN6
Added Pin To Net: NetName=MUX_CON_35_TS_IN7 Pin=MUX_CON_35_U1-3
Added Pin To Net: NetName=MUX_CON_35_TS_IN7 Pin=U_AHK50H-ND_THERM_CONNECTOR5_P1-7
Added Net: Name=MUX_CON_35_TS_IN7
Added Pin To Net: NetName=MUX_CON_35_TS_IN8 Pin=MUX_CON_35_U1-2
Added Pin To Net: NetName=MUX_CON_35_TS_IN8 Pin=U_AHK50H-ND_THERM_CONNECTOR5_P1-8
Added Net: Name=MUX_CON_35_TS_IN8
Added Pin To Net: NetName=MUX_CON_35_TS_IN9 Pin=MUX_CON_35_U1-16
Added Pin To Net: NetName=MUX_CON_35_TS_IN9 Pin=U_AHK50H-ND_THERM_CONNECTOR5_P1-9
Added Net: Name=MUX_CON_35_TS_IN9
Added Pin To Net: NetName=MUX_CON_35_TS_IN10 Pin=MUX_CON_35_U1-17
Added Pin To Net: NetName=MUX_CON_35_TS_IN10 Pin=U_AHK50H-ND_THERM_CONNECTOR5_P1-10
Added Net: Name=MUX_CON_35_TS_IN10
Added Pin To Net: NetName=MUX_CON_35_TS_IN11 Pin=MUX_CON_35_U1-18
Added Pin To Net: NetName=MUX_CON_35_TS_IN11 Pin=U_AHK50H-ND_THERM_CONNECTOR5_P1-11
Added Net: Name=MUX_CON_35_TS_IN11
Added Pin To Net: NetName=MUX_CON_35_TS_IN12 Pin=MUX_CON_35_U1-19
Added Pin To Net: NetName=MUX_CON_35_TS_IN12 Pin=U_AHK50H-ND_THERM_CONNECTOR5_P1-12
Added Net: Name=MUX_CON_35_TS_IN12
Added Pin To Net: NetName=MUX_CON_35_TS_IN13 Pin=MUX_CON_35_U1-20
Added Pin To Net: NetName=MUX_CON_35_TS_IN13 Pin=U_AHK50H-ND_THERM_CONNECTOR5_P1-13
Added Net: Name=MUX_CON_35_TS_IN13
Added Pin To Net: NetName=MUX_CON_35_TS_IN14 Pin=MUX_CON_35_U1-21
Added Pin To Net: NetName=MUX_CON_35_TS_IN14 Pin=U_AHK50H-ND_THERM_CONNECTOR5_P1-14
Added Net: Name=MUX_CON_35_TS_IN14
Added Pin To Net: NetName=MUX_CON_35_TS_IN15 Pin=MUX_CON_35_U1-22
Added Pin To Net: NetName=MUX_CON_35_TS_IN15 Pin=U_AHK50H-ND_THERM_CONNECTOR5_P1-15
Added Net: Name=MUX_CON_35_TS_IN15
Added Pin To Net: NetName=MUX_CON_35_TS_IN16 Pin=MUX_CON_35_U1-23
Added Pin To Net: NetName=MUX_CON_35_TS_IN16 Pin=U_AHK50H-ND_THERM_CONNECTOR5_P1-16
Added Net: Name=MUX_CON_35_TS_IN16
Added Pin To Net: NetName=MUX_CON_35_TS_IN17 Pin=MUX_CON_35_U2-9
Added Pin To Net: NetName=MUX_CON_35_TS_IN17 Pin=U_AHK50H-ND_THERM_CONNECTOR5_P1-17
Added Net: Name=MUX_CON_35_TS_IN17
Added Pin To Net: NetName=MUX_CON_35_TS_IN18 Pin=MUX_CON_35_U2-8
Added Pin To Net: NetName=MUX_CON_35_TS_IN18 Pin=U_AHK50H-ND_THERM_CONNECTOR5_P1-18
Added Net: Name=MUX_CON_35_TS_IN18
Added Pin To Net: NetName=MUX_CON_35_TS_IN19 Pin=MUX_CON_35_U2-7
Added Pin To Net: NetName=MUX_CON_35_TS_IN19 Pin=U_AHK50H-ND_THERM_CONNECTOR5_P1-19
Added Net: Name=MUX_CON_35_TS_IN19
Added Pin To Net: NetName=MUX_CON_35_TS_IN20 Pin=MUX_CON_35_U2-6
Added Pin To Net: NetName=MUX_CON_35_TS_IN20 Pin=U_AHK50H-ND_THERM_CONNECTOR5_P1-20
Added Net: Name=MUX_CON_35_TS_IN20
Added Pin To Net: NetName=MUX_CON_35_TS_IN21 Pin=MUX_CON_35_U2-5
Added Pin To Net: NetName=MUX_CON_35_TS_IN21 Pin=U_AHK50H-ND_THERM_CONNECTOR5_P1-21
Added Net: Name=MUX_CON_35_TS_IN21
Added Pin To Net: NetName=MUX_CON_35_TS_IN22 Pin=MUX_CON_35_U2-4
Added Pin To Net: NetName=MUX_CON_35_TS_IN22 Pin=U_AHK50H-ND_THERM_CONNECTOR5_P1-22
Added Net: Name=MUX_CON_35_TS_IN22
Added Pin To Net: NetName=MUX_CON_35_TS_IN23 Pin=MUX_CON_35_U2-3
Added Pin To Net: NetName=MUX_CON_35_TS_IN23 Pin=U_AHK50H-ND_THERM_CONNECTOR5_P1-23
Added Net: Name=MUX_CON_35_TS_IN23
Added Pin To Net: NetName=MUX_CON_35_TS_IN24 Pin=MUX_CON_35_U2-2
Added Pin To Net: NetName=MUX_CON_35_TS_IN24 Pin=U_AHK50H-ND_THERM_CONNECTOR5_P1-24
Added Net: Name=MUX_CON_35_TS_IN24
Added Pin To Net: NetName=MUX_CON_35_TS_IN25 Pin=MUX_CON_35_U2-16
Added Pin To Net: NetName=MUX_CON_35_TS_IN25 Pin=U_AHK50H-ND_THERM_CONNECTOR5_P1-25
Added Net: Name=MUX_CON_35_TS_IN25
Added Pin To Net: NetName=MUX_CON_35_TS_IN26 Pin=MUX_CON_35_U2-17
Added Pin To Net: NetName=MUX_CON_35_TS_IN26 Pin=U_AHK50H-ND_THERM_CONNECTOR5_P1-26
Added Net: Name=MUX_CON_35_TS_IN26
Added Pin To Net: NetName=MUX_CON_35_TS_IN27 Pin=MUX_CON_35_U2-18
Added Pin To Net: NetName=MUX_CON_35_TS_IN27 Pin=U_AHK50H-ND_THERM_CONNECTOR5_P1-27
Added Net: Name=MUX_CON_35_TS_IN27
Added Pin To Net: NetName=MUX_CON_35_TS_IN28 Pin=MUX_CON_35_U2-19
Added Pin To Net: NetName=MUX_CON_35_TS_IN28 Pin=U_AHK50H-ND_THERM_CONNECTOR5_P1-28
Added Net: Name=MUX_CON_35_TS_IN28
Added Pin To Net: NetName=MUX_CON_35_TS_IN29 Pin=MUX_CON_35_U2-20
Added Pin To Net: NetName=MUX_CON_35_TS_IN29 Pin=U_AHK50H-ND_THERM_CONNECTOR5_P1-29
Added Net: Name=MUX_CON_35_TS_IN29
Added Pin To Net: NetName=MUX_CON_35_TS_IN30 Pin=MUX_CON_35_U2-21
Added Pin To Net: NetName=MUX_CON_35_TS_IN30 Pin=U_AHK50H-ND_THERM_CONNECTOR5_P1-30
Added Net: Name=MUX_CON_35_TS_IN30
Added Pin To Net: NetName=MUX_CON_35_TS_IN31 Pin=MUX_CON_35_U2-22
Added Pin To Net: NetName=MUX_CON_35_TS_IN31 Pin=U_AHK50H-ND_THERM_CONNECTOR5_P1-31
Added Net: Name=MUX_CON_35_TS_IN31
Added Pin To Net: NetName=MUX_CON_35_TS_IN32 Pin=MUX_CON_35_U2-23
Added Pin To Net: NetName=MUX_CON_35_TS_IN32 Pin=U_AHK50H-ND_THERM_CONNECTOR5_P1-32
Added Net: Name=MUX_CON_35_TS_IN32
Added Pin To Net: NetName=MUX_CON_35_TS_IN33 Pin=MUX_CON_35_U3-9
Added Pin To Net: NetName=MUX_CON_35_TS_IN33 Pin=U_AHK50H-ND_THERM_CONNECTOR5_P1-33
Added Net: Name=MUX_CON_35_TS_IN33
Added Pin To Net: NetName=MUX_CON_35_TS_IN34 Pin=MUX_CON_35_U3-8
Added Pin To Net: NetName=MUX_CON_35_TS_IN34 Pin=U_AHK50H-ND_THERM_CONNECTOR5_P1-34
Added Net: Name=MUX_CON_35_TS_IN34
Added Pin To Net: NetName=MUX_CON_35_TS_IN35 Pin=MUX_CON_35_U3-7
Added Pin To Net: NetName=MUX_CON_35_TS_IN35 Pin=U_AHK50H-ND_THERM_CONNECTOR5_P1-35
Added Net: Name=MUX_CON_35_TS_IN35
Added Pin To Net: NetName=MUX_CON_35_TS_IN36 Pin=MUX_CON_35_U3-6
Added Pin To Net: NetName=MUX_CON_35_TS_IN36 Pin=U_AHK50H-ND_THERM_CONNECTOR5_P1-36
Added Net: Name=MUX_CON_35_TS_IN36
Added Pin To Net: NetName=MUX_CON_35_TS_IN37 Pin=MUX_CON_35_U3-5
Added Pin To Net: NetName=MUX_CON_35_TS_IN37 Pin=U_AHK50H-ND_THERM_CONNECTOR5_P1-37
Added Net: Name=MUX_CON_35_TS_IN37
Added Pin To Net: NetName=MUX_CON_35_TS_IN38 Pin=MUX_CON_35_U3-4
Added Pin To Net: NetName=MUX_CON_35_TS_IN38 Pin=U_AHK50H-ND_THERM_CONNECTOR5_P1-38
Added Net: Name=MUX_CON_35_TS_IN38
Added Pin To Net: NetName=MUX_CON_35_TS_IN39 Pin=MUX_CON_35_U3-3
Added Pin To Net: NetName=MUX_CON_35_TS_IN39 Pin=U_AHK50H-ND_THERM_CONNECTOR5_P1-39
Added Net: Name=MUX_CON_35_TS_IN39
Added Pin To Net: NetName=MUX_CON_35_TS_IN40 Pin=MUX_CON_35_U3-2
Added Pin To Net: NetName=MUX_CON_35_TS_IN40 Pin=U_AHK50H-ND_THERM_CONNECTOR5_P1-40
Added Net: Name=MUX_CON_35_TS_IN40
Added Pin To Net: NetName=MUX_CON_35_TS_IN41 Pin=MUX_CON_35_U3-16
Added Pin To Net: NetName=MUX_CON_35_TS_IN41 Pin=U_AHK50H-ND_THERM_CONNECTOR5_P1-41
Added Net: Name=MUX_CON_35_TS_IN41
Added Pin To Net: NetName=MUX_CON_35_TS_IN42 Pin=MUX_CON_35_U3-17
Added Pin To Net: NetName=MUX_CON_35_TS_IN42 Pin=U_AHK50H-ND_THERM_CONNECTOR5_P1-42
Added Net: Name=MUX_CON_35_TS_IN42
Added Pin To Net: NetName=MUX_CON_35_TS_IN43 Pin=MUX_CON_35_U3-18
Added Pin To Net: NetName=MUX_CON_35_TS_IN43 Pin=U_AHK50H-ND_THERM_CONNECTOR5_P1-43
Added Net: Name=MUX_CON_35_TS_IN43
Added Pin To Net: NetName=MUX_CON_35_TS_IN44 Pin=MUX_CON_35_U3-19
Added Pin To Net: NetName=MUX_CON_35_TS_IN44 Pin=U_AHK50H-ND_THERM_CONNECTOR5_P1-44
Added Net: Name=MUX_CON_35_TS_IN44
Added Pin To Net: NetName=MUX_CON_35_TS_IN45 Pin=MUX_CON_35_U3-20
Added Pin To Net: NetName=MUX_CON_35_TS_IN45 Pin=U_AHK50H-ND_THERM_CONNECTOR5_P1-45
Added Net: Name=MUX_CON_35_TS_IN45
Added Pin To Net: NetName=MUX_CON_35_TS_IN46 Pin=MUX_CON_35_U3-21
Added Pin To Net: NetName=MUX_CON_35_TS_IN46 Pin=U_AHK50H-ND_THERM_CONNECTOR5_P1-46
Added Net: Name=MUX_CON_35_TS_IN46
Added Pin To Net: NetName=MUX_CON_35_TS_IN47 Pin=MUX_CON_35_U3-22
Added Pin To Net: NetName=MUX_CON_35_TS_IN47 Pin=U_AHK50H-ND_THERM_CONNECTOR5_P1-47
Added Net: Name=MUX_CON_35_TS_IN47
Added Pin To Net: NetName=MUX_CON_35_TS_IN48 Pin=MUX_CON_35_U3-23
Added Pin To Net: NetName=MUX_CON_35_TS_IN48 Pin=U_AHK50H-ND_THERM_CONNECTOR5_P1-48
Added Net: Name=MUX_CON_35_TS_IN48
Added Pin To Net: NetName=NetMUX_CON_35_R1_2 Pin=MUX_CON_35_R1-2
Added Pin To Net: NetName=NetMUX_CON_35_R1_2 Pin=MUX_CON_35_U1-1
Added Net: Name=NetMUX_CON_35_R1_2
Added Pin To Net: NetName=NetMUX_CON_35_R2_2 Pin=MUX_CON_35_R2-2
Added Pin To Net: NetName=NetMUX_CON_35_R2_2 Pin=MUX_CON_35_U2-1
Added Net: Name=NetMUX_CON_35_R2_2
Added Pin To Net: NetName=NetMUX_CON_35_R3_2 Pin=MUX_CON_35_R3-2
Added Pin To Net: NetName=NetMUX_CON_35_R3_2 Pin=MUX_CON_35_U3-1
Added Net: Name=NetMUX_CON_35_R3_2
Added Class: Name=MUX_CON_35
Added Class: Name=U_AHK50H-ND_THERM_CONNECTOR5
Added Room: Name=MUX_CON_35
Added Room: Name=U_AHK50H-ND_THERM_CONNECTOR5
