Removed Pin From Net: NetName=GND Pin=C2_1-1
Removed Pin From Net: NetName=GND Pin=C2_2-1
Removed Pin From Net: NetName=GND Pin=C2_3-1
Removed Pin From Net: NetName=GND Pin=C2_4-1
Removed Pin From Net: NetName=GND Pin=C2_5-1
Removed Pin From Net: NetName=GND Pin=C2_6-1
Removed Pin From Net: NetName=GND Pin=C2_7-1
Removed Pin From Net: NetName=GND Pin=C2_8-1
Removed Pin From Net: NetName=GND Pin=C2_9-1
Removed Pin From Net: NetName=GND Pin=C2_10-1
Removed Pin From Net: NetName=GND Pin=C2_11-1
Removed Pin From Net: NetName=GND Pin=C2_12-1
Removed Pin From Net: NetName=GND Pin=C2_13-1
Removed Pin From Net: NetName=GND Pin=C2_14-1
Removed Pin From Net: NetName=GND Pin=C2_15-1
Removed Pin From Net: NetName=NetR1_1_2 Pin=R1_2-2
Removed Pin From Net: NetName=NetR1_1_2 Pin=R1_3-2
Removed Pin From Net: NetName=NetR1_4_2 Pin=R1_5-2
Removed Pin From Net: NetName=NetR1_4_2 Pin=R1_6-2
Removed Pin From Net: NetName=NetR1_7_2 Pin=R1_8-2
Removed Pin From Net: NetName=NetR1_7_2 Pin=R1_9-2
Removed Pin From Net: NetName=NetR1_10_2 Pin=R1_11-2
Removed Pin From Net: NetName=NetR1_10_2 Pin=R1_12-2
Removed Pin From Net: NetName=NetR1_13_2 Pin=R1_14-2
Removed Pin From Net: NetName=NetR1_13_2 Pin=R1_15-2
Removed Pin From Net: NetName=NetR1_1_2 Pin=U2_2-1
Removed Pin From Net: NetName=NetR1_1_2 Pin=U2_3-1
Removed Pin From Net: NetName=NetR1_4_2 Pin=U2_5-1
Removed Pin From Net: NetName=NetR1_4_2 Pin=U2_6-1
Removed Pin From Net: NetName=NetR1_7_2 Pin=U2_8-1
Removed Pin From Net: NetName=NetR1_7_2 Pin=U2_9-1
Removed Pin From Net: NetName=NetR1_10_2 Pin=U2_11-1
Removed Pin From Net: NetName=NetR1_10_2 Pin=U2_12-1
Removed Pin From Net: NetName=NetR1_13_2 Pin=U2_14-1
Removed Pin From Net: NetName=NetR1_13_2 Pin=U2_15-1
Added Component: Designator=U1_1(SOIC-20_ADC)
Add component. Clean all parameters for all variants
Add component (AddParameter): Name = "Manufacture"; Value = "TI"; VariantName = "[No Variations]"
Add component (AddParameter): Name = "Manufacture P/N"; Value = "TLC542CDWR"; VariantName = "[No Variations]"
Add component (AddParameter): Name = "Notes"; Value = ""; VariantName = "[No Variations]"
Add component (AddParameter): Name = "Supplier 1"; Value = "Digi-Key"; VariantName = "[No Variations]"
Add component (AddParameter): Name = "Supplier Part Number 1"; Value = "296-1332-2-ND"; VariantName = "[No Variations]"
Added Component: Designator=U1_2(SOIC-20_ADC)
Add component. Clean all parameters for all variants
Add component (AddParameter): Name = "Manufacture"; Value = "TI"; VariantName = "[No Variations]"
Add component (AddParameter): Name = "Manufacture P/N"; Value = "TLC542CDWR"; VariantName = "[No Variations]"
Add component (AddParameter): Name = "Notes"; Value = ""; VariantName = "[No Variations]"
Add component (AddParameter): Name = "Supplier 1"; Value = "Digi-Key"; VariantName = "[No Variations]"
Add component (AddParameter): Name = "Supplier Part Number 1"; Value = "296-1332-2-ND"; VariantName = "[No Variations]"
Added Component: Designator=U1_3(SOIC-20_ADC)
Add component. Clean all parameters for all variants
Add component (AddParameter): Name = "Manufacture"; Value = "TI"; VariantName = "[No Variations]"
Add component (AddParameter): Name = "Manufacture P/N"; Value = "TLC542CDWR"; VariantName = "[No Variations]"
Add component (AddParameter): Name = "Notes"; Value = ""; VariantName = "[No Variations]"
Add component (AddParameter): Name = "Supplier 1"; Value = "Digi-Key"; VariantName = "[No Variations]"
Add component (AddParameter): Name = "Supplier Part Number 1"; Value = "296-1332-2-ND"; VariantName = "[No Variations]"
Added Component: Designator=U1_4(SOIC-20_ADC)
Add component. Clean all parameters for all variants
Add component (AddParameter): Name = "Manufacture"; Value = "TI"; VariantName = "[No Variations]"
Add component (AddParameter): Name = "Manufacture P/N"; Value = "TLC542CDWR"; VariantName = "[No Variations]"
Add component (AddParameter): Name = "Notes"; Value = ""; VariantName = "[No Variations]"
Add component (AddParameter): Name = "Supplier 1"; Value = "Digi-Key"; VariantName = "[No Variations]"
Add component (AddParameter): Name = "Supplier Part Number 1"; Value = "296-1332-2-ND"; VariantName = "[No Variations]"
Added Component: Designator=U1_5(SOIC-20_ADC)
Add component. Clean all parameters for all variants
Add component (AddParameter): Name = "Manufacture"; Value = "TI"; VariantName = "[No Variations]"
Add component (AddParameter): Name = "Manufacture P/N"; Value = "TLC542CDWR"; VariantName = "[No Variations]"
Add component (AddParameter): Name = "Notes"; Value = ""; VariantName = "[No Variations]"
Add component (AddParameter): Name = "Supplier 1"; Value = "Digi-Key"; VariantName = "[No Variations]"
Add component (AddParameter): Name = "Supplier Part Number 1"; Value = "296-1332-2-ND"; VariantName = "[No Variations]"
Added Pin To Net: NetName=GND Pin=U1_1-10
Added Pin To Net: NetName=GND Pin=U1_1-13
Added Pin To Net: NetName=5V Pin=U1_1-14
Added Pin To Net: NetName=5V Pin=U1_1-20
Added Pin To Net: NetName=GND Pin=U1_2-10
Added Pin To Net: NetName=GND Pin=U1_2-13
Added Pin To Net: NetName=5V Pin=U1_2-14
Added Pin To Net: NetName=5V Pin=U1_2-20
Added Pin To Net: NetName=GND Pin=U1_3-10
Added Pin To Net: NetName=GND Pin=U1_3-13
Added Pin To Net: NetName=5V Pin=U1_3-14
Added Pin To Net: NetName=5V Pin=U1_3-20
Added Pin To Net: NetName=GND Pin=U1_4-10
Added Pin To Net: NetName=GND Pin=U1_4-13
Added Pin To Net: NetName=5V Pin=U1_4-14
Added Pin To Net: NetName=5V Pin=U1_4-20
Added Pin To Net: NetName=GND Pin=U1_5-10
Added Pin To Net: NetName=GND Pin=U1_5-13
Added Pin To Net: NetName=5V Pin=U1_5-14
Added Pin To Net: NetName=5V Pin=U1_5-20
Added Pin To Net: NetName=TS_IN41_1 Pin=U2_1-6
Added Pin To Net: NetName=TS_IN31_1 Pin=U2_1-7
Added Pin To Net: NetName=TS_IN42_1 Pin=U2_2-6
Added Pin To Net: NetName=TS_IN32_1 Pin=U2_2-7
Added Pin To Net: NetName=TS_IN43_1 Pin=U2_3-6
Added Pin To Net: NetName=TS_IN33_1 Pin=U2_3-7
Added Pin To Net: NetName=TS_IN41_2 Pin=U2_4-6
Added Pin To Net: NetName=TS_IN31_2 Pin=U2_4-7
Added Pin To Net: NetName=TS_IN42_2 Pin=U2_5-6
Added Pin To Net: NetName=TS_IN32_2 Pin=U2_5-7
Added Pin To Net: NetName=TS_IN43_2 Pin=U2_6-6
Added Pin To Net: NetName=TS_IN33_2 Pin=U2_6-7
Added Pin To Net: NetName=TS_IN41_3 Pin=U2_7-6
Added Pin To Net: NetName=TS_IN31_3 Pin=U2_7-7
Added Pin To Net: NetName=TS_IN42_3 Pin=U2_8-6
Added Pin To Net: NetName=TS_IN32_3 Pin=U2_8-7
Added Pin To Net: NetName=TS_IN43_3 Pin=U2_9-6
Added Pin To Net: NetName=TS_IN33_3 Pin=U2_9-7
Added Pin To Net: NetName=TS_IN41_4 Pin=U2_10-6
Added Pin To Net: NetName=TS_IN31_4 Pin=U2_10-7
Added Pin To Net: NetName=TS_IN42_4 Pin=U2_11-6
Added Pin To Net: NetName=TS_IN32_4 Pin=U2_11-7
Added Pin To Net: NetName=TS_IN43_4 Pin=U2_12-6
Added Pin To Net: NetName=TS_IN33_4 Pin=U2_12-7
Added Pin To Net: NetName=TS_IN41_5 Pin=U2_13-6
Added Pin To Net: NetName=TS_IN31_5 Pin=U2_13-7
Added Pin To Net: NetName=TS_IN42_5 Pin=U2_14-6
Added Pin To Net: NetName=TS_IN32_5 Pin=U2_14-7
Added Pin To Net: NetName=TS_IN43_5 Pin=U2_15-6
Added Pin To Net: NetName=TS_IN33_5 Pin=U2_15-7
Added Pin To Net: NetName=AIN1_1 Pin=U1_1-1
Added Net: Name=AIN1_1
Added Pin To Net: NetName=AIN1_2 Pin=U1_2-1
Added Net: Name=AIN1_2
Added Pin To Net: NetName=AIN1_3 Pin=U1_3-1
Added Net: Name=AIN1_3
Added Pin To Net: NetName=AIN1_4 Pin=U1_4-1
Added Net: Name=AIN1_4
Added Pin To Net: NetName=AIN1_5 Pin=U1_5-1
Added Net: Name=AIN1_5
Added Pin To Net: NetName=AIN2_1 Pin=U1_1-2
Added Net: Name=AIN2_1
Added Pin To Net: NetName=AIN2_2 Pin=U1_2-2
Added Net: Name=AIN2_2
Added Pin To Net: NetName=AIN2_3 Pin=U1_3-2
Added Net: Name=AIN2_3
Added Pin To Net: NetName=AIN2_4 Pin=U1_4-2
Added Net: Name=AIN2_4
Added Pin To Net: NetName=AIN2_5 Pin=U1_5-2
Added Net: Name=AIN2_5
Added Pin To Net: NetName=AIN3_1 Pin=U1_1-3
Added Net: Name=AIN3_1
Added Pin To Net: NetName=AIN3_2 Pin=U1_2-3
Added Net: Name=AIN3_2
Added Pin To Net: NetName=AIN3_3 Pin=U1_3-3
Added Net: Name=AIN3_3
Added Pin To Net: NetName=AIN3_4 Pin=U1_4-3
Added Net: Name=AIN3_4
Added Pin To Net: NetName=AIN3_5 Pin=U1_5-3
Added Net: Name=AIN3_5
Added Pin To Net: NetName=AIN4_1 Pin=U1_1-4
Added Net: Name=AIN4_1
Added Pin To Net: NetName=AIN4_2 Pin=U1_2-4
Added Net: Name=AIN4_2
Added Pin To Net: NetName=AIN4_3 Pin=U1_3-4
Added Net: Name=AIN4_3
Added Pin To Net: NetName=AIN4_4 Pin=U1_4-4
Added Net: Name=AIN4_4
Added Pin To Net: NetName=AIN4_5 Pin=U1_5-4
Added Net: Name=AIN4_5
Added Pin To Net: NetName=AIN5_1 Pin=U1_1-5
Added Net: Name=AIN5_1
Added Pin To Net: NetName=AIN5_2 Pin=U1_2-5
Added Net: Name=AIN5_2
Added Pin To Net: NetName=AIN5_3 Pin=U1_3-5
Added Net: Name=AIN5_3
Added Pin To Net: NetName=AIN5_4 Pin=U1_4-5
Added Net: Name=AIN5_4
Added Pin To Net: NetName=AIN5_5 Pin=U1_5-5
Added Net: Name=AIN5_5
Added Pin To Net: NetName=AIN6_1 Pin=U1_1-6
Added Net: Name=AIN6_1
Added Pin To Net: NetName=AIN6_2 Pin=U1_2-6
Added Net: Name=AIN6_2
Added Pin To Net: NetName=AIN6_3 Pin=U1_3-6
Added Net: Name=AIN6_3
Added Pin To Net: NetName=AIN6_4 Pin=U1_4-6
Added Net: Name=AIN6_4
Added Pin To Net: NetName=AIN6_5 Pin=U1_5-6
Added Net: Name=AIN6_5
Added Pin To Net: NetName=AIN7_1 Pin=U1_1-7
Added Net: Name=AIN7_1
Added Pin To Net: NetName=AIN7_2 Pin=U1_2-7
Added Net: Name=AIN7_2
Added Pin To Net: NetName=AIN7_3 Pin=U1_3-7
Added Net: Name=AIN7_3
Added Pin To Net: NetName=AIN7_4 Pin=U1_4-7
Added Net: Name=AIN7_4
Added Pin To Net: NetName=AIN7_5 Pin=U1_5-7
Added Net: Name=AIN7_5
Added Pin To Net: NetName=AIN8_1 Pin=U1_1-8
Added Net: Name=AIN8_1
Added Pin To Net: NetName=AIN8_2 Pin=U1_2-8
Added Net: Name=AIN8_2
Added Pin To Net: NetName=AIN8_3 Pin=U1_3-8
Added Net: Name=AIN8_3
Added Pin To Net: NetName=AIN8_4 Pin=U1_4-8
Added Net: Name=AIN8_4
Added Pin To Net: NetName=AIN8_5 Pin=U1_5-8
Added Net: Name=AIN8_5
Added Pin To Net: NetName=AIN9_1 Pin=U1_1-9
Added Net: Name=AIN9_1
Added Pin To Net: NetName=AIN9_2 Pin=U1_2-9
Added Net: Name=AIN9_2
Added Pin To Net: NetName=AIN9_3 Pin=U1_3-9
Added Net: Name=AIN9_3
Added Pin To Net: NetName=AIN9_4 Pin=U1_4-9
Added Net: Name=AIN9_4
Added Pin To Net: NetName=AIN9_5 Pin=U1_5-9
Added Net: Name=AIN9_5
Added Pin To Net: NetName=AIN10_1 Pin=U1_1-11
Added Net: Name=AIN10_1
Added Pin To Net: NetName=AIN10_2 Pin=U1_2-11
Added Net: Name=AIN10_2
Added Pin To Net: NetName=AIN10_3 Pin=U1_3-11
Added Net: Name=AIN10_3
Added Pin To Net: NetName=AIN10_4 Pin=U1_4-11
Added Net: Name=AIN10_4
Added Pin To Net: NetName=AIN10_5 Pin=U1_5-11
Added Net: Name=AIN10_5
Added Pin To Net: NetName=AIN11_1 Pin=U1_1-12
Added Net: Name=AIN11_1
Added Pin To Net: NetName=AIN11_2 Pin=U1_2-12
Added Net: Name=AIN11_2
Added Pin To Net: NetName=AIN11_3 Pin=U1_3-12
Added Net: Name=AIN11_3
Added Pin To Net: NetName=AIN11_4 Pin=U1_4-12
Added Net: Name=AIN11_4
Added Pin To Net: NetName=AIN11_5 Pin=U1_5-12
Added Net: Name=AIN11_5
Added Pin To Net: NetName=NetR1_2_2 Pin=R1_2-2
Added Pin To Net: NetName=NetR1_2_2 Pin=U2_2-1
Added Net: Name=NetR1_2_2
Added Pin To Net: NetName=NetR1_3_2 Pin=R1_3-2
Added Pin To Net: NetName=NetR1_3_2 Pin=U2_3-1
Added Net: Name=NetR1_3_2
Added Pin To Net: NetName=NetR1_5_2 Pin=R1_5-2
Added Pin To Net: NetName=NetR1_5_2 Pin=U2_5-1
Added Net: Name=NetR1_5_2
Added Pin To Net: NetName=NetR1_6_2 Pin=R1_6-2
Added Pin To Net: NetName=NetR1_6_2 Pin=U2_6-1
Added Net: Name=NetR1_6_2
Added Pin To Net: NetName=NetR1_8_2 Pin=R1_8-2
Added Pin To Net: NetName=NetR1_8_2 Pin=U2_8-1
Added Net: Name=NetR1_8_2
Added Pin To Net: NetName=NetR1_9_2 Pin=R1_9-2
Added Pin To Net: NetName=NetR1_9_2 Pin=U2_9-1
Added Net: Name=NetR1_9_2
Added Pin To Net: NetName=NetR1_11_2 Pin=R1_11-2
Added Pin To Net: NetName=NetR1_11_2 Pin=U2_11-1
Added Net: Name=NetR1_11_2
Added Pin To Net: NetName=NetR1_12_2 Pin=R1_12-2
Added Pin To Net: NetName=NetR1_12_2 Pin=U2_12-1
Added Net: Name=NetR1_12_2
Added Pin To Net: NetName=NetR1_14_2 Pin=R1_14-2
Added Pin To Net: NetName=NetR1_14_2 Pin=U2_14-1
Added Net: Name=NetR1_14_2
Added Pin To Net: NetName=NetR1_15_2 Pin=R1_15-2
Added Pin To Net: NetName=NetR1_15_2 Pin=U2_15-1
Added Net: Name=NetR1_15_2
Added Pin To Net: NetName=NetU1_1_15 Pin=U1_1-15
Added Net: Name=NetU1_1_15
Added Pin To Net: NetName=NetU1_1_16 Pin=U1_1-16
Added Net: Name=NetU1_1_16
Added Pin To Net: NetName=NetU1_1_17 Pin=U1_1-17
Added Net: Name=NetU1_1_17
Added Pin To Net: NetName=NetU1_1_18 Pin=U1_1-18
Added Net: Name=NetU1_1_18
Added Pin To Net: NetName=NetU1_1_19 Pin=U1_1-19
Added Net: Name=NetU1_1_19
Added Pin To Net: NetName=NetU1_2_15 Pin=U1_2-15
Added Net: Name=NetU1_2_15
Added Pin To Net: NetName=NetU1_2_16 Pin=U1_2-16
Added Net: Name=NetU1_2_16
Added Pin To Net: NetName=NetU1_2_17 Pin=U1_2-17
Added Net: Name=NetU1_2_17
Added Pin To Net: NetName=NetU1_2_18 Pin=U1_2-18
Added Net: Name=NetU1_2_18
Added Pin To Net: NetName=NetU1_2_19 Pin=U1_2-19
Added Net: Name=NetU1_2_19
Added Pin To Net: NetName=NetU1_3_15 Pin=U1_3-15
Added Net: Name=NetU1_3_15
Added Pin To Net: NetName=NetU1_3_16 Pin=U1_3-16
Added Net: Name=NetU1_3_16
Added Pin To Net: NetName=NetU1_3_17 Pin=U1_3-17
Added Net: Name=NetU1_3_17
Added Pin To Net: NetName=NetU1_3_18 Pin=U1_3-18
Added Net: Name=NetU1_3_18
Added Pin To Net: NetName=NetU1_3_19 Pin=U1_3-19
Added Net: Name=NetU1_3_19
Added Pin To Net: NetName=NetU1_4_15 Pin=U1_4-15
Added Net: Name=NetU1_4_15
Added Pin To Net: NetName=NetU1_4_16 Pin=U1_4-16
Added Net: Name=NetU1_4_16
Added Pin To Net: NetName=NetU1_4_17 Pin=U1_4-17
Added Net: Name=NetU1_4_17
Added Pin To Net: NetName=NetU1_4_18 Pin=U1_4-18
Added Net: Name=NetU1_4_18
Added Pin To Net: NetName=NetU1_4_19 Pin=U1_4-19
Added Net: Name=NetU1_4_19
Added Pin To Net: NetName=NetU1_5_15 Pin=U1_5-15
Added Net: Name=NetU1_5_15
Added Pin To Net: NetName=NetU1_5_16 Pin=U1_5-16
Added Net: Name=NetU1_5_16
Added Pin To Net: NetName=NetU1_5_17 Pin=U1_5-17
Added Net: Name=NetU1_5_17
Added Pin To Net: NetName=NetU1_5_18 Pin=U1_5-18
Added Net: Name=NetU1_5_18
Added Pin To Net: NetName=NetU1_5_19 Pin=U1_5-19
Added Net: Name=NetU1_5_19
Added Class: Name=U_Data_Conversion1
Added Class: Name=U_Data_Conversion2
Added Class: Name=U_Data_Conversion3
Added Class: Name=U_Data_Conversion4
Added Class: Name=U_Data_Conversion5
Added Class: Name=Data_Conversion
Added Room: Name=U_Data_Conversion1
Added Room: Name=U_Data_Conversion2
Added Room: Name=U_Data_Conversion3
Added Room: Name=U_Data_Conversion4
Added Room: Name=U_Data_Conversion5
