Removed Pin From Net: NetName=TS_IN1A Pin=U1A-2
Removed Pin From Net: NetName=TS_IN2A Pin=U1A-3
Removed Pin From Net: NetName=TS_IN3A Pin=U1A-4
Removed Pin From Net: NetName=TS_IN4A Pin=U1A-5
Removed Pin From Net: NetName=TS_IN5A Pin=U1A-6
Removed Pin From Net: NetName=TS_IN6A Pin=U1A-7
Removed Pin From Net: NetName=TS_IN7A Pin=U1A-8
Removed Pin From Net: NetName=TS_IN8A Pin=U1A-9
Removed Pin From Net: NetName=TS_IN1B Pin=U1B-2
Removed Pin From Net: NetName=TS_IN2B Pin=U1B-3
Removed Pin From Net: NetName=TS_IN3B Pin=U1B-4
Removed Pin From Net: NetName=TS_IN4B Pin=U1B-5
Removed Pin From Net: NetName=TS_IN5B Pin=U1B-6
Removed Pin From Net: NetName=TS_IN6B Pin=U1B-7
Removed Pin From Net: NetName=TS_IN7B Pin=U1B-8
Removed Pin From Net: NetName=TS_IN8B Pin=U1B-9
Removed Pin From Net: NetName=TS_IN1C Pin=U1C-2
Removed Pin From Net: NetName=TS_IN2C Pin=U1C-3
Removed Pin From Net: NetName=TS_IN3C Pin=U1C-4
Removed Pin From Net: NetName=TS_IN4C Pin=U1C-5
Removed Pin From Net: NetName=TS_IN5C Pin=U1C-6
Removed Pin From Net: NetName=TS_IN6C Pin=U1C-7
Removed Pin From Net: NetName=TS_IN7C Pin=U1C-8
Removed Pin From Net: NetName=TS_IN8C Pin=U1C-9
Removed Pin From Net: NetName=TS_IN1D Pin=U1D-2
Removed Pin From Net: NetName=TS_IN2D Pin=U1D-3
Removed Pin From Net: NetName=TS_IN3D Pin=U1D-4
Removed Pin From Net: NetName=TS_IN4D Pin=U1D-5
Removed Pin From Net: NetName=TS_IN5D Pin=U1D-6
Removed Pin From Net: NetName=TS_IN6D Pin=U1D-7
Removed Pin From Net: NetName=TS_IN7D Pin=U1D-8
Removed Pin From Net: NetName=TS_IN8D Pin=U1D-9
Added Component: Designator=P2A(MUX_SEL_CON)
Add component. Clean all parameters for all variants
Add component (AddParameter): Name = "Supplier 1"; Value = "Digi-Key"; VariantName = "[No Variations]"
Add component (AddParameter): Name = "Supplier Part Number 1"; Value = "WM13967-ND"; VariantName = "[No Variations]"
Added Component: Designator=P2B(MUX_SEL_CON)
Add component. Clean all parameters for all variants
Add component (AddParameter): Name = "Supplier 1"; Value = "Digi-Key"; VariantName = "[No Variations]"
Add component (AddParameter): Name = "Supplier Part Number 1"; Value = "WM13967-ND"; VariantName = "[No Variations]"
Added Component: Designator=P2C(MUX_SEL_CON)
Add component. Clean all parameters for all variants
Add component (AddParameter): Name = "Supplier 1"; Value = "Digi-Key"; VariantName = "[No Variations]"
Add component (AddParameter): Name = "Supplier Part Number 1"; Value = "WM13967-ND"; VariantName = "[No Variations]"
Added Component: Designator=P2D(MUX_SEL_CON)
Add component. Clean all parameters for all variants
Add component (AddParameter): Name = "Supplier 1"; Value = "Digi-Key"; VariantName = "[No Variations]"
Add component (AddParameter): Name = "Supplier Part Number 1"; Value = "WM13967-ND"; VariantName = "[No Variations]"
Added Component: Designator=P3A(MUX_SEL_CON)
Add component. Clean all parameters for all variants
Add component (AddParameter): Name = "Supplier 1"; Value = "Digi-Key"; VariantName = "[No Variations]"
Add component (AddParameter): Name = "Supplier Part Number 1"; Value = "WM13967-ND"; VariantName = "[No Variations]"
Added Component: Designator=P3B(MUX_SEL_CON)
Add component. Clean all parameters for all variants
Add component (AddParameter): Name = "Supplier 1"; Value = "Digi-Key"; VariantName = "[No Variations]"
Add component (AddParameter): Name = "Supplier Part Number 1"; Value = "WM13967-ND"; VariantName = "[No Variations]"
Added Component: Designator=P3C(MUX_SEL_CON)
Add component. Clean all parameters for all variants
Add component (AddParameter): Name = "Supplier 1"; Value = "Digi-Key"; VariantName = "[No Variations]"
Add component (AddParameter): Name = "Supplier Part Number 1"; Value = "WM13967-ND"; VariantName = "[No Variations]"
Added Component: Designator=P3D(MUX_SEL_CON)
Add component. Clean all parameters for all variants
Add component (AddParameter): Name = "Supplier 1"; Value = "Digi-Key"; VariantName = "[No Variations]"
Add component (AddParameter): Name = "Supplier Part Number 1"; Value = "WM13967-ND"; VariantName = "[No Variations]"
Added Pin To Net: NetName=S0A Pin=P2A-1
Added Pin To Net: NetName=S1A Pin=P2A-2
Added Pin To Net: NetName=S2A Pin=P2A-3
Added Pin To Net: NetName=S3A Pin=P2A-4
Added Pin To Net: NetName=S0B Pin=P2B-1
Added Pin To Net: NetName=S1B Pin=P2B-2
Added Pin To Net: NetName=S2B Pin=P2B-3
Added Pin To Net: NetName=S3B Pin=P2B-4
Added Pin To Net: NetName=S0C Pin=P2C-1
Added Pin To Net: NetName=S1C Pin=P2C-2
Added Pin To Net: NetName=S2C Pin=P2C-3
Added Pin To Net: NetName=S3C Pin=P2C-4
Added Pin To Net: NetName=S0D Pin=P2D-1
Added Pin To Net: NetName=S1D Pin=P2D-2
Added Pin To Net: NetName=S2D Pin=P2D-3
Added Pin To Net: NetName=S3D Pin=P2D-4
Added Pin To Net: NetName=S0A Pin=P3A-1
Added Pin To Net: NetName=S1A Pin=P3A-2
Added Pin To Net: NetName=S2A Pin=P3A-3
Added Pin To Net: NetName=S3A Pin=P3A-4
Added Pin To Net: NetName=S0B Pin=P3B-1
Added Pin To Net: NetName=S1B Pin=P3B-2
Added Pin To Net: NetName=S2B Pin=P3B-3
Added Pin To Net: NetName=S3B Pin=P3B-4
Added Pin To Net: NetName=S0C Pin=P3C-1
Added Pin To Net: NetName=S1C Pin=P3C-2
Added Pin To Net: NetName=S2C Pin=P3C-3
Added Pin To Net: NetName=S3C Pin=P3C-4
Added Pin To Net: NetName=S0D Pin=P3D-1
Added Pin To Net: NetName=S1D Pin=P3D-2
Added Pin To Net: NetName=S2D Pin=P3D-3
Added Pin To Net: NetName=S3D Pin=P3D-4
Added Pin To Net: NetName=TS_IN8A Pin=U1A-2
Added Pin To Net: NetName=TS_IN7A Pin=U1A-3
Added Pin To Net: NetName=TS_IN6A Pin=U1A-4
Added Pin To Net: NetName=TS_IN5A Pin=U1A-5
Added Pin To Net: NetName=TS_IN4A Pin=U1A-6
Added Pin To Net: NetName=TS_IN3A Pin=U1A-7
Added Pin To Net: NetName=TS_IN2A Pin=U1A-8
Added Pin To Net: NetName=TS_IN1A Pin=U1A-9
Added Pin To Net: NetName=TS_IN16A Pin=U1A-16
Added Pin To Net: NetName=TS_IN15A Pin=U1A-17
Added Pin To Net: NetName=TS_IN14A Pin=U1A-18
Added Pin To Net: NetName=TS_IN13A Pin=U1A-19
Added Pin To Net: NetName=TS_IN12A Pin=U1A-20
Added Pin To Net: NetName=TS_IN11A Pin=U1A-21
Added Pin To Net: NetName=TS_IN10A Pin=U1A-22
Added Pin To Net: NetName=TS_IN9A Pin=U1A-23
Added Pin To Net: NetName=TS_IN8B Pin=U1B-2
Added Pin To Net: NetName=TS_IN7B Pin=U1B-3
Added Pin To Net: NetName=TS_IN6B Pin=U1B-4
Added Pin To Net: NetName=TS_IN5B Pin=U1B-5
Added Pin To Net: NetName=TS_IN4B Pin=U1B-6
Added Pin To Net: NetName=TS_IN3B Pin=U1B-7
Added Pin To Net: NetName=TS_IN2B Pin=U1B-8
Added Pin To Net: NetName=TS_IN1B Pin=U1B-9
Added Pin To Net: NetName=TS_IN16B Pin=U1B-16
Added Pin To Net: NetName=TS_IN15B Pin=U1B-17
Added Pin To Net: NetName=TS_IN14B Pin=U1B-18
Added Pin To Net: NetName=TS_IN13B Pin=U1B-19
Added Pin To Net: NetName=TS_IN12B Pin=U1B-20
Added Pin To Net: NetName=TS_IN11B Pin=U1B-21
Added Pin To Net: NetName=TS_IN10B Pin=U1B-22
Added Pin To Net: NetName=TS_IN9B Pin=U1B-23
Added Pin To Net: NetName=TS_IN8C Pin=U1C-2
Added Pin To Net: NetName=TS_IN7C Pin=U1C-3
Added Pin To Net: NetName=TS_IN6C Pin=U1C-4
Added Pin To Net: NetName=TS_IN5C Pin=U1C-5
Added Pin To Net: NetName=TS_IN4C Pin=U1C-6
Added Pin To Net: NetName=TS_IN3C Pin=U1C-7
Added Pin To Net: NetName=TS_IN2C Pin=U1C-8
Added Pin To Net: NetName=TS_IN1C Pin=U1C-9
Added Pin To Net: NetName=TS_IN16C Pin=U1C-16
Added Pin To Net: NetName=TS_IN15C Pin=U1C-17
Added Pin To Net: NetName=TS_IN14C Pin=U1C-18
Added Pin To Net: NetName=TS_IN13C Pin=U1C-19
Added Pin To Net: NetName=TS_IN12C Pin=U1C-20
Added Pin To Net: NetName=TS_IN11C Pin=U1C-21
Added Pin To Net: NetName=TS_IN10C Pin=U1C-22
Added Pin To Net: NetName=TS_IN9C Pin=U1C-23
Added Pin To Net: NetName=TS_IN8D Pin=U1D-2
Added Pin To Net: NetName=TS_IN7D Pin=U1D-3
Added Pin To Net: NetName=TS_IN6D Pin=U1D-4
Added Pin To Net: NetName=TS_IN5D Pin=U1D-5
Added Pin To Net: NetName=TS_IN4D Pin=U1D-6
Added Pin To Net: NetName=TS_IN3D Pin=U1D-7
Added Pin To Net: NetName=TS_IN2D Pin=U1D-8
Added Pin To Net: NetName=TS_IN1D Pin=U1D-9
Added Pin To Net: NetName=TS_IN16D Pin=U1D-16
Added Pin To Net: NetName=TS_IN15D Pin=U1D-17
Added Pin To Net: NetName=TS_IN14D Pin=U1D-18
Added Pin To Net: NetName=TS_IN13D Pin=U1D-19
Added Pin To Net: NetName=TS_IN12D Pin=U1D-20
Added Pin To Net: NetName=TS_IN11D Pin=U1D-21
Added Pin To Net: NetName=TS_IN10D Pin=U1D-22
Added Pin To Net: NetName=TS_IN9D Pin=U1D-23
Added Pin To Net: NetName=TS_IN24A Pin=U2A-2
Added Pin To Net: NetName=TS_IN23A Pin=U2A-3
Added Pin To Net: NetName=TS_IN22A Pin=U2A-4
Added Pin To Net: NetName=TS_IN21A Pin=U2A-5
Added Pin To Net: NetName=TS_IN20A Pin=U2A-6
Added Pin To Net: NetName=TS_IN19A Pin=U2A-7
Added Pin To Net: NetName=TS_IN18A Pin=U2A-8
Added Pin To Net: NetName=TS_IN17A Pin=U2A-9
Added Pin To Net: NetName=TS_IN32A Pin=U2A-16
Added Pin To Net: NetName=TS_IN31A Pin=U2A-17
Added Pin To Net: NetName=TS_IN30A Pin=U2A-18
Added Pin To Net: NetName=TS_IN29A Pin=U2A-19
Added Pin To Net: NetName=TS_IN28A Pin=U2A-20
Added Pin To Net: NetName=TS_IN27A Pin=U2A-21
Added Pin To Net: NetName=TS_IN26A Pin=U2A-22
Added Pin To Net: NetName=TS_IN25A Pin=U2A-23
Added Pin To Net: NetName=TS_IN24B Pin=U2B-2
Added Pin To Net: NetName=TS_IN23B Pin=U2B-3
Added Pin To Net: NetName=TS_IN22B Pin=U2B-4
Added Pin To Net: NetName=TS_IN21B Pin=U2B-5
Added Pin To Net: NetName=TS_IN20B Pin=U2B-6
Added Pin To Net: NetName=TS_IN19B Pin=U2B-7
Added Pin To Net: NetName=TS_IN18B Pin=U2B-8
Added Pin To Net: NetName=TS_IN17B Pin=U2B-9
Added Pin To Net: NetName=TS_IN32B Pin=U2B-16
Added Pin To Net: NetName=TS_IN31B Pin=U2B-17
Added Pin To Net: NetName=TS_IN30B Pin=U2B-18
Added Pin To Net: NetName=TS_IN29B Pin=U2B-19
Added Pin To Net: NetName=TS_IN28B Pin=U2B-20
Added Pin To Net: NetName=TS_IN27B Pin=U2B-21
Added Pin To Net: NetName=TS_IN26B Pin=U2B-22
Added Pin To Net: NetName=TS_IN25B Pin=U2B-23
Added Pin To Net: NetName=TS_IN24C Pin=U2C-2
Added Pin To Net: NetName=TS_IN23C Pin=U2C-3
Added Pin To Net: NetName=TS_IN22C Pin=U2C-4
Added Pin To Net: NetName=TS_IN21C Pin=U2C-5
Added Pin To Net: NetName=TS_IN20C Pin=U2C-6
Added Pin To Net: NetName=TS_IN19C Pin=U2C-7
Added Pin To Net: NetName=TS_IN18C Pin=U2C-8
Added Pin To Net: NetName=TS_IN17C Pin=U2C-9
Added Pin To Net: NetName=TS_IN32C Pin=U2C-16
Added Pin To Net: NetName=TS_IN31C Pin=U2C-17
Added Pin To Net: NetName=TS_IN30C Pin=U2C-18
Added Pin To Net: NetName=TS_IN29C Pin=U2C-19
Added Pin To Net: NetName=TS_IN28C Pin=U2C-20
Added Pin To Net: NetName=TS_IN27C Pin=U2C-21
Added Pin To Net: NetName=TS_IN26C Pin=U2C-22
Added Pin To Net: NetName=TS_IN25C Pin=U2C-23
Added Pin To Net: NetName=TS_IN24D Pin=U2D-2
Added Pin To Net: NetName=TS_IN23D Pin=U2D-3
Added Pin To Net: NetName=TS_IN22D Pin=U2D-4
Added Pin To Net: NetName=TS_IN21D Pin=U2D-5
Added Pin To Net: NetName=TS_IN20D Pin=U2D-6
Added Pin To Net: NetName=TS_IN19D Pin=U2D-7
Added Pin To Net: NetName=TS_IN18D Pin=U2D-8
Added Pin To Net: NetName=TS_IN17D Pin=U2D-9
Added Pin To Net: NetName=TS_IN32D Pin=U2D-16
Added Pin To Net: NetName=TS_IN31D Pin=U2D-17
Added Pin To Net: NetName=TS_IN30D Pin=U2D-18
Added Pin To Net: NetName=TS_IN29D Pin=U2D-19
Added Pin To Net: NetName=TS_IN28D Pin=U2D-20
Added Pin To Net: NetName=TS_IN27D Pin=U2D-21
Added Pin To Net: NetName=TS_IN26D Pin=U2D-22
Added Pin To Net: NetName=TS_IN25D Pin=U2D-23
Added Pin To Net: NetName=TS_IN40A Pin=U3A-2
Added Pin To Net: NetName=TS_IN39A Pin=U3A-3
Added Pin To Net: NetName=TS_IN38A Pin=U3A-4
Added Pin To Net: NetName=TS_IN37A Pin=U3A-5
Added Pin To Net: NetName=TS_IN36A Pin=U3A-6
Added Pin To Net: NetName=TS_IN35A Pin=U3A-7
Added Pin To Net: NetName=TS_IN34A Pin=U3A-8
Added Pin To Net: NetName=TS_IN33A Pin=U3A-9
Added Pin To Net: NetName=TS_IN48A Pin=U3A-16
Added Pin To Net: NetName=TS_IN47A Pin=U3A-17
Added Pin To Net: NetName=TS_IN46A Pin=U3A-18
Added Pin To Net: NetName=TS_IN45A Pin=U3A-19
Added Pin To Net: NetName=TS_IN44A Pin=U3A-20
Added Pin To Net: NetName=TS_IN43A Pin=U3A-21
Added Pin To Net: NetName=TS_IN42A Pin=U3A-22
Added Pin To Net: NetName=TS_IN41A Pin=U3A-23
Added Pin To Net: NetName=TS_IN40B Pin=U3B-2
Added Pin To Net: NetName=TS_IN39B Pin=U3B-3
Added Pin To Net: NetName=TS_IN38B Pin=U3B-4
Added Pin To Net: NetName=TS_IN37B Pin=U3B-5
Added Pin To Net: NetName=TS_IN36B Pin=U3B-6
Added Pin To Net: NetName=TS_IN35B Pin=U3B-7
Added Pin To Net: NetName=TS_IN34B Pin=U3B-8
Added Pin To Net: NetName=TS_IN33B Pin=U3B-9
Added Pin To Net: NetName=TS_IN48B Pin=U3B-16
Added Pin To Net: NetName=TS_IN47B Pin=U3B-17
Added Pin To Net: NetName=TS_IN46B Pin=U3B-18
Added Pin To Net: NetName=TS_IN45B Pin=U3B-19
Added Pin To Net: NetName=TS_IN44B Pin=U3B-20
Added Pin To Net: NetName=TS_IN43B Pin=U3B-21
Added Pin To Net: NetName=TS_IN42B Pin=U3B-22
Added Pin To Net: NetName=TS_IN41B Pin=U3B-23
Added Pin To Net: NetName=TS_IN40C Pin=U3C-2
Added Pin To Net: NetName=TS_IN39C Pin=U3C-3
Added Pin To Net: NetName=TS_IN38C Pin=U3C-4
Added Pin To Net: NetName=TS_IN37C Pin=U3C-5
Added Pin To Net: NetName=TS_IN36C Pin=U3C-6
Added Pin To Net: NetName=TS_IN35C Pin=U3C-7
Added Pin To Net: NetName=TS_IN34C Pin=U3C-8
Added Pin To Net: NetName=TS_IN33C Pin=U3C-9
Added Pin To Net: NetName=TS_IN48C Pin=U3C-16
Added Pin To Net: NetName=TS_IN47C Pin=U3C-17
Added Pin To Net: NetName=TS_IN46C Pin=U3C-18
Added Pin To Net: NetName=TS_IN45C Pin=U3C-19
Added Pin To Net: NetName=TS_IN44C Pin=U3C-20
Added Pin To Net: NetName=TS_IN43C Pin=U3C-21
Added Pin To Net: NetName=TS_IN42C Pin=U3C-22
Added Pin To Net: NetName=TS_IN41C Pin=U3C-23
Added Pin To Net: NetName=TS_IN40D Pin=U3D-2
Added Pin To Net: NetName=TS_IN39D Pin=U3D-3
Added Pin To Net: NetName=TS_IN38D Pin=U3D-4
Added Pin To Net: NetName=TS_IN37D Pin=U3D-5
Added Pin To Net: NetName=TS_IN36D Pin=U3D-6
Added Pin To Net: NetName=TS_IN35D Pin=U3D-7
Added Pin To Net: NetName=TS_IN34D Pin=U3D-8
Added Pin To Net: NetName=TS_IN33D Pin=U3D-9
Added Pin To Net: NetName=TS_IN48D Pin=U3D-16
Added Pin To Net: NetName=TS_IN47D Pin=U3D-17
Added Pin To Net: NetName=TS_IN46D Pin=U3D-18
Added Pin To Net: NetName=TS_IN45D Pin=U3D-19
Added Pin To Net: NetName=TS_IN44D Pin=U3D-20
Added Pin To Net: NetName=TS_IN43D Pin=U3D-21
Added Pin To Net: NetName=TS_IN42D Pin=U3D-22
Added Pin To Net: NetName=TS_IN41D Pin=U3D-23
Added Member To Class: ClassName=U_Single_Mux1 Member=Component P2A (P2) Molex_4Pin
Added Member To Class: ClassName=U_Single_Mux2 Member=Component P2B (P2) Molex_4Pin
Added Member To Class: ClassName=U_Single_Mux3 Member=Component P2C (P2) Molex_4Pin
Added Member To Class: ClassName=U_Single_Mux4 Member=Component P2D (P2) Molex_4Pin
Added Member To Class: ClassName=U_Single_Mux1 Member=Component P3A (P3) Molex_4Pin
Added Member To Class: ClassName=U_Single_Mux2 Member=Component P3B (P3) Molex_4Pin
Added Member To Class: ClassName=U_Single_Mux3 Member=Component P3C (P3) Molex_4Pin
Added Member To Class: ClassName=U_Single_Mux4 Member=Component P3D (P3) Molex_4Pin
