Added Component: Designator=*1(TSSOP50P640X120-38N)
Add component. Clean all parameters for all variants
Add component (AddParameter): Name = "Supplier 1"; Value = "Digi-Key"; VariantName = "[No Variations]"
Add component (AddParameter): Name = "Supplier Part Number 1"; Value = "296-23503-5-ND"; VariantName = "[No Variations]"
Added Component: Designator=C1A(0.1uF_Kemet)
Add component. Clean all parameters for all variants
Add component (AddParameter): Name = "Supplier 1"; Value = "Digi-Key"; VariantName = "[No Variations]"
Add component (AddParameter): Name = "Supplier Part Number 1"; Value = "399-14477-1-ND"; VariantName = "[No Variations]"
Added Component: Designator=C1B(0.1uF_Kemet)
Add component. Clean all parameters for all variants
Add component (AddParameter): Name = "Supplier 1"; Value = "Digi-Key"; VariantName = "[No Variations]"
Add component (AddParameter): Name = "Supplier Part Number 1"; Value = "399-14477-1-ND"; VariantName = "[No Variations]"
Added Component: Designator=C1C(0.1uF_Kemet)
Add component. Clean all parameters for all variants
Add component (AddParameter): Name = "Supplier 1"; Value = "Digi-Key"; VariantName = "[No Variations]"
Add component (AddParameter): Name = "Supplier Part Number 1"; Value = "399-14477-1-ND"; VariantName = "[No Variations]"
Added Component: Designator=C1D(0.1uF_Kemet)
Add component. Clean all parameters for all variants
Add component (AddParameter): Name = "Supplier 1"; Value = "Digi-Key"; VariantName = "[No Variations]"
Add component (AddParameter): Name = "Supplier Part Number 1"; Value = "399-14477-1-ND"; VariantName = "[No Variations]"
Added Component: Designator=C2A(1uf_Samsung)
Add component. Clean all parameters for all variants
Add component (AddParameter): Name = "Supplier 1"; Value = "Digi-Key"; VariantName = "[No Variations]"
Add component (AddParameter): Name = "Supplier Part Number 1"; Value = "1276-1946-1-ND"; VariantName = "[No Variations]"
Added Component: Designator=C2B(1uf_Samsung)
Add component. Clean all parameters for all variants
Add component (AddParameter): Name = "Supplier 1"; Value = "Digi-Key"; VariantName = "[No Variations]"
Add component (AddParameter): Name = "Supplier Part Number 1"; Value = "1276-1946-1-ND"; VariantName = "[No Variations]"
Added Component: Designator=C2C(1uf_Samsung)
Add component. Clean all parameters for all variants
Add component (AddParameter): Name = "Supplier 1"; Value = "Digi-Key"; VariantName = "[No Variations]"
Add component (AddParameter): Name = "Supplier Part Number 1"; Value = "1276-1946-1-ND"; VariantName = "[No Variations]"
Added Component: Designator=C2D(1uf_Samsung)
Add component. Clean all parameters for all variants
Add component (AddParameter): Name = "Supplier 1"; Value = "Digi-Key"; VariantName = "[No Variations]"
Add component (AddParameter): Name = "Supplier Part Number 1"; Value = "1276-1946-1-ND"; VariantName = "[No Variations]"
Added Component: Designator=C3A(0.1uF_Kemet)
Add component. Clean all parameters for all variants
Add component (AddParameter): Name = "Supplier 1"; Value = "Digi-Key"; VariantName = "[No Variations]"
Add component (AddParameter): Name = "Supplier Part Number 1"; Value = "399-14477-1-ND"; VariantName = "[No Variations]"
Added Component: Designator=C3B(0.1uF_Kemet)
Add component. Clean all parameters for all variants
Add component (AddParameter): Name = "Supplier 1"; Value = "Digi-Key"; VariantName = "[No Variations]"
Add component (AddParameter): Name = "Supplier Part Number 1"; Value = "399-14477-1-ND"; VariantName = "[No Variations]"
Added Component: Designator=C3C(0.1uF_Kemet)
Add component. Clean all parameters for all variants
Add component (AddParameter): Name = "Supplier 1"; Value = "Digi-Key"; VariantName = "[No Variations]"
Add component (AddParameter): Name = "Supplier Part Number 1"; Value = "399-14477-1-ND"; VariantName = "[No Variations]"
Added Component: Designator=C3D(0.1uF_Kemet)
Add component. Clean all parameters for all variants
Add component (AddParameter): Name = "Supplier 1"; Value = "Digi-Key"; VariantName = "[No Variations]"
Add component (AddParameter): Name = "Supplier Part Number 1"; Value = "399-14477-1-ND"; VariantName = "[No Variations]"
Added Component: Designator=C4A(1uf_Samsung)
Add component. Clean all parameters for all variants
Add component (AddParameter): Name = "Supplier 1"; Value = "Digi-Key"; VariantName = "[No Variations]"
Add component (AddParameter): Name = "Supplier Part Number 1"; Value = "1276-1946-1-ND"; VariantName = "[No Variations]"
Added Component: Designator=C4B(1uf_Samsung)
Add component. Clean all parameters for all variants
Add component (AddParameter): Name = "Supplier 1"; Value = "Digi-Key"; VariantName = "[No Variations]"
Add component (AddParameter): Name = "Supplier Part Number 1"; Value = "1276-1946-1-ND"; VariantName = "[No Variations]"
Added Component: Designator=C4C(1uf_Samsung)
Add component. Clean all parameters for all variants
Add component (AddParameter): Name = "Supplier 1"; Value = "Digi-Key"; VariantName = "[No Variations]"
Add component (AddParameter): Name = "Supplier Part Number 1"; Value = "1276-1946-1-ND"; VariantName = "[No Variations]"
Added Component: Designator=C4D(1uf_Samsung)
Add component. Clean all parameters for all variants
Add component (AddParameter): Name = "Supplier 1"; Value = "Digi-Key"; VariantName = "[No Variations]"
Add component (AddParameter): Name = "Supplier Part Number 1"; Value = "1276-1946-1-ND"; VariantName = "[No Variations]"
Added Component: Designator=C5A(0.1uF_Kemet)
Add component. Clean all parameters for all variants
Add component (AddParameter): Name = "Supplier 1"; Value = "Digi-Key"; VariantName = "[No Variations]"
Add component (AddParameter): Name = "Supplier Part Number 1"; Value = "399-14477-1-ND"; VariantName = "[No Variations]"
Added Component: Designator=C5B(0.1uF_Kemet)
Add component. Clean all parameters for all variants
Add component (AddParameter): Name = "Supplier 1"; Value = "Digi-Key"; VariantName = "[No Variations]"
Add component (AddParameter): Name = "Supplier Part Number 1"; Value = "399-14477-1-ND"; VariantName = "[No Variations]"
Added Component: Designator=C5C(0.1uF_Kemet)
Add component. Clean all parameters for all variants
Add component (AddParameter): Name = "Supplier 1"; Value = "Digi-Key"; VariantName = "[No Variations]"
Add component (AddParameter): Name = "Supplier Part Number 1"; Value = "399-14477-1-ND"; VariantName = "[No Variations]"
Added Component: Designator=C5D(0.1uF_Kemet)
Add component. Clean all parameters for all variants
Add component (AddParameter): Name = "Supplier 1"; Value = "Digi-Key"; VariantName = "[No Variations]"
Add component (AddParameter): Name = "Supplier Part Number 1"; Value = "399-14477-1-ND"; VariantName = "[No Variations]"
Added Component: Designator=C6A(1uf_Samsung)
Add component. Clean all parameters for all variants
Add component (AddParameter): Name = "Supplier 1"; Value = "Digi-Key"; VariantName = "[No Variations]"
Add component (AddParameter): Name = "Supplier Part Number 1"; Value = "1276-1946-1-ND"; VariantName = "[No Variations]"
Added Component: Designator=C6B(1uf_Samsung)
Add component. Clean all parameters for all variants
Add component (AddParameter): Name = "Supplier 1"; Value = "Digi-Key"; VariantName = "[No Variations]"
Add component (AddParameter): Name = "Supplier Part Number 1"; Value = "1276-1946-1-ND"; VariantName = "[No Variations]"
Added Component: Designator=C6C(1uf_Samsung)
Add component. Clean all parameters for all variants
Add component (AddParameter): Name = "Supplier 1"; Value = "Digi-Key"; VariantName = "[No Variations]"
Add component (AddParameter): Name = "Supplier Part Number 1"; Value = "1276-1946-1-ND"; VariantName = "[No Variations]"
Added Component: Designator=C6D(1uf_Samsung)
Add component. Clean all parameters for all variants
Add component (AddParameter): Name = "Supplier 1"; Value = "Digi-Key"; VariantName = "[No Variations]"
Add component (AddParameter): Name = "Supplier Part Number 1"; Value = "1276-1946-1-ND"; VariantName = "[No Variations]"
Added Component: Designator=P1A(Molex CMC 36638)
Add component. Clean all parameters for all variants
Add component (AddParameter): Name = "Supplier 1"; Value = "Digi-Key"; VariantName = "[No Variations]"
Add component (AddParameter): Name = "Supplier Part Number 1"; Value = "WM13375-ND"; VariantName = "[No Variations]"
Added Component: Designator=P1B(Molex CMC 36638)
Add component. Clean all parameters for all variants
Add component (AddParameter): Name = "Supplier 1"; Value = "Digi-Key"; VariantName = "[No Variations]"
Add component (AddParameter): Name = "Supplier Part Number 1"; Value = "WM13375-ND"; VariantName = "[No Variations]"
Added Component: Designator=P1C(Molex CMC 36638)
Add component. Clean all parameters for all variants
Add component (AddParameter): Name = "Supplier 1"; Value = "Digi-Key"; VariantName = "[No Variations]"
Add component (AddParameter): Name = "Supplier Part Number 1"; Value = "WM13375-ND"; VariantName = "[No Variations]"
Added Component: Designator=P1D(Molex CMC 36638)
Add component. Clean all parameters for all variants
Add component (AddParameter): Name = "Supplier 1"; Value = "Digi-Key"; VariantName = "[No Variations]"
Add component (AddParameter): Name = "Supplier Part Number 1"; Value = "WM13375-ND"; VariantName = "[No Variations]"
Added Component: Designator=P2A(MUX_SEL_CON)
Add component. Clean all parameters for all variants
Add component (AddParameter): Name = "Supplier 1"; Value = "Digi-Key"; VariantName = "[No Variations]"
Add component (AddParameter): Name = "Supplier Part Number 1"; Value = "WM13967-ND"; VariantName = "[No Variations]"
Added Component: Designator=P2B(MUX_SEL_CON)
Add component. Clean all parameters for all variants
Add component (AddParameter): Name = "Supplier 1"; Value = "Digi-Key"; VariantName = "[No Variations]"
Add component (AddParameter): Name = "Supplier Part Number 1"; Value = "WM13967-ND"; VariantName = "[No Variations]"
Added Component: Designator=P2C(MUX_SEL_CON)
Add component. Clean all parameters for all variants
Add component (AddParameter): Name = "Supplier 1"; Value = "Digi-Key"; VariantName = "[No Variations]"
Add component (AddParameter): Name = "Supplier Part Number 1"; Value = "WM13967-ND"; VariantName = "[No Variations]"
Added Component: Designator=P2D(MUX_SEL_CON)
Add component. Clean all parameters for all variants
Add component (AddParameter): Name = "Supplier 1"; Value = "Digi-Key"; VariantName = "[No Variations]"
Add component (AddParameter): Name = "Supplier Part Number 1"; Value = "WM13967-ND"; VariantName = "[No Variations]"
Added Component: Designator=P3A(MUX_SEL_CON)
Add component. Clean all parameters for all variants
Add component (AddParameter): Name = "Supplier 1"; Value = "Digi-Key"; VariantName = "[No Variations]"
Add component (AddParameter): Name = "Supplier Part Number 1"; Value = "WM13967-ND"; VariantName = "[No Variations]"
Added Component: Designator=P3B(MUX_SEL_CON)
Add component. Clean all parameters for all variants
Add component (AddParameter): Name = "Supplier 1"; Value = "Digi-Key"; VariantName = "[No Variations]"
Add component (AddParameter): Name = "Supplier Part Number 1"; Value = "WM13967-ND"; VariantName = "[No Variations]"
Added Component: Designator=P3C(MUX_SEL_CON)
Add component. Clean all parameters for all variants
Add component (AddParameter): Name = "Supplier 1"; Value = "Digi-Key"; VariantName = "[No Variations]"
Add component (AddParameter): Name = "Supplier Part Number 1"; Value = "WM13967-ND"; VariantName = "[No Variations]"
Added Component: Designator=P3D(MUX_SEL_CON)
Add component. Clean all parameters for all variants
Add component (AddParameter): Name = "Supplier 1"; Value = "Digi-Key"; VariantName = "[No Variations]"
Add component (AddParameter): Name = "Supplier Part Number 1"; Value = "WM13967-ND"; VariantName = "[No Variations]"
Added Component: Designator=P4A(MUX_SEL_CON)
Add component. Clean all parameters for all variants
Add component (AddParameter): Name = "Supplier 1"; Value = "Digi-Key"; VariantName = "[No Variations]"
Add component (AddParameter): Name = "Supplier Part Number 1"; Value = "WM13967-ND"; VariantName = "[No Variations]"
Added Component: Designator=P4B(MUX_SEL_CON)
Add component. Clean all parameters for all variants
Add component (AddParameter): Name = "Supplier 1"; Value = "Digi-Key"; VariantName = "[No Variations]"
Add component (AddParameter): Name = "Supplier Part Number 1"; Value = "WM13967-ND"; VariantName = "[No Variations]"
Added Component: Designator=P4C(MUX_SEL_CON)
Add component. Clean all parameters for all variants
Add component (AddParameter): Name = "Supplier 1"; Value = "Digi-Key"; VariantName = "[No Variations]"
Add component (AddParameter): Name = "Supplier Part Number 1"; Value = "WM13967-ND"; VariantName = "[No Variations]"
Added Component: Designator=P4D(MUX_SEL_CON)
Add component. Clean all parameters for all variants
Add component (AddParameter): Name = "Supplier 1"; Value = "Digi-Key"; VariantName = "[No Variations]"
Add component (AddParameter): Name = "Supplier Part Number 1"; Value = "WM13967-ND"; VariantName = "[No Variations]"
Added Component: Designator=R1A(J1-0603)
Add component. Clean all parameters for all variants
Add component (AddParameter): Name = "LatestRevisionDate"; Value = "29-May-2009"; VariantName = "[No Variations]"
Add component (AddParameter): Name = "LatestRevisionNote"; Value = "IPC-7351 Footprint Added."; VariantName = "[No Variations]"
Add component (AddParameter): Name = "PackageDescription"; Value = "Chip Resistor"; VariantName = "[No Variations]"
Add component (AddParameter): Name = "PackageReference"; Value = "J1-0603"; VariantName = "[No Variations]"
Add component (AddParameter): Name = "Published"; Value = "8-Jun-2000"; VariantName = "[No Variations]"
Add component (AddParameter): Name = "Publisher"; Value = "Altium Limited"; VariantName = "[No Variations]"
Add component (AddParameter): Name = "Value"; Value = "1K"; VariantName = "[No Variations]"
Added Component: Designator=R1B(J1-0603)
Add component. Clean all parameters for all variants
Add component (AddParameter): Name = "LatestRevisionDate"; Value = "29-May-2009"; VariantName = "[No Variations]"
Add component (AddParameter): Name = "LatestRevisionNote"; Value = "IPC-7351 Footprint Added."; VariantName = "[No Variations]"
Add component (AddParameter): Name = "PackageDescription"; Value = "Chip Resistor"; VariantName = "[No Variations]"
Add component (AddParameter): Name = "PackageReference"; Value = "J1-0603"; VariantName = "[No Variations]"
Add component (AddParameter): Name = "Published"; Value = "8-Jun-2000"; VariantName = "[No Variations]"
Add component (AddParameter): Name = "Publisher"; Value = "Altium Limited"; VariantName = "[No Variations]"
Add component (AddParameter): Name = "Value"; Value = "1K"; VariantName = "[No Variations]"
Added Component: Designator=R1C(J1-0603)
Add component. Clean all parameters for all variants
Add component (AddParameter): Name = "LatestRevisionDate"; Value = "29-May-2009"; VariantName = "[No Variations]"
Add component (AddParameter): Name = "LatestRevisionNote"; Value = "IPC-7351 Footprint Added."; VariantName = "[No Variations]"
Add component (AddParameter): Name = "PackageDescription"; Value = "Chip Resistor"; VariantName = "[No Variations]"
Add component (AddParameter): Name = "PackageReference"; Value = "J1-0603"; VariantName = "[No Variations]"
Add component (AddParameter): Name = "Published"; Value = "8-Jun-2000"; VariantName = "[No Variations]"
Add component (AddParameter): Name = "Publisher"; Value = "Altium Limited"; VariantName = "[No Variations]"
Add component (AddParameter): Name = "Value"; Value = "1K"; VariantName = "[No Variations]"
Added Component: Designator=R1D(J1-0603)
Add component. Clean all parameters for all variants
Add component (AddParameter): Name = "LatestRevisionDate"; Value = "29-May-2009"; VariantName = "[No Variations]"
Add component (AddParameter): Name = "LatestRevisionNote"; Value = "IPC-7351 Footprint Added."; VariantName = "[No Variations]"
Add component (AddParameter): Name = "PackageDescription"; Value = "Chip Resistor"; VariantName = "[No Variations]"
Add component (AddParameter): Name = "PackageReference"; Value = "J1-0603"; VariantName = "[No Variations]"
Add component (AddParameter): Name = "Published"; Value = "8-Jun-2000"; VariantName = "[No Variations]"
Add component (AddParameter): Name = "Publisher"; Value = "Altium Limited"; VariantName = "[No Variations]"
Add component (AddParameter): Name = "Value"; Value = "1K"; VariantName = "[No Variations]"
Added Component: Designator=R2A(J1-0603)
Add component. Clean all parameters for all variants
Add component (AddParameter): Name = "LatestRevisionDate"; Value = "29-May-2009"; VariantName = "[No Variations]"
Add component (AddParameter): Name = "LatestRevisionNote"; Value = "IPC-7351 Footprint Added."; VariantName = "[No Variations]"
Add component (AddParameter): Name = "PackageDescription"; Value = "Chip Resistor"; VariantName = "[No Variations]"
Add component (AddParameter): Name = "PackageReference"; Value = "J1-0603"; VariantName = "[No Variations]"
Add component (AddParameter): Name = "Published"; Value = "8-Jun-2000"; VariantName = "[No Variations]"
Add component (AddParameter): Name = "Publisher"; Value = "Altium Limited"; VariantName = "[No Variations]"
Add component (AddParameter): Name = "Value"; Value = "1K"; VariantName = "[No Variations]"
Added Component: Designator=R2B(J1-0603)
Add component. Clean all parameters for all variants
Add component (AddParameter): Name = "LatestRevisionDate"; Value = "29-May-2009"; VariantName = "[No Variations]"
Add component (AddParameter): Name = "LatestRevisionNote"; Value = "IPC-7351 Footprint Added."; VariantName = "[No Variations]"
Add component (AddParameter): Name = "PackageDescription"; Value = "Chip Resistor"; VariantName = "[No Variations]"
Add component (AddParameter): Name = "PackageReference"; Value = "J1-0603"; VariantName = "[No Variations]"
Add component (AddParameter): Name = "Published"; Value = "8-Jun-2000"; VariantName = "[No Variations]"
Add component (AddParameter): Name = "Publisher"; Value = "Altium Limited"; VariantName = "[No Variations]"
Add component (AddParameter): Name = "Value"; Value = "1K"; VariantName = "[No Variations]"
Added Component: Designator=R2C(J1-0603)
Add component. Clean all parameters for all variants
Add component (AddParameter): Name = "LatestRevisionDate"; Value = "29-May-2009"; VariantName = "[No Variations]"
Add component (AddParameter): Name = "LatestRevisionNote"; Value = "IPC-7351 Footprint Added."; VariantName = "[No Variations]"
Add component (AddParameter): Name = "PackageDescription"; Value = "Chip Resistor"; VariantName = "[No Variations]"
Add component (AddParameter): Name = "PackageReference"; Value = "J1-0603"; VariantName = "[No Variations]"
Add component (AddParameter): Name = "Published"; Value = "8-Jun-2000"; VariantName = "[No Variations]"
Add component (AddParameter): Name = "Publisher"; Value = "Altium Limited"; VariantName = "[No Variations]"
Add component (AddParameter): Name = "Value"; Value = "1K"; VariantName = "[No Variations]"
Added Component: Designator=R2D(J1-0603)
Add component. Clean all parameters for all variants
Add component (AddParameter): Name = "LatestRevisionDate"; Value = "29-May-2009"; VariantName = "[No Variations]"
Add component (AddParameter): Name = "LatestRevisionNote"; Value = "IPC-7351 Footprint Added."; VariantName = "[No Variations]"
Add component (AddParameter): Name = "PackageDescription"; Value = "Chip Resistor"; VariantName = "[No Variations]"
Add component (AddParameter): Name = "PackageReference"; Value = "J1-0603"; VariantName = "[No Variations]"
Add component (AddParameter): Name = "Published"; Value = "8-Jun-2000"; VariantName = "[No Variations]"
Add component (AddParameter): Name = "Publisher"; Value = "Altium Limited"; VariantName = "[No Variations]"
Add component (AddParameter): Name = "Value"; Value = "1K"; VariantName = "[No Variations]"
Added Component: Designator=R3A(J1-0603)
Add component. Clean all parameters for all variants
Add component (AddParameter): Name = "LatestRevisionDate"; Value = "29-May-2009"; VariantName = "[No Variations]"
Add component (AddParameter): Name = "LatestRevisionNote"; Value = "IPC-7351 Footprint Added."; VariantName = "[No Variations]"
Add component (AddParameter): Name = "PackageDescription"; Value = "Chip Resistor"; VariantName = "[No Variations]"
Add component (AddParameter): Name = "PackageReference"; Value = "J1-0603"; VariantName = "[No Variations]"
Add component (AddParameter): Name = "Published"; Value = "8-Jun-2000"; VariantName = "[No Variations]"
Add component (AddParameter): Name = "Publisher"; Value = "Altium Limited"; VariantName = "[No Variations]"
Add component (AddParameter): Name = "Value"; Value = "1K"; VariantName = "[No Variations]"
Added Component: Designator=R3B(J1-0603)
Add component. Clean all parameters for all variants
Add component (AddParameter): Name = "LatestRevisionDate"; Value = "29-May-2009"; VariantName = "[No Variations]"
Add component (AddParameter): Name = "LatestRevisionNote"; Value = "IPC-7351 Footprint Added."; VariantName = "[No Variations]"
Add component (AddParameter): Name = "PackageDescription"; Value = "Chip Resistor"; VariantName = "[No Variations]"
Add component (AddParameter): Name = "PackageReference"; Value = "J1-0603"; VariantName = "[No Variations]"
Add component (AddParameter): Name = "Published"; Value = "8-Jun-2000"; VariantName = "[No Variations]"
Add component (AddParameter): Name = "Publisher"; Value = "Altium Limited"; VariantName = "[No Variations]"
Add component (AddParameter): Name = "Value"; Value = "1K"; VariantName = "[No Variations]"
Added Component: Designator=R3C(J1-0603)
Add component. Clean all parameters for all variants
Add component (AddParameter): Name = "LatestRevisionDate"; Value = "29-May-2009"; VariantName = "[No Variations]"
Add component (AddParameter): Name = "LatestRevisionNote"; Value = "IPC-7351 Footprint Added."; VariantName = "[No Variations]"
Add component (AddParameter): Name = "PackageDescription"; Value = "Chip Resistor"; VariantName = "[No Variations]"
Add component (AddParameter): Name = "PackageReference"; Value = "J1-0603"; VariantName = "[No Variations]"
Add component (AddParameter): Name = "Published"; Value = "8-Jun-2000"; VariantName = "[No Variations]"
Add component (AddParameter): Name = "Publisher"; Value = "Altium Limited"; VariantName = "[No Variations]"
Add component (AddParameter): Name = "Value"; Value = "1K"; VariantName = "[No Variations]"
Added Component: Designator=R3D(J1-0603)
Add component. Clean all parameters for all variants
Add component (AddParameter): Name = "LatestRevisionDate"; Value = "29-May-2009"; VariantName = "[No Variations]"
Add component (AddParameter): Name = "LatestRevisionNote"; Value = "IPC-7351 Footprint Added."; VariantName = "[No Variations]"
Add component (AddParameter): Name = "PackageDescription"; Value = "Chip Resistor"; VariantName = "[No Variations]"
Add component (AddParameter): Name = "PackageReference"; Value = "J1-0603"; VariantName = "[No Variations]"
Add component (AddParameter): Name = "Published"; Value = "8-Jun-2000"; VariantName = "[No Variations]"
Add component (AddParameter): Name = "Publisher"; Value = "Altium Limited"; VariantName = "[No Variations]"
Add component (AddParameter): Name = "Value"; Value = "1K"; VariantName = "[No Variations]"
Added Component: Designator=U1A(SOIC-24_MUX)
Add component. Clean all parameters for all variants
Add component (AddParameter): Name = "Supplier 1"; Value = "Newark"; VariantName = "[No Variations]"
Add component (AddParameter): Name = "Supplier Part Number 1"; Value = "05B6161"; VariantName = "[No Variations]"
Added Component: Designator=U1B(SOIC-24_MUX)
Add component. Clean all parameters for all variants
Add component (AddParameter): Name = "Supplier 1"; Value = "Newark"; VariantName = "[No Variations]"
Add component (AddParameter): Name = "Supplier Part Number 1"; Value = "05B6161"; VariantName = "[No Variations]"
Added Component: Designator=U1C(SOIC-24_MUX)
Add component. Clean all parameters for all variants
Add component (AddParameter): Name = "Supplier 1"; Value = "Newark"; VariantName = "[No Variations]"
Add component (AddParameter): Name = "Supplier Part Number 1"; Value = "05B6161"; VariantName = "[No Variations]"
Added Component: Designator=U1D(SOIC-24_MUX)
Add component. Clean all parameters for all variants
Add component (AddParameter): Name = "Supplier 1"; Value = "Newark"; VariantName = "[No Variations]"
Add component (AddParameter): Name = "Supplier Part Number 1"; Value = "05B6161"; VariantName = "[No Variations]"
Added Component: Designator=U2A(SOIC-24_MUX)
Add component. Clean all parameters for all variants
Add component (AddParameter): Name = "Supplier 1"; Value = "Newark"; VariantName = "[No Variations]"
Add component (AddParameter): Name = "Supplier Part Number 1"; Value = "05B6161"; VariantName = "[No Variations]"
Added Component: Designator=U2B(SOIC-24_MUX)
Add component. Clean all parameters for all variants
Add component (AddParameter): Name = "Supplier 1"; Value = "Newark"; VariantName = "[No Variations]"
Add component (AddParameter): Name = "Supplier Part Number 1"; Value = "05B6161"; VariantName = "[No Variations]"
Added Component: Designator=U2C(SOIC-24_MUX)
Add component. Clean all parameters for all variants
Add component (AddParameter): Name = "Supplier 1"; Value = "Newark"; VariantName = "[No Variations]"
Add component (AddParameter): Name = "Supplier Part Number 1"; Value = "05B6161"; VariantName = "[No Variations]"
Added Component: Designator=U2D(SOIC-24_MUX)
Add component. Clean all parameters for all variants
Add component (AddParameter): Name = "Supplier 1"; Value = "Newark"; VariantName = "[No Variations]"
Add component (AddParameter): Name = "Supplier Part Number 1"; Value = "05B6161"; VariantName = "[No Variations]"
Added Component: Designator=U3A(SOIC-24_MUX)
Add component. Clean all parameters for all variants
Add component (AddParameter): Name = "Supplier 1"; Value = "Newark"; VariantName = "[No Variations]"
Add component (AddParameter): Name = "Supplier Part Number 1"; Value = "05B6161"; VariantName = "[No Variations]"
Added Component: Designator=U3B(SOIC-24_MUX)
Add component. Clean all parameters for all variants
Add component (AddParameter): Name = "Supplier 1"; Value = "Newark"; VariantName = "[No Variations]"
Add component (AddParameter): Name = "Supplier Part Number 1"; Value = "05B6161"; VariantName = "[No Variations]"
Added Component: Designator=U3C(SOIC-24_MUX)
Add component. Clean all parameters for all variants
Add component (AddParameter): Name = "Supplier 1"; Value = "Newark"; VariantName = "[No Variations]"
Add component (AddParameter): Name = "Supplier Part Number 1"; Value = "05B6161"; VariantName = "[No Variations]"
Added Component: Designator=U3D(SOIC-24_MUX)
Add component. Clean all parameters for all variants
Add component (AddParameter): Name = "Supplier 1"; Value = "Newark"; VariantName = "[No Variations]"
Add component (AddParameter): Name = "Supplier Part Number 1"; Value = "05B6161"; VariantName = "[No Variations]"
Added Pin To Net: NetName=5VAN Pin=*1-29
Added Net: Name=5VAN
Added Pin To Net: NetName=5VDIG Pin=*1-36
Added Net: Name=5VDIG
Added Pin To Net: NetName=5V Pin=C1A-2
Added Pin To Net: NetName=5V Pin=C1B-2
Added Pin To Net: NetName=5V Pin=C1C-2
Added Pin To Net: NetName=5V Pin=C1D-2
Added Pin To Net: NetName=5V Pin=C2A-2
Added Pin To Net: NetName=5V Pin=C2B-2
Added Pin To Net: NetName=5V Pin=C2C-2
Added Pin To Net: NetName=5V Pin=C2D-2
Added Pin To Net: NetName=5V Pin=C3A-2
Added Pin To Net: NetName=5V Pin=C3B-2
Added Pin To Net: NetName=5V Pin=C3C-2
Added Pin To Net: NetName=5V Pin=C3D-2
Added Pin To Net: NetName=5V Pin=C4A-2
Added Pin To Net: NetName=5V Pin=C4B-2
Added Pin To Net: NetName=5V Pin=C4C-2
Added Pin To Net: NetName=5V Pin=C4D-2
Added Pin To Net: NetName=5V Pin=C5A-2
Added Pin To Net: NetName=5V Pin=C5B-2
Added Pin To Net: NetName=5V Pin=C5C-2
Added Pin To Net: NetName=5V Pin=C5D-2
Added Pin To Net: NetName=5V Pin=C6A-2
Added Pin To Net: NetName=5V Pin=C6B-2
Added Pin To Net: NetName=5V Pin=C6C-2
Added Pin To Net: NetName=5V Pin=C6D-2
Added Pin To Net: NetName=5V Pin=R1A-1
Added Pin To Net: NetName=5V Pin=R1B-1
Added Pin To Net: NetName=5V Pin=R1C-1
Added Pin To Net: NetName=5V Pin=R1D-1
Added Pin To Net: NetName=5V Pin=R2A-1
Added Pin To Net: NetName=5V Pin=R2B-1
Added Pin To Net: NetName=5V Pin=R2C-1
Added Pin To Net: NetName=5V Pin=R2D-1
Added Pin To Net: NetName=5V Pin=R3A-1
Added Pin To Net: NetName=5V Pin=R3B-1
Added Pin To Net: NetName=5V Pin=R3C-1
Added Pin To Net: NetName=5V Pin=R3D-1
Added Pin To Net: NetName=5V Pin=U1A-24
Added Pin To Net: NetName=5V Pin=U1B-24
Added Pin To Net: NetName=5V Pin=U1C-24
Added Pin To Net: NetName=5V Pin=U1D-24
Added Pin To Net: NetName=5V Pin=U2A-24
Added Pin To Net: NetName=5V Pin=U2B-24
Added Pin To Net: NetName=5V Pin=U2C-24
Added Pin To Net: NetName=5V Pin=U2D-24
Added Pin To Net: NetName=5V Pin=U3A-24
Added Pin To Net: NetName=5V Pin=U3B-24
Added Pin To Net: NetName=5V Pin=U3C-24
Added Pin To Net: NetName=5V Pin=U3D-24
Added Net: Name=5V
Added Pin To Net: NetName=ADC_OUTA1 Pin=*1-28
Added Pin To Net: NetName=ADC_OUTA1 Pin=R1A-2
Added Pin To Net: NetName=ADC_OUTA1 Pin=U1A-1
Added Net: Name=ADC_OUTA1
Added Pin To Net: NetName=ADC_OUTA2 Pin=*1-25
Added Pin To Net: NetName=ADC_OUTA2 Pin=R1B-2
Added Pin To Net: NetName=ADC_OUTA2 Pin=U1B-1
Added Net: Name=ADC_OUTA2
Added Pin To Net: NetName=ADC_OUTA3 Pin=*1-22
Added Pin To Net: NetName=ADC_OUTA3 Pin=R1C-2
Added Pin To Net: NetName=ADC_OUTA3 Pin=U1C-1
Added Net: Name=ADC_OUTA3
Added Pin To Net: NetName=ADC_OUTA4 Pin=*1-17
Added Pin To Net: NetName=ADC_OUTA4 Pin=R1D-2
Added Pin To Net: NetName=ADC_OUTA4 Pin=U1D-1
Added Net: Name=ADC_OUTA4
Added Pin To Net: NetName=ADC_OUTB1 Pin=*1-27
Added Pin To Net: NetName=ADC_OUTB1 Pin=R2A-2
Added Pin To Net: NetName=ADC_OUTB1 Pin=U2A-1
Added Net: Name=ADC_OUTB1
Added Pin To Net: NetName=ADC_OUTB2 Pin=*1-24
Added Pin To Net: NetName=ADC_OUTB2 Pin=R2B-2
Added Pin To Net: NetName=ADC_OUTB2 Pin=U2B-1
Added Net: Name=ADC_OUTB2
Added Pin To Net: NetName=ADC_OUTB3 Pin=*1-21
Added Pin To Net: NetName=ADC_OUTB3 Pin=R2C-2
Added Pin To Net: NetName=ADC_OUTB3 Pin=U2C-1
Added Net: Name=ADC_OUTB3
Added Pin To Net: NetName=ADC_OUTB4 Pin=*1-16
Added Pin To Net: NetName=ADC_OUTB4 Pin=R2D-2
Added Pin To Net: NetName=ADC_OUTB4 Pin=U2D-1
Added Net: Name=ADC_OUTB4
Added Pin To Net: NetName=ADC_OUTC1 Pin=*1-26
Added Pin To Net: NetName=ADC_OUTC1 Pin=R3A-2
Added Pin To Net: NetName=ADC_OUTC1 Pin=U3A-1
Added Net: Name=ADC_OUTC1
Added Pin To Net: NetName=ADC_OUTC2 Pin=*1-23
Added Pin To Net: NetName=ADC_OUTC2 Pin=R3B-2
Added Pin To Net: NetName=ADC_OUTC2 Pin=U3B-1
Added Net: Name=ADC_OUTC2
Added Pin To Net: NetName=ADC_OUTC3 Pin=*1-18
Added Pin To Net: NetName=ADC_OUTC3 Pin=R3C-2
Added Pin To Net: NetName=ADC_OUTC3 Pin=U3C-1
Added Net: Name=ADC_OUTC3
Added Pin To Net: NetName=ADC_OUTC4 Pin=*1-15
Added Pin To Net: NetName=ADC_OUTC4 Pin=R3D-2
Added Pin To Net: NetName=ADC_OUTC4 Pin=U3D-1
Added Net: Name=ADC_OUTC4
Added Pin To Net: NetName=AGND Pin=*1-3
Added Pin To Net: NetName=AGND Pin=*1-6
Added Pin To Net: NetName=AGND Pin=*1-19
Added Pin To Net: NetName=AGND Pin=*1-20
Added Pin To Net: NetName=AGND Pin=*1-30
Added Net: Name=AGND
Added Pin To Net: NetName=C\S\_4 Pin=*1-31
Added Net: Name=C\S\_4
Added Pin To Net: NetName=DGND Pin=*1-35
Added Net: Name=DGND
Added Pin To Net: NetName=GND Pin=C1A-1
Added Pin To Net: NetName=GND Pin=C1B-1
Added Pin To Net: NetName=GND Pin=C1C-1
Added Pin To Net: NetName=GND Pin=C1D-1
Added Pin To Net: NetName=GND Pin=C2A-1
Added Pin To Net: NetName=GND Pin=C2B-1
Added Pin To Net: NetName=GND Pin=C2C-1
Added Pin To Net: NetName=GND Pin=C2D-1
Added Pin To Net: NetName=GND Pin=C3A-1
Added Pin To Net: NetName=GND Pin=C3B-1
Added Pin To Net: NetName=GND Pin=C3C-1
Added Pin To Net: NetName=GND Pin=C3D-1
Added Pin To Net: NetName=GND Pin=C4A-1
Added Pin To Net: NetName=GND Pin=C4B-1
Added Pin To Net: NetName=GND Pin=C4C-1
Added Pin To Net: NetName=GND Pin=C4D-1
Added Pin To Net: NetName=GND Pin=C5A-1
Added Pin To Net: NetName=GND Pin=C5B-1
Added Pin To Net: NetName=GND Pin=C5C-1
Added Pin To Net: NetName=GND Pin=C5D-1
Added Pin To Net: NetName=GND Pin=C6A-1
Added Pin To Net: NetName=GND Pin=C6B-1
Added Pin To Net: NetName=GND Pin=C6C-1
Added Pin To Net: NetName=GND Pin=C6D-1
Added Pin To Net: NetName=GND Pin=U1A-12
Added Pin To Net: NetName=GND Pin=U1A-15
Added Pin To Net: NetName=GND Pin=U1B-12
Added Pin To Net: NetName=GND Pin=U1B-15
Added Pin To Net: NetName=GND Pin=U1C-12
Added Pin To Net: NetName=GND Pin=U1C-15
Added Pin To Net: NetName=GND Pin=U1D-12
Added Pin To Net: NetName=GND Pin=U1D-15
Added Pin To Net: NetName=GND Pin=U2A-12
Added Pin To Net: NetName=GND Pin=U2A-15
Added Pin To Net: NetName=GND Pin=U2B-12
Added Pin To Net: NetName=GND Pin=U2B-15
Added Pin To Net: NetName=GND Pin=U2C-12
Added Pin To Net: NetName=GND Pin=U2C-15
Added Pin To Net: NetName=GND Pin=U2D-12
Added Pin To Net: NetName=GND Pin=U2D-15
Added Pin To Net: NetName=GND Pin=U3A-12
Added Pin To Net: NetName=GND Pin=U3A-15
Added Pin To Net: NetName=GND Pin=U3B-12
Added Pin To Net: NetName=GND Pin=U3B-15
Added Pin To Net: NetName=GND Pin=U3C-12
Added Pin To Net: NetName=GND Pin=U3C-15
Added Pin To Net: NetName=GND Pin=U3D-12
Added Pin To Net: NetName=GND Pin=U3D-15
Added Net: Name=GND
Added Pin To Net: NetName=S0A Pin=P2A-1
Added Pin To Net: NetName=S0A Pin=P3A-1
Added Pin To Net: NetName=S0A Pin=P4A-1
Added Pin To Net: NetName=S0A Pin=U1A-10
Added Pin To Net: NetName=S0A Pin=U2A-10
Added Pin To Net: NetName=S0A Pin=U3A-10
Added Net: Name=S0A
Added Pin To Net: NetName=S0B Pin=P2B-1
Added Pin To Net: NetName=S0B Pin=P3B-1
Added Pin To Net: NetName=S0B Pin=P4B-1
Added Pin To Net: NetName=S0B Pin=U1B-10
Added Pin To Net: NetName=S0B Pin=U2B-10
Added Pin To Net: NetName=S0B Pin=U3B-10
Added Net: Name=S0B
Added Pin To Net: NetName=S0C Pin=P2C-1
Added Pin To Net: NetName=S0C Pin=P3C-1
Added Pin To Net: NetName=S0C Pin=P4C-1
Added Pin To Net: NetName=S0C Pin=U1C-10
Added Pin To Net: NetName=S0C Pin=U2C-10
Added Pin To Net: NetName=S0C Pin=U3C-10
Added Net: Name=S0C
Added Pin To Net: NetName=S0D Pin=P2D-1
Added Pin To Net: NetName=S0D Pin=P3D-1
Added Pin To Net: NetName=S0D Pin=P4D-1
Added Pin To Net: NetName=S0D Pin=U1D-10
Added Pin To Net: NetName=S0D Pin=U2D-10
Added Pin To Net: NetName=S0D Pin=U3D-10
Added Net: Name=S0D
Added Pin To Net: NetName=S1A Pin=P2A-2
Added Pin To Net: NetName=S1A Pin=P3A-2
Added Pin To Net: NetName=S1A Pin=P4A-2
Added Pin To Net: NetName=S1A Pin=U1A-11
Added Pin To Net: NetName=S1A Pin=U2A-11
Added Pin To Net: NetName=S1A Pin=U3A-11
Added Net: Name=S1A
Added Pin To Net: NetName=S1B Pin=P2B-2
Added Pin To Net: NetName=S1B Pin=P3B-2
Added Pin To Net: NetName=S1B Pin=P4B-2
Added Pin To Net: NetName=S1B Pin=U1B-11
Added Pin To Net: NetName=S1B Pin=U2B-11
Added Pin To Net: NetName=S1B Pin=U3B-11
Added Net: Name=S1B
Added Pin To Net: NetName=S1C Pin=P2C-2
Added Pin To Net: NetName=S1C Pin=P3C-2
Added Pin To Net: NetName=S1C Pin=P4C-2
Added Pin To Net: NetName=S1C Pin=U1C-11
Added Pin To Net: NetName=S1C Pin=U2C-11
Added Pin To Net: NetName=S1C Pin=U3C-11
Added Net: Name=S1C
Added Pin To Net: NetName=S1D Pin=P2D-2
Added Pin To Net: NetName=S1D Pin=P3D-2
Added Pin To Net: NetName=S1D Pin=P4D-2
Added Pin To Net: NetName=S1D Pin=U1D-11
Added Pin To Net: NetName=S1D Pin=U2D-11
Added Pin To Net: NetName=S1D Pin=U3D-11
Added Net: Name=S1D
Added Pin To Net: NetName=S2A Pin=P2A-3
Added Pin To Net: NetName=S2A Pin=P3A-3
Added Pin To Net: NetName=S2A Pin=P4A-3
Added Pin To Net: NetName=S2A Pin=U1A-14
Added Pin To Net: NetName=S2A Pin=U2A-14
Added Pin To Net: NetName=S2A Pin=U3A-14
Added Net: Name=S2A
Added Pin To Net: NetName=S2B Pin=P2B-3
Added Pin To Net: NetName=S2B Pin=P3B-3
Added Pin To Net: NetName=S2B Pin=P4B-3
Added Pin To Net: NetName=S2B Pin=U1B-14
Added Pin To Net: NetName=S2B Pin=U2B-14
Added Pin To Net: NetName=S2B Pin=U3B-14
Added Net: Name=S2B
Added Pin To Net: NetName=S2C Pin=P2C-3
Added Pin To Net: NetName=S2C Pin=P3C-3
Added Pin To Net: NetName=S2C Pin=P4C-3
Added Pin To Net: NetName=S2C Pin=U1C-14
Added Pin To Net: NetName=S2C Pin=U2C-14
Added Pin To Net: NetName=S2C Pin=U3C-14
Added Net: Name=S2C
Added Pin To Net: NetName=S2D Pin=P2D-3
Added Pin To Net: NetName=S2D Pin=P3D-3
Added Pin To Net: NetName=S2D Pin=P4D-3
Added Pin To Net: NetName=S2D Pin=U1D-14
Added Pin To Net: NetName=S2D Pin=U2D-14
Added Pin To Net: NetName=S2D Pin=U3D-14
Added Net: Name=S2D
Added Pin To Net: NetName=S3A Pin=P2A-4
Added Pin To Net: NetName=S3A Pin=P3A-4
Added Pin To Net: NetName=S3A Pin=P4A-4
Added Pin To Net: NetName=S3A Pin=U1A-13
Added Pin To Net: NetName=S3A Pin=U2A-13
Added Pin To Net: NetName=S3A Pin=U3A-13
Added Net: Name=S3A
Added Pin To Net: NetName=S3B Pin=P2B-4
Added Pin To Net: NetName=S3B Pin=P3B-4
Added Pin To Net: NetName=S3B Pin=P4B-4
Added Pin To Net: NetName=S3B Pin=U1B-13
Added Pin To Net: NetName=S3B Pin=U2B-13
Added Pin To Net: NetName=S3B Pin=U3B-13
Added Net: Name=S3B
Added Pin To Net: NetName=S3C Pin=P2C-4
Added Pin To Net: NetName=S3C Pin=P3C-4
Added Pin To Net: NetName=S3C Pin=P4C-4
Added Pin To Net: NetName=S3C Pin=U1C-13
Added Pin To Net: NetName=S3C Pin=U2C-13
Added Pin To Net: NetName=S3C Pin=U3C-13
Added Net: Name=S3C
Added Pin To Net: NetName=S3D Pin=P2D-4
Added Pin To Net: NetName=S3D Pin=P3D-4
Added Pin To Net: NetName=S3D Pin=P4D-4
Added Pin To Net: NetName=S3D Pin=U1D-13
Added Pin To Net: NetName=S3D Pin=U2D-13
Added Pin To Net: NetName=S3D Pin=U3D-13
Added Net: Name=S3D
Added Pin To Net: NetName=SCLK_4 Pin=*1-32
Added Net: Name=SCLK_4
Added Pin To Net: NetName=SDI_4 Pin=*1-33
Added Net: Name=SDI_4
Added Pin To Net: NetName=SDO_4 Pin=*1-34
Added Net: Name=SDO_4
Added Pin To Net: NetName=TS_IN1A Pin=P1A-1
Added Pin To Net: NetName=TS_IN1A Pin=U1A-2
Added Net: Name=TS_IN1A
Added Pin To Net: NetName=TS_IN1B Pin=P1B-1
Added Pin To Net: NetName=TS_IN1B Pin=U1B-2
Added Net: Name=TS_IN1B
Added Pin To Net: NetName=TS_IN1C Pin=P1C-1
Added Pin To Net: NetName=TS_IN1C Pin=U1C-2
Added Net: Name=TS_IN1C
Added Pin To Net: NetName=TS_IN1D Pin=P1D-1
Added Pin To Net: NetName=TS_IN1D Pin=U1D-2
Added Net: Name=TS_IN1D
Added Pin To Net: NetName=TS_IN2A Pin=P1A-2
Added Pin To Net: NetName=TS_IN2A Pin=U1A-3
Added Net: Name=TS_IN2A
Added Pin To Net: NetName=TS_IN2B Pin=P1B-2
Added Pin To Net: NetName=TS_IN2B Pin=U1B-3
Added Net: Name=TS_IN2B
Added Pin To Net: NetName=TS_IN2C Pin=P1C-2
Added Pin To Net: NetName=TS_IN2C Pin=U1C-3
Added Net: Name=TS_IN2C
Added Pin To Net: NetName=TS_IN2D Pin=P1D-2
Added Pin To Net: NetName=TS_IN2D Pin=U1D-3
Added Net: Name=TS_IN2D
Added Pin To Net: NetName=TS_IN3A Pin=P1A-3
Added Pin To Net: NetName=TS_IN3A Pin=U1A-4
Added Net: Name=TS_IN3A
Added Pin To Net: NetName=TS_IN3B Pin=P1B-3
Added Pin To Net: NetName=TS_IN3B Pin=U1B-4
Added Net: Name=TS_IN3B
Added Pin To Net: NetName=TS_IN3C Pin=P1C-3
Added Pin To Net: NetName=TS_IN3C Pin=U1C-4
Added Net: Name=TS_IN3C
Added Pin To Net: NetName=TS_IN3D Pin=P1D-3
Added Pin To Net: NetName=TS_IN3D Pin=U1D-4
Added Net: Name=TS_IN3D
Added Pin To Net: NetName=TS_IN4A Pin=P1A-4
Added Pin To Net: NetName=TS_IN4A Pin=U1A-5
Added Net: Name=TS_IN4A
Added Pin To Net: NetName=TS_IN4B Pin=P1B-4
Added Pin To Net: NetName=TS_IN4B Pin=U1B-5
Added Net: Name=TS_IN4B
Added Pin To Net: NetName=TS_IN4C Pin=P1C-4
Added Pin To Net: NetName=TS_IN4C Pin=U1C-5
Added Net: Name=TS_IN4C
Added Pin To Net: NetName=TS_IN4D Pin=P1D-4
Added Pin To Net: NetName=TS_IN4D Pin=U1D-5
Added Net: Name=TS_IN4D
Added Pin To Net: NetName=TS_IN5A Pin=P1A-5
Added Pin To Net: NetName=TS_IN5A Pin=U1A-6
Added Net: Name=TS_IN5A
Added Pin To Net: NetName=TS_IN5B Pin=P1B-5
Added Pin To Net: NetName=TS_IN5B Pin=U1B-6
Added Net: Name=TS_IN5B
Added Pin To Net: NetName=TS_IN5C Pin=P1C-5
Added Pin To Net: NetName=TS_IN5C Pin=U1C-6
Added Net: Name=TS_IN5C
Added Pin To Net: NetName=TS_IN5D Pin=P1D-5
Added Pin To Net: NetName=TS_IN5D Pin=U1D-6
Added Net: Name=TS_IN5D
Added Pin To Net: NetName=TS_IN6A Pin=P1A-6
Added Pin To Net: NetName=TS_IN6A Pin=U1A-7
Added Net: Name=TS_IN6A
Added Pin To Net: NetName=TS_IN6B Pin=P1B-6
Added Pin To Net: NetName=TS_IN6B Pin=U1B-7
Added Net: Name=TS_IN6B
Added Pin To Net: NetName=TS_IN6C Pin=P1C-6
Added Pin To Net: NetName=TS_IN6C Pin=U1C-7
Added Net: Name=TS_IN6C
Added Pin To Net: NetName=TS_IN6D Pin=P1D-6
Added Pin To Net: NetName=TS_IN6D Pin=U1D-7
Added Net: Name=TS_IN6D
Added Pin To Net: NetName=TS_IN7A Pin=P1A-7
Added Pin To Net: NetName=TS_IN7A Pin=U1A-8
Added Net: Name=TS_IN7A
Added Pin To Net: NetName=TS_IN7B Pin=P1B-7
Added Pin To Net: NetName=TS_IN7B Pin=U1B-8
Added Net: Name=TS_IN7B
Added Pin To Net: NetName=TS_IN7C Pin=P1C-7
Added Pin To Net: NetName=TS_IN7C Pin=U1C-8
Added Net: Name=TS_IN7C
Added Pin To Net: NetName=TS_IN7D Pin=P1D-7
Added Pin To Net: NetName=TS_IN7D Pin=U1D-8
Added Net: Name=TS_IN7D
Added Pin To Net: NetName=TS_IN8A Pin=P1A-8
Added Pin To Net: NetName=TS_IN8A Pin=U1A-9
Added Net: Name=TS_IN8A
Added Pin To Net: NetName=TS_IN8B Pin=P1B-8
Added Pin To Net: NetName=TS_IN8B Pin=U1B-9
Added Net: Name=TS_IN8B
Added Pin To Net: NetName=TS_IN8C Pin=P1C-8
Added Pin To Net: NetName=TS_IN8C Pin=U1C-9
Added Net: Name=TS_IN8C
Added Pin To Net: NetName=TS_IN8D Pin=P1D-8
Added Pin To Net: NetName=TS_IN8D Pin=U1D-9
Added Net: Name=TS_IN8D
Added Pin To Net: NetName=TS_IN9A Pin=P1A-9
Added Net: Name=TS_IN9A
Added Pin To Net: NetName=TS_IN9B Pin=P1B-9
Added Net: Name=TS_IN9B
Added Pin To Net: NetName=TS_IN9C Pin=P1C-9
Added Net: Name=TS_IN9C
Added Pin To Net: NetName=TS_IN9D Pin=P1D-9
Added Net: Name=TS_IN9D
Added Pin To Net: NetName=TS_IN10A Pin=P1A-10
Added Net: Name=TS_IN10A
Added Pin To Net: NetName=TS_IN10B Pin=P1B-10
Added Net: Name=TS_IN10B
Added Pin To Net: NetName=TS_IN10C Pin=P1C-10
Added Net: Name=TS_IN10C
Added Pin To Net: NetName=TS_IN10D Pin=P1D-10
Added Net: Name=TS_IN10D
Added Pin To Net: NetName=TS_IN11A Pin=P1A-11
Added Net: Name=TS_IN11A
Added Pin To Net: NetName=TS_IN11B Pin=P1B-11
Added Net: Name=TS_IN11B
Added Pin To Net: NetName=TS_IN11C Pin=P1C-11
Added Net: Name=TS_IN11C
Added Pin To Net: NetName=TS_IN11D Pin=P1D-11
Added Net: Name=TS_IN11D
Added Pin To Net: NetName=TS_IN12A Pin=P1A-12
Added Net: Name=TS_IN12A
Added Pin To Net: NetName=TS_IN12B Pin=P1B-12
Added Net: Name=TS_IN12B
Added Pin To Net: NetName=TS_IN12C Pin=P1C-12
Added Net: Name=TS_IN12C
Added Pin To Net: NetName=TS_IN12D Pin=P1D-12
Added Net: Name=TS_IN12D
Added Pin To Net: NetName=TS_IN13A Pin=P1A-13
Added Net: Name=TS_IN13A
Added Pin To Net: NetName=TS_IN13B Pin=P1B-13
Added Net: Name=TS_IN13B
Added Pin To Net: NetName=TS_IN13C Pin=P1C-13
Added Net: Name=TS_IN13C
Added Pin To Net: NetName=TS_IN13D Pin=P1D-13
Added Net: Name=TS_IN13D
Added Pin To Net: NetName=TS_IN14A Pin=P1A-14
Added Net: Name=TS_IN14A
Added Pin To Net: NetName=TS_IN14B Pin=P1B-14
Added Net: Name=TS_IN14B
Added Pin To Net: NetName=TS_IN14C Pin=P1C-14
Added Net: Name=TS_IN14C
Added Pin To Net: NetName=TS_IN14D Pin=P1D-14
Added Net: Name=TS_IN14D
Added Pin To Net: NetName=TS_IN15A Pin=P1A-15
Added Net: Name=TS_IN15A
Added Pin To Net: NetName=TS_IN15B Pin=P1B-15
Added Net: Name=TS_IN15B
Added Pin To Net: NetName=TS_IN15C Pin=P1C-15
Added Net: Name=TS_IN15C
Added Pin To Net: NetName=TS_IN15D Pin=P1D-15
Added Net: Name=TS_IN15D
Added Pin To Net: NetName=TS_IN16A Pin=P1A-16
Added Net: Name=TS_IN16A
Added Pin To Net: NetName=TS_IN16B Pin=P1B-16
Added Net: Name=TS_IN16B
Added Pin To Net: NetName=TS_IN16C Pin=P1C-16
Added Net: Name=TS_IN16C
Added Pin To Net: NetName=TS_IN16D Pin=P1D-16
Added Net: Name=TS_IN16D
Added Pin To Net: NetName=TS_IN17A Pin=P1A-17
Added Net: Name=TS_IN17A
Added Pin To Net: NetName=TS_IN17B Pin=P1B-17
Added Net: Name=TS_IN17B
Added Pin To Net: NetName=TS_IN17C Pin=P1C-17
Added Net: Name=TS_IN17C
Added Pin To Net: NetName=TS_IN17D Pin=P1D-17
Added Net: Name=TS_IN17D
Added Pin To Net: NetName=TS_IN18A Pin=P1A-18
Added Net: Name=TS_IN18A
Added Pin To Net: NetName=TS_IN18B Pin=P1B-18
Added Net: Name=TS_IN18B
Added Pin To Net: NetName=TS_IN18C Pin=P1C-18
Added Net: Name=TS_IN18C
Added Pin To Net: NetName=TS_IN18D Pin=P1D-18
Added Net: Name=TS_IN18D
Added Pin To Net: NetName=TS_IN19A Pin=P1A-19
Added Net: Name=TS_IN19A
Added Pin To Net: NetName=TS_IN19B Pin=P1B-19
Added Net: Name=TS_IN19B
Added Pin To Net: NetName=TS_IN19C Pin=P1C-19
Added Net: Name=TS_IN19C
Added Pin To Net: NetName=TS_IN19D Pin=P1D-19
Added Net: Name=TS_IN19D
Added Pin To Net: NetName=TS_IN20A Pin=P1A-20
Added Net: Name=TS_IN20A
Added Pin To Net: NetName=TS_IN20B Pin=P1B-20
Added Net: Name=TS_IN20B
Added Pin To Net: NetName=TS_IN20C Pin=P1C-20
Added Net: Name=TS_IN20C
Added Pin To Net: NetName=TS_IN20D Pin=P1D-20
Added Net: Name=TS_IN20D
Added Pin To Net: NetName=TS_IN21A Pin=P1A-21
Added Net: Name=TS_IN21A
Added Pin To Net: NetName=TS_IN21B Pin=P1B-21
Added Net: Name=TS_IN21B
Added Pin To Net: NetName=TS_IN21C Pin=P1C-21
Added Net: Name=TS_IN21C
Added Pin To Net: NetName=TS_IN21D Pin=P1D-21
Added Net: Name=TS_IN21D
Added Pin To Net: NetName=TS_IN22A Pin=P1A-22
Added Net: Name=TS_IN22A
Added Pin To Net: NetName=TS_IN22B Pin=P1B-22
Added Net: Name=TS_IN22B
Added Pin To Net: NetName=TS_IN22C Pin=P1C-22
Added Net: Name=TS_IN22C
Added Pin To Net: NetName=TS_IN22D Pin=P1D-22
Added Net: Name=TS_IN22D
Added Pin To Net: NetName=TS_IN23A Pin=P1A-23
Added Net: Name=TS_IN23A
Added Pin To Net: NetName=TS_IN23B Pin=P1B-23
Added Net: Name=TS_IN23B
Added Pin To Net: NetName=TS_IN23C Pin=P1C-23
Added Net: Name=TS_IN23C
Added Pin To Net: NetName=TS_IN23D Pin=P1D-23
Added Net: Name=TS_IN23D
Added Pin To Net: NetName=TS_IN24A Pin=P1A-24
Added Net: Name=TS_IN24A
Added Pin To Net: NetName=TS_IN24B Pin=P1B-24
Added Net: Name=TS_IN24B
Added Pin To Net: NetName=TS_IN24C Pin=P1C-24
Added Net: Name=TS_IN24C
Added Pin To Net: NetName=TS_IN24D Pin=P1D-24
Added Net: Name=TS_IN24D
Added Pin To Net: NetName=TS_IN25A Pin=P1A-25
Added Net: Name=TS_IN25A
Added Pin To Net: NetName=TS_IN25B Pin=P1B-25
Added Net: Name=TS_IN25B
Added Pin To Net: NetName=TS_IN25C Pin=P1C-25
Added Net: Name=TS_IN25C
Added Pin To Net: NetName=TS_IN25D Pin=P1D-25
Added Net: Name=TS_IN25D
Added Pin To Net: NetName=TS_IN26A Pin=P1A-26
Added Net: Name=TS_IN26A
Added Pin To Net: NetName=TS_IN26B Pin=P1B-26
Added Net: Name=TS_IN26B
Added Pin To Net: NetName=TS_IN26C Pin=P1C-26
Added Net: Name=TS_IN26C
Added Pin To Net: NetName=TS_IN26D Pin=P1D-26
Added Net: Name=TS_IN26D
Added Pin To Net: NetName=TS_IN27A Pin=P1A-27
Added Net: Name=TS_IN27A
Added Pin To Net: NetName=TS_IN27B Pin=P1B-27
Added Net: Name=TS_IN27B
Added Pin To Net: NetName=TS_IN27C Pin=P1C-27
Added Net: Name=TS_IN27C
Added Pin To Net: NetName=TS_IN27D Pin=P1D-27
Added Net: Name=TS_IN27D
Added Pin To Net: NetName=TS_IN28A Pin=P1A-28
Added Net: Name=TS_IN28A
Added Pin To Net: NetName=TS_IN28B Pin=P1B-28
Added Net: Name=TS_IN28B
Added Pin To Net: NetName=TS_IN28C Pin=P1C-28
Added Net: Name=TS_IN28C
Added Pin To Net: NetName=TS_IN28D Pin=P1D-28
Added Net: Name=TS_IN28D
Added Pin To Net: NetName=TS_IN29A Pin=P1A-29
Added Net: Name=TS_IN29A
Added Pin To Net: NetName=TS_IN29B Pin=P1B-29
Added Net: Name=TS_IN29B
Added Pin To Net: NetName=TS_IN29C Pin=P1C-29
Added Net: Name=TS_IN29C
Added Pin To Net: NetName=TS_IN29D Pin=P1D-29
Added Net: Name=TS_IN29D
Added Pin To Net: NetName=TS_IN30A Pin=P1A-30
Added Net: Name=TS_IN30A
Added Pin To Net: NetName=TS_IN30B Pin=P1B-30
Added Net: Name=TS_IN30B
Added Pin To Net: NetName=TS_IN30C Pin=P1C-30
Added Net: Name=TS_IN30C
Added Pin To Net: NetName=TS_IN30D Pin=P1D-30
Added Net: Name=TS_IN30D
Added Pin To Net: NetName=TS_IN31A Pin=P1A-31
Added Net: Name=TS_IN31A
Added Pin To Net: NetName=TS_IN31B Pin=P1B-31
Added Net: Name=TS_IN31B
Added Pin To Net: NetName=TS_IN31C Pin=P1C-31
Added Net: Name=TS_IN31C
Added Pin To Net: NetName=TS_IN31D Pin=P1D-31
Added Net: Name=TS_IN31D
Added Pin To Net: NetName=TS_IN32A Pin=P1A-32
Added Net: Name=TS_IN32A
Added Pin To Net: NetName=TS_IN32B Pin=P1B-32
Added Net: Name=TS_IN32B
Added Pin To Net: NetName=TS_IN32C Pin=P1C-32
Added Net: Name=TS_IN32C
Added Pin To Net: NetName=TS_IN32D Pin=P1D-32
Added Net: Name=TS_IN32D
Added Pin To Net: NetName=TS_IN33A Pin=P1A-33
Added Net: Name=TS_IN33A
Added Pin To Net: NetName=TS_IN33B Pin=P1B-33
Added Net: Name=TS_IN33B
Added Pin To Net: NetName=TS_IN33C Pin=P1C-33
Added Net: Name=TS_IN33C
Added Pin To Net: NetName=TS_IN33D Pin=P1D-33
Added Net: Name=TS_IN33D
Added Pin To Net: NetName=TS_IN34A Pin=P1A-34
Added Net: Name=TS_IN34A
Added Pin To Net: NetName=TS_IN34B Pin=P1B-34
Added Net: Name=TS_IN34B
Added Pin To Net: NetName=TS_IN34C Pin=P1C-34
Added Net: Name=TS_IN34C
Added Pin To Net: NetName=TS_IN34D Pin=P1D-34
Added Net: Name=TS_IN34D
Added Pin To Net: NetName=TS_IN35A Pin=P1A-35
Added Net: Name=TS_IN35A
Added Pin To Net: NetName=TS_IN35B Pin=P1B-35
Added Net: Name=TS_IN35B
Added Pin To Net: NetName=TS_IN35C Pin=P1C-35
Added Net: Name=TS_IN35C
Added Pin To Net: NetName=TS_IN35D Pin=P1D-35
Added Net: Name=TS_IN35D
Added Pin To Net: NetName=TS_IN36A Pin=P1A-36
Added Net: Name=TS_IN36A
Added Pin To Net: NetName=TS_IN36B Pin=P1B-36
Added Net: Name=TS_IN36B
Added Pin To Net: NetName=TS_IN36C Pin=P1C-36
Added Net: Name=TS_IN36C
Added Pin To Net: NetName=TS_IN36D Pin=P1D-36
Added Net: Name=TS_IN36D
Added Pin To Net: NetName=TS_IN37A Pin=P1A-37
Added Net: Name=TS_IN37A
Added Pin To Net: NetName=TS_IN37B Pin=P1B-37
Added Net: Name=TS_IN37B
Added Pin To Net: NetName=TS_IN37C Pin=P1C-37
Added Net: Name=TS_IN37C
Added Pin To Net: NetName=TS_IN37D Pin=P1D-37
Added Net: Name=TS_IN37D
Added Pin To Net: NetName=TS_IN38A Pin=P1A-38
Added Net: Name=TS_IN38A
Added Pin To Net: NetName=TS_IN38B Pin=P1B-38
Added Net: Name=TS_IN38B
Added Pin To Net: NetName=TS_IN38C Pin=P1C-38
Added Net: Name=TS_IN38C
Added Pin To Net: NetName=TS_IN38D Pin=P1D-38
Added Net: Name=TS_IN38D
Added Pin To Net: NetName=TS_IN39A Pin=P1A-39
Added Net: Name=TS_IN39A
Added Pin To Net: NetName=TS_IN39B Pin=P1B-39
Added Net: Name=TS_IN39B
Added Pin To Net: NetName=TS_IN39C Pin=P1C-39
Added Net: Name=TS_IN39C
Added Pin To Net: NetName=TS_IN39D Pin=P1D-39
Added Net: Name=TS_IN39D
Added Pin To Net: NetName=TS_IN40A Pin=P1A-40
Added Net: Name=TS_IN40A
Added Pin To Net: NetName=TS_IN40B Pin=P1B-40
Added Net: Name=TS_IN40B
Added Pin To Net: NetName=TS_IN40C Pin=P1C-40
Added Net: Name=TS_IN40C
Added Pin To Net: NetName=TS_IN40D Pin=P1D-40
Added Net: Name=TS_IN40D
Added Pin To Net: NetName=TS_IN41A Pin=P1A-41
Added Net: Name=TS_IN41A
Added Pin To Net: NetName=TS_IN41B Pin=P1B-41
Added Net: Name=TS_IN41B
Added Pin To Net: NetName=TS_IN41C Pin=P1C-41
Added Net: Name=TS_IN41C
Added Pin To Net: NetName=TS_IN41D Pin=P1D-41
Added Net: Name=TS_IN41D
Added Pin To Net: NetName=TS_IN42A Pin=P1A-42
Added Net: Name=TS_IN42A
Added Pin To Net: NetName=TS_IN42B Pin=P1B-42
Added Net: Name=TS_IN42B
Added Pin To Net: NetName=TS_IN42C Pin=P1C-42
Added Net: Name=TS_IN42C
Added Pin To Net: NetName=TS_IN42D Pin=P1D-42
Added Net: Name=TS_IN42D
Added Pin To Net: NetName=TS_IN43A Pin=P1A-43
Added Net: Name=TS_IN43A
Added Pin To Net: NetName=TS_IN43B Pin=P1B-43
Added Net: Name=TS_IN43B
Added Pin To Net: NetName=TS_IN43C Pin=P1C-43
Added Net: Name=TS_IN43C
Added Pin To Net: NetName=TS_IN43D Pin=P1D-43
Added Net: Name=TS_IN43D
Added Pin To Net: NetName=TS_IN44A Pin=P1A-44
Added Net: Name=TS_IN44A
Added Pin To Net: NetName=TS_IN44B Pin=P1B-44
Added Net: Name=TS_IN44B
Added Pin To Net: NetName=TS_IN44C Pin=P1C-44
Added Net: Name=TS_IN44C
Added Pin To Net: NetName=TS_IN44D Pin=P1D-44
Added Net: Name=TS_IN44D
Added Pin To Net: NetName=TS_IN45A Pin=P1A-45
Added Net: Name=TS_IN45A
Added Pin To Net: NetName=TS_IN45B Pin=P1B-45
Added Net: Name=TS_IN45B
Added Pin To Net: NetName=TS_IN45C Pin=P1C-45
Added Net: Name=TS_IN45C
Added Pin To Net: NetName=TS_IN45D Pin=P1D-45
Added Net: Name=TS_IN45D
Added Pin To Net: NetName=TS_IN46A Pin=P1A-46
Added Net: Name=TS_IN46A
Added Pin To Net: NetName=TS_IN46B Pin=P1B-46
Added Net: Name=TS_IN46B
Added Pin To Net: NetName=TS_IN46C Pin=P1C-46
Added Net: Name=TS_IN46C
Added Pin To Net: NetName=TS_IN46D Pin=P1D-46
Added Net: Name=TS_IN46D
Added Pin To Net: NetName=TS_IN47A Pin=P1A-47
Added Net: Name=TS_IN47A
Added Pin To Net: NetName=TS_IN47B Pin=P1B-47
Added Net: Name=TS_IN47B
Added Pin To Net: NetName=TS_IN47C Pin=P1C-47
Added Net: Name=TS_IN47C
Added Pin To Net: NetName=TS_IN47D Pin=P1D-47
Added Net: Name=TS_IN47D
Added Pin To Net: NetName=TS_IN48A Pin=P1A-48
Added Net: Name=TS_IN48A
Added Pin To Net: NetName=TS_IN48B Pin=P1B-48
Added Net: Name=TS_IN48B
Added Pin To Net: NetName=TS_IN48C Pin=P1C-48
Added Net: Name=TS_IN48C
Added Pin To Net: NetName=TS_IN48D Pin=P1D-48
Added Net: Name=TS_IN48D
Added Class: Name=U_AHK50H-ND_THERM_CONNECTOR1
Added Class: Name=U_AHK50H-ND_THERM_CONNECTOR2
Added Class: Name=U_AHK50H-ND_THERM_CONNECTOR3
Added Class: Name=U_AHK50H-ND_THERM_CONNECTOR4
Added Class: Name=U_Data_Conversion
Added Class: Name=U_Single_Mux1
Added Class: Name=U_Single_Mux2
Added Class: Name=U_Single_Mux3
Added Class: Name=U_Single_Mux4
Added Class: Name=ADC_OUTA[1..4]
Added Class: Name=ADC_OUTB[1..4]
Added Class: Name=ADC_OUTC[1..4]
Added Class: Name=AHK50H-ND_THERM_CONNECTOR
Added Class: Name=Single_Mux
Added Class: Name=TOP_SHEET
Added Room: Name=U_AHK50H-ND_THERM_CONNECTOR1
Added Room: Name=U_AHK50H-ND_THERM_CONNECTOR2
Added Room: Name=U_AHK50H-ND_THERM_CONNECTOR3
Added Room: Name=U_AHK50H-ND_THERM_CONNECTOR4
Added Room: Name=U_Data_Conversion
Added Room: Name=U_Single_Mux1
Added Room: Name=U_Single_Mux2
Added Room: Name=U_Single_Mux3
Added Room: Name=U_Single_Mux4
