Added Component: Designator=P1-1(50_Pin_Connector)
Add component. Clean all parameters for all variants
Add component (AddParameter): Name = "Supplier 1"; Value = "Digi-Key"; VariantName = "[No Variations]"
Add component (AddParameter): Name = "Supplier Part Number 1"; Value = "AHK50H-ND"; VariantName = "[No Variations]"
Added Component: Designator=P1-2(50_Pin_Connector)
Add component. Clean all parameters for all variants
Add component (AddParameter): Name = "Supplier 1"; Value = "Digi-Key"; VariantName = "[No Variations]"
Add component (AddParameter): Name = "Supplier Part Number 1"; Value = "AHK50H-ND"; VariantName = "[No Variations]"
Added Component: Designator=P1-3(50_Pin_Connector)
Add component. Clean all parameters for all variants
Add component (AddParameter): Name = "Supplier 1"; Value = "Digi-Key"; VariantName = "[No Variations]"
Add component (AddParameter): Name = "Supplier Part Number 1"; Value = "AHK50H-ND"; VariantName = "[No Variations]"
Added Component: Designator=P1-4(50_Pin_Connector)
Add component. Clean all parameters for all variants
Add component (AddParameter): Name = "Supplier 1"; Value = "Digi-Key"; VariantName = "[No Variations]"
Add component (AddParameter): Name = "Supplier Part Number 1"; Value = "AHK50H-ND"; VariantName = "[No Variations]"
Added Component: Designator=P1-5(50_Pin_Connector)
Add component. Clean all parameters for all variants
Add component (AddParameter): Name = "Supplier 1"; Value = "Digi-Key"; VariantName = "[No Variations]"
Add component (AddParameter): Name = "Supplier Part Number 1"; Value = "AHK50H-ND"; VariantName = "[No Variations]"
Added Pin To Net: NetName=TS_IN1-1 Pin=P1-1-1
Added Pin To Net: NetName=TS_IN1-1 Pin=P1-1-1
Added Pin To Net: NetName=TS_IN2-1 Pin=P1-1-2
Added Pin To Net: NetName=TS_IN2-1 Pin=P1-1-2
Added Pin To Net: NetName=TS_IN2-1 Pin=P1-1-2
Added Pin To Net: NetName=TS_IN3-1 Pin=P1-1-3
Added Pin To Net: NetName=TS_IN3-1 Pin=P1-1-3
Added Pin To Net: NetName=TS_IN4-1 Pin=P1-1-4
Added Pin To Net: NetName=TS_IN4-1 Pin=P1-1-4
Added Pin To Net: NetName=TS_IN5-1 Pin=P1-1-5
Added Pin To Net: NetName=TS_IN5-1 Pin=P1-1-5
Added Pin To Net: NetName=TS_IN6-1 Pin=P1-1-6
Added Pin To Net: NetName=TS_IN6-1 Pin=P1-1-6
Added Pin To Net: NetName=TS_IN7-1 Pin=P1-1-7
Added Pin To Net: NetName=TS_IN7-1 Pin=P1-1-7
Added Pin To Net: NetName=TS_IN8-1 Pin=P1-1-8
Added Pin To Net: NetName=TS_IN8-1 Pin=P1-1-8
Added Pin To Net: NetName=TS_IN9-1 Pin=P1-1-9
Added Pin To Net: NetName=TS_IN9-1 Pin=P1-1-9
Added Pin To Net: NetName=TS_IN10-1 Pin=P1-1-10
Added Pin To Net: NetName=TS_IN10-1 Pin=P1-1-10
Added Pin To Net: NetName=TS_IN11-1 Pin=P1-1-11
Added Pin To Net: NetName=TS_IN11-1 Pin=P1-1-11
Added Pin To Net: NetName=TS_IN12-1 Pin=P1-1-12
Added Pin To Net: NetName=TS_IN12-1 Pin=P1-1-12
Added Pin To Net: NetName=TS_IN13-1 Pin=P1-1-13
Added Pin To Net: NetName=TS_IN13-1 Pin=P1-1-13
Added Pin To Net: NetName=TS_IN14-1 Pin=P1-1-14
Added Pin To Net: NetName=TS_IN14-1 Pin=P1-1-14
Added Pin To Net: NetName=TS_IN15-1 Pin=P1-1-15
Added Pin To Net: NetName=TS_IN15-1 Pin=P1-1-15
Added Pin To Net: NetName=TS_IN16-1 Pin=P1-1-16
Added Pin To Net: NetName=TS_IN16-1 Pin=P1-1-16
Added Pin To Net: NetName=TS_IN16-1 Pin=P1-1-16
Added Pin To Net: NetName=TS_IN16-1 Pin=P1-1-16
Added Pin To Net: NetName=TS_IN17-1 Pin=P1-1-17
Added Pin To Net: NetName=TS_IN17-1 Pin=P1-1-17
Added Pin To Net: NetName=TS_IN17-1 Pin=P1-1-17
Added Pin To Net: NetName=TS_IN17-1 Pin=P1-1-17
Added Pin To Net: NetName=TS_IN18-1 Pin=P1-1-18
Added Pin To Net: NetName=TS_IN18-1 Pin=P1-1-18
Added Pin To Net: NetName=TS_IN18-1 Pin=P1-1-18
Added Pin To Net: NetName=TS_IN18-1 Pin=P1-1-18
Added Pin To Net: NetName=TS_IN19-1 Pin=P1-1-19
Added Pin To Net: NetName=TS_IN19-1 Pin=P1-1-19
Added Pin To Net: NetName=TS_IN19-1 Pin=P1-1-19
Added Pin To Net: NetName=TS_IN19-1 Pin=P1-1-19
Added Pin To Net: NetName=TS_IN20-1 Pin=P1-1-20
Added Pin To Net: NetName=TS_IN20-1 Pin=P1-1-20
Added Pin To Net: NetName=TS_IN20-1 Pin=P1-1-20
Added Pin To Net: NetName=TS_IN20-1 Pin=P1-1-20
Added Pin To Net: NetName=TS_IN21-1 Pin=P1-1-21
Added Pin To Net: NetName=TS_IN22-1 Pin=P1-1-22
Added Pin To Net: NetName=TS_IN23-1 Pin=P1-1-23
Added Pin To Net: NetName=TS_IN24-1 Pin=P1-1-24
Added Pin To Net: NetName=TS_IN25-1 Pin=P1-1-25
Added Pin To Net: NetName=TS_IN26-1 Pin=P1-1-26
Added Pin To Net: NetName=TS_IN27-1 Pin=P1-1-27
Added Pin To Net: NetName=TS_IN28-1 Pin=P1-1-28
Added Pin To Net: NetName=TS_IN29-1 Pin=P1-1-29
Added Pin To Net: NetName=TS_IN30-1 Pin=P1-1-30
Added Pin To Net: NetName=TS_IN31-1 Pin=P1-1-31
Added Pin To Net: NetName=TS_IN32-1 Pin=P1-1-32
Added Pin To Net: NetName=TS_IN33-1 Pin=P1-1-33
Added Pin To Net: NetName=TS_IN34-1 Pin=P1-1-34
Added Pin To Net: NetName=TS_IN35-1 Pin=P1-1-35
Added Pin To Net: NetName=TS_IN36-1 Pin=P1-1-36
Added Pin To Net: NetName=TS_IN36-1 Pin=P1-1-36
Added Pin To Net: NetName=TS_IN37-1 Pin=P1-1-37
Added Pin To Net: NetName=TS_IN37-1 Pin=P1-1-37
Added Pin To Net: NetName=TS_IN38-1 Pin=P1-1-38
Added Pin To Net: NetName=TS_IN38-1 Pin=P1-1-38
Added Pin To Net: NetName=TS_IN39-1 Pin=P1-1-39
Added Pin To Net: NetName=TS_IN39-1 Pin=P1-1-39
Added Pin To Net: NetName=TS_IN40-1 Pin=P1-1-40
Added Pin To Net: NetName=TS_IN40-1 Pin=P1-1-40
Added Pin To Net: NetName=TS_IN41-1 Pin=P1-1-41
Added Pin To Net: NetName=TS_IN42-1 Pin=P1-1-42
Added Pin To Net: NetName=TS_IN43-1 Pin=P1-1-43
Added Pin To Net: NetName=TS_IN44-1 Pin=P1-1-44
Added Pin To Net: NetName=TS_IN45-1 Pin=P1-1-45
Added Pin To Net: NetName=TS_IN46-1 Pin=P1-1-46
Added Pin To Net: NetName=TS_IN47-1 Pin=P1-1-47
Added Pin To Net: NetName=TS_IN48-1 Pin=P1-1-48
Added Pin To Net: NetName=TS_IN1-1 Pin=P1-2-1
Added Pin To Net: NetName=TS_IN1-1 Pin=P1-2-1
Added Pin To Net: NetName=TS_IN2-1 Pin=P1-2-2
Added Pin To Net: NetName=TS_IN2-1 Pin=P1-2-2
Added Pin To Net: NetName=TS_IN2-1 Pin=P1-2-2
Added Pin To Net: NetName=TS_IN3-1 Pin=P1-2-3
Added Pin To Net: NetName=TS_IN3-1 Pin=P1-2-3
Added Pin To Net: NetName=TS_IN4-1 Pin=P1-2-4
Added Pin To Net: NetName=TS_IN4-1 Pin=P1-2-4
Added Pin To Net: NetName=TS_IN5-1 Pin=P1-2-5
Added Pin To Net: NetName=TS_IN5-1 Pin=P1-2-5
Added Pin To Net: NetName=TS_IN6-1 Pin=P1-2-6
Added Pin To Net: NetName=TS_IN6-1 Pin=P1-2-6
Added Pin To Net: NetName=TS_IN7-1 Pin=P1-2-7
Added Pin To Net: NetName=TS_IN7-1 Pin=P1-2-7
Added Pin To Net: NetName=TS_IN8-1 Pin=P1-2-8
Added Pin To Net: NetName=TS_IN8-1 Pin=P1-2-8
Added Pin To Net: NetName=TS_IN9-1 Pin=P1-2-9
Added Pin To Net: NetName=TS_IN9-1 Pin=P1-2-9
Added Pin To Net: NetName=TS_IN10-1 Pin=P1-2-10
Added Pin To Net: NetName=TS_IN10-1 Pin=P1-2-10
Added Pin To Net: NetName=TS_IN11-1 Pin=P1-2-11
Added Pin To Net: NetName=TS_IN11-1 Pin=P1-2-11
Added Pin To Net: NetName=TS_IN12-1 Pin=P1-2-12
Added Pin To Net: NetName=TS_IN12-1 Pin=P1-2-12
Added Pin To Net: NetName=TS_IN13-1 Pin=P1-2-13
Added Pin To Net: NetName=TS_IN13-1 Pin=P1-2-13
Added Pin To Net: NetName=TS_IN14-1 Pin=P1-2-14
Added Pin To Net: NetName=TS_IN14-1 Pin=P1-2-14
Added Pin To Net: NetName=TS_IN15-1 Pin=P1-2-15
Added Pin To Net: NetName=TS_IN15-1 Pin=P1-2-15
Added Pin To Net: NetName=TS_IN16-1 Pin=P1-2-16
Added Pin To Net: NetName=TS_IN16-1 Pin=P1-2-16
Added Pin To Net: NetName=TS_IN16-1 Pin=P1-2-16
Added Pin To Net: NetName=TS_IN16-1 Pin=P1-2-16
Added Pin To Net: NetName=TS_IN17-1 Pin=P1-2-17
Added Pin To Net: NetName=TS_IN17-1 Pin=P1-2-17
Added Pin To Net: NetName=TS_IN17-1 Pin=P1-2-17
Added Pin To Net: NetName=TS_IN17-1 Pin=P1-2-17
Added Pin To Net: NetName=TS_IN18-1 Pin=P1-2-18
Added Pin To Net: NetName=TS_IN18-1 Pin=P1-2-18
Added Pin To Net: NetName=TS_IN18-1 Pin=P1-2-18
Added Pin To Net: NetName=TS_IN18-1 Pin=P1-2-18
Added Pin To Net: NetName=TS_IN19-1 Pin=P1-2-19
Added Pin To Net: NetName=TS_IN19-1 Pin=P1-2-19
Added Pin To Net: NetName=TS_IN19-1 Pin=P1-2-19
Added Pin To Net: NetName=TS_IN19-1 Pin=P1-2-19
Added Pin To Net: NetName=TS_IN20-1 Pin=P1-2-20
Added Pin To Net: NetName=TS_IN20-1 Pin=P1-2-20
Added Pin To Net: NetName=TS_IN20-1 Pin=P1-2-20
Added Pin To Net: NetName=TS_IN20-1 Pin=P1-2-20
Added Pin To Net: NetName=TS_IN21-1 Pin=P1-2-21
Added Pin To Net: NetName=TS_IN22-1 Pin=P1-2-22
Added Pin To Net: NetName=TS_IN23-1 Pin=P1-2-23
Added Pin To Net: NetName=TS_IN24-1 Pin=P1-2-24
Added Pin To Net: NetName=TS_IN25-1 Pin=P1-2-25
Added Pin To Net: NetName=TS_IN26-1 Pin=P1-2-26
Added Pin To Net: NetName=TS_IN27-1 Pin=P1-2-27
Added Pin To Net: NetName=TS_IN28-1 Pin=P1-2-28
Added Pin To Net: NetName=TS_IN29-1 Pin=P1-2-29
Added Pin To Net: NetName=TS_IN30-1 Pin=P1-2-30
Added Pin To Net: NetName=TS_IN31-1 Pin=P1-2-31
Added Pin To Net: NetName=TS_IN32-1 Pin=P1-2-32
Added Pin To Net: NetName=TS_IN33-1 Pin=P1-2-33
Added Pin To Net: NetName=TS_IN34-1 Pin=P1-2-34
Added Pin To Net: NetName=TS_IN35-1 Pin=P1-2-35
Added Pin To Net: NetName=TS_IN36-1 Pin=P1-2-36
Added Pin To Net: NetName=TS_IN36-1 Pin=P1-2-36
Added Pin To Net: NetName=TS_IN37-1 Pin=P1-2-37
Added Pin To Net: NetName=TS_IN37-1 Pin=P1-2-37
Added Pin To Net: NetName=TS_IN38-1 Pin=P1-2-38
Added Pin To Net: NetName=TS_IN38-1 Pin=P1-2-38
Added Pin To Net: NetName=TS_IN39-1 Pin=P1-2-39
Added Pin To Net: NetName=TS_IN39-1 Pin=P1-2-39
Added Pin To Net: NetName=TS_IN40-1 Pin=P1-2-40
Added Pin To Net: NetName=TS_IN40-1 Pin=P1-2-40
Added Pin To Net: NetName=TS_IN41-1 Pin=P1-2-41
Added Pin To Net: NetName=TS_IN42-1 Pin=P1-2-42
Added Pin To Net: NetName=TS_IN43-1 Pin=P1-2-43
Added Pin To Net: NetName=TS_IN44-1 Pin=P1-2-44
Added Pin To Net: NetName=TS_IN45-1 Pin=P1-2-45
Added Pin To Net: NetName=TS_IN46-1 Pin=P1-2-46
Added Pin To Net: NetName=TS_IN47-1 Pin=P1-2-47
Added Pin To Net: NetName=TS_IN48-1 Pin=P1-2-48
Added Pin To Net: NetName=TS_IN1-1 Pin=P1-3-1
Added Pin To Net: NetName=TS_IN1-1 Pin=P1-3-1
Added Pin To Net: NetName=TS_IN2-1 Pin=P1-3-2
Added Pin To Net: NetName=TS_IN2-1 Pin=P1-3-2
Added Pin To Net: NetName=TS_IN2-1 Pin=P1-3-2
Added Pin To Net: NetName=TS_IN3-1 Pin=P1-3-3
Added Pin To Net: NetName=TS_IN3-1 Pin=P1-3-3
Added Pin To Net: NetName=TS_IN4-1 Pin=P1-3-4
Added Pin To Net: NetName=TS_IN4-1 Pin=P1-3-4
Added Pin To Net: NetName=TS_IN5-1 Pin=P1-3-5
Added Pin To Net: NetName=TS_IN5-1 Pin=P1-3-5
Added Pin To Net: NetName=TS_IN6-1 Pin=P1-3-6
Added Pin To Net: NetName=TS_IN6-1 Pin=P1-3-6
Added Pin To Net: NetName=TS_IN7-1 Pin=P1-3-7
Added Pin To Net: NetName=TS_IN7-1 Pin=P1-3-7
Added Pin To Net: NetName=TS_IN8-1 Pin=P1-3-8
Added Pin To Net: NetName=TS_IN8-1 Pin=P1-3-8
Added Pin To Net: NetName=TS_IN9-1 Pin=P1-3-9
Added Pin To Net: NetName=TS_IN9-1 Pin=P1-3-9
Added Pin To Net: NetName=TS_IN10-1 Pin=P1-3-10
Added Pin To Net: NetName=TS_IN10-1 Pin=P1-3-10
Added Pin To Net: NetName=TS_IN11-1 Pin=P1-3-11
Added Pin To Net: NetName=TS_IN11-1 Pin=P1-3-11
Added Pin To Net: NetName=TS_IN12-1 Pin=P1-3-12
Added Pin To Net: NetName=TS_IN12-1 Pin=P1-3-12
Added Pin To Net: NetName=TS_IN13-1 Pin=P1-3-13
Added Pin To Net: NetName=TS_IN13-1 Pin=P1-3-13
Added Pin To Net: NetName=TS_IN14-1 Pin=P1-3-14
Added Pin To Net: NetName=TS_IN14-1 Pin=P1-3-14
Added Pin To Net: NetName=TS_IN15-1 Pin=P1-3-15
Added Pin To Net: NetName=TS_IN15-1 Pin=P1-3-15
Added Pin To Net: NetName=TS_IN16-1 Pin=P1-3-16
Added Pin To Net: NetName=TS_IN16-1 Pin=P1-3-16
Added Pin To Net: NetName=TS_IN16-1 Pin=P1-3-16
Added Pin To Net: NetName=TS_IN16-1 Pin=P1-3-16
Added Pin To Net: NetName=TS_IN17-1 Pin=P1-3-17
Added Pin To Net: NetName=TS_IN17-1 Pin=P1-3-17
Added Pin To Net: NetName=TS_IN17-1 Pin=P1-3-17
Added Pin To Net: NetName=TS_IN17-1 Pin=P1-3-17
Added Pin To Net: NetName=TS_IN18-1 Pin=P1-3-18
Added Pin To Net: NetName=TS_IN18-1 Pin=P1-3-18
Added Pin To Net: NetName=TS_IN18-1 Pin=P1-3-18
Added Pin To Net: NetName=TS_IN18-1 Pin=P1-3-18
Added Pin To Net: NetName=TS_IN19-1 Pin=P1-3-19
Added Pin To Net: NetName=TS_IN19-1 Pin=P1-3-19
Added Pin To Net: NetName=TS_IN19-1 Pin=P1-3-19
Added Pin To Net: NetName=TS_IN19-1 Pin=P1-3-19
Added Pin To Net: NetName=TS_IN20-1 Pin=P1-3-20
Added Pin To Net: NetName=TS_IN20-1 Pin=P1-3-20
Added Pin To Net: NetName=TS_IN20-1 Pin=P1-3-20
Added Pin To Net: NetName=TS_IN20-1 Pin=P1-3-20
Added Pin To Net: NetName=TS_IN21-1 Pin=P1-3-21
Added Pin To Net: NetName=TS_IN22-1 Pin=P1-3-22
Added Pin To Net: NetName=TS_IN23-1 Pin=P1-3-23
Added Pin To Net: NetName=TS_IN24-1 Pin=P1-3-24
Added Pin To Net: NetName=TS_IN25-1 Pin=P1-3-25
Added Pin To Net: NetName=TS_IN26-1 Pin=P1-3-26
Added Pin To Net: NetName=TS_IN27-1 Pin=P1-3-27
Added Pin To Net: NetName=TS_IN28-1 Pin=P1-3-28
Added Pin To Net: NetName=TS_IN29-1 Pin=P1-3-29
Added Pin To Net: NetName=TS_IN30-1 Pin=P1-3-30
Added Pin To Net: NetName=TS_IN31-1 Pin=P1-3-31
Added Pin To Net: NetName=TS_IN32-1 Pin=P1-3-32
Added Pin To Net: NetName=TS_IN33-1 Pin=P1-3-33
Added Pin To Net: NetName=TS_IN34-1 Pin=P1-3-34
Added Pin To Net: NetName=TS_IN35-1 Pin=P1-3-35
Added Pin To Net: NetName=TS_IN36-1 Pin=P1-3-36
Added Pin To Net: NetName=TS_IN36-1 Pin=P1-3-36
Added Pin To Net: NetName=TS_IN37-1 Pin=P1-3-37
Added Pin To Net: NetName=TS_IN37-1 Pin=P1-3-37
Added Pin To Net: NetName=TS_IN38-1 Pin=P1-3-38
Added Pin To Net: NetName=TS_IN38-1 Pin=P1-3-38
Added Pin To Net: NetName=TS_IN39-1 Pin=P1-3-39
Added Pin To Net: NetName=TS_IN39-1 Pin=P1-3-39
Added Pin To Net: NetName=TS_IN40-1 Pin=P1-3-40
Added Pin To Net: NetName=TS_IN40-1 Pin=P1-3-40
Added Pin To Net: NetName=TS_IN41-1 Pin=P1-3-41
Added Pin To Net: NetName=TS_IN42-1 Pin=P1-3-42
Added Pin To Net: NetName=TS_IN43-1 Pin=P1-3-43
Added Pin To Net: NetName=TS_IN44-1 Pin=P1-3-44
Added Pin To Net: NetName=TS_IN45-1 Pin=P1-3-45
Added Pin To Net: NetName=TS_IN46-1 Pin=P1-3-46
Added Pin To Net: NetName=TS_IN47-1 Pin=P1-3-47
Added Pin To Net: NetName=TS_IN48-1 Pin=P1-3-48
Added Pin To Net: NetName=TS_IN1-1 Pin=P1-4-1
Added Pin To Net: NetName=TS_IN1-1 Pin=P1-4-1
Added Pin To Net: NetName=TS_IN2-1 Pin=P1-4-2
Added Pin To Net: NetName=TS_IN2-1 Pin=P1-4-2
Added Pin To Net: NetName=TS_IN2-1 Pin=P1-4-2
Added Pin To Net: NetName=TS_IN3-1 Pin=P1-4-3
Added Pin To Net: NetName=TS_IN3-1 Pin=P1-4-3
Added Pin To Net: NetName=TS_IN4-1 Pin=P1-4-4
Added Pin To Net: NetName=TS_IN4-1 Pin=P1-4-4
Added Pin To Net: NetName=TS_IN5-1 Pin=P1-4-5
Added Pin To Net: NetName=TS_IN5-1 Pin=P1-4-5
Added Pin To Net: NetName=TS_IN6-1 Pin=P1-4-6
Added Pin To Net: NetName=TS_IN6-1 Pin=P1-4-6
Added Pin To Net: NetName=TS_IN7-1 Pin=P1-4-7
Added Pin To Net: NetName=TS_IN7-1 Pin=P1-4-7
Added Pin To Net: NetName=TS_IN8-1 Pin=P1-4-8
Added Pin To Net: NetName=TS_IN8-1 Pin=P1-4-8
Added Pin To Net: NetName=TS_IN9-1 Pin=P1-4-9
Added Pin To Net: NetName=TS_IN9-1 Pin=P1-4-9
Added Pin To Net: NetName=TS_IN10-1 Pin=P1-4-10
Added Pin To Net: NetName=TS_IN10-1 Pin=P1-4-10
Added Pin To Net: NetName=TS_IN11-1 Pin=P1-4-11
Added Pin To Net: NetName=TS_IN11-1 Pin=P1-4-11
Added Pin To Net: NetName=TS_IN12-1 Pin=P1-4-12
Added Pin To Net: NetName=TS_IN12-1 Pin=P1-4-12
Added Pin To Net: NetName=TS_IN13-1 Pin=P1-4-13
Added Pin To Net: NetName=TS_IN13-1 Pin=P1-4-13
Added Pin To Net: NetName=TS_IN14-1 Pin=P1-4-14
Added Pin To Net: NetName=TS_IN14-1 Pin=P1-4-14
Added Pin To Net: NetName=TS_IN15-1 Pin=P1-4-15
Added Pin To Net: NetName=TS_IN15-1 Pin=P1-4-15
Added Pin To Net: NetName=TS_IN16-1 Pin=P1-4-16
Added Pin To Net: NetName=TS_IN16-1 Pin=P1-4-16
Added Pin To Net: NetName=TS_IN16-1 Pin=P1-4-16
Added Pin To Net: NetName=TS_IN16-1 Pin=P1-4-16
Added Pin To Net: NetName=TS_IN17-1 Pin=P1-4-17
Added Pin To Net: NetName=TS_IN17-1 Pin=P1-4-17
Added Pin To Net: NetName=TS_IN17-1 Pin=P1-4-17
Added Pin To Net: NetName=TS_IN17-1 Pin=P1-4-17
Added Pin To Net: NetName=TS_IN18-1 Pin=P1-4-18
Added Pin To Net: NetName=TS_IN18-1 Pin=P1-4-18
Added Pin To Net: NetName=TS_IN18-1 Pin=P1-4-18
Added Pin To Net: NetName=TS_IN18-1 Pin=P1-4-18
Added Pin To Net: NetName=TS_IN19-1 Pin=P1-4-19
Added Pin To Net: NetName=TS_IN19-1 Pin=P1-4-19
Added Pin To Net: NetName=TS_IN19-1 Pin=P1-4-19
Added Pin To Net: NetName=TS_IN19-1 Pin=P1-4-19
Added Pin To Net: NetName=TS_IN20-1 Pin=P1-4-20
Added Pin To Net: NetName=TS_IN20-1 Pin=P1-4-20
Added Pin To Net: NetName=TS_IN20-1 Pin=P1-4-20
Added Pin To Net: NetName=TS_IN20-1 Pin=P1-4-20
Added Pin To Net: NetName=TS_IN21-1 Pin=P1-4-21
Added Pin To Net: NetName=TS_IN22-1 Pin=P1-4-22
Added Pin To Net: NetName=TS_IN23-1 Pin=P1-4-23
Added Pin To Net: NetName=TS_IN24-1 Pin=P1-4-24
Added Pin To Net: NetName=TS_IN25-1 Pin=P1-4-25
Added Pin To Net: NetName=TS_IN26-1 Pin=P1-4-26
Added Pin To Net: NetName=TS_IN27-1 Pin=P1-4-27
Added Pin To Net: NetName=TS_IN28-1 Pin=P1-4-28
Added Pin To Net: NetName=TS_IN29-1 Pin=P1-4-29
Added Pin To Net: NetName=TS_IN30-1 Pin=P1-4-30
Added Pin To Net: NetName=TS_IN31-1 Pin=P1-4-31
Added Pin To Net: NetName=TS_IN32-1 Pin=P1-4-32
Added Pin To Net: NetName=TS_IN33-1 Pin=P1-4-33
Added Pin To Net: NetName=TS_IN34-1 Pin=P1-4-34
Added Pin To Net: NetName=TS_IN35-1 Pin=P1-4-35
Added Pin To Net: NetName=TS_IN36-1 Pin=P1-4-36
Added Pin To Net: NetName=TS_IN36-1 Pin=P1-4-36
Added Pin To Net: NetName=TS_IN37-1 Pin=P1-4-37
Added Pin To Net: NetName=TS_IN37-1 Pin=P1-4-37
Added Pin To Net: NetName=TS_IN38-1 Pin=P1-4-38
Added Pin To Net: NetName=TS_IN38-1 Pin=P1-4-38
Added Pin To Net: NetName=TS_IN39-1 Pin=P1-4-39
Added Pin To Net: NetName=TS_IN39-1 Pin=P1-4-39
Added Pin To Net: NetName=TS_IN40-1 Pin=P1-4-40
Added Pin To Net: NetName=TS_IN40-1 Pin=P1-4-40
Added Pin To Net: NetName=TS_IN41-1 Pin=P1-4-41
Added Pin To Net: NetName=TS_IN42-1 Pin=P1-4-42
Added Pin To Net: NetName=TS_IN43-1 Pin=P1-4-43
Added Pin To Net: NetName=TS_IN44-1 Pin=P1-4-44
Added Pin To Net: NetName=TS_IN45-1 Pin=P1-4-45
Added Pin To Net: NetName=TS_IN46-1 Pin=P1-4-46
Added Pin To Net: NetName=TS_IN47-1 Pin=P1-4-47
Added Pin To Net: NetName=TS_IN48-1 Pin=P1-4-48
Added Pin To Net: NetName=TS_IN1-1 Pin=P1-5-1
Added Pin To Net: NetName=TS_IN1-1 Pin=P1-5-1
Added Pin To Net: NetName=TS_IN2-1 Pin=P1-5-2
Added Pin To Net: NetName=TS_IN2-1 Pin=P1-5-2
Added Pin To Net: NetName=TS_IN2-1 Pin=P1-5-2
Added Pin To Net: NetName=TS_IN3-1 Pin=P1-5-3
Added Pin To Net: NetName=TS_IN3-1 Pin=P1-5-3
Added Pin To Net: NetName=TS_IN4-1 Pin=P1-5-4
Added Pin To Net: NetName=TS_IN4-1 Pin=P1-5-4
Added Pin To Net: NetName=TS_IN5-1 Pin=P1-5-5
Added Pin To Net: NetName=TS_IN5-1 Pin=P1-5-5
Added Pin To Net: NetName=TS_IN6-1 Pin=P1-5-6
Added Pin To Net: NetName=TS_IN6-1 Pin=P1-5-6
Added Pin To Net: NetName=TS_IN7-1 Pin=P1-5-7
Added Pin To Net: NetName=TS_IN7-1 Pin=P1-5-7
Added Pin To Net: NetName=TS_IN8-1 Pin=P1-5-8
Added Pin To Net: NetName=TS_IN8-1 Pin=P1-5-8
Added Pin To Net: NetName=TS_IN9-1 Pin=P1-5-9
Added Pin To Net: NetName=TS_IN9-1 Pin=P1-5-9
Added Pin To Net: NetName=TS_IN10-1 Pin=P1-5-10
Added Pin To Net: NetName=TS_IN10-1 Pin=P1-5-10
Added Pin To Net: NetName=TS_IN11-1 Pin=P1-5-11
Added Pin To Net: NetName=TS_IN11-1 Pin=P1-5-11
Added Pin To Net: NetName=TS_IN12-1 Pin=P1-5-12
Added Pin To Net: NetName=TS_IN12-1 Pin=P1-5-12
Added Pin To Net: NetName=TS_IN13-1 Pin=P1-5-13
Added Pin To Net: NetName=TS_IN13-1 Pin=P1-5-13
Added Pin To Net: NetName=TS_IN14-1 Pin=P1-5-14
Added Pin To Net: NetName=TS_IN14-1 Pin=P1-5-14
Added Pin To Net: NetName=TS_IN15-1 Pin=P1-5-15
Added Pin To Net: NetName=TS_IN15-1 Pin=P1-5-15
Added Pin To Net: NetName=TS_IN16-1 Pin=P1-5-16
Added Pin To Net: NetName=TS_IN16-1 Pin=P1-5-16
Added Pin To Net: NetName=TS_IN16-1 Pin=P1-5-16
Added Pin To Net: NetName=TS_IN16-1 Pin=P1-5-16
Added Pin To Net: NetName=TS_IN17-1 Pin=P1-5-17
Added Pin To Net: NetName=TS_IN17-1 Pin=P1-5-17
Added Pin To Net: NetName=TS_IN17-1 Pin=P1-5-17
Added Pin To Net: NetName=TS_IN17-1 Pin=P1-5-17
Added Pin To Net: NetName=TS_IN18-1 Pin=P1-5-18
Added Pin To Net: NetName=TS_IN18-1 Pin=P1-5-18
Added Pin To Net: NetName=TS_IN18-1 Pin=P1-5-18
Added Pin To Net: NetName=TS_IN18-1 Pin=P1-5-18
Added Pin To Net: NetName=TS_IN19-1 Pin=P1-5-19
Added Pin To Net: NetName=TS_IN19-1 Pin=P1-5-19
Added Pin To Net: NetName=TS_IN19-1 Pin=P1-5-19
Added Pin To Net: NetName=TS_IN19-1 Pin=P1-5-19
Added Pin To Net: NetName=TS_IN20-1 Pin=P1-5-20
Added Pin To Net: NetName=TS_IN20-1 Pin=P1-5-20
Added Pin To Net: NetName=TS_IN20-1 Pin=P1-5-20
Added Pin To Net: NetName=TS_IN20-1 Pin=P1-5-20
Added Pin To Net: NetName=TS_IN21-1 Pin=P1-5-21
Added Pin To Net: NetName=TS_IN22-1 Pin=P1-5-22
Added Pin To Net: NetName=TS_IN23-1 Pin=P1-5-23
Added Pin To Net: NetName=TS_IN24-1 Pin=P1-5-24
Added Pin To Net: NetName=TS_IN25-1 Pin=P1-5-25
Added Pin To Net: NetName=TS_IN26-1 Pin=P1-5-26
Added Pin To Net: NetName=TS_IN27-1 Pin=P1-5-27
Added Pin To Net: NetName=TS_IN28-1 Pin=P1-5-28
Added Pin To Net: NetName=TS_IN29-1 Pin=P1-5-29
Added Pin To Net: NetName=TS_IN30-1 Pin=P1-5-30
Added Pin To Net: NetName=TS_IN31-1 Pin=P1-5-31
Added Pin To Net: NetName=TS_IN32-1 Pin=P1-5-32
Added Pin To Net: NetName=TS_IN33-1 Pin=P1-5-33
Added Pin To Net: NetName=TS_IN34-1 Pin=P1-5-34
Added Pin To Net: NetName=TS_IN35-1 Pin=P1-5-35
Added Pin To Net: NetName=TS_IN36-1 Pin=P1-5-36
Added Pin To Net: NetName=TS_IN36-1 Pin=P1-5-36
Added Pin To Net: NetName=TS_IN37-1 Pin=P1-5-37
Added Pin To Net: NetName=TS_IN37-1 Pin=P1-5-37
Added Pin To Net: NetName=TS_IN38-1 Pin=P1-5-38
Added Pin To Net: NetName=TS_IN38-1 Pin=P1-5-38
Added Pin To Net: NetName=TS_IN39-1 Pin=P1-5-39
Added Pin To Net: NetName=TS_IN39-1 Pin=P1-5-39
Added Pin To Net: NetName=TS_IN40-1 Pin=P1-5-40
Added Pin To Net: NetName=TS_IN40-1 Pin=P1-5-40
Added Pin To Net: NetName=TS_IN41-1 Pin=P1-5-41
Added Pin To Net: NetName=TS_IN42-1 Pin=P1-5-42
Added Pin To Net: NetName=TS_IN43-1 Pin=P1-5-43
Added Pin To Net: NetName=TS_IN44-1 Pin=P1-5-44
Added Pin To Net: NetName=TS_IN45-1 Pin=P1-5-45
Added Pin To Net: NetName=TS_IN46-1 Pin=P1-5-46
Added Pin To Net: NetName=TS_IN47-1 Pin=P1-5-47
Added Pin To Net: NetName=TS_IN48-1 Pin=P1-5-48
Added Member To Class: ClassName=50_Pin_Connector1 Member=Component P1-1 (P1) 50-PIN_Connector
Added Member To Class: ClassName=50_Pin_Connector2 Member=Component P1-2 (P1) 50-PIN_Connector
Added Member To Class: ClassName=50_Pin_Connector3 Member=Component P1-3 (P1) 50-PIN_Connector
Added Member To Class: ClassName=50_Pin_Connector4 Member=Component P1-4 (P1) 50-PIN_Connector
Added Member To Class: ClassName=50_Pin_Connector5 Member=Component P1-5 (P1) 50-PIN_Connector
