Replace Part C1 F381A106MMA in C:\Users\Stix2\OneDrive\Documents\Phantom\hardware\HVBoard\HVBoard\CurrentMeasurement.SchDoc with F381A106MMA from PHANTOM_LIBRARY.SchLib
Replace Part C2 F381A106MMA in C:\Users\Stix2\OneDrive\Documents\Phantom\hardware\HVBoard\HVBoard\CurrentMeasurement.SchDoc with F381A106MMA from PHANTOM_LIBRARY.SchLib
Replace Part C3 GRM21B7U1A104JA01L in C:\Users\Stix2\OneDrive\Documents\Phantom\hardware\HVBoard\HVBoard\CurrentMeasurement.SchDoc with GRM21B7U1A104JA01L from PHANTOM_LIBRARY.SchLib
Replace Part C4 GRM21B7U1A104JA01L in C:\Users\Stix2\OneDrive\Documents\Phantom\hardware\HVBoard\HVBoard\CurrentMeasurement.SchDoc with GRM21B7U1A104JA01L from PHANTOM_LIBRARY.SchLib
Replace Part C5 GRM21B7U1A104JA01L in C:\Users\Stix2\OneDrive\Documents\Phantom\hardware\HVBoard\HVBoard\CurrentMeasurement.SchDoc with GRM21B7U1A104JA01L from PHANTOM_LIBRARY.SchLib
Replace Part C6 GRM21B7U1A104JA01L in C:\Users\Stix2\OneDrive\Documents\Phantom\hardware\HVBoard\HVBoard\CurrentMeasurement.SchDoc with GRM21B7U1A104JA01L from PHANTOM_LIBRARY.SchLib
Replace Part C? GCJ31CR71A106KA13L in C:\Users\Stix2\OneDrive\Documents\Phantom\hardware\HVBoard\HVBoard\CurrentMeasurement.SchDoc with GCJ31CR71A106KA13L from PHANTOM_LIBRARY.SchLib
Replace Part C? GRM21B7U1A104JA01L in C:\Users\Stix2\OneDrive\Documents\Phantom\hardware\HVBoard\HVBoard\CurrentMeasurement.SchDoc with GRM21B7U1A104JA01L from PHANTOM_LIBRARY.SchLib
Replace Part C? GRM21B7U1A104JA01L in C:\Users\Stix2\OneDrive\Documents\Phantom\hardware\HVBoard\HVBoard\CurrentMeasurement.SchDoc with GRM21B7U1A104JA01L from PHANTOM_LIBRARY.SchLib
Replace Part C? GCJ31CR71A106KA13L in C:\Users\Stix2\OneDrive\Documents\Phantom\hardware\HVBoard\HVBoard\CurrentMeasurement.SchDoc with GCJ31CR71A106KA13L from PHANTOM_LIBRARY.SchLib
Replace Part D1 1SMA5913BT3G in C:\Users\Stix2\OneDrive\Documents\Phantom\hardware\HVBoard\HVBoard\CurrentMeasurement.SchDoc with 1SMA5913BT3G from PHANTOM_LIBRARY.SchLib
Replace Part JP1 61300311121 in C:\Users\Stix2\OneDrive\Documents\Phantom\hardware\HVBoard\HVBoard\CurrentMeasurement.SchDoc with 61300311121 from PHANTOM_LIBRARY.SchLib
Replace Part R1 RC0805FR-071KL in C:\Users\Stix2\OneDrive\Documents\Phantom\hardware\HVBoard\HVBoard\CurrentMeasurement.SchDoc with RC0805FR-071KL from PHANTOM_LIBRARY.SchLib
Replace Part R2 ERA-6AEB101V in C:\Users\Stix2\OneDrive\Documents\Phantom\hardware\HVBoard\HVBoard\CurrentMeasurement.SchDoc with ERA-6AEB101V from PHANTOM_LIBRARY.SchLib
Replace Part R3 RC0805FR-071KL in C:\Users\Stix2\OneDrive\Documents\Phantom\hardware\HVBoard\HVBoard\CurrentMeasurement.SchDoc with RC0805FR-071KL from PHANTOM_LIBRARY.SchLib
Replace Part R4 RC0805FR-071KL in C:\Users\Stix2\OneDrive\Documents\Phantom\hardware\HVBoard\HVBoard\CurrentMeasurement.SchDoc with RC0805FR-071KL from PHANTOM_LIBRARY.SchLib
Replace Part R5 RC0805FR-071KL in C:\Users\Stix2\OneDrive\Documents\Phantom\hardware\HVBoard\HVBoard\CurrentMeasurement.SchDoc with RC0805FR-071KL from PHANTOM_LIBRARY.SchLib
Replace Part R13 ERA-6AEB203V in C:\Users\Stix2\OneDrive\Documents\Phantom\hardware\HVBoard\HVBoard\CurrentMeasurement.SchDoc with ERA-6AEB203V from PHANTOM_LIBRARY.SchLib
Replace Part R14 ERA-6AEB153V in C:\Users\Stix2\OneDrive\Documents\Phantom\hardware\HVBoard\HVBoard\CurrentMeasurement.SchDoc with ERA-6AEB153V from PHANTOM_LIBRARY.SchLib
Replace Part R15 ERA-6AEB203V in C:\Users\Stix2\OneDrive\Documents\Phantom\hardware\HVBoard\HVBoard\CurrentMeasurement.SchDoc with ERA-6AEB203V from PHANTOM_LIBRARY.SchLib
Replace Part U1 OPA2335AIDGKR in C:\Users\Stix2\OneDrive\Documents\Phantom\hardware\HVBoard\HVBoard\CurrentMeasurement.SchDoc with OPA2335AIDGKR from PHANTOM_LIBRARY.SchLib
Replace Part U2 AMC1301DWVR in C:\Users\Stix2\OneDrive\Documents\Phantom\hardware\HVBoard\HVBoard\CurrentMeasurement.SchDoc with AMC1301DWVR from PHANTOM_LIBRARY.SchLib
Replace Part U3 OPA2335AIDGKR in C:\Users\Stix2\OneDrive\Documents\Phantom\hardware\HVBoard\HVBoard\CurrentMeasurement.SchDoc with OPA2335AIDGKR from PHANTOM_LIBRARY.SchLib
Replace Part U9 ADC122S655CIMM/NOPB in C:\Users\Stix2\OneDrive\Documents\Phantom\hardware\HVBoard\HVBoard\CurrentMeasurement.SchDoc with ADC122S655CIMM/NOPB from PHANTOM_LIBRARY.SchLib
