Removed Pin From Net: NetName=GND-HV Pin=C8-1
Removed Pin From Net: NetName=NetC8_2 Pin=C8-2
Removed Pin From Net: NetName=GND-HV Pin=C11-1
Removed Pin From Net: NetName=NetC8_2 Pin=C11-2
Change component parameters: Designator = "U9" ("U9"); Footprint = "IR155-3204"; UniqueID = "\KCSZOAOE" ("\KCSZOAOE")
Change component parameters (AddParameter): Name = "Manufacturer"; Value = "Bender"; VariantName = "[No Variations]"
Change component parameters (AddParameter): Name = "Manufacturer Part Number"; Value = "IR155-3204"; VariantName = "[No Variations]"
Change component parameters (AddParameter): Name = "Supplier 1"; Value = "Digi-Key"; VariantName = "[No Variations]"
Added Component: Designator=C8(C1206)
Add component (AddParameter): Name = "Manufacturer"; Value = "Murata"; VariantName = "[No Variations]"
Add component (AddParameter): Name = "Manufacturer Part Number"; Value = "GCM31CR71A226KE02L"; VariantName = "[No Variations]"
Add component (AddParameter): Name = "Supplier 1"; Value = "Digi-Key"; VariantName = "[No Variations]"
Added Component: Designator=C11(C0805)
Add component (AddParameter): Name = "Capacitance"; Value = "10uF"; VariantName = "[No Variations]"
Add component (AddParameter): Name = "Manufacturer"; Value = "Samsung"; VariantName = "[No Variations]"
Add component (AddParameter): Name = "OP Temp Range"; Value = "-55-125"; VariantName = "[No Variations]"
Add component (AddParameter): Name = "Package"; Value = "0805"; VariantName = "[No Variations]"
Add component (AddParameter): Name = "Supplier 1"; Value = "Digi-Key"; VariantName = "[No Variations]"
Add component (AddParameter): Name = "Supplier Part Number 1"; Value = "1276-6472-2-ND"; VariantName = "[No Variations]"
Add component (AddParameter): Name = "Temp Coef"; Value = "X7R"; VariantName = "[No Variations]"
Add component (AddParameter): Name = "Tolerance"; Value = "10%"; VariantName = "[No Variations]"
Add component (AddParameter): Name = "Voltage Rating"; Value = "16V"; VariantName = "[No Variations]"
Added Component: Designator=C13(C0805)
Add component (AddParameter): Name = "Capacitance"; Value = "10uF"; VariantName = "[No Variations]"
Add component (AddParameter): Name = "Manufacturer"; Value = "Samsung"; VariantName = "[No Variations]"
Add component (AddParameter): Name = "OP Temp Range"; Value = "-55-125"; VariantName = "[No Variations]"
Add component (AddParameter): Name = "Package"; Value = "0805"; VariantName = "[No Variations]"
Add component (AddParameter): Name = "Supplier 1"; Value = "Digi-Key"; VariantName = "[No Variations]"
Add component (AddParameter): Name = "Supplier Part Number 1"; Value = "1276-6472-2-ND"; VariantName = "[No Variations]"
Add component (AddParameter): Name = "Temp Coef"; Value = "X7R"; VariantName = "[No Variations]"
Add component (AddParameter): Name = "Tolerance"; Value = "10%"; VariantName = "[No Variations]"
Add component (AddParameter): Name = "Voltage Rating"; Value = "16V"; VariantName = "[No Variations]"
Added Pin To Net: NetName=GND-HV Pin=C8-1
Added Pin To Net: NetName=NetC8_2 Pin=C8-2
Added Pin To Net: NetName=GND-HV Pin=C11-1
Added Pin To Net: NetName=NetC8_2 Pin=C11-2
Added Pin To Net: NetName=GND-LV Pin=C13-1
Added Pin To Net: NetName=+12 Pin=C13-2
Added Member To Class: ClassName=IsoPowerSupply Member=Component C13 10uF
