Change Physical Footprint: Designator=C1 Old Footprint=C0805 New Footprint=C0805
Change Physical Footprint: Designator=C2 Old Footprint=C0805 New Footprint=C0805
Change Physical Footprint: Designator=C3 Old Footprint=C0805 New Footprint=C0805
Change Physical Footprint: Designator=C4 Old Footprint=C0805 New Footprint=C0805
Change Physical Footprint: Designator=C5 Old Footprint=C0805 New Footprint=C0805
Change Physical Footprint: Designator=C6 Old Footprint=C0805 New Footprint=C0805
Change Physical Footprint: Designator=C7 Old Footprint=Cap-2.2u- ECW-FD2W225J4 New Footprint=Cap-2.2u- ECW-FD2W225J4
Change Physical Footprint: Designator=C8 Old Footprint=C1206 New Footprint=C1206
Change Physical Footprint: Designator=C9 Old Footprint=C0805 New Footprint=C0805
Change Physical Footprint: Designator=C10 Old Footprint=C0805 New Footprint=C0805
Change Physical Footprint: Designator=C11 Old Footprint=C0805 New Footprint=C0805
Change Physical Footprint: Designator=C12 Old Footprint=C0805 New Footprint=C0805
Change Physical Footprint: Designator=C13 Old Footprint=C0805 New Footprint=C0805
Change Physical Footprint: Designator=C14 Old Footprint=C0805 New Footprint=C0805
Change Physical Footprint: Designator=C15 Old Footprint=C0805 New Footprint=C0805
Change Physical Footprint: Designator=C16 Old Footprint=C0805 New Footprint=C0805
Change Physical Footprint: Designator=C17 Old Footprint=C0805 New Footprint=C0805
Change Physical Footprint: Designator=C18 Old Footprint=C0805 New Footprint=C0805
Change Physical Footprint: Designator=C19 Old Footprint=Cap-4.7n-SV03HC472MAR New Footprint=Cap-4.7n-SV03HC472MAR
Change Physical Footprint: Designator=C20 Old Footprint=Cap-0.22-SK057C224KAR New Footprint=Cap-0.22-SK057C224KAR
Change Physical Footprint: Designator=C22 Old Footprint=Cap-4.7n-SV03HC472MAR New Footprint=Cap-4.7n-SV03HC472MAR
Change Physical Footprint: Designator=C23 Old Footprint=Cap-4.7n-SV03HC472MAR New Footprint=Cap-4.7n-SV03HC472MAR
Change Physical Footprint: Designator=C24 Old Footprint=C1206 New Footprint=C1206
Change Physical Footprint: Designator=C25 Old Footprint=C0805 New Footprint=C0805
Change Physical Footprint: Designator=C26 Old Footprint=C1206 New Footprint=C1206
Change Physical Footprint: Designator=D1 Old Footprint=LED_0603 New Footprint=LED_0603
Change Physical Footprint: Designator=D2 Old Footprint=LED_0603 New Footprint=LED_0603
Change Physical Footprint: Designator=D3 Old Footprint=LED_0603 New Footprint=LED_0603
Change Physical Footprint: Designator=JP1 Old Footprint=2PIN_HEADER New Footprint=2PIN_HEADER
Change Physical Footprint: Designator=JP2 Old Footprint=3PIN_HEADER New Footprint=3PIN_HEADER
Change Physical Footprint: Designator=JP3 Old Footprint=3PIN_HEADER New Footprint=3PIN_HEADER
Change Physical Footprint: Designator=JP4 Old Footprint=2PIN_HEADER New Footprint=2PIN_HEADER
Change Physical Footprint: Designator=JP5 Old Footprint=4PIN_HEADER New Footprint=4PIN_HEADER
Change Physical Footprint: Designator=JP7 Old Footprint=4PIN_HEADER New Footprint=4PIN_HEADER
Change Physical Footprint: Designator=JP8 Old Footprint=2PIN_HEADER New Footprint=2PIN_HEADER
Change Physical Footprint: Designator=R1 Old Footprint=Res-475k-RNF18FTD475K New Footprint=Res-475k-RNF18FTD475K
Change Physical Footprint: Designator=R2 Old Footprint=R0805 New Footprint=R0805
Change Physical Footprint: Designator=R3 Old Footprint=R0805 New Footprint=R0805
Change Physical Footprint: Designator=R4 Old Footprint=R0805 New Footprint=R0805
Change Physical Footprint: Designator=R5 Old Footprint=R0805 New Footprint=R0805
Change Physical Footprint: Designator=R6 Old Footprint=R0805 New Footprint=R0805
Change Physical Footprint: Designator=R7 Old Footprint=R0805 New Footprint=R0805
Change Physical Footprint: Designator=R8 Old Footprint=R0805 New Footprint=R0805
Change Physical Footprint: Designator=TP1 Old Footprint=TP_HOOK New Footprint=TP_HOOK
Change Physical Footprint: Designator=TP2 Old Footprint=TP_HOOK New Footprint=TP_HOOK
Change Physical Footprint: Designator=U1 Old Footprint=REF5030IDGKT New Footprint=REF5030IDGKT
Change Physical Footprint: Designator=U2 Old Footprint=AMC1301DWVR New Footprint=AMC1301DWVR
Change Physical Footprint: Designator=U3 Old Footprint=ADS7044IDCUR New Footprint=ADS7044IDCUR
Change Physical Footprint: Designator=U4 Old Footprint=NCP785AH120T1G New Footprint=NCP785AH120T1G
Change Physical Footprint: Designator=U5 Old Footprint=NCV5501DT50RKG New Footprint=NCV5501DT50RKG
Change Physical Footprint: Designator=U6 Old Footprint=NCV5501DT50RKG New Footprint=NCV5501DT50RKG
Change Physical Footprint: Designator=U7 Old Footprint=ISL21010CFH315Z-TK New Footprint=ISL21010CFH315Z-TK
Change Physical Footprint: Designator=U8 Old Footprint=Vicor-V150A12C500BL New Footprint=Vicor-V150A12C500BL
Change Physical Footprint: Designator=U9 Old Footprint=IR155-3204 New Footprint=IR155-3204
