Replace Part C11 GCM21BR71A225KA37L in C:\Users\Stix2\OneDrive\Documents\Phantom\hardware\HVBoard\HVBoard\IsoPowerSupply.SchDoc with GCM21BR71A225KA37L from PHANTOM_LIBRARY.SchLib
Replace Part C12 GCM31CR71A226KE02L in C:\Users\Stix2\OneDrive\Documents\Phantom\hardware\HVBoard\HVBoard\IsoPowerSupply.SchDoc with GCM31CR71A226KE02L from PHANTOM_LIBRARY.SchLib
Replace Part C13 F381A106MMA in C:\Users\Stix2\OneDrive\Documents\Phantom\hardware\HVBoard\HVBoard\IsoPowerSupply.SchDoc with F381A106MMA from PHANTOM_LIBRARY.SchLib
Replace Part C14 F381A106MMA in C:\Users\Stix2\OneDrive\Documents\Phantom\hardware\HVBoard\HVBoard\IsoPowerSupply.SchDoc with F381A106MMA from PHANTOM_LIBRARY.SchLib
Replace Part C15 F381A106MMA in C:\Users\Stix2\OneDrive\Documents\Phantom\hardware\HVBoard\HVBoard\IsoPowerSupply.SchDoc with F381A106MMA from PHANTOM_LIBRARY.SchLib
Replace Part C16 F381A106MMA in C:\Users\Stix2\OneDrive\Documents\Phantom\hardware\HVBoard\HVBoard\IsoPowerSupply.SchDoc with F381A106MMA from PHANTOM_LIBRARY.SchLib
Replace Part C? GQM2195C2E470FB12D in C:\Users\Stix2\OneDrive\Documents\Phantom\hardware\HVBoard\HVBoard\IsoPowerSupply.SchDoc with GQM2195C2E470FB12D from PHANTOM_LIBRARY.SchLib
Replace Part C? GCJ31CR71A106KA13L in C:\Users\Stix2\OneDrive\Documents\Phantom\hardware\HVBoard\HVBoard\IsoPowerSupply.SchDoc with GCJ31CR71A106KA13L from PHANTOM_LIBRARY.SchLib
Replace Part C? GCJ31CR71A106KA13L in C:\Users\Stix2\OneDrive\Documents\Phantom\hardware\HVBoard\HVBoard\IsoPowerSupply.SchDoc with GCJ31CR71A106KA13L from PHANTOM_LIBRARY.SchLib
Replace Part C? GRM21B5C1H223FA01L in C:\Users\Stix2\OneDrive\Documents\Phantom\hardware\HVBoard\HVBoard\IsoPowerSupply.SchDoc with GRM21B5C1H223FA01L from PHANTOM_LIBRARY.SchLib
Replace Part C? GRM21A7U2E471JW31D in C:\Users\Stix2\OneDrive\Documents\Phantom\hardware\HVBoard\HVBoard\IsoPowerSupply.SchDoc with GRM21A7U2E471JW31D from PHANTOM_LIBRARY.SchLib
Replace Part R18 ERA-6AEB332V in C:\Users\Stix2\OneDrive\Documents\Phantom\hardware\HVBoard\HVBoard\IsoPowerSupply.SchDoc with ERA-6AEB332V from PHANTOM_LIBRARY.SchLib
Replace Part R19 ERA-6AEB332V in C:\Users\Stix2\OneDrive\Documents\Phantom\hardware\HVBoard\HVBoard\IsoPowerSupply.SchDoc with ERA-6AEB332V from PHANTOM_LIBRARY.SchLib
Replace Part R? ERA-6AEB9312V in C:\Users\Stix2\OneDrive\Documents\Phantom\hardware\HVBoard\HVBoard\IsoPowerSupply.SchDoc with ERA-6AEB9312V from PHANTOM_LIBRARY.SchLib
Replace Part R? ERA-6AEB203V in C:\Users\Stix2\OneDrive\Documents\Phantom\hardware\HVBoard\HVBoard\IsoPowerSupply.SchDoc with ERA-6AEB203V from PHANTOM_LIBRARY.SchLib
Replace Part R? ERA-6AEB6040V in C:\Users\Stix2\OneDrive\Documents\Phantom\hardware\HVBoard\HVBoard\IsoPowerSupply.SchDoc with ERA-6AEB6040V from PHANTOM_LIBRARY.SchLib
Replace Part R? ERJ-6RQFR33V in C:\Users\Stix2\OneDrive\Documents\Phantom\hardware\HVBoard\HVBoard\IsoPowerSupply.SchDoc with ERJ-6RQFR33V from PHANTOM_LIBRARY.SchLib
Replace Part R? ERA-6AEB104V in C:\Users\Stix2\OneDrive\Documents\Phantom\hardware\HVBoard\HVBoard\IsoPowerSupply.SchDoc with ERA-6AEB104V from PHANTOM_LIBRARY.SchLib
Replace Part R? ERA-6AEB1213V in C:\Users\Stix2\OneDrive\Documents\Phantom\hardware\HVBoard\HVBoard\IsoPowerSupply.SchDoc with ERA-6AEB1213V from PHANTOM_LIBRARY.SchLib
Replace Part U5 NCP785AH120T1G in C:\Users\Stix2\OneDrive\Documents\Phantom\hardware\HVBoard\HVBoard\IsoPowerSupply.SchDoc with NCP785AH120T1G from PHANTOM_LIBRARY.SchLib
Replace Part U6 LM1117MPX-5.0/NOPB in C:\Users\Stix2\OneDrive\Documents\Phantom\hardware\HVBoard\HVBoard\IsoPowerSupply.SchDoc with LM1117MPX-5.0/NOPB from PHANTOM_LIBRARY.SchLib
Replace Part U7 LM1117MPX-5.0/NOPB in C:\Users\Stix2\OneDrive\Documents\Phantom\hardware\HVBoard\HVBoard\IsoPowerSupply.SchDoc with LM1117MPX-5.0/NOPB from PHANTOM_LIBRARY.SchLib
Replace Part U? LT8315EFE#TRPBF in C:\Users\Stix2\OneDrive\Documents\Phantom\hardware\HVBoard\HVBoard\IsoPowerSupply.SchDoc with LT8315EFE#TRPBF from PHANTOM_LIBRARY.SchLib
