Replace Part C7 ECW-FD2W225J4 in C:\Users\Brayden McKeen\Documents\Phantom\HV\HVBoard-rev2\IsoPowerSupply.SchDoc with ECW-FD2W225J4 from PHANTOM_LIBRARY.SchLib
Replace Part C8 GCM31CR71A226KE02L in C:\Users\Brayden McKeen\Documents\Phantom\HV\HVBoard-rev2\IsoPowerSupply.SchDoc with GCM31CR71A226KE02L from PHANTOM_LIBRARY.SchLib
Replace Part C12 GRM219R61A475KE34D in C:\Users\Brayden McKeen\Documents\Phantom\HV\HVBoard-rev2\IsoPowerSupply.SchDoc with GRM219R61A475KE34D from PHANTOM_LIBRARY.SchLib
Replace Part C14 GRM219R61A475KE34D in C:\Users\Brayden McKeen\Documents\Phantom\HV\HVBoard-rev2\IsoPowerSupply.SchDoc with GRM219R61A475KE34D from PHANTOM_LIBRARY.SchLib
Replace Part C19 SV03HC472MAR in C:\Users\Brayden McKeen\Documents\Phantom\HV\HVBoard-rev2\IsoPowerSupply.SchDoc with SV03HC472MAR from PHANTOM_LIBRARY.SchLib
Replace Part C20 SK057C224KAR in C:\Users\Brayden McKeen\Documents\Phantom\HV\HVBoard-rev2\IsoPowerSupply.SchDoc with SK057C224KAR from PHANTOM_LIBRARY.SchLib
Replace Part C22 SV03HC472MAR in C:\Users\Brayden McKeen\Documents\Phantom\HV\HVBoard-rev2\IsoPowerSupply.SchDoc with SV03HC472MAR from PHANTOM_LIBRARY.SchLib
Replace Part C23 SV03HC472MAR in C:\Users\Brayden McKeen\Documents\Phantom\HV\HVBoard-rev2\IsoPowerSupply.SchDoc with SV03HC472MAR from PHANTOM_LIBRARY.SchLib
Replace Part D1 LTST-C191KGKT in C:\Users\Brayden McKeen\Documents\Phantom\HV\HVBoard-rev2\IsoPowerSupply.SchDoc with LTST-C191KGKT from PHANTOM_LIBRARY.SchLib
Replace Part D2 LTST-C191KGKT in C:\Users\Brayden McKeen\Documents\Phantom\HV\HVBoard-rev2\IsoPowerSupply.SchDoc with LTST-C191KGKT from PHANTOM_LIBRARY.SchLib
Replace Part D3 LTST-C191KGKT in C:\Users\Brayden McKeen\Documents\Phantom\HV\HVBoard-rev2\IsoPowerSupply.SchDoc with LTST-C191KGKT from PHANTOM_LIBRARY.SchLib
Replace Part JP1 M20-9990246 in C:\Users\Brayden McKeen\Documents\Phantom\HV\HVBoard-rev2\IsoPowerSupply.SchDoc with M20-9990246 from PHANTOM_LIBRARY.SchLib
Replace Part JP2 61300311121 in C:\Users\Brayden McKeen\Documents\Phantom\HV\HVBoard-rev2\IsoPowerSupply.SchDoc with 61300311121 from PHANTOM_LIBRARY.SchLib
Replace Part JP3 61300311121 in C:\Users\Brayden McKeen\Documents\Phantom\HV\HVBoard-rev2\IsoPowerSupply.SchDoc with 61300311121 from PHANTOM_LIBRARY.SchLib
Replace Part R3 RC0805JR-072K2L in C:\Users\Brayden McKeen\Documents\Phantom\HV\HVBoard-rev2\IsoPowerSupply.SchDoc with RC0805JR-072K2L from PHANTOM_LIBRARY.SchLib
Replace Part R4 ERJ-6ENF6341V in C:\Users\Brayden McKeen\Documents\Phantom\HV\HVBoard-rev2\IsoPowerSupply.SchDoc with ERJ-6ENF6341V from PHANTOM_LIBRARY.SchLib
Replace Part R5 ERJ-6ENF6341V in C:\Users\Brayden McKeen\Documents\Phantom\HV\HVBoard-rev2\IsoPowerSupply.SchDoc with ERJ-6ENF6341V from PHANTOM_LIBRARY.SchLib
Replace Part U4 NCP785AH120T1G in C:\Users\Brayden McKeen\Documents\Phantom\HV\HVBoard-rev2\IsoPowerSupply.SchDoc with NCP785AH120T1G from PHANTOM_LIBRARY.SchLib
Replace Part U5 NCV5501DT50RKG in C:\Users\Brayden McKeen\Documents\Phantom\HV\HVBoard-rev2\IsoPowerSupply.SchDoc with NCV5501DT50RKG from PHANTOM_LIBRARY.SchLib
Replace Part U6 NCV5501DT33RKG in C:\Users\Brayden McKeen\Documents\Phantom\HV\HVBoard-rev2\IsoPowerSupply.SchDoc with NCV5501DT33RKG from PHANTOM_LIBRARY.SchLib
Replace Part U8 V150A12C500BL in C:\Users\Brayden McKeen\Documents\Phantom\HV\HVBoard-rev2\IsoPowerSupply.SchDoc with V150A12C500BL from PHANTOM_LIBRARY.SchLib
