Change Component Designator: OldDesignator=C1_U_Single_Mux1 NewDesignator=U_Single_Mux1_C1
Change Component Designator: OldDesignator=C1_U_Single_Mux2 NewDesignator=U_Single_Mux2_C1
Change Component Designator: OldDesignator=C1_U_Single_Mux3 NewDesignator=U_Single_Mux3_C1
Change Component Designator: OldDesignator=C1_U_Single_Mux4 NewDesignator=U_Single_Mux4_C1
Change Component Designator: OldDesignator=C2_U_Single_Mux1 NewDesignator=U_Single_Mux1_C2
Change Component Designator: OldDesignator=C2_U_Single_Mux2 NewDesignator=U_Single_Mux2_C2
Change Component Designator: OldDesignator=C2_U_Single_Mux3 NewDesignator=U_Single_Mux3_C2
Change Component Designator: OldDesignator=C2_U_Single_Mux4 NewDesignator=U_Single_Mux4_C2
Change Component Designator: OldDesignator=C3_U_Single_Mux1 NewDesignator=U_Single_Mux1_C3
Change Component Designator: OldDesignator=C3_U_Single_Mux2 NewDesignator=U_Single_Mux2_C3
Change Component Designator: OldDesignator=C3_U_Single_Mux3 NewDesignator=U_Single_Mux3_C3
Change Component Designator: OldDesignator=C3_U_Single_Mux4 NewDesignator=U_Single_Mux4_C3
Change Component Designator: OldDesignator=C4_U_Single_Mux1 NewDesignator=U_Single_Mux1_C4
Change Component Designator: OldDesignator=C4_U_Single_Mux2 NewDesignator=U_Single_Mux2_C4
Change Component Designator: OldDesignator=C4_U_Single_Mux3 NewDesignator=U_Single_Mux3_C4
Change Component Designator: OldDesignator=C4_U_Single_Mux4 NewDesignator=U_Single_Mux4_C4
Change Component Designator: OldDesignator=C5_U_Single_Mux1 NewDesignator=U_Single_Mux1_C5
Change Component Designator: OldDesignator=C5_U_Single_Mux2 NewDesignator=U_Single_Mux2_C5
Change Component Designator: OldDesignator=C5_U_Single_Mux3 NewDesignator=U_Single_Mux3_C5
Change Component Designator: OldDesignator=C5_U_Single_Mux4 NewDesignator=U_Single_Mux4_C5
Change Component Designator: OldDesignator=C6_U_Single_Mux1 NewDesignator=U_Single_Mux1_C6
Change Component Designator: OldDesignator=C6_U_Single_Mux2 NewDesignator=U_Single_Mux2_C6
Change Component Designator: OldDesignator=C6_U_Single_Mux3 NewDesignator=U_Single_Mux3_C6
Change Component Designator: OldDesignator=C6_U_Single_Mux4 NewDesignator=U_Single_Mux4_C6
Change Component Designator: OldDesignator=P1_U_AHK50H-ND_THERM_CONNECTOR1 NewDesignator=U_AHK50H-ND_THERM_CONNECTOR1_P1
Change Component Designator: OldDesignator=P1_U_AHK50H-ND_THERM_CONNECTOR2 NewDesignator=U_AHK50H-ND_THERM_CONNECTOR2_P1
Change Component Designator: OldDesignator=P1_U_AHK50H-ND_THERM_CONNECTOR3 NewDesignator=U_AHK50H-ND_THERM_CONNECTOR3_P1
Change Component Designator: OldDesignator=P1_U_AHK50H-ND_THERM_CONNECTOR4 NewDesignator=U_AHK50H-ND_THERM_CONNECTOR4_P1
Change Component Designator: OldDesignator=P4_U_Single_Mux1 NewDesignator=U_Single_Mux1_P4
Change Component Designator: OldDesignator=P4_U_Single_Mux2 NewDesignator=U_Single_Mux2_P4
Change Component Designator: OldDesignator=P4_U_Single_Mux3 NewDesignator=U_Single_Mux3_P4
Change Component Designator: OldDesignator=P4_U_Single_Mux4 NewDesignator=U_Single_Mux4_P4
Change Component Designator: OldDesignator=R1_U_Single_Mux1 NewDesignator=U_Single_Mux1_R1
Change Component Designator: OldDesignator=R1_U_Single_Mux2 NewDesignator=U_Single_Mux2_R1
Change Component Designator: OldDesignator=R1_U_Single_Mux3 NewDesignator=U_Single_Mux3_R1
Change Component Designator: OldDesignator=R1_U_Single_Mux4 NewDesignator=U_Single_Mux4_R1
Change Component Designator: OldDesignator=R2_U_Single_Mux1 NewDesignator=U_Single_Mux1_R2
Change Component Designator: OldDesignator=R2_U_Single_Mux2 NewDesignator=U_Single_Mux2_R2
Change Component Designator: OldDesignator=R2_U_Single_Mux3 NewDesignator=U_Single_Mux3_R2
Change Component Designator: OldDesignator=R2_U_Single_Mux4 NewDesignator=U_Single_Mux4_R2
Change Component Designator: OldDesignator=R3_U_Single_Mux1 NewDesignator=U_Single_Mux1_R3
Change Component Designator: OldDesignator=R3_U_Single_Mux2 NewDesignator=U_Single_Mux2_R3
Change Component Designator: OldDesignator=R3_U_Single_Mux3 NewDesignator=U_Single_Mux3_R3
Change Component Designator: OldDesignator=R3_U_Single_Mux4 NewDesignator=U_Single_Mux4_R3
Change Component Designator: OldDesignator=U1_U_Single_Mux1 NewDesignator=U_Single_Mux1_U1
Change Component Designator: OldDesignator=U1_U_Single_Mux2 NewDesignator=U_Single_Mux2_U1
Change Component Designator: OldDesignator=U1_U_Single_Mux3 NewDesignator=U_Single_Mux3_U1
Change Component Designator: OldDesignator=U1_U_Single_Mux4 NewDesignator=U_Single_Mux4_U1
Change Component Designator: OldDesignator=U2_U_Single_Mux1 NewDesignator=U_Single_Mux1_U2
Change Component Designator: OldDesignator=U2_U_Single_Mux2 NewDesignator=U_Single_Mux2_U2
Change Component Designator: OldDesignator=U2_U_Single_Mux3 NewDesignator=U_Single_Mux3_U2
Change Component Designator: OldDesignator=U2_U_Single_Mux4 NewDesignator=U_Single_Mux4_U2
Change Component Designator: OldDesignator=U3_U_Single_Mux1 NewDesignator=U_Single_Mux1_U3
Change Component Designator: OldDesignator=U3_U_Single_Mux2 NewDesignator=U_Single_Mux2_U3
Change Component Designator: OldDesignator=U3_U_Single_Mux3 NewDesignator=U_Single_Mux3_U3
Change Component Designator: OldDesignator=U3_U_Single_Mux4 NewDesignator=U_Single_Mux4_U3
Added Component: Designator=U_Single_Mux1_P2(MUX_SEL_CON)
Add component. Clean all parameters for all variants
Add component (AddParameter): Name = "Supplier 1"; Value = "Digi-Key"; VariantName = "[No Variations]"
Add component (AddParameter): Name = "Supplier Part Number 1"; Value = "WM13967-ND"; VariantName = "[No Variations]"
Added Component: Designator=U_Single_Mux1_P3(MUX_SEL_CON)
Add component. Clean all parameters for all variants
Add component (AddParameter): Name = "Supplier 1"; Value = "Digi-Key"; VariantName = "[No Variations]"
Add component (AddParameter): Name = "Supplier Part Number 1"; Value = "WM13967-ND"; VariantName = "[No Variations]"
Added Component: Designator=U_Single_Mux2_P2(MUX_SEL_CON)
Add component. Clean all parameters for all variants
Add component (AddParameter): Name = "Supplier 1"; Value = "Digi-Key"; VariantName = "[No Variations]"
Add component (AddParameter): Name = "Supplier Part Number 1"; Value = "WM13967-ND"; VariantName = "[No Variations]"
Added Component: Designator=U_Single_Mux2_P3(MUX_SEL_CON)
Add component. Clean all parameters for all variants
Add component (AddParameter): Name = "Supplier 1"; Value = "Digi-Key"; VariantName = "[No Variations]"
Add component (AddParameter): Name = "Supplier Part Number 1"; Value = "WM13967-ND"; VariantName = "[No Variations]"
Added Component: Designator=U_Single_Mux3_P2(MUX_SEL_CON)
Add component. Clean all parameters for all variants
Add component (AddParameter): Name = "Supplier 1"; Value = "Digi-Key"; VariantName = "[No Variations]"
Add component (AddParameter): Name = "Supplier Part Number 1"; Value = "WM13967-ND"; VariantName = "[No Variations]"
Added Component: Designator=U_Single_Mux3_P3(MUX_SEL_CON)
Add component. Clean all parameters for all variants
Add component (AddParameter): Name = "Supplier 1"; Value = "Digi-Key"; VariantName = "[No Variations]"
Add component (AddParameter): Name = "Supplier Part Number 1"; Value = "WM13967-ND"; VariantName = "[No Variations]"
Added Component: Designator=U_Single_Mux4_P2(MUX_SEL_CON)
Add component. Clean all parameters for all variants
Add component (AddParameter): Name = "Supplier 1"; Value = "Digi-Key"; VariantName = "[No Variations]"
Add component (AddParameter): Name = "Supplier Part Number 1"; Value = "WM13967-ND"; VariantName = "[No Variations]"
Added Component: Designator=U_Single_Mux4_P3(MUX_SEL_CON)
Add component. Clean all parameters for all variants
Add component (AddParameter): Name = "Supplier 1"; Value = "Digi-Key"; VariantName = "[No Variations]"
Add component (AddParameter): Name = "Supplier Part Number 1"; Value = "WM13967-ND"; VariantName = "[No Variations]"
Added Pin To Net: NetName=S0_U_Single_Mux1 Pin=U_Single_Mux1_P2-1
Added Pin To Net: NetName=S1_U_Single_Mux1 Pin=U_Single_Mux1_P2-2
Added Pin To Net: NetName=S3_U_Single_Mux1 Pin=U_Single_Mux1_P2-3
Added Pin To Net: NetName=S2_U_Single_Mux1 Pin=U_Single_Mux1_P2-4
Added Pin To Net: NetName=S0_U_Single_Mux1 Pin=U_Single_Mux1_P3-1
Added Pin To Net: NetName=S1_U_Single_Mux1 Pin=U_Single_Mux1_P3-2
Added Pin To Net: NetName=S3_U_Single_Mux1 Pin=U_Single_Mux1_P3-3
Added Pin To Net: NetName=S2_U_Single_Mux1 Pin=U_Single_Mux1_P3-4
Added Pin To Net: NetName=S0_U_Single_Mux2 Pin=U_Single_Mux2_P2-1
Added Pin To Net: NetName=S1_U_Single_Mux2 Pin=U_Single_Mux2_P2-2
Added Pin To Net: NetName=S3_U_Single_Mux2 Pin=U_Single_Mux2_P2-3
Added Pin To Net: NetName=S2_U_Single_Mux2 Pin=U_Single_Mux2_P2-4
Added Pin To Net: NetName=S0_U_Single_Mux2 Pin=U_Single_Mux2_P3-1
Added Pin To Net: NetName=S1_U_Single_Mux2 Pin=U_Single_Mux2_P3-2
Added Pin To Net: NetName=S3_U_Single_Mux2 Pin=U_Single_Mux2_P3-3
Added Pin To Net: NetName=S2_U_Single_Mux2 Pin=U_Single_Mux2_P3-4
Added Pin To Net: NetName=S0_U_Single_Mux3 Pin=U_Single_Mux3_P2-1
Added Pin To Net: NetName=S1_U_Single_Mux3 Pin=U_Single_Mux3_P2-2
Added Pin To Net: NetName=S3_U_Single_Mux3 Pin=U_Single_Mux3_P2-3
Added Pin To Net: NetName=S2_U_Single_Mux3 Pin=U_Single_Mux3_P2-4
Added Pin To Net: NetName=S0_U_Single_Mux3 Pin=U_Single_Mux3_P3-1
Added Pin To Net: NetName=S1_U_Single_Mux3 Pin=U_Single_Mux3_P3-2
Added Pin To Net: NetName=S3_U_Single_Mux3 Pin=U_Single_Mux3_P3-3
Added Pin To Net: NetName=S2_U_Single_Mux3 Pin=U_Single_Mux3_P3-4
Added Pin To Net: NetName=S0_U_Single_Mux4 Pin=U_Single_Mux4_P2-1
Added Pin To Net: NetName=S1_U_Single_Mux4 Pin=U_Single_Mux4_P2-2
Added Pin To Net: NetName=S3_U_Single_Mux4 Pin=U_Single_Mux4_P2-3
Added Pin To Net: NetName=S2_U_Single_Mux4 Pin=U_Single_Mux4_P2-4
Added Pin To Net: NetName=S0_U_Single_Mux4 Pin=U_Single_Mux4_P3-1
Added Pin To Net: NetName=S1_U_Single_Mux4 Pin=U_Single_Mux4_P3-2
Added Pin To Net: NetName=S3_U_Single_Mux4 Pin=U_Single_Mux4_P3-3
Added Pin To Net: NetName=S2_U_Single_Mux4 Pin=U_Single_Mux4_P3-4
Change Net Name : Old Net Name=S0_U_Single_Mux1 New Net Name=U_Single_Mux1_S0
Change Net Name : Old Net Name=S0_U_Single_Mux2 New Net Name=U_Single_Mux2_S0
Change Net Name : Old Net Name=S0_U_Single_Mux3 New Net Name=U_Single_Mux3_S0
Change Net Name : Old Net Name=S0_U_Single_Mux4 New Net Name=U_Single_Mux4_S0
Change Net Name : Old Net Name=S1_U_Single_Mux1 New Net Name=U_Single_Mux1_S1
Change Net Name : Old Net Name=S1_U_Single_Mux2 New Net Name=U_Single_Mux2_S1
Change Net Name : Old Net Name=S1_U_Single_Mux3 New Net Name=U_Single_Mux3_S1
Change Net Name : Old Net Name=S1_U_Single_Mux4 New Net Name=U_Single_Mux4_S1
Change Net Name : Old Net Name=S2_U_Single_Mux1 New Net Name=U_Single_Mux1_S2
Change Net Name : Old Net Name=S2_U_Single_Mux2 New Net Name=U_Single_Mux2_S2
Change Net Name : Old Net Name=S2_U_Single_Mux3 New Net Name=U_Single_Mux3_S2
Change Net Name : Old Net Name=S2_U_Single_Mux4 New Net Name=U_Single_Mux4_S2
Change Net Name : Old Net Name=S3_U_Single_Mux1 New Net Name=U_Single_Mux1_S3
Change Net Name : Old Net Name=S3_U_Single_Mux2 New Net Name=U_Single_Mux2_S3
Change Net Name : Old Net Name=S3_U_Single_Mux3 New Net Name=U_Single_Mux3_S3
Change Net Name : Old Net Name=S3_U_Single_Mux4 New Net Name=U_Single_Mux4_S3
Change Net Name : Old Net Name=TS_IN1_U_AHK50H-ND_THERM_CONNECTOR1 New Net Name=U_AHK50H-ND_THERM_CONNECTOR1_TS_IN1
Change Net Name : Old Net Name=TS_IN1_U_AHK50H-ND_THERM_CONNECTOR2 New Net Name=U_AHK50H-ND_THERM_CONNECTOR2_TS_IN1
Change Net Name : Old Net Name=TS_IN1_U_AHK50H-ND_THERM_CONNECTOR3 New Net Name=U_AHK50H-ND_THERM_CONNECTOR3_TS_IN1
Change Net Name : Old Net Name=TS_IN1_U_AHK50H-ND_THERM_CONNECTOR4 New Net Name=U_AHK50H-ND_THERM_CONNECTOR4_TS_IN1
Change Net Name : Old Net Name=TS_IN2_U_AHK50H-ND_THERM_CONNECTOR1 New Net Name=U_AHK50H-ND_THERM_CONNECTOR1_TS_IN2
Change Net Name : Old Net Name=TS_IN2_U_AHK50H-ND_THERM_CONNECTOR2 New Net Name=U_AHK50H-ND_THERM_CONNECTOR2_TS_IN2
Change Net Name : Old Net Name=TS_IN2_U_AHK50H-ND_THERM_CONNECTOR3 New Net Name=U_AHK50H-ND_THERM_CONNECTOR3_TS_IN2
Change Net Name : Old Net Name=TS_IN2_U_AHK50H-ND_THERM_CONNECTOR4 New Net Name=U_AHK50H-ND_THERM_CONNECTOR4_TS_IN2
Change Net Name : Old Net Name=TS_IN3_U_AHK50H-ND_THERM_CONNECTOR1 New Net Name=U_AHK50H-ND_THERM_CONNECTOR1_TS_IN3
Change Net Name : Old Net Name=TS_IN3_U_AHK50H-ND_THERM_CONNECTOR2 New Net Name=U_AHK50H-ND_THERM_CONNECTOR2_TS_IN3
Change Net Name : Old Net Name=TS_IN3_U_AHK50H-ND_THERM_CONNECTOR3 New Net Name=U_AHK50H-ND_THERM_CONNECTOR3_TS_IN3
Change Net Name : Old Net Name=TS_IN3_U_AHK50H-ND_THERM_CONNECTOR4 New Net Name=U_AHK50H-ND_THERM_CONNECTOR4_TS_IN3
Change Net Name : Old Net Name=TS_IN4_U_AHK50H-ND_THERM_CONNECTOR1 New Net Name=U_AHK50H-ND_THERM_CONNECTOR1_TS_IN4
Change Net Name : Old Net Name=TS_IN4_U_AHK50H-ND_THERM_CONNECTOR2 New Net Name=U_AHK50H-ND_THERM_CONNECTOR2_TS_IN4
Change Net Name : Old Net Name=TS_IN4_U_AHK50H-ND_THERM_CONNECTOR3 New Net Name=U_AHK50H-ND_THERM_CONNECTOR3_TS_IN4
Change Net Name : Old Net Name=TS_IN4_U_AHK50H-ND_THERM_CONNECTOR4 New Net Name=U_AHK50H-ND_THERM_CONNECTOR4_TS_IN4
Change Net Name : Old Net Name=TS_IN5_U_AHK50H-ND_THERM_CONNECTOR1 New Net Name=U_AHK50H-ND_THERM_CONNECTOR1_TS_IN5
Change Net Name : Old Net Name=TS_IN5_U_AHK50H-ND_THERM_CONNECTOR2 New Net Name=U_AHK50H-ND_THERM_CONNECTOR2_TS_IN5
Change Net Name : Old Net Name=TS_IN5_U_AHK50H-ND_THERM_CONNECTOR3 New Net Name=U_AHK50H-ND_THERM_CONNECTOR3_TS_IN5
Change Net Name : Old Net Name=TS_IN5_U_AHK50H-ND_THERM_CONNECTOR4 New Net Name=U_AHK50H-ND_THERM_CONNECTOR4_TS_IN5
Change Net Name : Old Net Name=TS_IN6_U_AHK50H-ND_THERM_CONNECTOR1 New Net Name=U_AHK50H-ND_THERM_CONNECTOR1_TS_IN6
Change Net Name : Old Net Name=TS_IN6_U_AHK50H-ND_THERM_CONNECTOR2 New Net Name=U_AHK50H-ND_THERM_CONNECTOR2_TS_IN6
Change Net Name : Old Net Name=TS_IN6_U_AHK50H-ND_THERM_CONNECTOR3 New Net Name=U_AHK50H-ND_THERM_CONNECTOR3_TS_IN6
Change Net Name : Old Net Name=TS_IN6_U_AHK50H-ND_THERM_CONNECTOR4 New Net Name=U_AHK50H-ND_THERM_CONNECTOR4_TS_IN6
Change Net Name : Old Net Name=TS_IN7_U_AHK50H-ND_THERM_CONNECTOR1 New Net Name=U_AHK50H-ND_THERM_CONNECTOR1_TS_IN7
Change Net Name : Old Net Name=TS_IN7_U_AHK50H-ND_THERM_CONNECTOR2 New Net Name=U_AHK50H-ND_THERM_CONNECTOR2_TS_IN7
Change Net Name : Old Net Name=TS_IN7_U_AHK50H-ND_THERM_CONNECTOR3 New Net Name=U_AHK50H-ND_THERM_CONNECTOR3_TS_IN7
Change Net Name : Old Net Name=TS_IN7_U_AHK50H-ND_THERM_CONNECTOR4 New Net Name=U_AHK50H-ND_THERM_CONNECTOR4_TS_IN7
Change Net Name : Old Net Name=TS_IN8_U_AHK50H-ND_THERM_CONNECTOR1 New Net Name=U_AHK50H-ND_THERM_CONNECTOR1_TS_IN8
Change Net Name : Old Net Name=TS_IN8_U_AHK50H-ND_THERM_CONNECTOR2 New Net Name=U_AHK50H-ND_THERM_CONNECTOR2_TS_IN8
Change Net Name : Old Net Name=TS_IN8_U_AHK50H-ND_THERM_CONNECTOR3 New Net Name=U_AHK50H-ND_THERM_CONNECTOR3_TS_IN8
Change Net Name : Old Net Name=TS_IN8_U_AHK50H-ND_THERM_CONNECTOR4 New Net Name=U_AHK50H-ND_THERM_CONNECTOR4_TS_IN8
Change Net Name : Old Net Name=TS_IN9_U_AHK50H-ND_THERM_CONNECTOR1 New Net Name=U_AHK50H-ND_THERM_CONNECTOR1_TS_IN9
Change Net Name : Old Net Name=TS_IN9_U_AHK50H-ND_THERM_CONNECTOR2 New Net Name=U_AHK50H-ND_THERM_CONNECTOR2_TS_IN9
Change Net Name : Old Net Name=TS_IN9_U_AHK50H-ND_THERM_CONNECTOR3 New Net Name=U_AHK50H-ND_THERM_CONNECTOR3_TS_IN9
Change Net Name : Old Net Name=TS_IN9_U_AHK50H-ND_THERM_CONNECTOR4 New Net Name=U_AHK50H-ND_THERM_CONNECTOR4_TS_IN9
Change Net Name : Old Net Name=TS_IN10_U_AHK50H-ND_THERM_CONNECTOR1 New Net Name=U_AHK50H-ND_THERM_CONNECTOR1_TS_IN10
Change Net Name : Old Net Name=TS_IN10_U_AHK50H-ND_THERM_CONNECTOR2 New Net Name=U_AHK50H-ND_THERM_CONNECTOR2_TS_IN10
Change Net Name : Old Net Name=TS_IN10_U_AHK50H-ND_THERM_CONNECTOR3 New Net Name=U_AHK50H-ND_THERM_CONNECTOR3_TS_IN10
Change Net Name : Old Net Name=TS_IN10_U_AHK50H-ND_THERM_CONNECTOR4 New Net Name=U_AHK50H-ND_THERM_CONNECTOR4_TS_IN10
Change Net Name : Old Net Name=TS_IN11_U_AHK50H-ND_THERM_CONNECTOR1 New Net Name=U_AHK50H-ND_THERM_CONNECTOR1_TS_IN11
Change Net Name : Old Net Name=TS_IN11_U_AHK50H-ND_THERM_CONNECTOR2 New Net Name=U_AHK50H-ND_THERM_CONNECTOR2_TS_IN11
Change Net Name : Old Net Name=TS_IN11_U_AHK50H-ND_THERM_CONNECTOR3 New Net Name=U_AHK50H-ND_THERM_CONNECTOR3_TS_IN11
Change Net Name : Old Net Name=TS_IN11_U_AHK50H-ND_THERM_CONNECTOR4 New Net Name=U_AHK50H-ND_THERM_CONNECTOR4_TS_IN11
Change Net Name : Old Net Name=TS_IN12_U_AHK50H-ND_THERM_CONNECTOR1 New Net Name=U_AHK50H-ND_THERM_CONNECTOR1_TS_IN12
Change Net Name : Old Net Name=TS_IN12_U_AHK50H-ND_THERM_CONNECTOR2 New Net Name=U_AHK50H-ND_THERM_CONNECTOR2_TS_IN12
Change Net Name : Old Net Name=TS_IN12_U_AHK50H-ND_THERM_CONNECTOR3 New Net Name=U_AHK50H-ND_THERM_CONNECTOR3_TS_IN12
Change Net Name : Old Net Name=TS_IN12_U_AHK50H-ND_THERM_CONNECTOR4 New Net Name=U_AHK50H-ND_THERM_CONNECTOR4_TS_IN12
Change Net Name : Old Net Name=TS_IN13_U_AHK50H-ND_THERM_CONNECTOR1 New Net Name=U_AHK50H-ND_THERM_CONNECTOR1_TS_IN13
Change Net Name : Old Net Name=TS_IN13_U_AHK50H-ND_THERM_CONNECTOR2 New Net Name=U_AHK50H-ND_THERM_CONNECTOR2_TS_IN13
Change Net Name : Old Net Name=TS_IN13_U_AHK50H-ND_THERM_CONNECTOR3 New Net Name=U_AHK50H-ND_THERM_CONNECTOR3_TS_IN13
Change Net Name : Old Net Name=TS_IN13_U_AHK50H-ND_THERM_CONNECTOR4 New Net Name=U_AHK50H-ND_THERM_CONNECTOR4_TS_IN13
Change Net Name : Old Net Name=TS_IN14_U_AHK50H-ND_THERM_CONNECTOR1 New Net Name=U_AHK50H-ND_THERM_CONNECTOR1_TS_IN14
Change Net Name : Old Net Name=TS_IN14_U_AHK50H-ND_THERM_CONNECTOR2 New Net Name=U_AHK50H-ND_THERM_CONNECTOR2_TS_IN14
Change Net Name : Old Net Name=TS_IN14_U_AHK50H-ND_THERM_CONNECTOR3 New Net Name=U_AHK50H-ND_THERM_CONNECTOR3_TS_IN14
Change Net Name : Old Net Name=TS_IN14_U_AHK50H-ND_THERM_CONNECTOR4 New Net Name=U_AHK50H-ND_THERM_CONNECTOR4_TS_IN14
Change Net Name : Old Net Name=TS_IN15_U_AHK50H-ND_THERM_CONNECTOR1 New Net Name=U_AHK50H-ND_THERM_CONNECTOR1_TS_IN15
Change Net Name : Old Net Name=TS_IN15_U_AHK50H-ND_THERM_CONNECTOR2 New Net Name=U_AHK50H-ND_THERM_CONNECTOR2_TS_IN15
Change Net Name : Old Net Name=TS_IN15_U_AHK50H-ND_THERM_CONNECTOR3 New Net Name=U_AHK50H-ND_THERM_CONNECTOR3_TS_IN15
Change Net Name : Old Net Name=TS_IN15_U_AHK50H-ND_THERM_CONNECTOR4 New Net Name=U_AHK50H-ND_THERM_CONNECTOR4_TS_IN15
Change Net Name : Old Net Name=TS_IN16_U_AHK50H-ND_THERM_CONNECTOR1 New Net Name=U_AHK50H-ND_THERM_CONNECTOR1_TS_IN16
Change Net Name : Old Net Name=TS_IN16_U_AHK50H-ND_THERM_CONNECTOR2 New Net Name=U_AHK50H-ND_THERM_CONNECTOR2_TS_IN16
Change Net Name : Old Net Name=TS_IN16_U_AHK50H-ND_THERM_CONNECTOR3 New Net Name=U_AHK50H-ND_THERM_CONNECTOR3_TS_IN16
Change Net Name : Old Net Name=TS_IN16_U_AHK50H-ND_THERM_CONNECTOR4 New Net Name=U_AHK50H-ND_THERM_CONNECTOR4_TS_IN16
Change Net Name : Old Net Name=TS_IN17_U_AHK50H-ND_THERM_CONNECTOR1 New Net Name=U_AHK50H-ND_THERM_CONNECTOR1_TS_IN17
Change Net Name : Old Net Name=TS_IN17_U_AHK50H-ND_THERM_CONNECTOR2 New Net Name=U_AHK50H-ND_THERM_CONNECTOR2_TS_IN17
Change Net Name : Old Net Name=TS_IN17_U_AHK50H-ND_THERM_CONNECTOR3 New Net Name=U_AHK50H-ND_THERM_CONNECTOR3_TS_IN17
Change Net Name : Old Net Name=TS_IN17_U_AHK50H-ND_THERM_CONNECTOR4 New Net Name=U_AHK50H-ND_THERM_CONNECTOR4_TS_IN17
Change Net Name : Old Net Name=TS_IN18_U_AHK50H-ND_THERM_CONNECTOR1 New Net Name=U_AHK50H-ND_THERM_CONNECTOR1_TS_IN18
Change Net Name : Old Net Name=TS_IN18_U_AHK50H-ND_THERM_CONNECTOR2 New Net Name=U_AHK50H-ND_THERM_CONNECTOR2_TS_IN18
Change Net Name : Old Net Name=TS_IN18_U_AHK50H-ND_THERM_CONNECTOR3 New Net Name=U_AHK50H-ND_THERM_CONNECTOR3_TS_IN18
Change Net Name : Old Net Name=TS_IN18_U_AHK50H-ND_THERM_CONNECTOR4 New Net Name=U_AHK50H-ND_THERM_CONNECTOR4_TS_IN18
Change Net Name : Old Net Name=TS_IN19_U_AHK50H-ND_THERM_CONNECTOR1 New Net Name=U_AHK50H-ND_THERM_CONNECTOR1_TS_IN19
Change Net Name : Old Net Name=TS_IN19_U_AHK50H-ND_THERM_CONNECTOR2 New Net Name=U_AHK50H-ND_THERM_CONNECTOR2_TS_IN19
Change Net Name : Old Net Name=TS_IN19_U_AHK50H-ND_THERM_CONNECTOR3 New Net Name=U_AHK50H-ND_THERM_CONNECTOR3_TS_IN19
Change Net Name : Old Net Name=TS_IN19_U_AHK50H-ND_THERM_CONNECTOR4 New Net Name=U_AHK50H-ND_THERM_CONNECTOR4_TS_IN19
Change Net Name : Old Net Name=TS_IN20_U_AHK50H-ND_THERM_CONNECTOR1 New Net Name=U_AHK50H-ND_THERM_CONNECTOR1_TS_IN20
Change Net Name : Old Net Name=TS_IN20_U_AHK50H-ND_THERM_CONNECTOR2 New Net Name=U_AHK50H-ND_THERM_CONNECTOR2_TS_IN20
Change Net Name : Old Net Name=TS_IN20_U_AHK50H-ND_THERM_CONNECTOR3 New Net Name=U_AHK50H-ND_THERM_CONNECTOR3_TS_IN20
Change Net Name : Old Net Name=TS_IN20_U_AHK50H-ND_THERM_CONNECTOR4 New Net Name=U_AHK50H-ND_THERM_CONNECTOR4_TS_IN20
Change Net Name : Old Net Name=TS_IN21_U_AHK50H-ND_THERM_CONNECTOR1 New Net Name=U_AHK50H-ND_THERM_CONNECTOR1_TS_IN21
Change Net Name : Old Net Name=TS_IN21_U_AHK50H-ND_THERM_CONNECTOR2 New Net Name=U_AHK50H-ND_THERM_CONNECTOR2_TS_IN21
Change Net Name : Old Net Name=TS_IN21_U_AHK50H-ND_THERM_CONNECTOR3 New Net Name=U_AHK50H-ND_THERM_CONNECTOR3_TS_IN21
Change Net Name : Old Net Name=TS_IN21_U_AHK50H-ND_THERM_CONNECTOR4 New Net Name=U_AHK50H-ND_THERM_CONNECTOR4_TS_IN21
Change Net Name : Old Net Name=TS_IN22_U_AHK50H-ND_THERM_CONNECTOR1 New Net Name=U_AHK50H-ND_THERM_CONNECTOR1_TS_IN22
Change Net Name : Old Net Name=TS_IN22_U_AHK50H-ND_THERM_CONNECTOR2 New Net Name=U_AHK50H-ND_THERM_CONNECTOR2_TS_IN22
Change Net Name : Old Net Name=TS_IN22_U_AHK50H-ND_THERM_CONNECTOR3 New Net Name=U_AHK50H-ND_THERM_CONNECTOR3_TS_IN22
Change Net Name : Old Net Name=TS_IN22_U_AHK50H-ND_THERM_CONNECTOR4 New Net Name=U_AHK50H-ND_THERM_CONNECTOR4_TS_IN22
Change Net Name : Old Net Name=TS_IN23_U_AHK50H-ND_THERM_CONNECTOR1 New Net Name=U_AHK50H-ND_THERM_CONNECTOR1_TS_IN23
Change Net Name : Old Net Name=TS_IN23_U_AHK50H-ND_THERM_CONNECTOR2 New Net Name=U_AHK50H-ND_THERM_CONNECTOR2_TS_IN23
Change Net Name : Old Net Name=TS_IN23_U_AHK50H-ND_THERM_CONNECTOR3 New Net Name=U_AHK50H-ND_THERM_CONNECTOR3_TS_IN23
Change Net Name : Old Net Name=TS_IN23_U_AHK50H-ND_THERM_CONNECTOR4 New Net Name=U_AHK50H-ND_THERM_CONNECTOR4_TS_IN23
Change Net Name : Old Net Name=TS_IN24_U_AHK50H-ND_THERM_CONNECTOR1 New Net Name=U_AHK50H-ND_THERM_CONNECTOR1_TS_IN24
Change Net Name : Old Net Name=TS_IN24_U_AHK50H-ND_THERM_CONNECTOR2 New Net Name=U_AHK50H-ND_THERM_CONNECTOR2_TS_IN24
Change Net Name : Old Net Name=TS_IN24_U_AHK50H-ND_THERM_CONNECTOR3 New Net Name=U_AHK50H-ND_THERM_CONNECTOR3_TS_IN24
Change Net Name : Old Net Name=TS_IN24_U_AHK50H-ND_THERM_CONNECTOR4 New Net Name=U_AHK50H-ND_THERM_CONNECTOR4_TS_IN24
Change Net Name : Old Net Name=TS_IN25_U_AHK50H-ND_THERM_CONNECTOR1 New Net Name=U_AHK50H-ND_THERM_CONNECTOR1_TS_IN25
Change Net Name : Old Net Name=TS_IN25_U_AHK50H-ND_THERM_CONNECTOR2 New Net Name=U_AHK50H-ND_THERM_CONNECTOR2_TS_IN25
Change Net Name : Old Net Name=TS_IN25_U_AHK50H-ND_THERM_CONNECTOR3 New Net Name=U_AHK50H-ND_THERM_CONNECTOR3_TS_IN25
Change Net Name : Old Net Name=TS_IN25_U_AHK50H-ND_THERM_CONNECTOR4 New Net Name=U_AHK50H-ND_THERM_CONNECTOR4_TS_IN25
Change Net Name : Old Net Name=TS_IN26_U_AHK50H-ND_THERM_CONNECTOR1 New Net Name=U_AHK50H-ND_THERM_CONNECTOR1_TS_IN26
Change Net Name : Old Net Name=TS_IN26_U_AHK50H-ND_THERM_CONNECTOR2 New Net Name=U_AHK50H-ND_THERM_CONNECTOR2_TS_IN26
Change Net Name : Old Net Name=TS_IN26_U_AHK50H-ND_THERM_CONNECTOR3 New Net Name=U_AHK50H-ND_THERM_CONNECTOR3_TS_IN26
Change Net Name : Old Net Name=TS_IN26_U_AHK50H-ND_THERM_CONNECTOR4 New Net Name=U_AHK50H-ND_THERM_CONNECTOR4_TS_IN26
Change Net Name : Old Net Name=TS_IN27_U_AHK50H-ND_THERM_CONNECTOR1 New Net Name=U_AHK50H-ND_THERM_CONNECTOR1_TS_IN27
Change Net Name : Old Net Name=TS_IN27_U_AHK50H-ND_THERM_CONNECTOR2 New Net Name=U_AHK50H-ND_THERM_CONNECTOR2_TS_IN27
Change Net Name : Old Net Name=TS_IN27_U_AHK50H-ND_THERM_CONNECTOR3 New Net Name=U_AHK50H-ND_THERM_CONNECTOR3_TS_IN27
Change Net Name : Old Net Name=TS_IN27_U_AHK50H-ND_THERM_CONNECTOR4 New Net Name=U_AHK50H-ND_THERM_CONNECTOR4_TS_IN27
Change Net Name : Old Net Name=TS_IN28_U_AHK50H-ND_THERM_CONNECTOR1 New Net Name=U_AHK50H-ND_THERM_CONNECTOR1_TS_IN28
Change Net Name : Old Net Name=TS_IN28_U_AHK50H-ND_THERM_CONNECTOR2 New Net Name=U_AHK50H-ND_THERM_CONNECTOR2_TS_IN28
Change Net Name : Old Net Name=TS_IN28_U_AHK50H-ND_THERM_CONNECTOR3 New Net Name=U_AHK50H-ND_THERM_CONNECTOR3_TS_IN28
Change Net Name : Old Net Name=TS_IN28_U_AHK50H-ND_THERM_CONNECTOR4 New Net Name=U_AHK50H-ND_THERM_CONNECTOR4_TS_IN28
Change Net Name : Old Net Name=TS_IN29_U_AHK50H-ND_THERM_CONNECTOR1 New Net Name=U_AHK50H-ND_THERM_CONNECTOR1_TS_IN29
Change Net Name : Old Net Name=TS_IN29_U_AHK50H-ND_THERM_CONNECTOR2 New Net Name=U_AHK50H-ND_THERM_CONNECTOR2_TS_IN29
Change Net Name : Old Net Name=TS_IN29_U_AHK50H-ND_THERM_CONNECTOR3 New Net Name=U_AHK50H-ND_THERM_CONNECTOR3_TS_IN29
Change Net Name : Old Net Name=TS_IN29_U_AHK50H-ND_THERM_CONNECTOR4 New Net Name=U_AHK50H-ND_THERM_CONNECTOR4_TS_IN29
Change Net Name : Old Net Name=TS_IN30_U_AHK50H-ND_THERM_CONNECTOR1 New Net Name=U_AHK50H-ND_THERM_CONNECTOR1_TS_IN30
Change Net Name : Old Net Name=TS_IN30_U_AHK50H-ND_THERM_CONNECTOR2 New Net Name=U_AHK50H-ND_THERM_CONNECTOR2_TS_IN30
Change Net Name : Old Net Name=TS_IN30_U_AHK50H-ND_THERM_CONNECTOR3 New Net Name=U_AHK50H-ND_THERM_CONNECTOR3_TS_IN30
Change Net Name : Old Net Name=TS_IN30_U_AHK50H-ND_THERM_CONNECTOR4 New Net Name=U_AHK50H-ND_THERM_CONNECTOR4_TS_IN30
Change Net Name : Old Net Name=TS_IN31_U_AHK50H-ND_THERM_CONNECTOR1 New Net Name=U_AHK50H-ND_THERM_CONNECTOR1_TS_IN31
Change Net Name : Old Net Name=TS_IN31_U_AHK50H-ND_THERM_CONNECTOR2 New Net Name=U_AHK50H-ND_THERM_CONNECTOR2_TS_IN31
Change Net Name : Old Net Name=TS_IN31_U_AHK50H-ND_THERM_CONNECTOR3 New Net Name=U_AHK50H-ND_THERM_CONNECTOR3_TS_IN31
Change Net Name : Old Net Name=TS_IN31_U_AHK50H-ND_THERM_CONNECTOR4 New Net Name=U_AHK50H-ND_THERM_CONNECTOR4_TS_IN31
Change Net Name : Old Net Name=TS_IN32_U_AHK50H-ND_THERM_CONNECTOR1 New Net Name=U_AHK50H-ND_THERM_CONNECTOR1_TS_IN32
Change Net Name : Old Net Name=TS_IN32_U_AHK50H-ND_THERM_CONNECTOR2 New Net Name=U_AHK50H-ND_THERM_CONNECTOR2_TS_IN32
Change Net Name : Old Net Name=TS_IN32_U_AHK50H-ND_THERM_CONNECTOR3 New Net Name=U_AHK50H-ND_THERM_CONNECTOR3_TS_IN32
Change Net Name : Old Net Name=TS_IN32_U_AHK50H-ND_THERM_CONNECTOR4 New Net Name=U_AHK50H-ND_THERM_CONNECTOR4_TS_IN32
Change Net Name : Old Net Name=TS_IN33_U_AHK50H-ND_THERM_CONNECTOR1 New Net Name=U_AHK50H-ND_THERM_CONNECTOR1_TS_IN33
Change Net Name : Old Net Name=TS_IN33_U_AHK50H-ND_THERM_CONNECTOR2 New Net Name=U_AHK50H-ND_THERM_CONNECTOR2_TS_IN33
Change Net Name : Old Net Name=TS_IN33_U_AHK50H-ND_THERM_CONNECTOR3 New Net Name=U_AHK50H-ND_THERM_CONNECTOR3_TS_IN33
Change Net Name : Old Net Name=TS_IN33_U_AHK50H-ND_THERM_CONNECTOR4 New Net Name=U_AHK50H-ND_THERM_CONNECTOR4_TS_IN33
Change Net Name : Old Net Name=TS_IN34_U_AHK50H-ND_THERM_CONNECTOR1 New Net Name=U_AHK50H-ND_THERM_CONNECTOR1_TS_IN34
Change Net Name : Old Net Name=TS_IN34_U_AHK50H-ND_THERM_CONNECTOR2 New Net Name=U_AHK50H-ND_THERM_CONNECTOR2_TS_IN34
Change Net Name : Old Net Name=TS_IN34_U_AHK50H-ND_THERM_CONNECTOR3 New Net Name=U_AHK50H-ND_THERM_CONNECTOR3_TS_IN34
Change Net Name : Old Net Name=TS_IN34_U_AHK50H-ND_THERM_CONNECTOR4 New Net Name=U_AHK50H-ND_THERM_CONNECTOR4_TS_IN34
Change Net Name : Old Net Name=TS_IN35_U_AHK50H-ND_THERM_CONNECTOR1 New Net Name=U_AHK50H-ND_THERM_CONNECTOR1_TS_IN35
Change Net Name : Old Net Name=TS_IN35_U_AHK50H-ND_THERM_CONNECTOR2 New Net Name=U_AHK50H-ND_THERM_CONNECTOR2_TS_IN35
Change Net Name : Old Net Name=TS_IN35_U_AHK50H-ND_THERM_CONNECTOR3 New Net Name=U_AHK50H-ND_THERM_CONNECTOR3_TS_IN35
Change Net Name : Old Net Name=TS_IN35_U_AHK50H-ND_THERM_CONNECTOR4 New Net Name=U_AHK50H-ND_THERM_CONNECTOR4_TS_IN35
Change Net Name : Old Net Name=TS_IN36_U_AHK50H-ND_THERM_CONNECTOR1 New Net Name=U_AHK50H-ND_THERM_CONNECTOR1_TS_IN36
Change Net Name : Old Net Name=TS_IN36_U_AHK50H-ND_THERM_CONNECTOR2 New Net Name=U_AHK50H-ND_THERM_CONNECTOR2_TS_IN36
Change Net Name : Old Net Name=TS_IN36_U_AHK50H-ND_THERM_CONNECTOR3 New Net Name=U_AHK50H-ND_THERM_CONNECTOR3_TS_IN36
Change Net Name : Old Net Name=TS_IN36_U_AHK50H-ND_THERM_CONNECTOR4 New Net Name=U_AHK50H-ND_THERM_CONNECTOR4_TS_IN36
Change Net Name : Old Net Name=TS_IN37_U_AHK50H-ND_THERM_CONNECTOR1 New Net Name=U_AHK50H-ND_THERM_CONNECTOR1_TS_IN37
Change Net Name : Old Net Name=TS_IN37_U_AHK50H-ND_THERM_CONNECTOR2 New Net Name=U_AHK50H-ND_THERM_CONNECTOR2_TS_IN37
Change Net Name : Old Net Name=TS_IN37_U_AHK50H-ND_THERM_CONNECTOR3 New Net Name=U_AHK50H-ND_THERM_CONNECTOR3_TS_IN37
Change Net Name : Old Net Name=TS_IN37_U_AHK50H-ND_THERM_CONNECTOR4 New Net Name=U_AHK50H-ND_THERM_CONNECTOR4_TS_IN37
Change Net Name : Old Net Name=TS_IN38_U_AHK50H-ND_THERM_CONNECTOR1 New Net Name=U_AHK50H-ND_THERM_CONNECTOR1_TS_IN38
Change Net Name : Old Net Name=TS_IN38_U_AHK50H-ND_THERM_CONNECTOR2 New Net Name=U_AHK50H-ND_THERM_CONNECTOR2_TS_IN38
Change Net Name : Old Net Name=TS_IN38_U_AHK50H-ND_THERM_CONNECTOR3 New Net Name=U_AHK50H-ND_THERM_CONNECTOR3_TS_IN38
Change Net Name : Old Net Name=TS_IN38_U_AHK50H-ND_THERM_CONNECTOR4 New Net Name=U_AHK50H-ND_THERM_CONNECTOR4_TS_IN38
Change Net Name : Old Net Name=TS_IN39_U_AHK50H-ND_THERM_CONNECTOR1 New Net Name=U_AHK50H-ND_THERM_CONNECTOR1_TS_IN39
Change Net Name : Old Net Name=TS_IN39_U_AHK50H-ND_THERM_CONNECTOR2 New Net Name=U_AHK50H-ND_THERM_CONNECTOR2_TS_IN39
Change Net Name : Old Net Name=TS_IN39_U_AHK50H-ND_THERM_CONNECTOR3 New Net Name=U_AHK50H-ND_THERM_CONNECTOR3_TS_IN39
Change Net Name : Old Net Name=TS_IN39_U_AHK50H-ND_THERM_CONNECTOR4 New Net Name=U_AHK50H-ND_THERM_CONNECTOR4_TS_IN39
Change Net Name : Old Net Name=TS_IN40_U_AHK50H-ND_THERM_CONNECTOR1 New Net Name=U_AHK50H-ND_THERM_CONNECTOR1_TS_IN40
Change Net Name : Old Net Name=TS_IN40_U_AHK50H-ND_THERM_CONNECTOR2 New Net Name=U_AHK50H-ND_THERM_CONNECTOR2_TS_IN40
Change Net Name : Old Net Name=TS_IN40_U_AHK50H-ND_THERM_CONNECTOR3 New Net Name=U_AHK50H-ND_THERM_CONNECTOR3_TS_IN40
Change Net Name : Old Net Name=TS_IN40_U_AHK50H-ND_THERM_CONNECTOR4 New Net Name=U_AHK50H-ND_THERM_CONNECTOR4_TS_IN40
Change Net Name : Old Net Name=TS_IN41_U_AHK50H-ND_THERM_CONNECTOR1 New Net Name=U_AHK50H-ND_THERM_CONNECTOR1_TS_IN41
Change Net Name : Old Net Name=TS_IN41_U_AHK50H-ND_THERM_CONNECTOR2 New Net Name=U_AHK50H-ND_THERM_CONNECTOR2_TS_IN41
Change Net Name : Old Net Name=TS_IN41_U_AHK50H-ND_THERM_CONNECTOR3 New Net Name=U_AHK50H-ND_THERM_CONNECTOR3_TS_IN41
Change Net Name : Old Net Name=TS_IN41_U_AHK50H-ND_THERM_CONNECTOR4 New Net Name=U_AHK50H-ND_THERM_CONNECTOR4_TS_IN41
Change Net Name : Old Net Name=TS_IN42_U_AHK50H-ND_THERM_CONNECTOR1 New Net Name=U_AHK50H-ND_THERM_CONNECTOR1_TS_IN42
Change Net Name : Old Net Name=TS_IN42_U_AHK50H-ND_THERM_CONNECTOR2 New Net Name=U_AHK50H-ND_THERM_CONNECTOR2_TS_IN42
Change Net Name : Old Net Name=TS_IN42_U_AHK50H-ND_THERM_CONNECTOR3 New Net Name=U_AHK50H-ND_THERM_CONNECTOR3_TS_IN42
Change Net Name : Old Net Name=TS_IN42_U_AHK50H-ND_THERM_CONNECTOR4 New Net Name=U_AHK50H-ND_THERM_CONNECTOR4_TS_IN42
Change Net Name : Old Net Name=TS_IN43_U_AHK50H-ND_THERM_CONNECTOR1 New Net Name=U_AHK50H-ND_THERM_CONNECTOR1_TS_IN43
Change Net Name : Old Net Name=TS_IN43_U_AHK50H-ND_THERM_CONNECTOR2 New Net Name=U_AHK50H-ND_THERM_CONNECTOR2_TS_IN43
Change Net Name : Old Net Name=TS_IN43_U_AHK50H-ND_THERM_CONNECTOR3 New Net Name=U_AHK50H-ND_THERM_CONNECTOR3_TS_IN43
Change Net Name : Old Net Name=TS_IN43_U_AHK50H-ND_THERM_CONNECTOR4 New Net Name=U_AHK50H-ND_THERM_CONNECTOR4_TS_IN43
Change Net Name : Old Net Name=TS_IN44_U_AHK50H-ND_THERM_CONNECTOR1 New Net Name=U_AHK50H-ND_THERM_CONNECTOR1_TS_IN44
Change Net Name : Old Net Name=TS_IN44_U_AHK50H-ND_THERM_CONNECTOR2 New Net Name=U_AHK50H-ND_THERM_CONNECTOR2_TS_IN44
Change Net Name : Old Net Name=TS_IN44_U_AHK50H-ND_THERM_CONNECTOR3 New Net Name=U_AHK50H-ND_THERM_CONNECTOR3_TS_IN44
Change Net Name : Old Net Name=TS_IN44_U_AHK50H-ND_THERM_CONNECTOR4 New Net Name=U_AHK50H-ND_THERM_CONNECTOR4_TS_IN44
Change Net Name : Old Net Name=TS_IN45_U_AHK50H-ND_THERM_CONNECTOR1 New Net Name=U_AHK50H-ND_THERM_CONNECTOR1_TS_IN45
Change Net Name : Old Net Name=TS_IN45_U_AHK50H-ND_THERM_CONNECTOR2 New Net Name=U_AHK50H-ND_THERM_CONNECTOR2_TS_IN45
Change Net Name : Old Net Name=TS_IN45_U_AHK50H-ND_THERM_CONNECTOR3 New Net Name=U_AHK50H-ND_THERM_CONNECTOR3_TS_IN45
Change Net Name : Old Net Name=TS_IN45_U_AHK50H-ND_THERM_CONNECTOR4 New Net Name=U_AHK50H-ND_THERM_CONNECTOR4_TS_IN45
Change Net Name : Old Net Name=TS_IN46_U_AHK50H-ND_THERM_CONNECTOR1 New Net Name=U_AHK50H-ND_THERM_CONNECTOR1_TS_IN46
Change Net Name : Old Net Name=TS_IN46_U_AHK50H-ND_THERM_CONNECTOR2 New Net Name=U_AHK50H-ND_THERM_CONNECTOR2_TS_IN46
Change Net Name : Old Net Name=TS_IN46_U_AHK50H-ND_THERM_CONNECTOR3 New Net Name=U_AHK50H-ND_THERM_CONNECTOR3_TS_IN46
Change Net Name : Old Net Name=TS_IN46_U_AHK50H-ND_THERM_CONNECTOR4 New Net Name=U_AHK50H-ND_THERM_CONNECTOR4_TS_IN46
Change Net Name : Old Net Name=TS_IN47_U_AHK50H-ND_THERM_CONNECTOR1 New Net Name=U_AHK50H-ND_THERM_CONNECTOR1_TS_IN47
Change Net Name : Old Net Name=TS_IN47_U_AHK50H-ND_THERM_CONNECTOR2 New Net Name=U_AHK50H-ND_THERM_CONNECTOR2_TS_IN47
Change Net Name : Old Net Name=TS_IN47_U_AHK50H-ND_THERM_CONNECTOR3 New Net Name=U_AHK50H-ND_THERM_CONNECTOR3_TS_IN47
Change Net Name : Old Net Name=TS_IN47_U_AHK50H-ND_THERM_CONNECTOR4 New Net Name=U_AHK50H-ND_THERM_CONNECTOR4_TS_IN47
Change Net Name : Old Net Name=TS_IN48_U_AHK50H-ND_THERM_CONNECTOR1 New Net Name=U_AHK50H-ND_THERM_CONNECTOR1_TS_IN48
Change Net Name : Old Net Name=TS_IN48_U_AHK50H-ND_THERM_CONNECTOR2 New Net Name=U_AHK50H-ND_THERM_CONNECTOR2_TS_IN48
Change Net Name : Old Net Name=TS_IN48_U_AHK50H-ND_THERM_CONNECTOR3 New Net Name=U_AHK50H-ND_THERM_CONNECTOR3_TS_IN48
Change Net Name : Old Net Name=TS_IN48_U_AHK50H-ND_THERM_CONNECTOR4 New Net Name=U_AHK50H-ND_THERM_CONNECTOR4_TS_IN48
Added Member To Class: ClassName=U_Single_Mux1 Member=Component U_Single_Mux1_P2 (P2) Molex_4Pin
Added Member To Class: ClassName=U_Single_Mux1 Member=Component U_Single_Mux1_P3 (P3) Molex_4Pin
Added Member To Class: ClassName=U_Single_Mux2 Member=Component U_Single_Mux2_P2 (P2) Molex_4Pin
Added Member To Class: ClassName=U_Single_Mux2 Member=Component U_Single_Mux2_P3 (P3) Molex_4Pin
Added Member To Class: ClassName=U_Single_Mux3 Member=Component U_Single_Mux3_P2 (P2) Molex_4Pin
Added Member To Class: ClassName=U_Single_Mux3 Member=Component U_Single_Mux3_P3 (P3) Molex_4Pin
Added Member To Class: ClassName=U_Single_Mux4 Member=Component U_Single_Mux4_P2 (P2) Molex_4Pin
Added Member To Class: ClassName=U_Single_Mux4 Member=Component U_Single_Mux4_P3 (P3) Molex_4Pin
