Removed Pin From Net: NetName=GND Pin=C1-1
Removed Pin From Net: NetName=ADC_OUTA2 Pin=C1-2
Removed Pin From Net: NetName=GND Pin=C2-1
Removed Pin From Net: NetName=ADC_OUTA2 Pin=C2-2
Removed Pin From Net: NetName=GND Pin=C3-2
Removed Pin From Net: NetName=GND Pin=C4-1
Removed Pin From Net: NetName=ADC_OUTA2 Pin=C5_1-2
Removed Pin From Net: NetName=ADC_OUTA2 Pin=C6_1-2
Removed Pin From Net: NetName=ADC_OUTA2 Pin=C7_1-2
Removed Pin From Net: NetName=ADC_OUTA2 Pin=C8_1-2
Removed Pin From Net: NetName=ADC_OUTA2 Pin=C9_1-2
Removed Pin From Net: NetName=ADC_OUTA2 Pin=C10_1-2
Removed Pin From Net: NetName=ADC_OUTA2 Pin=P1-1
Removed Pin From Net: NetName=GND Pin=P1-2
Removed Pin From Net: NetName=ADC_OUTA2 Pin=R1_1-2
Removed Pin From Net: NetName=ADC_OUTA2 Pin=R2_1-2
Removed Pin From Net: NetName=ADC_OUTA2 Pin=R3_1-2
Removed Pin From Net: NetName=GND Pin=U1-1
Removed Pin From Net: NetName=ADC_OUTA2 Pin=U1-2
Removed Pin From Net: NetName=GND Pin=U1-4
Removed Pin From Net: NetName=GND Pin=U1-7
Removed Pin From Net: NetName=GND Pin=U1-8
Removed Pin From Net: NetName=GND Pin=U2-4
Removed Pin From Net: NetName=ADC_OUTA2 Pin=U2-5
Removed Pin From Net: NetName=ADC_OUTA2 Pin=U2-6
Removed Pin From Net: NetName=GND Pin=U2-8
Removed Pin From Net: NetName=ADC_OUTA2 Pin=U2-12
Removed Pin From Net: NetName=ADC_OUTA2 Pin=U2-14
Removed Pin From Net: NetName=ADC_OUTA2 Pin=U2-16
Removed Pin From Net: NetName=GND Pin=U2-17
Removed Pin From Net: NetName=ADC_OUTA2 Pin=U2-19
Removed Pin From Net: NetName=GND Pin=U2-20
Removed Pin From Net: NetName=ADC_OUTA2 Pin=U3_1-16
Removed Pin From Net: NetName=ADC_OUTA2 Pin=U4_1-16
Removed Pin From Net: NetName=ADC_OUTA2 Pin=U5_1-16
Added Pin To Net: NetName=+3.3V_AN Pin=C1-2
Added Pin To Net: NetName=+3.3V_AN Pin=C2-2
Added Pin To Net: NetName=+3.3V_AN Pin=P1-1
Added Pin To Net: NetName=+3.3V_AN Pin=U1-2
Added Pin To Net: NetName=+3.3V_AN Pin=U2-5
Added Pin To Net: NetName=+3.3V_AN Pin=U2-6
Added Pin To Net: NetName=+3.3V_AN Pin=U2-19
Added Net: Name=+3.3V_AN
Added Pin To Net: NetName=ADC_OUTA1 Pin=C5_1-2
Added Pin To Net: NetName=ADC_OUTA1 Pin=C6_1-2
Added Pin To Net: NetName=ADC_OUTA1 Pin=C7_1-2
Added Pin To Net: NetName=ADC_OUTA1 Pin=C8_1-2
Added Pin To Net: NetName=ADC_OUTA1 Pin=C9_1-2
Added Pin To Net: NetName=ADC_OUTA1 Pin=C10_1-2
Added Pin To Net: NetName=ADC_OUTA1 Pin=R1_1-2
Added Pin To Net: NetName=ADC_OUTA1 Pin=R2_1-2
Added Pin To Net: NetName=ADC_OUTA1 Pin=R3_1-2
Added Pin To Net: NetName=ADC_OUTA1 Pin=U2-12
Added Pin To Net: NetName=ADC_OUTA1 Pin=U2-14
Added Pin To Net: NetName=ADC_OUTA1 Pin=U2-16
Added Pin To Net: NetName=ADC_OUTA1 Pin=U3_1-16
Added Pin To Net: NetName=ADC_OUTA1 Pin=U4_1-16
Added Pin To Net: NetName=ADC_OUTA1 Pin=U5_1-16
Added Net: Name=ADC_OUTA1
Added Member To Class: ClassName=ADC_OUTA[1..2] Member=Element[1]: ADC_OUTA
