Removed Member From Class: ClassName=U_Single_Mux2 Member=C1
Removed Member From Class: ClassName=U_Single_Mux3 Member=C1
Removed Member From Class: ClassName=U_Single_Mux4 Member=C1
Removed Member From Class: ClassName=U_Single_Mux2 Member=C2
Removed Member From Class: ClassName=U_Single_Mux3 Member=C2
Removed Member From Class: ClassName=U_Single_Mux4 Member=C2
Removed Member From Class: ClassName=U_Single_Mux2 Member=C3
Removed Member From Class: ClassName=U_Single_Mux3 Member=C3
Removed Member From Class: ClassName=U_Single_Mux4 Member=C3
Removed Member From Class: ClassName=U_Single_Mux2 Member=C4
Removed Member From Class: ClassName=U_Single_Mux3 Member=C4
Removed Member From Class: ClassName=U_Single_Mux4 Member=C4
Removed Member From Class: ClassName=U_Single_Mux2 Member=C5
Removed Member From Class: ClassName=U_Single_Mux3 Member=C5
Removed Member From Class: ClassName=U_Single_Mux4 Member=C5
Removed Member From Class: ClassName=U_Single_Mux2 Member=C6
Removed Member From Class: ClassName=U_Single_Mux3 Member=C6
Removed Member From Class: ClassName=U_Single_Mux4 Member=C6
Removed Member From Class: ClassName=U_AHK50H-ND_THERM_CONNECTOR1 Member=P1
Removed Member From Class: ClassName=U_AHK50H-ND_THERM_CONNECTOR2 Member=P1
Removed Member From Class: ClassName=U_AHK50H-ND_THERM_CONNECTOR3 Member=P1
Removed Member From Class: ClassName=U_Single_Mux1 Member=P4
Removed Member From Class: ClassName=U_Single_Mux2 Member=P4
Removed Member From Class: ClassName=U_Single_Mux4 Member=P4
Removed Member From Class: ClassName=U_Single_Mux2 Member=R1
Removed Member From Class: ClassName=U_Single_Mux3 Member=R1
Removed Member From Class: ClassName=U_Single_Mux4 Member=R1
Removed Member From Class: ClassName=U_Single_Mux2 Member=R2
Removed Member From Class: ClassName=U_Single_Mux3 Member=R2
Removed Member From Class: ClassName=U_Single_Mux4 Member=R2
Removed Member From Class: ClassName=U_Single_Mux2 Member=R3
Removed Member From Class: ClassName=U_Single_Mux3 Member=R3
Removed Member From Class: ClassName=U_Single_Mux4 Member=R3
Removed Member From Class: ClassName=U_Single_Mux2 Member=U1
Removed Member From Class: ClassName=U_Single_Mux3 Member=U1
Removed Member From Class: ClassName=U_Single_Mux4 Member=U1
Removed Member From Class: ClassName=U_Single_Mux2 Member=U2
Removed Member From Class: ClassName=U_Single_Mux3 Member=U2
Removed Member From Class: ClassName=U_Single_Mux4 Member=U2
Removed Member From Class: ClassName=U_Single_Mux2 Member=U3
Removed Member From Class: ClassName=U_Single_Mux3 Member=U3
Removed Member From Class: ClassName=U_Single_Mux4 Member=U3
Change Component Designator: OldDesignator=C1 NewDesignator=C1_1
Change Component Designator: OldDesignator=C1 NewDesignator=C1_2
Change Component Designator: OldDesignator=C1 NewDesignator=C1_3
Change Component Designator: OldDesignator=C1 NewDesignator=C1_4
Change Component Designator: OldDesignator=C2 NewDesignator=C2_1
Change Component Designator: OldDesignator=C2 NewDesignator=C2_2
Change Component Designator: OldDesignator=C2 NewDesignator=C2_3
Change Component Designator: OldDesignator=C2 NewDesignator=C2_4
Change Component Designator: OldDesignator=C3 NewDesignator=C3_1
Change Component Designator: OldDesignator=C3 NewDesignator=C3_2
Change Component Designator: OldDesignator=C3 NewDesignator=C3_3
Change Component Designator: OldDesignator=C3 NewDesignator=C3_4
Change Component Designator: OldDesignator=C4 NewDesignator=C4_1
Change Component Designator: OldDesignator=C4 NewDesignator=C4_2
Change Component Designator: OldDesignator=C4 NewDesignator=C4_3
Change Component Designator: OldDesignator=C4 NewDesignator=C4_4
Change Component Designator: OldDesignator=C5 NewDesignator=C5_1
Change Component Designator: OldDesignator=C5 NewDesignator=C5_2
Change Component Designator: OldDesignator=C5 NewDesignator=C5_3
Change Component Designator: OldDesignator=C5 NewDesignator=C5_4
Change Component Designator: OldDesignator=C6 NewDesignator=C6_1
Change Component Designator: OldDesignator=C6 NewDesignator=C6_2
Change Component Designator: OldDesignator=C6 NewDesignator=C6_3
Change Component Designator: OldDesignator=C6 NewDesignator=C6_4
Change Component Designator: OldDesignator=P1 NewDesignator=P1_1
Change Component Designator: OldDesignator=P1 NewDesignator=P1_2
Change Component Designator: OldDesignator=P1 NewDesignator=P1_3
Change Component Designator: OldDesignator=P1 NewDesignator=P1_4
Change Component Designator: OldDesignator=P4 NewDesignator=P4_1
Change Component Designator: OldDesignator=P4 NewDesignator=P4_2
Change Component Designator: OldDesignator=P4 NewDesignator=P4_3
Change Component Designator: OldDesignator=P4 NewDesignator=P4_4
Change Component Designator: OldDesignator=R1 NewDesignator=R1_1
Change Component Designator: OldDesignator=R1 NewDesignator=R1_2
Change Component Designator: OldDesignator=R1 NewDesignator=R1_3
Change Component Designator: OldDesignator=R1 NewDesignator=R1_4
Change Component Designator: OldDesignator=R2 NewDesignator=R2_1
Change Component Designator: OldDesignator=R2 NewDesignator=R2_2
Change Component Designator: OldDesignator=R2 NewDesignator=R2_3
Change Component Designator: OldDesignator=R2 NewDesignator=R2_4
Change Component Designator: OldDesignator=R3 NewDesignator=R3_1
Change Component Designator: OldDesignator=R3 NewDesignator=R3_2
Change Component Designator: OldDesignator=R3 NewDesignator=R3_3
Change Component Designator: OldDesignator=R3 NewDesignator=R3_4
Change Component Designator: OldDesignator=U1 NewDesignator=U1_1
Change Component Designator: OldDesignator=U1 NewDesignator=U1_2
Change Component Designator: OldDesignator=U1 NewDesignator=U1_3
Change Component Designator: OldDesignator=U1 NewDesignator=U1_4
Change Component Designator: OldDesignator=U2 NewDesignator=U2_1
Change Component Designator: OldDesignator=U2 NewDesignator=U2_2
Change Component Designator: OldDesignator=U2 NewDesignator=U2_3
Change Component Designator: OldDesignator=U2 NewDesignator=U2_4
Change Component Designator: OldDesignator=U3 NewDesignator=U3_1
Change Component Designator: OldDesignator=U3 NewDesignator=U3_2
Change Component Designator: OldDesignator=U3 NewDesignator=U3_3
Change Component Designator: OldDesignator=U3 NewDesignator=U3_4
Added Component: Designator=P2_1(MUX_SEL_CON)
Add component. Clean all parameters for all variants
Add component (AddParameter): Name = "Supplier 1"; Value = "Digi-Key"; VariantName = "[No Variations]"
Add component (AddParameter): Name = "Supplier Part Number 1"; Value = "WM13967-ND"; VariantName = "[No Variations]"
Added Component: Designator=P2_2(MUX_SEL_CON)
Add component. Clean all parameters for all variants
Add component (AddParameter): Name = "Supplier 1"; Value = "Digi-Key"; VariantName = "[No Variations]"
Add component (AddParameter): Name = "Supplier Part Number 1"; Value = "WM13967-ND"; VariantName = "[No Variations]"
Added Component: Designator=P2_3(MUX_SEL_CON)
Add component. Clean all parameters for all variants
Add component (AddParameter): Name = "Supplier 1"; Value = "Digi-Key"; VariantName = "[No Variations]"
Add component (AddParameter): Name = "Supplier Part Number 1"; Value = "WM13967-ND"; VariantName = "[No Variations]"
Added Component: Designator=P2_4(MUX_SEL_CON)
Add component. Clean all parameters for all variants
Add component (AddParameter): Name = "Supplier 1"; Value = "Digi-Key"; VariantName = "[No Variations]"
Add component (AddParameter): Name = "Supplier Part Number 1"; Value = "WM13967-ND"; VariantName = "[No Variations]"
Added Component: Designator=P3_1(MUX_SEL_CON)
Add component. Clean all parameters for all variants
Add component (AddParameter): Name = "Supplier 1"; Value = "Digi-Key"; VariantName = "[No Variations]"
Add component (AddParameter): Name = "Supplier Part Number 1"; Value = "WM13967-ND"; VariantName = "[No Variations]"
Added Component: Designator=P3_2(MUX_SEL_CON)
Add component. Clean all parameters for all variants
Add component (AddParameter): Name = "Supplier 1"; Value = "Digi-Key"; VariantName = "[No Variations]"
Add component (AddParameter): Name = "Supplier Part Number 1"; Value = "WM13967-ND"; VariantName = "[No Variations]"
Added Component: Designator=P3_3(MUX_SEL_CON)
Add component. Clean all parameters for all variants
Add component (AddParameter): Name = "Supplier 1"; Value = "Digi-Key"; VariantName = "[No Variations]"
Add component (AddParameter): Name = "Supplier Part Number 1"; Value = "WM13967-ND"; VariantName = "[No Variations]"
Added Component: Designator=P3_4(MUX_SEL_CON)
Add component. Clean all parameters for all variants
Add component (AddParameter): Name = "Supplier 1"; Value = "Digi-Key"; VariantName = "[No Variations]"
Add component (AddParameter): Name = "Supplier Part Number 1"; Value = "WM13967-ND"; VariantName = "[No Variations]"
Added Pin To Net: NetName=S0 Pin=P2_1-1
Added Pin To Net: NetName=S1 Pin=P2_1-2
Added Pin To Net: NetName=S3 Pin=P2_1-3
Added Pin To Net: NetName=S2 Pin=P2_1-4
Added Pin To Net: NetName=S0 Pin=P2_2-1
Added Pin To Net: NetName=S1 Pin=P2_2-2
Added Pin To Net: NetName=S3 Pin=P2_2-3
Added Pin To Net: NetName=S2 Pin=P2_2-4
Added Pin To Net: NetName=S0 Pin=P2_3-1
Added Pin To Net: NetName=S1 Pin=P2_3-2
Added Pin To Net: NetName=S3 Pin=P2_3-3
Added Pin To Net: NetName=S2 Pin=P2_3-4
Added Pin To Net: NetName=S0 Pin=P2_4-1
Added Pin To Net: NetName=S1 Pin=P2_4-2
Added Pin To Net: NetName=S3 Pin=P2_4-3
Added Pin To Net: NetName=S2 Pin=P2_4-4
Added Pin To Net: NetName=S0 Pin=P3_1-1
Added Pin To Net: NetName=S1 Pin=P3_1-2
Added Pin To Net: NetName=S3 Pin=P3_1-3
Added Pin To Net: NetName=S2 Pin=P3_1-4
Added Pin To Net: NetName=S0 Pin=P3_2-1
Added Pin To Net: NetName=S1 Pin=P3_2-2
Added Pin To Net: NetName=S3 Pin=P3_2-3
Added Pin To Net: NetName=S2 Pin=P3_2-4
Added Pin To Net: NetName=S0 Pin=P3_3-1
Added Pin To Net: NetName=S1 Pin=P3_3-2
Added Pin To Net: NetName=S3 Pin=P3_3-3
Added Pin To Net: NetName=S2 Pin=P3_3-4
Added Pin To Net: NetName=S0 Pin=P3_4-1
Added Pin To Net: NetName=S1 Pin=P3_4-2
Added Pin To Net: NetName=S3 Pin=P3_4-3
Added Pin To Net: NetName=S2 Pin=P3_4-4
Change Net Name : Old Net Name=S0 New Net Name=S0_1
Change Net Name : Old Net Name=S0 New Net Name=S0_2
Change Net Name : Old Net Name=S0 New Net Name=S0_3
Change Net Name : Old Net Name=S0 New Net Name=S0_4
Change Net Name : Old Net Name=S1 New Net Name=S1_1
Change Net Name : Old Net Name=S1 New Net Name=S1_2
Change Net Name : Old Net Name=S1 New Net Name=S1_3
Change Net Name : Old Net Name=S1 New Net Name=S1_4
Change Net Name : Old Net Name=S2 New Net Name=S2_1
Change Net Name : Old Net Name=S2 New Net Name=S2_2
Change Net Name : Old Net Name=S2 New Net Name=S2_3
Change Net Name : Old Net Name=S2 New Net Name=S2_4
Change Net Name : Old Net Name=S3 New Net Name=S3_1
Change Net Name : Old Net Name=S3 New Net Name=S3_2
Change Net Name : Old Net Name=S3 New Net Name=S3_3
Change Net Name : Old Net Name=S3 New Net Name=S3_4
Change Net Name : Old Net Name=TS_IN1 New Net Name=TS_IN1_1
Change Net Name : Old Net Name=TS_IN1 New Net Name=TS_IN1_2
Change Net Name : Old Net Name=TS_IN1 New Net Name=TS_IN1_3
Change Net Name : Old Net Name=TS_IN1 New Net Name=TS_IN1_4
Change Net Name : Old Net Name=TS_IN2 New Net Name=TS_IN2_1
Change Net Name : Old Net Name=TS_IN2 New Net Name=TS_IN2_2
Change Net Name : Old Net Name=TS_IN2 New Net Name=TS_IN2_3
Change Net Name : Old Net Name=TS_IN2 New Net Name=TS_IN2_4
Change Net Name : Old Net Name=TS_IN3 New Net Name=TS_IN3_1
Change Net Name : Old Net Name=TS_IN3 New Net Name=TS_IN3_2
Change Net Name : Old Net Name=TS_IN3 New Net Name=TS_IN3_3
Change Net Name : Old Net Name=TS_IN3 New Net Name=TS_IN3_4
Change Net Name : Old Net Name=TS_IN4 New Net Name=TS_IN4_1
Change Net Name : Old Net Name=TS_IN4 New Net Name=TS_IN4_2
Change Net Name : Old Net Name=TS_IN4 New Net Name=TS_IN4_3
Change Net Name : Old Net Name=TS_IN4 New Net Name=TS_IN4_4
Change Net Name : Old Net Name=TS_IN5 New Net Name=TS_IN5_1
Change Net Name : Old Net Name=TS_IN5 New Net Name=TS_IN5_2
Change Net Name : Old Net Name=TS_IN5 New Net Name=TS_IN5_3
Change Net Name : Old Net Name=TS_IN5 New Net Name=TS_IN5_4
Change Net Name : Old Net Name=TS_IN6 New Net Name=TS_IN6_1
Change Net Name : Old Net Name=TS_IN6 New Net Name=TS_IN6_2
Change Net Name : Old Net Name=TS_IN6 New Net Name=TS_IN6_3
Change Net Name : Old Net Name=TS_IN6 New Net Name=TS_IN6_4
Change Net Name : Old Net Name=TS_IN7 New Net Name=TS_IN7_1
Change Net Name : Old Net Name=TS_IN7 New Net Name=TS_IN7_2
Change Net Name : Old Net Name=TS_IN7 New Net Name=TS_IN7_3
Change Net Name : Old Net Name=TS_IN7 New Net Name=TS_IN7_4
Change Net Name : Old Net Name=TS_IN8 New Net Name=TS_IN8_1
Change Net Name : Old Net Name=TS_IN8 New Net Name=TS_IN8_2
Change Net Name : Old Net Name=TS_IN8 New Net Name=TS_IN8_3
Change Net Name : Old Net Name=TS_IN8 New Net Name=TS_IN8_4
Change Net Name : Old Net Name=TS_IN9 New Net Name=TS_IN9_1
Change Net Name : Old Net Name=TS_IN9 New Net Name=TS_IN9_2
Change Net Name : Old Net Name=TS_IN9 New Net Name=TS_IN9_3
Change Net Name : Old Net Name=TS_IN9 New Net Name=TS_IN9_4
Change Net Name : Old Net Name=TS_IN10 New Net Name=TS_IN10_1
Change Net Name : Old Net Name=TS_IN10 New Net Name=TS_IN10_2
Change Net Name : Old Net Name=TS_IN10 New Net Name=TS_IN10_3
Change Net Name : Old Net Name=TS_IN10 New Net Name=TS_IN10_4
Change Net Name : Old Net Name=TS_IN11 New Net Name=TS_IN11_1
Change Net Name : Old Net Name=TS_IN11 New Net Name=TS_IN11_2
Change Net Name : Old Net Name=TS_IN11 New Net Name=TS_IN11_3
Change Net Name : Old Net Name=TS_IN11 New Net Name=TS_IN11_4
Change Net Name : Old Net Name=TS_IN12 New Net Name=TS_IN12_1
Change Net Name : Old Net Name=TS_IN12 New Net Name=TS_IN12_2
Change Net Name : Old Net Name=TS_IN12 New Net Name=TS_IN12_3
Change Net Name : Old Net Name=TS_IN12 New Net Name=TS_IN12_4
Change Net Name : Old Net Name=TS_IN13 New Net Name=TS_IN13_1
Change Net Name : Old Net Name=TS_IN13 New Net Name=TS_IN13_2
Change Net Name : Old Net Name=TS_IN13 New Net Name=TS_IN13_3
Change Net Name : Old Net Name=TS_IN13 New Net Name=TS_IN13_4
Change Net Name : Old Net Name=TS_IN14 New Net Name=TS_IN14_1
Change Net Name : Old Net Name=TS_IN14 New Net Name=TS_IN14_2
Change Net Name : Old Net Name=TS_IN14 New Net Name=TS_IN14_3
Change Net Name : Old Net Name=TS_IN14 New Net Name=TS_IN14_4
Change Net Name : Old Net Name=TS_IN15 New Net Name=TS_IN15_1
Change Net Name : Old Net Name=TS_IN15 New Net Name=TS_IN15_2
Change Net Name : Old Net Name=TS_IN15 New Net Name=TS_IN15_3
Change Net Name : Old Net Name=TS_IN15 New Net Name=TS_IN15_4
Change Net Name : Old Net Name=TS_IN16 New Net Name=TS_IN16_1
Change Net Name : Old Net Name=TS_IN16 New Net Name=TS_IN16_2
Change Net Name : Old Net Name=TS_IN16 New Net Name=TS_IN16_3
Change Net Name : Old Net Name=TS_IN16 New Net Name=TS_IN16_4
Change Net Name : Old Net Name=TS_IN17 New Net Name=TS_IN17_1
Change Net Name : Old Net Name=TS_IN17 New Net Name=TS_IN17_2
Change Net Name : Old Net Name=TS_IN17 New Net Name=TS_IN17_3
Change Net Name : Old Net Name=TS_IN17 New Net Name=TS_IN17_4
Change Net Name : Old Net Name=TS_IN18 New Net Name=TS_IN18_1
Change Net Name : Old Net Name=TS_IN18 New Net Name=TS_IN18_2
Change Net Name : Old Net Name=TS_IN18 New Net Name=TS_IN18_3
Change Net Name : Old Net Name=TS_IN18 New Net Name=TS_IN18_4
Change Net Name : Old Net Name=TS_IN19 New Net Name=TS_IN19_1
Change Net Name : Old Net Name=TS_IN19 New Net Name=TS_IN19_2
Change Net Name : Old Net Name=TS_IN19 New Net Name=TS_IN19_3
Change Net Name : Old Net Name=TS_IN19 New Net Name=TS_IN19_4
Change Net Name : Old Net Name=TS_IN20 New Net Name=TS_IN20_1
Change Net Name : Old Net Name=TS_IN20 New Net Name=TS_IN20_2
Change Net Name : Old Net Name=TS_IN20 New Net Name=TS_IN20_3
Change Net Name : Old Net Name=TS_IN20 New Net Name=TS_IN20_4
Change Net Name : Old Net Name=TS_IN21 New Net Name=TS_IN21_1
Change Net Name : Old Net Name=TS_IN21 New Net Name=TS_IN21_2
Change Net Name : Old Net Name=TS_IN21 New Net Name=TS_IN21_3
Change Net Name : Old Net Name=TS_IN21 New Net Name=TS_IN21_4
Change Net Name : Old Net Name=TS_IN22 New Net Name=TS_IN22_1
Change Net Name : Old Net Name=TS_IN22 New Net Name=TS_IN22_2
Change Net Name : Old Net Name=TS_IN22 New Net Name=TS_IN22_3
Change Net Name : Old Net Name=TS_IN22 New Net Name=TS_IN22_4
Change Net Name : Old Net Name=TS_IN23 New Net Name=TS_IN23_1
Change Net Name : Old Net Name=TS_IN23 New Net Name=TS_IN23_2
Change Net Name : Old Net Name=TS_IN23 New Net Name=TS_IN23_3
Change Net Name : Old Net Name=TS_IN23 New Net Name=TS_IN23_4
Change Net Name : Old Net Name=TS_IN24 New Net Name=TS_IN24_1
Change Net Name : Old Net Name=TS_IN24 New Net Name=TS_IN24_2
Change Net Name : Old Net Name=TS_IN24 New Net Name=TS_IN24_3
Change Net Name : Old Net Name=TS_IN24 New Net Name=TS_IN24_4
Change Net Name : Old Net Name=TS_IN25 New Net Name=TS_IN25_1
Change Net Name : Old Net Name=TS_IN25 New Net Name=TS_IN25_2
Change Net Name : Old Net Name=TS_IN25 New Net Name=TS_IN25_3
Change Net Name : Old Net Name=TS_IN25 New Net Name=TS_IN25_4
Change Net Name : Old Net Name=TS_IN26 New Net Name=TS_IN26_1
Change Net Name : Old Net Name=TS_IN26 New Net Name=TS_IN26_2
Change Net Name : Old Net Name=TS_IN26 New Net Name=TS_IN26_3
Change Net Name : Old Net Name=TS_IN26 New Net Name=TS_IN26_4
Change Net Name : Old Net Name=TS_IN27 New Net Name=TS_IN27_1
Change Net Name : Old Net Name=TS_IN27 New Net Name=TS_IN27_2
Change Net Name : Old Net Name=TS_IN27 New Net Name=TS_IN27_3
Change Net Name : Old Net Name=TS_IN27 New Net Name=TS_IN27_4
Change Net Name : Old Net Name=TS_IN28 New Net Name=TS_IN28_1
Change Net Name : Old Net Name=TS_IN28 New Net Name=TS_IN28_2
Change Net Name : Old Net Name=TS_IN28 New Net Name=TS_IN28_3
Change Net Name : Old Net Name=TS_IN28 New Net Name=TS_IN28_4
Change Net Name : Old Net Name=TS_IN29 New Net Name=TS_IN29_1
Change Net Name : Old Net Name=TS_IN29 New Net Name=TS_IN29_2
Change Net Name : Old Net Name=TS_IN29 New Net Name=TS_IN29_3
Change Net Name : Old Net Name=TS_IN29 New Net Name=TS_IN29_4
Change Net Name : Old Net Name=TS_IN30 New Net Name=TS_IN30_1
Change Net Name : Old Net Name=TS_IN30 New Net Name=TS_IN30_2
Change Net Name : Old Net Name=TS_IN30 New Net Name=TS_IN30_3
Change Net Name : Old Net Name=TS_IN30 New Net Name=TS_IN30_4
Change Net Name : Old Net Name=TS_IN31 New Net Name=TS_IN31_1
Change Net Name : Old Net Name=TS_IN31 New Net Name=TS_IN31_2
Change Net Name : Old Net Name=TS_IN31 New Net Name=TS_IN31_3
Change Net Name : Old Net Name=TS_IN31 New Net Name=TS_IN31_4
Change Net Name : Old Net Name=TS_IN32 New Net Name=TS_IN32_1
Change Net Name : Old Net Name=TS_IN32 New Net Name=TS_IN32_2
Change Net Name : Old Net Name=TS_IN32 New Net Name=TS_IN32_3
Change Net Name : Old Net Name=TS_IN32 New Net Name=TS_IN32_4
Change Net Name : Old Net Name=TS_IN33 New Net Name=TS_IN33_1
Change Net Name : Old Net Name=TS_IN33 New Net Name=TS_IN33_2
Change Net Name : Old Net Name=TS_IN33 New Net Name=TS_IN33_3
Change Net Name : Old Net Name=TS_IN33 New Net Name=TS_IN33_4
Change Net Name : Old Net Name=TS_IN34 New Net Name=TS_IN34_1
Change Net Name : Old Net Name=TS_IN34 New Net Name=TS_IN34_2
Change Net Name : Old Net Name=TS_IN34 New Net Name=TS_IN34_3
Change Net Name : Old Net Name=TS_IN34 New Net Name=TS_IN34_4
Change Net Name : Old Net Name=TS_IN35 New Net Name=TS_IN35_1
Change Net Name : Old Net Name=TS_IN35 New Net Name=TS_IN35_2
Change Net Name : Old Net Name=TS_IN35 New Net Name=TS_IN35_3
Change Net Name : Old Net Name=TS_IN35 New Net Name=TS_IN35_4
Change Net Name : Old Net Name=TS_IN36 New Net Name=TS_IN36_1
Change Net Name : Old Net Name=TS_IN36 New Net Name=TS_IN36_2
Change Net Name : Old Net Name=TS_IN36 New Net Name=TS_IN36_3
Change Net Name : Old Net Name=TS_IN36 New Net Name=TS_IN36_4
Change Net Name : Old Net Name=TS_IN37 New Net Name=TS_IN37_1
Change Net Name : Old Net Name=TS_IN37 New Net Name=TS_IN37_2
Change Net Name : Old Net Name=TS_IN37 New Net Name=TS_IN37_3
Change Net Name : Old Net Name=TS_IN37 New Net Name=TS_IN37_4
Change Net Name : Old Net Name=TS_IN38 New Net Name=TS_IN38_1
Change Net Name : Old Net Name=TS_IN38 New Net Name=TS_IN38_2
Change Net Name : Old Net Name=TS_IN38 New Net Name=TS_IN38_3
Change Net Name : Old Net Name=TS_IN38 New Net Name=TS_IN38_4
Change Net Name : Old Net Name=TS_IN39 New Net Name=TS_IN39_1
Change Net Name : Old Net Name=TS_IN39 New Net Name=TS_IN39_2
Change Net Name : Old Net Name=TS_IN39 New Net Name=TS_IN39_3
Change Net Name : Old Net Name=TS_IN39 New Net Name=TS_IN39_4
Change Net Name : Old Net Name=TS_IN40 New Net Name=TS_IN40_1
Change Net Name : Old Net Name=TS_IN40 New Net Name=TS_IN40_2
Change Net Name : Old Net Name=TS_IN40 New Net Name=TS_IN40_3
Change Net Name : Old Net Name=TS_IN40 New Net Name=TS_IN40_4
Change Net Name : Old Net Name=TS_IN41 New Net Name=TS_IN41_1
Change Net Name : Old Net Name=TS_IN41 New Net Name=TS_IN41_2
Change Net Name : Old Net Name=TS_IN41 New Net Name=TS_IN41_3
Change Net Name : Old Net Name=TS_IN41 New Net Name=TS_IN41_4
Change Net Name : Old Net Name=TS_IN42 New Net Name=TS_IN42_1
Change Net Name : Old Net Name=TS_IN42 New Net Name=TS_IN42_2
Change Net Name : Old Net Name=TS_IN42 New Net Name=TS_IN42_3
Change Net Name : Old Net Name=TS_IN42 New Net Name=TS_IN42_4
Change Net Name : Old Net Name=TS_IN43 New Net Name=TS_IN43_1
Change Net Name : Old Net Name=TS_IN43 New Net Name=TS_IN43_2
Change Net Name : Old Net Name=TS_IN43 New Net Name=TS_IN43_3
Change Net Name : Old Net Name=TS_IN43 New Net Name=TS_IN43_4
Change Net Name : Old Net Name=TS_IN44 New Net Name=TS_IN44_1
Change Net Name : Old Net Name=TS_IN44 New Net Name=TS_IN44_2
Change Net Name : Old Net Name=TS_IN44 New Net Name=TS_IN44_3
Change Net Name : Old Net Name=TS_IN44 New Net Name=TS_IN44_4
Change Net Name : Old Net Name=TS_IN45 New Net Name=TS_IN45_1
Change Net Name : Old Net Name=TS_IN45 New Net Name=TS_IN45_2
Change Net Name : Old Net Name=TS_IN45 New Net Name=TS_IN45_3
Change Net Name : Old Net Name=TS_IN45 New Net Name=TS_IN45_4
Change Net Name : Old Net Name=TS_IN46 New Net Name=TS_IN46_1
Change Net Name : Old Net Name=TS_IN46 New Net Name=TS_IN46_2
Change Net Name : Old Net Name=TS_IN46 New Net Name=TS_IN46_3
Change Net Name : Old Net Name=TS_IN46 New Net Name=TS_IN46_4
Change Net Name : Old Net Name=TS_IN47 New Net Name=TS_IN47_1
Change Net Name : Old Net Name=TS_IN47 New Net Name=TS_IN47_2
Change Net Name : Old Net Name=TS_IN47 New Net Name=TS_IN47_3
Change Net Name : Old Net Name=TS_IN47 New Net Name=TS_IN47_4
Change Net Name : Old Net Name=TS_IN48 New Net Name=TS_IN48_1
Change Net Name : Old Net Name=TS_IN48 New Net Name=TS_IN48_2
Change Net Name : Old Net Name=TS_IN48 New Net Name=TS_IN48_3
Change Net Name : Old Net Name=TS_IN48 New Net Name=TS_IN48_4
Added Member To Class: ClassName=U_Single_Mux2 Member=Component C1_2 (C1) 0.1uF Cap
Added Member To Class: ClassName=U_Single_Mux3 Member=Component C1_3 (C1) 0.1uF Cap
Added Member To Class: ClassName=U_Single_Mux4 Member=Component C1_4 (C1) 0.1uF Cap
Added Member To Class: ClassName=U_Single_Mux2 Member=Component C2_2 (C2) 1uF Samsung Cap
Added Member To Class: ClassName=U_Single_Mux3 Member=Component C2_3 (C2) 1uF Samsung Cap
Added Member To Class: ClassName=U_Single_Mux4 Member=Component C2_4 (C2) 1uF Samsung Cap
Added Member To Class: ClassName=U_Single_Mux2 Member=Component C3_2 (C3) 0.1uF Cap
Added Member To Class: ClassName=U_Single_Mux3 Member=Component C3_3 (C3) 0.1uF Cap
Added Member To Class: ClassName=U_Single_Mux4 Member=Component C3_4 (C3) 0.1uF Cap
Added Member To Class: ClassName=U_Single_Mux2 Member=Component C4_2 (C4) 1uF Samsung Cap
Added Member To Class: ClassName=U_Single_Mux3 Member=Component C4_3 (C4) 1uF Samsung Cap
Added Member To Class: ClassName=U_Single_Mux4 Member=Component C4_4 (C4) 1uF Samsung Cap
Added Member To Class: ClassName=U_Single_Mux2 Member=Component C5_2 (C5) 0.1uF Cap
Added Member To Class: ClassName=U_Single_Mux3 Member=Component C5_3 (C5) 0.1uF Cap
Added Member To Class: ClassName=U_Single_Mux4 Member=Component C5_4 (C5) 0.1uF Cap
Added Member To Class: ClassName=U_Single_Mux2 Member=Component C6_2 (C6) 1uF Samsung Cap
Added Member To Class: ClassName=U_Single_Mux3 Member=Component C6_3 (C6) 1uF Samsung Cap
Added Member To Class: ClassName=U_Single_Mux4 Member=Component C6_4 (C6) 1uF Samsung Cap
Added Member To Class: ClassName=U_AHK50H-ND_THERM_CONNECTOR1 Member=Component P1_1 (P1) Component_1
Added Member To Class: ClassName=U_AHK50H-ND_THERM_CONNECTOR2 Member=Component P1_2 (P1) Component_1
Added Member To Class: ClassName=U_AHK50H-ND_THERM_CONNECTOR3 Member=Component P1_3 (P1) Component_1
Added Member To Class: ClassName=U_Single_Mux1 Member=Component P2_1 (P2) Molex_4Pin
Added Member To Class: ClassName=U_Single_Mux2 Member=Component P2_2 (P2) Molex_4Pin
Added Member To Class: ClassName=U_Single_Mux3 Member=Component P2_3 (P2) Molex_4Pin
Added Member To Class: ClassName=U_Single_Mux4 Member=Component P2_4 (P2) Molex_4Pin
Added Member To Class: ClassName=U_Single_Mux1 Member=Component P3_1 (P3) Molex_4Pin
Added Member To Class: ClassName=U_Single_Mux2 Member=Component P3_2 (P3) Molex_4Pin
Added Member To Class: ClassName=U_Single_Mux3 Member=Component P3_3 (P3) Molex_4Pin
Added Member To Class: ClassName=U_Single_Mux4 Member=Component P3_4 (P3) Molex_4Pin
Added Member To Class: ClassName=U_Single_Mux1 Member=Component P4_1 (P4) Molex_4Pin
Added Member To Class: ClassName=U_Single_Mux2 Member=Component P4_2 (P4) Molex_4Pin
Added Member To Class: ClassName=U_Single_Mux4 Member=Component P4_4 (P4) Molex_4Pin
Added Member To Class: ClassName=U_Single_Mux2 Member=Component R1_2 (R1) Res3
Added Member To Class: ClassName=U_Single_Mux3 Member=Component R1_3 (R1) Res3
Added Member To Class: ClassName=U_Single_Mux4 Member=Component R1_4 (R1) Res3
Added Member To Class: ClassName=U_Single_Mux2 Member=Component R2_2 (R2) Res3
Added Member To Class: ClassName=U_Single_Mux3 Member=Component R2_3 (R2) Res3
Added Member To Class: ClassName=U_Single_Mux4 Member=Component R2_4 (R2) Res3
Added Member To Class: ClassName=U_Single_Mux2 Member=Component R3_2 (R3) Res3
Added Member To Class: ClassName=U_Single_Mux3 Member=Component R3_3 (R3) Res3
Added Member To Class: ClassName=U_Single_Mux4 Member=Component R3_4 (R3) Res3
Added Member To Class: ClassName=U_Single_Mux2 Member=Component U1_2 (U1) CD74HC4067SM96
Added Member To Class: ClassName=U_Single_Mux3 Member=Component U1_3 (U1) CD74HC4067SM96
Added Member To Class: ClassName=U_Single_Mux4 Member=Component U1_4 (U1) CD74HC4067SM96
Added Member To Class: ClassName=U_Single_Mux2 Member=Component U2_2 (U2) CD74HC4067SM96
Added Member To Class: ClassName=U_Single_Mux3 Member=Component U2_3 (U2) CD74HC4067SM96
Added Member To Class: ClassName=U_Single_Mux4 Member=Component U2_4 (U2) CD74HC4067SM96
Added Member To Class: ClassName=U_Single_Mux2 Member=Component U3_2 (U3) CD74HC4067SM96
Added Member To Class: ClassName=U_Single_Mux3 Member=Component U3_3 (U3) CD74HC4067SM96
Added Member To Class: ClassName=U_Single_Mux4 Member=Component U3_4 (U3) CD74HC4067SM96
