Removed Pin From Net: NetName=TS_IN21_1 Pin=P2_1-51
Removed Pin From Net: NetName=TS_IN21_2 Pin=P2_2-51
Removed Pin From Net: NetName=S2_1 Pin=P4_1-1
Removed Pin From Net: NetName=S0_1 Pin=P4_1-3
Removed Pin From Net: NetName=S2_1 Pin=U3_2-9
Removed Pin From Net: NetName=S1_1 Pin=U3_2-10
Removed Pin From Net: NetName=S0_1 Pin=U3_2-11
Removed Pin From Net: NetName=S2_1 Pin=U4_2-9
Removed Pin From Net: NetName=S1_1 Pin=U4_2-10
Removed Pin From Net: NetName=S0_1 Pin=U4_2-11
Removed Pin From Net: NetName=S2_1 Pin=U5_2-9
Removed Pin From Net: NetName=S1_1 Pin=U5_2-10
Removed Pin From Net: NetName=S0_1 Pin=U5_2-11
Removed Member From Class: ClassName=U_Data_Conversion Member=
Change Component Designator: OldDesignator= NewDesignator=D1
Change Component Designator: OldDesignator= NewDesignator=P1
Change Component Designator: OldDesignator= NewDesignator=R4
Change Component Designator: OldDesignator= NewDesignator=TP19_1
Change Component Designator: OldDesignator=3.3V TP NewDesignator=TP7
Change Component Designator: OldDesignator=3.3V TP NewDesignator=TP9
Change Component Designator: OldDesignator=GND TP NewDesignator=TP8
Change Component Designator: OldDesignator=Power In NewDesignator=P2
Change Component Designator: OldDesignator=Vref In NewDesignator=TP5
Change Component Designator: OldDesignator=VREF OUT NewDesignator=TP6
Added Component: Designator=P4_2(3-Screw-terminal-Mux-Select)
Add component. Clean all parameters for all variants
Add component (AddParameter): Name = "Color"; Value = "Blue"; VariantName = "[No Variations]"
Add component (AddParameter): Name = "ComponentLink1Description"; Value = "http://www.farnell.com/datasheets/1442217.pdf?src-supplier=Element14"; VariantName = "[No Variations]"
Add component (AddParameter): Name = "ComponentLink1URL"; Value = "http://www.farnell.com/datasheets/1442217.pdf?src-supplier=Element14"; VariantName = "[No Variations]"
Add component (AddParameter): Name = "Contact Material"; Value = "Brass"; VariantName = "[No Variations]"
Add component (AddParameter): Name = "Current Rating"; Value = "10A"; VariantName = "[No Variations]"
Add component (AddParameter): Name = "Height"; Value = "12.2mm"; VariantName = "[No Variations]"
Add component (AddParameter): Name = "Housing Material"; Value = "Nylon"; VariantName = "[No Variations]"
Add component (AddParameter): Name = "Length"; Value = "7mm"; VariantName = "[No Variations]"
Add component (AddParameter): Name = "Manufacturer"; Value = "Wurth Electronics"; VariantName = "[No Variations]"
Add component (AddParameter): Name = "Manufacturer Part Number"; Value = "691103110003"; VariantName = "[No Variations]"
Add component (AddParameter): Name = "Number of Contacts"; Value = "3"; VariantName = "[No Variations]"
Add component (AddParameter): Name = "Number of Levels"; Value = "1"; VariantName = "[No Variations]"
Add component (AddParameter): Name = "Number of Positions Per Level"; Value = "3"; VariantName = "[No Variations]"
Add component (AddParameter): Name = "Pitch"; Value = "0.138inch"; VariantName = "[No Variations]"
Add component (AddParameter): Name = "Pricing 1"; Value = "1=1.1, 10=0.986, 50=0.851, 100=0.762, 500=0.717, 980=0.672 (USD)"; VariantName = "[No Variations]"
Add component (AddParameter): Name = "REACH SVHC"; Value = "Unknown"; VariantName = "[No Variations]"
Add component (AddParameter): Name = "Stock 1"; Value = "617"; VariantName = "[No Variations]"
Add component (AddParameter): Name = "Stripping Length"; Value = "-6mm"; VariantName = "[No Variations]"
Add component (AddParameter): Name = "Supplier 1"; Value = "Digi-Key"; VariantName = "[No Variations]"
Add component (AddParameter): Name = "Supplier Part Number 1"; Value = "732-2746-ND"; VariantName = "[No Variations]"
Add component (AddParameter): Name = "Termination"; Value = "Screw"; VariantName = "[No Variations]"
Add component (AddParameter): Name = "Voltage Rating"; Value = "125V"; VariantName = "[No Variations]"
Add component (AddParameter): Name = "Width"; Value = "11.5mm"; VariantName = "[No Variations]"
Add component (AddParameter): Name = "Wire/Cable Gauge"; Value = "26AWG"; VariantName = "[No Variations]"
Added Component: Designator=P5_1(Mux Select 3 Pos Header Pin)
Add component. Clean all parameters for all variants
Add component (AddParameter): Name = "Supplier 1"; Value = "Digi-Key"; VariantName = "[No Variations]"
Add component (AddParameter): Name = "Supplier Part Number 1"; Value = "2057-PH1RA-03-UA-ND"; VariantName = "[No Variations]"
Added Component: Designator=P5_2(Mux Select 3 Pos Header Pin)
Add component. Clean all parameters for all variants
Add component (AddParameter): Name = "Supplier 1"; Value = "Digi-Key"; VariantName = "[No Variations]"
Add component (AddParameter): Name = "Supplier Part Number 1"; Value = "2057-PH1RA-03-UA-ND"; VariantName = "[No Variations]"
Added Component: Designator=TP10(Test Point)
Add component. Clean all parameters for all variants
Added Component: Designator=TP11_1(Test Point)
Add component. Clean all parameters for all variants
Added Component: Designator=TP11_2(Test Point)
Add component. Clean all parameters for all variants
Added Component: Designator=TP12_1(Test Point)
Add component. Clean all parameters for all variants
Added Component: Designator=TP12_2(Test Point)
Add component. Clean all parameters for all variants
Added Component: Designator=TP16_1(Test Point)
Add component. Clean all parameters for all variants
Added Component: Designator=TP16_2(Test Point)
Add component. Clean all parameters for all variants
Added Component: Designator=TP17_1(Test Point)
Add component. Clean all parameters for all variants
Added Component: Designator=TP17_2(Test Point)
Add component. Clean all parameters for all variants
Added Component: Designator=TP18_1(Test Point)
Add component. Clean all parameters for all variants
Added Component: Designator=TP18_2(Test Point)
Add component. Clean all parameters for all variants
Added Component: Designator=TP19_2(Test Point)
Add component. Clean all parameters for all variants
Added Pin To Net: NetName=S0_1 Pin=P4_1-1
Added Pin To Net: NetName=S2_1 Pin=P4_1-3
Added Pin To Net: NetName=S0_2 Pin=P4_2-1
Added Pin To Net: NetName=S1_2 Pin=P4_2-2
Added Pin To Net: NetName=S2_2 Pin=P4_2-3
Added Pin To Net: NetName=S0_1 Pin=P5_1-1
Added Pin To Net: NetName=S1_1 Pin=P5_1-2
Added Pin To Net: NetName=S2_1 Pin=P5_1-3
Added Pin To Net: NetName=S0_2 Pin=P5_2-1
Added Pin To Net: NetName=S1_2 Pin=P5_2-2
Added Pin To Net: NetName=S2_2 Pin=P5_2-3
Added Pin To Net: NetName=+3.3V_AN Pin=TP10-1
Added Pin To Net: NetName=+3.3V_AN Pin=TP11_1-1
Added Pin To Net: NetName=+3.3V_AN Pin=TP11_2-1
Added Pin To Net: NetName=ADC_OUTA1 Pin=TP12_1-1
Added Pin To Net: NetName=ADC_OUTA2 Pin=TP12_2-1
Added Pin To Net: NetName=+3.3V_AN Pin=TP16_1-1
Added Pin To Net: NetName=+3.3V_AN Pin=TP16_2-1
Added Pin To Net: NetName=ADC_OUTB1 Pin=TP17_1-1
Added Pin To Net: NetName=ADC_OUTB2 Pin=TP17_2-1
Added Pin To Net: NetName=+3.3V_AN Pin=TP18_1-1
Added Pin To Net: NetName=+3.3V_AN Pin=TP18_2-1
Added Pin To Net: NetName=ADC_OUTC1 Pin=TP19_1-1
Added Pin To Net: NetName=ADC_OUTC2 Pin=TP19_2-1
Added Pin To Net: NetName=S2_2 Pin=U3_2-9
Added Pin To Net: NetName=S1_2 Pin=U3_2-10
Added Pin To Net: NetName=S0_2 Pin=U3_2-11
Added Pin To Net: NetName=S2_2 Pin=U4_2-9
Added Pin To Net: NetName=S1_2 Pin=U4_2-10
Added Pin To Net: NetName=S0_2 Pin=U4_2-11
Added Pin To Net: NetName=S2_2 Pin=U5_2-9
Added Pin To Net: NetName=S1_2 Pin=U5_2-10
Added Pin To Net: NetName=S0_2 Pin=U5_2-11
Added Member To Class: ClassName=U_Data_Conversion Member=Component D1 LED
Added Member To Class: ClassName=U_Data_Conversion Member=Component P1 SPI Tets Connector
Added Member To Class: ClassName=Data_TransferB_U_Single_Mux2 Member=Component P4_2 (P4) Mux_Sel
Added Member To Class: ClassName=Data_TransferA_U_Single_Mux1 Member=Component P5_1 (P5) 3 POS Mux Select Header
Added Member To Class: ClassName=Data_TransferB_U_Single_Mux2 Member=Component P5_2 (P5) 3 POS Mux Select Header
Added Member To Class: ClassName=U_Data_Conversion Member=Component R4 Green_LED_Res
Added Member To Class: ClassName=U_Data_Conversion Member=Component TP7 Test Point
Added Member To Class: ClassName=U_Data_Conversion Member=Component TP10 Test Point
Added Member To Class: ClassName=Data_TransferA_U_Single_Mux1 Member=Component TP11_1 (TP11) Test Point
Added Member To Class: ClassName=Data_TransferB_U_Single_Mux2 Member=Component TP11_2 (TP11) Test Point
Added Member To Class: ClassName=Data_TransferA_U_Single_Mux1 Member=Component TP12_1 (TP12) Test Point
Added Member To Class: ClassName=Data_TransferB_U_Single_Mux2 Member=Component TP12_2 (TP12) Test Point
Added Member To Class: ClassName=Data_TransferA_U_Single_Mux1 Member=Component TP16_1 (TP16) Test Point
Added Member To Class: ClassName=Data_TransferB_U_Single_Mux2 Member=Component TP16_2 (TP16) Test Point
Added Member To Class: ClassName=Data_TransferA_U_Single_Mux1 Member=Component TP17_1 (TP17) Test Point
Added Member To Class: ClassName=Data_TransferB_U_Single_Mux2 Member=Component TP17_2 (TP17) Test Point
Added Member To Class: ClassName=Data_TransferA_U_Single_Mux1 Member=Component TP18_1 (TP18) Test Point
Added Member To Class: ClassName=Data_TransferB_U_Single_Mux2 Member=Component TP18_2 (TP18) Test Point
Added Member To Class: ClassName=Data_TransferA_U_Single_Mux1 Member=Component TP19_1 (TP19) Test Point
Added Member To Class: ClassName=Data_TransferB_U_Single_Mux2 Member=Component TP19_2 (TP19) Test Point
Added Room: Name=Data_TransferA_U_AHK50H-ND_THERM_CONNECTOR1
Added Room: Name=Data_TransferA_U_Single_Mux1
Added Room: Name=Data_TransferB_U_AHK50H-ND_THERM_CONNECTOR2
Added Room: Name=Data_TransferB_U_Single_Mux2
Added Room: Name=U_Data_Conversion
