Removed Pin From Net: NetName=S1_1 Pin=Mux Select-2
Removed Pin From Net: NetName=S0_1 Pin=Mux Select-3
Removed Pin From Net: NetName=TS_IN21_1 Pin=Therm Con 1-51
Removed Pin From Net: NetName=TS_IN21_2 Pin=Therm Con 2-51
Removed Pin From Net: NetName=NetC3_1 Pin=TRIM-1
Removed Pin From Net: NetName=S2_1 Pin=U3_2-9
Removed Pin From Net: NetName=S1_1 Pin=U3_2-10
Removed Pin From Net: NetName=S0_1 Pin=U3_2-11
Removed Pin From Net: NetName=S2_1 Pin=U4_2-9
Removed Pin From Net: NetName=S1_1 Pin=U4_2-10
Removed Pin From Net: NetName=S0_1 Pin=U4_2-11
Removed Pin From Net: NetName=S2_1 Pin=U5_2-9
Removed Pin From Net: NetName=S1_1 Pin=U5_2-10
Removed Pin From Net: NetName=S0_1 Pin=U5_2-11
Removed Member From Class: ClassName=U_Data_Conversion Member=0.1uF
Change Component Designator: OldDesignator= NewDesignator=S1
Change Component Designator: OldDesignator= NewDesignator=S2
Change Component Designator: OldDesignator= NewDesignator=S3
Change Component Designator: OldDesignator= NewDesignator=S4
Change Component Designator: OldDesignator= NewDesignator=TP19_1
Change Component Designator: OldDesignator=0.1uF NewDesignator=C2
Change Component Designator: OldDesignator=0.1uF NewDesignator=C5_1
Change Component Designator: OldDesignator=0.1uF NewDesignator=C5_2
Change Component Designator: OldDesignator=0.1uF NewDesignator=C7_1
Change Component Designator: OldDesignator=0.1uF NewDesignator=C7_2
Change Component Designator: OldDesignator=0.1uF NewDesignator=C9_1
Change Component Designator: OldDesignator=0.1uF NewDesignator=C9_2
Change Component Designator: OldDesignator=1uF NewDesignator=C6_1
Change Component Designator: OldDesignator=1uF NewDesignator=C6_2
Change Component Designator: OldDesignator=1uF NewDesignator=C8_1
Change Component Designator: OldDesignator=1uF NewDesignator=C8_2
Change Component Designator: OldDesignator=1uF NewDesignator=C10_1
Change Component Designator: OldDesignator=1uF NewDesignator=C10_2
Change Component Designator: OldDesignator=3.3V IN NewDesignator=TP9
Change Component Designator: OldDesignator=6.49K NewDesignator=R1_1
Change Component Designator: OldDesignator=6.49K NewDesignator=R1_2
Change Component Designator: OldDesignator=6.49K NewDesignator=R2_1
Change Component Designator: OldDesignator=6.49K NewDesignator=R2_2
Change Component Designator: OldDesignator=6.49K NewDesignator=R3_1
Change Component Designator: OldDesignator=6.49K NewDesignator=R3_2
Change Component Designator: OldDesignator=A NewDesignator=TP15_1
Change Component Designator: OldDesignator=ADC 3.3V NewDesignator=TP7
Change Component Designator: OldDesignator=B NewDesignator=TP14_1
Change Component Designator: OldDesignator=C NewDesignator=TP13_1
Change Component Designator: OldDesignator=CS NewDesignator=TP2
Change Component Designator: OldDesignator=DIN NewDesignator=TP3
Change Component Designator: OldDesignator=DOUT NewDesignator=TP1
Change Component Designator: OldDesignator=Mux Select NewDesignator=P4_1
Change Component Designator: OldDesignator=Pow Con NewDesignator=P1
Change Component Designator: OldDesignator=REF IN NewDesignator=TP5
Change Component Designator: OldDesignator=REF OUT NewDesignator=TP6
Change Component Designator: OldDesignator=SCLK NewDesignator=TP4
Change Component Designator: OldDesignator=SPI Con NewDesignator=P3
Change Component Designator: OldDesignator=Therm Con 1 NewDesignator=P2_1
Change Component Designator: OldDesignator=Therm Con 2 NewDesignator=P2_2
Change Component Designator: OldDesignator=TRIM NewDesignator=TP8
Added Component: Designator=P4_2(3-Screw-terminal-Mux-Select)
Add component. Clean all parameters for all variants
Add component (AddParameter): Name = "Color"; Value = "Blue"; VariantName = "[No Variations]"
Add component (AddParameter): Name = "ComponentLink1Description"; Value = "http://www.farnell.com/datasheets/1442217.pdf?src-supplier=Element14"; VariantName = "[No Variations]"
Add component (AddParameter): Name = "ComponentLink1URL"; Value = "http://www.farnell.com/datasheets/1442217.pdf?src-supplier=Element14"; VariantName = "[No Variations]"
Add component (AddParameter): Name = "Contact Material"; Value = "Brass"; VariantName = "[No Variations]"
Add component (AddParameter): Name = "Current Rating"; Value = "10A"; VariantName = "[No Variations]"
Add component (AddParameter): Name = "Height"; Value = "12.2mm"; VariantName = "[No Variations]"
Add component (AddParameter): Name = "Housing Material"; Value = "Nylon"; VariantName = "[No Variations]"
Add component (AddParameter): Name = "Length"; Value = "7mm"; VariantName = "[No Variations]"
Add component (AddParameter): Name = "Manufacturer"; Value = "Wurth Electronics"; VariantName = "[No Variations]"
Add component (AddParameter): Name = "Manufacturer Part Number"; Value = "691103110003"; VariantName = "[No Variations]"
Add component (AddParameter): Name = "Number of Contacts"; Value = "3"; VariantName = "[No Variations]"
Add component (AddParameter): Name = "Number of Levels"; Value = "1"; VariantName = "[No Variations]"
Add component (AddParameter): Name = "Number of Positions Per Level"; Value = "3"; VariantName = "[No Variations]"
Add component (AddParameter): Name = "Pitch"; Value = "0.138inch"; VariantName = "[No Variations]"
Add component (AddParameter): Name = "Pricing 1"; Value = "1=1.1, 10=0.986, 50=0.851, 100=0.762, 500=0.717, 980=0.672 (USD)"; VariantName = "[No Variations]"
Add component (AddParameter): Name = "REACH SVHC"; Value = "Unknown"; VariantName = "[No Variations]"
Add component (AddParameter): Name = "Stock 1"; Value = "617"; VariantName = "[No Variations]"
Add component (AddParameter): Name = "Stripping Length"; Value = "-6mm"; VariantName = "[No Variations]"
Add component (AddParameter): Name = "Supplier 1"; Value = "Digi-Key"; VariantName = "[No Variations]"
Add component (AddParameter): Name = "Supplier Part Number 1"; Value = "732-2746-ND"; VariantName = "[No Variations]"
Add component (AddParameter): Name = "Termination"; Value = "Screw"; VariantName = "[No Variations]"
Add component (AddParameter): Name = "Voltage Rating"; Value = "125V"; VariantName = "[No Variations]"
Add component (AddParameter): Name = "Width"; Value = "11.5mm"; VariantName = "[No Variations]"
Add component (AddParameter): Name = "Wire/Cable Gauge"; Value = "26AWG"; VariantName = "[No Variations]"
Added Component: Designator=TP10(Test Point)
Add component. Clean all parameters for all variants
Added Component: Designator=TP11_1(Test Point)
Add component. Clean all parameters for all variants
Added Component: Designator=TP11_2(Test Point)
Add component. Clean all parameters for all variants
Added Component: Designator=TP12_1(Test Point)
Add component. Clean all parameters for all variants
Added Component: Designator=TP12_2(Test Point)
Add component. Clean all parameters for all variants
Added Component: Designator=TP13_2(Test Point)
Add component. Clean all parameters for all variants
Added Component: Designator=TP14_2(Test Point)
Add component. Clean all parameters for all variants
Added Component: Designator=TP15_2(Test Point)
Add component. Clean all parameters for all variants
Added Component: Designator=TP16_1(Test Point)
Add component. Clean all parameters for all variants
Added Component: Designator=TP16_2(Test Point)
Add component. Clean all parameters for all variants
Added Component: Designator=TP17_1(Test Point)
Add component. Clean all parameters for all variants
Added Component: Designator=TP17_2(Test Point)
Add component. Clean all parameters for all variants
Added Component: Designator=TP18_1(Test Point)
Add component. Clean all parameters for all variants
Added Component: Designator=TP18_2(Test Point)
Add component. Clean all parameters for all variants
Added Component: Designator=TP19_2(Test Point)
Add component. Clean all parameters for all variants
Added Pin To Net: NetName=NetP4_1_2 Pin=P4_1-2
Added Pin To Net: NetName=NetP4_1_3 Pin=P4_1-3
Added Pin To Net: NetName=S2_2 Pin=P4_2-1
Added Pin To Net: NetName=NetP4_2_2 Pin=P4_2-2
Added Pin To Net: NetName=NetP4_2_3 Pin=P4_2-3
Added Pin To Net: NetName=+3.3V_AN Pin=TP10-1
Added Pin To Net: NetName=+3.3V_AN Pin=TP11_1-1
Added Pin To Net: NetName=+3.3V_AN Pin=TP11_2-1
Added Pin To Net: NetName=ADC_OUTA1 Pin=TP12_1-1
Added Pin To Net: NetName=ADC_OUTA2 Pin=TP12_2-1
Added Pin To Net: NetName=S2_2 Pin=TP13_2-1
Added Pin To Net: NetName=NetP4_2_2 Pin=TP14_2-1
Added Pin To Net: NetName=NetP4_2_3 Pin=TP15_2-1
Added Pin To Net: NetName=+3.3V_AN Pin=TP16_1-1
Added Pin To Net: NetName=+3.3V_AN Pin=TP16_2-1
Added Pin To Net: NetName=ADC_OUTB1 Pin=TP17_1-1
Added Pin To Net: NetName=ADC_OUTB2 Pin=TP17_2-1
Added Pin To Net: NetName=+3.3V_AN Pin=TP18_1-1
Added Pin To Net: NetName=+3.3V_AN Pin=TP18_2-1
Added Pin To Net: NetName=ADC_OUTC1 Pin=TP19_1-1
Added Pin To Net: NetName=ADC_OUTC2 Pin=TP19_2-1
Added Pin To Net: NetName=S2_2 Pin=U3_2-9
Added Pin To Net: NetName=S1_2 Pin=U3_2-10
Added Pin To Net: NetName=S0_2 Pin=U3_2-11
Added Pin To Net: NetName=S2_2 Pin=U4_2-9
Added Pin To Net: NetName=S1_2 Pin=U4_2-10
Added Pin To Net: NetName=S0_2 Pin=U4_2-11
Added Pin To Net: NetName=S2_2 Pin=U5_2-9
Added Pin To Net: NetName=S1_2 Pin=U5_2-10
Added Pin To Net: NetName=S0_2 Pin=U5_2-11
Added Member To Class: ClassName=U_Data_Conversion Member=Component C2 0.1uF Cap
Added Member To Class: ClassName=Data_TransferA_U_Single_Mux1 Member=Component C5_1 (C5) 0.1uF
Added Member To Class: ClassName=Data_TransferB_U_Single_Mux2 Member=Component C5_2 (C5) 0.1uF
Added Member To Class: ClassName=Data_TransferA_U_Single_Mux1 Member=Component C6_1 (C6) 1uF
Added Member To Class: ClassName=Data_TransferB_U_Single_Mux2 Member=Component C6_2 (C6) 1uF
Added Member To Class: ClassName=Data_TransferA_U_Single_Mux1 Member=Component C7_1 (C7) 0.1uF
Added Member To Class: ClassName=Data_TransferB_U_Single_Mux2 Member=Component C7_2 (C7) 0.1uF
Added Member To Class: ClassName=Data_TransferA_U_Single_Mux1 Member=Component C8_1 (C8) 1uF
Added Member To Class: ClassName=Data_TransferB_U_Single_Mux2 Member=Component C8_2 (C8) 1uF
Added Member To Class: ClassName=Data_TransferA_U_Single_Mux1 Member=Component C9_1 (C9) 0.1uF
Added Member To Class: ClassName=Data_TransferB_U_Single_Mux2 Member=Component C9_2 (C9) 0.1uF
Added Member To Class: ClassName=Data_TransferA_U_Single_Mux1 Member=Component C10_1 (C10) 1uF
Added Member To Class: ClassName=Data_TransferB_U_Single_Mux2 Member=Component C10_2 (C10) 1uF
Added Member To Class: ClassName=Data_TransferB_U_Single_Mux2 Member=Component P4_2 (P4) Mux_Sel
Added Member To Class: ClassName=Data_TransferA_U_Single_Mux1 Member=Component R1_1 (R1) 6.49kOhm SMD Resistor
Added Member To Class: ClassName=Data_TransferB_U_Single_Mux2 Member=Component R1_2 (R1) 6.49kOhm SMD Resistor
Added Member To Class: ClassName=Data_TransferA_U_Single_Mux1 Member=Component R2_1 (R2) 6.49kOhm SMD Resistor
Added Member To Class: ClassName=Data_TransferB_U_Single_Mux2 Member=Component R2_2 (R2) 6.49kOhm SMD Resistor
Added Member To Class: ClassName=Data_TransferA_U_Single_Mux1 Member=Component R3_1 (R3) 6.49kOhm SMD Resistor
Added Member To Class: ClassName=Data_TransferB_U_Single_Mux2 Member=Component R3_2 (R3) 6.49kOhm SMD Resistor
Added Member To Class: ClassName=U_Data_Conversion Member=Component S1 #6-32 Standoff
Added Member To Class: ClassName=U_Data_Conversion Member=Component S2 #6-32 Standoff
Added Member To Class: ClassName=U_Data_Conversion Member=Component S3 #6-32 Standoff
Added Member To Class: ClassName=U_Data_Conversion Member=Component S4 #6-32 Standoff
Added Member To Class: ClassName=U_Data_Conversion Member=Component TP10 Test Point
Added Member To Class: ClassName=Data_TransferA_U_Single_Mux1 Member=Component TP11_1 (TP11) Test Point
Added Member To Class: ClassName=Data_TransferB_U_Single_Mux2 Member=Component TP11_2 (TP11) Test Point
Added Member To Class: ClassName=Data_TransferA_U_Single_Mux1 Member=Component TP12_1 (TP12) Test Point
Added Member To Class: ClassName=Data_TransferB_U_Single_Mux2 Member=Component TP12_2 (TP12) Test Point
Added Member To Class: ClassName=Data_TransferB_U_Single_Mux2 Member=Component TP13_2 (TP13) Test Point
Added Member To Class: ClassName=Data_TransferB_U_Single_Mux2 Member=Component TP14_2 (TP14) Test Point
Added Member To Class: ClassName=Data_TransferB_U_Single_Mux2 Member=Component TP15_2 (TP15) Test Point
Added Member To Class: ClassName=Data_TransferA_U_Single_Mux1 Member=Component TP16_1 (TP16) Test Point
Added Member To Class: ClassName=Data_TransferB_U_Single_Mux2 Member=Component TP16_2 (TP16) Test Point
Added Member To Class: ClassName=Data_TransferA_U_Single_Mux1 Member=Component TP17_1 (TP17) Test Point
Added Member To Class: ClassName=Data_TransferB_U_Single_Mux2 Member=Component TP17_2 (TP17) Test Point
Added Member To Class: ClassName=Data_TransferA_U_Single_Mux1 Member=Component TP18_1 (TP18) Test Point
Added Member To Class: ClassName=Data_TransferB_U_Single_Mux2 Member=Component TP18_2 (TP18) Test Point
Added Member To Class: ClassName=Data_TransferA_U_Single_Mux1 Member=Component TP19_1 (TP19) Test Point
Added Member To Class: ClassName=Data_TransferB_U_Single_Mux2 Member=Component TP19_2 (TP19) Test Point
Added Room: Name=Data_TransferA_U_AHK50H-ND_THERM_CONNECTOR1
Added Room: Name=Data_TransferA_U_Single_Mux1
Added Room: Name=Data_TransferB_U_AHK50H-ND_THERM_CONNECTOR2
Added Room: Name=Data_TransferB_U_Single_Mux2
Added Room: Name=U_Data_Conversion
