Removed Member From Class: ClassName=GND_PCB_Data_Conversion Member=R16
Change Component Designator: OldDesignator= NewDesignator=1
Change Component Designator: OldDesignator= NewDesignator=2
Change Component Designator: OldDesignator=ADC Interboard Header NewDesignator=ADC Interboard Header1
Change Component Designator: OldDesignator=C4 NewDesignator=C1
Change Component Designator: OldDesignator=C5 NewDesignator=C2
Change Component Designator: OldDesignator=C6 NewDesignator=C3
Change Component Designator: OldDesignator=C7 NewDesignator=C4
Change Component Designator: OldDesignator=C8 NewDesignator=C5
Change Component Designator: OldDesignator=C9 NewDesignator=C6
Change Component Designator: OldDesignator=C10 NewDesignator=C7
Change Component Designator: OldDesignator=C11 NewDesignator=C8
Change Component Designator: OldDesignator=C12 NewDesignator=C9
Change Component Designator: OldDesignator=C13 NewDesignator=C10
Change Component Designator: OldDesignator=C14 NewDesignator=C11
Change Component Designator: OldDesignator=C15 NewDesignator=C12
Change Component Designator: OldDesignator=C? NewDesignator=C13
Change Component Designator: OldDesignator=C? NewDesignator=C14
Change Component Designator: OldDesignator=C? NewDesignator=C15
Change Component Designator: OldDesignator=C? NewDesignator=C16
Change Component Designator: OldDesignator=C? NewDesignator=C17
Change Component Designator: OldDesignator=C? NewDesignator=C18
Change Component Designator: OldDesignator=D? NewDesignator=D1
Change Component Designator: OldDesignator=P2 NewDesignator=P1
Change Component Designator: OldDesignator=P3 NewDesignator=P2
Change Component Designator: OldDesignator=P? NewDesignator=P3
Change Component Designator: OldDesignator=R1 NewDesignator=R3
Change Component Designator: OldDesignator=R2 NewDesignator=R4
Change Component Designator: OldDesignator=R3 NewDesignator=R5
Change Component Designator: OldDesignator=R4 NewDesignator=R6
Change Component Designator: OldDesignator=R5 NewDesignator=R7
Change Component Designator: OldDesignator=R6 NewDesignator=R8
Change Component Designator: OldDesignator=R7 NewDesignator=R9
Change Component Designator: OldDesignator=R8 NewDesignator=R10
Change Component Designator: OldDesignator=R9 NewDesignator=R11
Change Component Designator: OldDesignator=R10 NewDesignator=R12
Change Component Designator: OldDesignator=R11 NewDesignator=R13
Change Component Designator: OldDesignator=R12 NewDesignator=R14
Change Component Designator: OldDesignator=R13 NewDesignator=R15
Change Component Designator: OldDesignator=R14 NewDesignator=R1
Change Component Designator: OldDesignator=R16 NewDesignator=R2
Change Component Designator: OldDesignator=R? NewDesignator=R16
Change Component Designator: OldDesignator=SPI Test Connector NewDesignator=SPI Test Connector1
Change Component Designator: OldDesignator=Thermistor GND Connections NewDesignator=Thermistor GND Connections1
Change Component Designator: OldDesignator=Thermistor GND Connections NewDesignator=Thermistor GND Connections2
Change Component Designator: OldDesignator=TP? NewDesignator=TP1
Change Component Designator: OldDesignator=TP? NewDesignator=TP2
Change Component Designator: OldDesignator=U2 NewDesignator=U1
Change Component Designator: OldDesignator=U? NewDesignator=U2
Change Component Designator: OldDesignator=U? NewDesignator=U3
Change Net Name : Old Net Name=NetADC Interboard Header_1 New Net Name=NetADC Interboard Header1_1
Change Net Name : Old Net Name=NetADC Interboard Header_2 New Net Name=NetADC Interboard Header1_2
Change Net Name : Old Net Name=NetADC Interboard Header_3 New Net Name=NetADC Interboard Header1_3
Change Net Name : Old Net Name=NetADC Interboard Header_4 New Net Name=NetADC Interboard Header1_4
Change Net Name : Old Net Name=NetADC Interboard Header_5 New Net Name=NetADC Interboard Header1_5
Change Net Name : Old Net Name=NetADC Interboard Header_6 New Net Name=NetADC Interboard Header1_6
Change Net Name : Old Net Name=NetADC Interboard Header_7 New Net Name=NetADC Interboard Header1_7
Change Net Name : Old Net Name=NetADC Interboard Header_8 New Net Name=NetADC Interboard Header1_8
Change Net Name : Old Net Name=NetADC Interboard Header_9 New Net Name=NetADC Interboard Header1_9
Change Net Name : Old Net Name=NetADC Interboard Header_10 New Net Name=NetADC Interboard Header1_10
Change Net Name : Old Net Name=NetADC Interboard Header_11 New Net Name=NetADC Interboard Header1_11
Change Net Name : Old Net Name=NetADC Interboard Header_12 New Net Name=NetADC Interboard Header1_12
Change Net Name : Old Net Name=NetC4_2 New Net Name=NetC1_2
Change Net Name : Old Net Name=NetC5_2 New Net Name=NetC2_2
Change Net Name : Old Net Name=NetC6_2 New Net Name=NetC3_2
Change Net Name : Old Net Name=NetC7_2 New Net Name=NetC4_2
Change Net Name : Old Net Name=NetC8_2 New Net Name=NetC5_2
Change Net Name : Old Net Name=NetC9_2 New Net Name=NetC6_2
Change Net Name : Old Net Name=NetC10_2 New Net Name=NetC7_2
Change Net Name : Old Net Name=NetC11_2 New Net Name=NetC8_2
Change Net Name : Old Net Name=NetC12_2 New Net Name=NetC9_2
Change Net Name : Old Net Name=NetC13_2 New Net Name=NetC10_2
Change Net Name : Old Net Name=NetC14_2 New Net Name=NetC11_2
Change Net Name : Old Net Name=NetC15_2 New Net Name=NetC12_2
Change Net Name : Old Net Name=NetC?_1 New Net Name=NetC18_1
Change Net Name : Old Net Name=NetC?_2 New Net Name=NetC15_2
Change Net Name : Old Net Name=NetD?_2 New Net Name=NetD1_2
Change Net Name : Old Net Name=NetP3_1 New Net Name=NetP2_1
Change Net Name : Old Net Name=NetP3_2 New Net Name=NetP2_2
Change Net Name : Old Net Name=NetP3_3 New Net Name=NetP2_3
Change Net Name : Old Net Name=NetP3_4 New Net Name=NetP2_4
Change Net Name : Old Net Name=NetU2_7 New Net Name=NetU1_7
Added Member To Class: ClassName=4X_22_GND_Pin_Connector Member=Component 2 22-Pin-Connector-Recepticle
Added Member To Class: ClassName=ADC_PowerSupply Member=Component C13 0.1uF
Added Member To Class: ClassName=ADC_PowerSupply Member=Component C14 0.1uF
Added Member To Class: ClassName=ADC_PowerSupply Member=Component C16 0.1uF
Added Member To Class: ClassName=ADC_PowerSupply Member=Component C17 2.2uF LDO Bypass Cap
Added Member To Class: ClassName=ADC_PowerSupply Member=Component C18 0.1uF
Added Member To Class: ClassName=GND_PCB_Data_Conversion Member=Component R15 0 Ohm Resistor
Added Member To Class: ClassName=4X_22_GND_Pin_Connector Member=Component Thermistor GND Connections2 22-Pin-Connector-Recepticle
Added Member To Class: ClassName=ADC_PowerSupply Member=Component TP1 Test Point
Added Member To Class: ClassName=ADC_PowerSupply Member=Component U3 3.3V Digital ADC Supply
