Removed Pin From Net: NetName=NetP3_5 Pin=R1-1
Removed Pin From Net: NetName=NetP3_6 Pin=R2-1
Removed Pin From Net: NetName=NetP3_7 Pin=R3-1
Removed Pin From Net: NetName=NetP3_8 Pin=R4-1
Removed Pin From Net: NetName=NetP3_9 Pin=R5-1
Removed Pin From Net: NetName=NetP3_10 Pin=R6-1
Removed Pin From Net: NetName=NetP3_11 Pin=R7-1
Removed Pin From Net: NetName=NetP3_12 Pin=R8-1
Removed Pin From Net: NetName=AGND Pin=S1-S1
Removed Pin From Net: NetName=AGND Pin=S2-S2
Removed Pin From Net: NetName=AGND Pin=S3-S3
Removed Pin From Net: NetName=AGND Pin=S4-S4
Change Component Designator: OldDesignator=3.3V VREF In NewDesignator=TP1
Change Component Designator: OldDesignator=TRIM Voltage NewDesignator=TP3
Change Component Designator: OldDesignator=VREF Output NewDesignator=TP2
Added Component: Designator=P5(22 POS Connector Recepticle)
Add component. Clean all parameters for all variants
Add component (AddParameter): Name = "Color"; Value = "Black"; VariantName = "[No Variations]"
Add component (AddParameter): Name = "ComponentLink1Description"; Value = "https://datasheet.ciiva.com/11752/0900766b80d975f3-11752361.pdf?src-supplier=RSComponents"; VariantName = "[No Variations]"
Add component (AddParameter): Name = "ComponentLink1URL"; Value = "https://datasheet.ciiva.com/11752/0900766b80d975f3-11752361.pdf?src-supplier=RSComponents"; VariantName = "[No Variations]"
Add component (AddParameter): Name = "ComponentLink2Description"; Value = "https://datasheet.ciiva.com/14122/df11serie-eng-tds-14122182.pdf?src-supplier=Distrelec"; VariantName = "[No Variations]"
Add component (AddParameter): Name = "ComponentLink2URL"; Value = "https://datasheet.ciiva.com/14122/df11serie-eng-tds-14122182.pdf?src-supplier=Distrelec"; VariantName = "[No Variations]"
Add component (AddParameter): Name = "ComponentLink3Description"; Value = "https://datasheet.ciiva.com/5155/en-df11-20130411-258217-5155093.pdf?src-supplier=Mouser"; VariantName = "[No Variations]"
Add component (AddParameter): Name = "ComponentLink3URL"; Value = "https://datasheet.ciiva.com/5155/en-df11-20130411-258217-5155093.pdf?src-supplier=Mouser"; VariantName = "[No Variations]"
Add component (AddParameter): Name = "Connector Type"; Value = "Receptacle"; VariantName = "[No Variations]"
Add component (AddParameter): Name = "Contact Gender"; Value = "Female"; VariantName = "[No Variations]"
Add component (AddParameter): Name = "Contact Material"; Value = "Copper"; VariantName = "[No Variations]"
Add component (AddParameter): Name = "Contact Plating"; Value = "Tin"; VariantName = "[No Variations]"
Add component (AddParameter): Name = "Contact Resistance"; Value = "30mR"; VariantName = "[No Variations]"
Add component (AddParameter): Name = "Current Rating"; Value = "2A"; VariantName = "[No Variations]"
Add component (AddParameter): Name = "Flammability Rating"; Value = "UL94 V-0"; VariantName = "[No Variations]"
Add component (AddParameter): Name = "Gender"; Value = "Receptacle"; VariantName = "[No Variations]"
Add component (AddParameter): Name = "Housing Color"; Value = "Black"; VariantName = "[No Variations]"
Add component (AddParameter): Name = "Housing Material"; Value = "Polyamide"; VariantName = "[No Variations]"
Add component (AddParameter): Name = "Insulation Resistance"; Value = "1GR"; VariantName = "[No Variations]"
Add component (AddParameter): Name = "Lead Free"; Value = "Lead Free"; VariantName = "[No Variations]"
Add component (AddParameter): Name = "Lead Pitch"; Value = "2mm"; VariantName = "[No Variations]"
Add component (AddParameter): Name = "Manufacturer"; Value = "Hirose"; VariantName = "[No Variations]"
Add component (AddParameter): Name = "Manufacturer Part Number"; Value = "DF11-22DS-2DSA(05)"; VariantName = "[No Variations]"
Add component (AddParameter): Name = "Mating Cycles"; Value = "30"; VariantName = "[No Variations]"
Add component (AddParameter): Name = "Mount"; Value = "Through Hole"; VariantName = "[No Variations]"
Add component (AddParameter): Name = "Number of Contacts"; Value = "22"; VariantName = "[No Variations]"
Add component (AddParameter): Name = "Number of Positions"; Value = "22"; VariantName = "[No Variations]"
Add component (AddParameter): Name = "Number of Rows"; Value = "2"; VariantName = "[No Variations]"
Add component (AddParameter): Name = "Orientation"; Value = "Straight"; VariantName = "[No Variations]"
Add component (AddParameter): Name = "Package Quantity"; Value = "100"; VariantName = "[No Variations]"
Add component (AddParameter): Name = "Packaging"; Value = "Bulk"; VariantName = "[No Variations]"
Add component (AddParameter): Name = "Pitch"; Value = "2mm"; VariantName = "[No Variations]"
Add component (AddParameter): Name = "Pricing 1"; Value = "1=1.40000, 10=1.27400, 100=1.09200, 500=0.91000, 1000=0.78000 (USD)"; VariantName = "[No Variations]"
Add component (AddParameter): Name = "REACH SVHC"; Value = "No SVHC"; VariantName = "[No Variations]"
Add component (AddParameter): Name = "RoHS"; Value = "Yes"; VariantName = "[No Variations]"
Add component (AddParameter): Name = "Row Spacing"; Value = "0.079inch"; VariantName = "[No Variations]"
Add component (AddParameter): Name = "Stock 1"; Value = "843"; VariantName = "[No Variations]"
Add component (AddParameter): Name = "Supplier 1"; Value = "Digi-Key"; VariantName = "[No Variations]"
Add component (AddParameter): Name = "Supplier Part Number 1"; Value = "H10177-ND"; VariantName = "[No Variations]"
Add component (AddParameter): Name = "System"; Value = "Connector"; VariantName = "[No Variations]"
Add component (AddParameter): Name = "Termination"; Value = "Through Hole"; VariantName = "[No Variations]"
Add component (AddParameter): Name = "Voltage Rating (AC)"; Value = "30V"; VariantName = "[No Variations]"
Added Pin To Net: NetName=AGND Pin=P1-1
Added Pin To Net: NetName=AGND Pin=P1-2
Added Pin To Net: NetName=AGND Pin=P1-3
Added Pin To Net: NetName=AGND Pin=P1-4
Added Pin To Net: NetName=AGND Pin=P1-5
Added Pin To Net: NetName=AGND Pin=P1-6
Added Pin To Net: NetName=AGND Pin=P1-7
Added Pin To Net: NetName=AGND Pin=P1-8
Added Pin To Net: NetName=AGND Pin=P1-9
Added Pin To Net: NetName=AGND Pin=P1-10
Added Pin To Net: NetName=AGND Pin=P1-11
Added Pin To Net: NetName=AGND Pin=P1-12
Added Pin To Net: NetName=AGND Pin=P1-13
Added Pin To Net: NetName=AGND Pin=P1-14
Added Pin To Net: NetName=AGND Pin=P1-15
Added Pin To Net: NetName=AGND Pin=P1-16
Added Pin To Net: NetName=AGND Pin=P1-17
Added Pin To Net: NetName=AGND Pin=P1-18
Added Pin To Net: NetName=AGND Pin=P1-19
Added Pin To Net: NetName=AGND Pin=P1-20
Added Pin To Net: NetName=AGND Pin=P1-22
Added Pin To Net: NetName=AGND Pin=P2-1
Added Pin To Net: NetName=AGND Pin=P2-2
Added Pin To Net: NetName=AGND Pin=P2-3
Added Pin To Net: NetName=AGND Pin=P2-4
Added Pin To Net: NetName=AGND Pin=P2-5
Added Pin To Net: NetName=AGND Pin=P2-6
Added Pin To Net: NetName=AGND Pin=P2-7
Added Pin To Net: NetName=AGND Pin=P2-8
Added Pin To Net: NetName=AGND Pin=P2-9
Added Pin To Net: NetName=AGND Pin=P2-10
Added Pin To Net: NetName=AGND Pin=P2-11
Added Pin To Net: NetName=AGND Pin=P2-12
Added Pin To Net: NetName=AGND Pin=P2-13
Added Pin To Net: NetName=AGND Pin=P2-14
Added Pin To Net: NetName=AGND Pin=P2-15
Added Pin To Net: NetName=AGND Pin=P2-16
Added Pin To Net: NetName=AGND Pin=P2-17
Added Pin To Net: NetName=AGND Pin=P2-18
Added Pin To Net: NetName=AGND Pin=P2-19
Added Pin To Net: NetName=AGND Pin=P2-20
Added Pin To Net: NetName=AGND Pin=P2-22
Added Pin To Net: NetName=AGND Pin=P4-1
Added Pin To Net: NetName=AGND Pin=P4-2
Added Pin To Net: NetName=AGND Pin=P4-3
Added Pin To Net: NetName=AGND Pin=P4-4
Added Pin To Net: NetName=AGND Pin=P4-5
Added Pin To Net: NetName=AGND Pin=P4-6
Added Pin To Net: NetName=AGND Pin=P4-7
Added Pin To Net: NetName=AGND Pin=P4-8
Added Pin To Net: NetName=AGND Pin=P4-9
Added Pin To Net: NetName=AGND Pin=P4-10
Added Pin To Net: NetName=AGND Pin=P4-11
Added Pin To Net: NetName=AGND Pin=P4-12
Added Pin To Net: NetName=AGND Pin=P4-13
Added Pin To Net: NetName=AGND Pin=P4-14
Added Pin To Net: NetName=AGND Pin=P4-15
Added Pin To Net: NetName=AGND Pin=P4-16
Added Pin To Net: NetName=AGND Pin=P4-17
Added Pin To Net: NetName=AGND Pin=P4-18
Added Pin To Net: NetName=AGND Pin=P4-19
Added Pin To Net: NetName=AGND Pin=P4-20
Added Pin To Net: NetName=AGND Pin=P4-21
Added Pin To Net: NetName=AGND Pin=P4-22
Added Pin To Net: NetName=AGND Pin=P5-1
Added Pin To Net: NetName=AGND Pin=P5-2
Added Pin To Net: NetName=AGND Pin=P5-3
Added Pin To Net: NetName=AGND Pin=P5-4
Added Pin To Net: NetName=AGND Pin=P5-5
Added Pin To Net: NetName=AGND Pin=P5-6
Added Pin To Net: NetName=AGND Pin=P5-7
Added Pin To Net: NetName=AGND Pin=P5-8
Added Pin To Net: NetName=AGND Pin=P5-9
Added Pin To Net: NetName=AGND Pin=P5-10
Added Pin To Net: NetName=AGND Pin=P5-11
Added Pin To Net: NetName=AGND Pin=P5-12
Added Pin To Net: NetName=AGND Pin=P5-13
Added Pin To Net: NetName=AGND Pin=P5-14
Added Pin To Net: NetName=AGND Pin=P5-15
Added Pin To Net: NetName=AGND Pin=P5-16
Added Pin To Net: NetName=AGND Pin=P5-17
Added Pin To Net: NetName=AGND Pin=P5-18
Added Pin To Net: NetName=AGND Pin=P5-19
Added Pin To Net: NetName=AGND Pin=P5-20
Added Pin To Net: NetName=AGND Pin=P5-21
Added Pin To Net: NetName=AGND Pin=P5-22
Added Pin To Net: NetName=NetP3_12 Pin=R1-1
Added Pin To Net: NetName=NetP3_11 Pin=R2-1
Added Pin To Net: NetName=NetP3_10 Pin=R3-1
Added Pin To Net: NetName=NetP3_9 Pin=R4-1
Added Pin To Net: NetName=NetP3_8 Pin=R5-1
Added Pin To Net: NetName=NetP3_7 Pin=R6-1
Added Pin To Net: NetName=NetP3_6 Pin=R7-1
Added Pin To Net: NetName=NetP3_5 Pin=R8-1
Added Member To Class: ClassName=4X_22_GND_Pin_Connector Member=Component P1 22-Pin-Connector
Added Member To Class: ClassName=4X_22_GND_Pin_Connector Member=Component P2 22-Pin-Connector
Added Member To Class: ClassName=4X_22_GND_Pin_Connector Member=Component P4 22-Pin-Connector-Recepticle
Added Member To Class: ClassName=4X_22_GND_Pin_Connector Member=Component P5 22-Pin-Connector-Recepticle
Added Member To Class: ClassName=GND_PCB_Data_Conversion Member=Component R13 0 Ohm Resistor
Added Member To Class: ClassName=4X_22_GND_Pin_Connector Member=Component S1 #6-32 Hex Standoff
Added Member To Class: ClassName=4X_22_GND_Pin_Connector Member=Component S2 #6-32 Hex Standoff
Added Member To Class: ClassName=4X_22_GND_Pin_Connector Member=Component S3 #6-32 Hex Standoff
Added Member To Class: ClassName=4X_22_GND_Pin_Connector Member=Component S4 #6-32 Hex Standoff
Added Member To Class: ClassName=GND_PCB_Data_Conversion Member=Component U2 12 Channel SAR ADC
Added Room: Name=4X_22_GND_Pin_Connector
Added Room: Name=GND_PCB_Data_Conversion
