Added Component: Designator=Connector_5x2(5x2 pin)
Add component. Clean all parameters for all variants
Added Component: Designator=P1(10x2 pin)
Add component. Clean all parameters for all variants
Added Component: Designator=R1(J1-0603)
Add component. Clean all parameters for all variants
Add component (AddParameter): Name = "LatestRevisionDate"; Value = "29-May-2009"; VariantName = "[No Variations]"
Add component (AddParameter): Name = "LatestRevisionNote"; Value = "IPC-7351 Footprint Added."; VariantName = "[No Variations]"
Add component (AddParameter): Name = "PackageDescription"; Value = "Chip Resistor"; VariantName = "[No Variations]"
Add component (AddParameter): Name = "PackageReference"; Value = "J1-0603"; VariantName = "[No Variations]"
Add component (AddParameter): Name = "Published"; Value = "8-Jun-2000"; VariantName = "[No Variations]"
Add component (AddParameter): Name = "Publisher"; Value = "Altium Limited"; VariantName = "[No Variations]"
Add component (AddParameter): Name = "Value"; Value = "0"; VariantName = "[No Variations]"
Added Component: Designator=R2(J1-0603)
Add component. Clean all parameters for all variants
Add component (AddParameter): Name = "LatestRevisionDate"; Value = "29-May-2009"; VariantName = "[No Variations]"
Add component (AddParameter): Name = "LatestRevisionNote"; Value = "IPC-7351 Footprint Added."; VariantName = "[No Variations]"
Add component (AddParameter): Name = "PackageDescription"; Value = "Chip Resistor"; VariantName = "[No Variations]"
Add component (AddParameter): Name = "PackageReference"; Value = "J1-0603"; VariantName = "[No Variations]"
Add component (AddParameter): Name = "Published"; Value = "8-Jun-2000"; VariantName = "[No Variations]"
Add component (AddParameter): Name = "Publisher"; Value = "Altium Limited"; VariantName = "[No Variations]"
Add component (AddParameter): Name = "Value"; Value = "0"; VariantName = "[No Variations]"
Added Component: Designator=R3(J1-0603)
Add component. Clean all parameters for all variants
Add component (AddParameter): Name = "LatestRevisionDate"; Value = "29-May-2009"; VariantName = "[No Variations]"
Add component (AddParameter): Name = "LatestRevisionNote"; Value = "IPC-7351 Footprint Added."; VariantName = "[No Variations]"
Add component (AddParameter): Name = "PackageDescription"; Value = "Chip Resistor"; VariantName = "[No Variations]"
Add component (AddParameter): Name = "PackageReference"; Value = "J1-0603"; VariantName = "[No Variations]"
Add component (AddParameter): Name = "Published"; Value = "8-Jun-2000"; VariantName = "[No Variations]"
Add component (AddParameter): Name = "Publisher"; Value = "Altium Limited"; VariantName = "[No Variations]"
Add component (AddParameter): Name = "Value"; Value = "0"; VariantName = "[No Variations]"
Added Pin To Net: NetName=GND Pin=Connector_5x2-3
Added Pin To Net: NetName=GND Pin=Connector_5x2-5
Added Pin To Net: NetName=GND Pin=Connector_5x2-9
Added Pin To Net: NetName=GND Pin=P1-8
Added Pin To Net: NetName=GND Pin=P1-10
Added Pin To Net: NetName=NetP1_11 Pin=P1-11
Added Pin To Net: NetName=GND Pin=P1-12
Added Pin To Net: NetName=NetP1_15 Pin=P1-15
Added Pin To Net: NetName=GND Pin=P1-16
Added Pin To Net: NetName=NetP1_11 Pin=R1-2
Added Pin To Net: NetName=NetP1_15 Pin=R2-2
Added Pin To Net: NetName=NetConnector_5x2_1 Pin=Connector_5x2-1
Added Pin To Net: NetName=NetConnector_5x2_1 Pin=P1-5
Added Net: Name=NetConnector_5x2_1
Added Pin To Net: NetName=NetConnector_5x2_2 Pin=Connector_5x2-2
Added Pin To Net: NetName=NetConnector_5x2_2 Pin=P1-1
Added Net: Name=NetConnector_5x2_2
Added Pin To Net: NetName=NetConnector_5x2_4 Pin=Connector_5x2-4
Added Pin To Net: NetName=NetConnector_5x2_4 Pin=R1-1
Added Net: Name=NetConnector_5x2_4
Added Pin To Net: NetName=NetConnector_5x2_6 Pin=Connector_5x2-6
Added Pin To Net: NetName=NetConnector_5x2_6 Pin=P1-7
Added Net: Name=NetConnector_5x2_6
Added Pin To Net: NetName=NetConnector_5x2_7 Pin=Connector_5x2-7
Added Pin To Net: NetName=NetConnector_5x2_7 Pin=P1-6
Added Net: Name=NetConnector_5x2_7
Added Pin To Net: NetName=NetConnector_5x2_8 Pin=Connector_5x2-8
Added Pin To Net: NetName=NetConnector_5x2_8 Pin=P1-3
Added Net: Name=NetConnector_5x2_8
Added Pin To Net: NetName=NetConnector_5x2_10 Pin=Connector_5x2-10
Added Pin To Net: NetName=NetConnector_5x2_10 Pin=R2-1
Added Pin To Net: NetName=NetConnector_5x2_10 Pin=R3-1
Added Net: Name=NetConnector_5x2_10
Added Pin To Net: NetName=NetP1_2 Pin=P1-2
Added Pin To Net: NetName=NetP1_2 Pin=R3-2
Added Net: Name=NetP1_2
Added Member To Class: ClassName=20to10pin Member=Component Connector_5x2
Added Member To Class: ClassName=20to10pin Member=Component P1 Header 10X2H
Added Member To Class: ClassName=20to10pin Member=Component R1 Res3
Added Member To Class: ClassName=20to10pin Member=Component R2 Res3
Added Member To Class: ClassName=20to10pin Member=Component R3 Res3
Added Room: Name=20to10pin
