Removed Pin From Net: NetName=NetP1_9 Pin=P1-11
Removed Pin From Net: NetName=NetP1_19 Pin=P2-7
Removed Pin From Net: NetName=GND Pin=R1-1
Removed Pin From Net: NetName=NetP2_9 Pin=R1-2
Change Component Footprint: Designator=R1 Old Footprint=AXIAL-0.3 New Footprint=J1-0603
Change Component Comment : Designator=R1 Old Comment=Res1 New Comment=Res3
Change component parameters: Designator = "P2"; Footprint = "5x2 pin"; UniqueID = "\VESNEQOC"
Change component parameters. Clean all parameters for all variants
Change component parameters: Designator = "R1"; Footprint = "J1-0603"; UniqueID = "\QWAGHMOG"
Change component parameters. Clean all parameters for all variants
Change component parameters (AddParameter): Name = "LatestRevisionDate"; Value = "29-May-2009"; VariantName = "[No Variations]"
Change component parameters (AddParameter): Name = "LatestRevisionNote"; Value = "IPC-7351 Footprint Added."; VariantName = "[No Variations]"
Change component parameters (AddParameter): Name = "PackageDescription"; Value = "Chip Resistor"; VariantName = "[No Variations]"
Change component parameters (AddParameter): Name = "PackageReference"; Value = "J1-0603"; VariantName = "[No Variations]"
Change component parameters (AddParameter): Name = "Published"; Value = "8-Jun-2000"; VariantName = "[No Variations]"
Change component parameters (AddParameter): Name = "Publisher"; Value = "Altium Limited"; VariantName = "[No Variations]"
Change component parameters (AddParameter): Name = "Value"; Value = "0"; VariantName = "[No Variations]"
Change component parameters: Designator = "P1"; Footprint = "10x2 pin"; UniqueID = "\TKKGOOSS"
Change component parameters. Clean all parameters for all variants
Added Component: Designator=R2(J1-0603)
Add component. Clean all parameters for all variants
Add component (AddParameter): Name = "LatestRevisionDate"; Value = "29-May-2009"; VariantName = "[No Variations]"
Add component (AddParameter): Name = "LatestRevisionNote"; Value = "IPC-7351 Footprint Added."; VariantName = "[No Variations]"
Add component (AddParameter): Name = "PackageDescription"; Value = "Chip Resistor"; VariantName = "[No Variations]"
Add component (AddParameter): Name = "PackageReference"; Value = "J1-0603"; VariantName = "[No Variations]"
Add component (AddParameter): Name = "Published"; Value = "8-Jun-2000"; VariantName = "[No Variations]"
Add component (AddParameter): Name = "Publisher"; Value = "Altium Limited"; VariantName = "[No Variations]"
Add component (AddParameter): Name = "Value"; Value = "0"; VariantName = "[No Variations]"
Added Component: Designator=R3(J1-0603)
Add component. Clean all parameters for all variants
Add component (AddParameter): Name = "LatestRevisionDate"; Value = "29-May-2009"; VariantName = "[No Variations]"
Add component (AddParameter): Name = "LatestRevisionNote"; Value = "IPC-7351 Footprint Added."; VariantName = "[No Variations]"
Add component (AddParameter): Name = "PackageDescription"; Value = "Chip Resistor"; VariantName = "[No Variations]"
Add component (AddParameter): Name = "PackageReference"; Value = "J1-0603"; VariantName = "[No Variations]"
Add component (AddParameter): Name = "Published"; Value = "8-Jun-2000"; VariantName = "[No Variations]"
Add component (AddParameter): Name = "Publisher"; Value = "Altium Limited"; VariantName = "[No Variations]"
Add component (AddParameter): Name = "Value"; Value = "0"; VariantName = "[No Variations]"
Added Pin To Net: NetName=NetP1_19 Pin=R1-2
Added Pin To Net: NetName=GND Pin=R2-1
Added Pin To Net: NetName=NetP2_9 Pin=R2-2
Added Pin To Net: NetName=NetP1_9 Pin=R3-1
Added Pin To Net: NetName=NetP1_11 Pin=P1-11
Added Pin To Net: NetName=NetP1_11 Pin=R3-2
Added Net: Name=NetP1_11
Added Pin To Net: NetName=NetP2_7 Pin=P2-7
Added Pin To Net: NetName=NetP2_7 Pin=R1-1
Added Net: Name=NetP2_7
Added Member To Class: ClassName=20to10pin Member=Component R2 Res3
Added Member To Class: ClassName=20to10pin Member=Component R3 Res3
